running egg_info
creating ../build/py_hand_gesture_publisher/py_hand_gesture_publisher.egg-info
writing ../build/py_hand_gesture_publisher/py_hand_gesture_publisher.egg-info/PKG-INFO
writing dependency_links to ../build/py_hand_gesture_publisher/py_hand_gesture_publisher.egg-info/dependency_links.txt
writing entry points to ../build/py_hand_gesture_publisher/py_hand_gesture_publisher.egg-info/entry_points.txt
writing requirements to ../build/py_hand_gesture_publisher/py_hand_gesture_publisher.egg-info/requires.txt
writing top-level names to ../build/py_hand_gesture_publisher/py_hand_gesture_publisher.egg-info/top_level.txt
writing manifest file '../build/py_hand_gesture_publisher/py_hand_gesture_publisher.egg-info/SOURCES.txt'
reading manifest file '../build/py_hand_gesture_publisher/py_hand_gesture_publisher.egg-info/SOURCES.txt'
writing manifest file '../build/py_hand_gesture_publisher/py_hand_gesture_publisher.egg-info/SOURCES.txt'
running build
running build_py
creating /data/controller/build/py_hand_gesture_publisher/build
creating /data/controller/build/py_hand_gesture_publisher/build/lib
creating /data/controller/build/py_hand_gesture_publisher/build/lib/py_hand_gesture_publisher
copying py_hand_gesture_publisher/py_hand_gesture_publisher.py -> /data/controller/build/py_hand_gesture_publisher/build/lib/py_hand_gesture_publisher
copying py_hand_gesture_publisher/__init__.py -> /data/controller/build/py_hand_gesture_publisher/build/lib/py_hand_gesture_publisher
running install
running install_lib
creating /data/controller/install/py_hand_gesture_publisher/lib/python3.8/site-packages/py_hand_gesture_publisher
copying /data/controller/build/py_hand_gesture_publisher/build/lib/py_hand_gesture_publisher/py_hand_gesture_publisher.py -> /data/controller/install/py_hand_gesture_publisher/lib/python3.8/site-packages/py_hand_gesture_publisher
copying /data/controller/build/py_hand_gesture_publisher/build/lib/py_hand_gesture_publisher/__init__.py -> /data/controller/install/py_hand_gesture_publisher/lib/python3.8/site-packages/py_hand_gesture_publisher
byte-compiling /data/controller/install/py_hand_gesture_publisher/lib/python3.8/site-packages/py_hand_gesture_publisher/py_hand_gesture_publisher.py to py_hand_gesture_publisher.cpython-38.pyc
byte-compiling /data/controller/install/py_hand_gesture_publisher/lib/python3.8/site-packages/py_hand_gesture_publisher/__init__.py to __init__.cpython-38.pyc
running install_data
creating /data/controller/install/py_hand_gesture_publisher/share/ament_index
creating /data/controller/install/py_hand_gesture_publisher/share/ament_index/resource_index
creating /data/controller/install/py_hand_gesture_publisher/share/ament_index/resource_index/packages
copying resource/py_hand_gesture_publisher -> /data/controller/install/py_hand_gesture_publisher/share/ament_index/resource_index/packages
copying package.xml -> /data/controller/install/py_hand_gesture_publisher/share/py_hand_gesture_publisher
running install_egg_info
Copying ../build/py_hand_gesture_publisher/py_hand_gesture_publisher.egg-info to /data/controller/install/py_hand_gesture_publisher/lib/python3.8/site-packages/py_hand_gesture_publisher-0.0.0-py3.8.egg-info
running install_scripts
Installing atc_publisher script to /data/controller/install/py_hand_gesture_publisher/lib/py_hand_gesture_publisher
writing list of installed files to '/data/controller/build/py_hand_gesture_publisher/install.log'
