[0.558s] Invoking command in '/data/controller/py_hand_gesture_publisher': PYTHONPATH=/data/controller/build/py_hand_gesture_publisher/prefix_override:/data/controller/install/py_hand_gesture_publisher/lib/python3.8/site-packages:${PYTHONPATH} /usr/bin/python3 setup.py egg_info --egg-base ../build/py_hand_gesture_publisher build --build-base /data/controller/build/py_hand_gesture_publisher/build install --record /data/controller/build/py_hand_gesture_publisher/install.log --install-scripts $base/lib/py_hand_gesture_publisher --single-version-externally-managed
[0.735s] running egg_info
[0.735s] creating ../build/py_hand_gesture_publisher/py_hand_gesture_publisher.egg-info
[0.735s] writing ../build/py_hand_gesture_publisher/py_hand_gesture_publisher.egg-info/PKG-INFO
[0.736s] writing dependency_links to ../build/py_hand_gesture_publisher/py_hand_gesture_publisher.egg-info/dependency_links.txt
[0.736s] writing entry points to ../build/py_hand_gesture_publisher/py_hand_gesture_publisher.egg-info/entry_points.txt
[0.736s] writing requirements to ../build/py_hand_gesture_publisher/py_hand_gesture_publisher.egg-info/requires.txt
[0.736s] writing top-level names to ../build/py_hand_gesture_publisher/py_hand_gesture_publisher.egg-info/top_level.txt
[0.738s] writing manifest file '../build/py_hand_gesture_publisher/py_hand_gesture_publisher.egg-info/SOURCES.txt'
[0.766s] reading manifest file '../build/py_hand_gesture_publisher/py_hand_gesture_publisher.egg-info/SOURCES.txt'
[0.767s] writing manifest file '../build/py_hand_gesture_publisher/py_hand_gesture_publisher.egg-info/SOURCES.txt'
[0.767s] running build
[0.767s] running build_py
[0.768s] creating /data/controller/build/py_hand_gesture_publisher/build
[0.768s] creating /data/controller/build/py_hand_gesture_publisher/build/lib
[0.768s] creating /data/controller/build/py_hand_gesture_publisher/build/lib/py_hand_gesture_publisher
[0.768s] copying py_hand_gesture_publisher/py_hand_gesture_publisher.py -> /data/controller/build/py_hand_gesture_publisher/build/lib/py_hand_gesture_publisher
[0.768s] copying py_hand_gesture_publisher/__init__.py -> /data/controller/build/py_hand_gesture_publisher/build/lib/py_hand_gesture_publisher
[0.769s] running install
[0.769s] running install_lib
[0.769s] creating /data/controller/install/py_hand_gesture_publisher/lib/python3.8/site-packages/py_hand_gesture_publisher
[0.770s] copying /data/controller/build/py_hand_gesture_publisher/build/lib/py_hand_gesture_publisher/py_hand_gesture_publisher.py -> /data/controller/install/py_hand_gesture_publisher/lib/python3.8/site-packages/py_hand_gesture_publisher
[0.770s] copying /data/controller/build/py_hand_gesture_publisher/build/lib/py_hand_gesture_publisher/__init__.py -> /data/controller/install/py_hand_gesture_publisher/lib/python3.8/site-packages/py_hand_gesture_publisher
[0.770s] byte-compiling /data/controller/install/py_hand_gesture_publisher/lib/python3.8/site-packages/py_hand_gesture_publisher/py_hand_gesture_publisher.py to py_hand_gesture_publisher.cpython-38.pyc
[0.772s] byte-compiling /data/controller/install/py_hand_gesture_publisher/lib/python3.8/site-packages/py_hand_gesture_publisher/__init__.py to __init__.cpython-38.pyc
[0.772s] running install_data
[0.772s] creating /data/controller/install/py_hand_gesture_publisher/share/ament_index
[0.772s] creating /data/controller/install/py_hand_gesture_publisher/share/ament_index/resource_index
[0.773s] creating /data/controller/install/py_hand_gesture_publisher/share/ament_index/resource_index/packages
[0.773s] copying resource/py_hand_gesture_publisher -> /data/controller/install/py_hand_gesture_publisher/share/ament_index/resource_index/packages
[0.773s] copying package.xml -> /data/controller/install/py_hand_gesture_publisher/share/py_hand_gesture_publisher
[0.773s] running install_egg_info
[0.774s] Copying ../build/py_hand_gesture_publisher/py_hand_gesture_publisher.egg-info to /data/controller/install/py_hand_gesture_publisher/lib/python3.8/site-packages/py_hand_gesture_publisher-0.0.0-py3.8.egg-info
[0.775s] running install_scripts
[0.791s] Installing atc_publisher script to /data/controller/install/py_hand_gesture_publisher/lib/py_hand_gesture_publisher
[0.791s] writing list of installed files to '/data/controller/build/py_hand_gesture_publisher/install.log'
[0.818s] Invoked command in '/data/controller/py_hand_gesture_publisher' returned '0': PYTHONPATH=/data/controller/build/py_hand_gesture_publisher/prefix_override:/data/controller/install/py_hand_gesture_publisher/lib/python3.8/site-packages:${PYTHONPATH} /usr/bin/python3 setup.py egg_info --egg-base ../build/py_hand_gesture_publisher build --build-base /data/controller/build/py_hand_gesture_publisher/build install --record /data/controller/build/py_hand_gesture_publisher/install.log --install-scripts $base/lib/py_hand_gesture_publisher --single-version-externally-managed
