[0.313s] DEBUG:colcon:Command line arguments: ['/usr/bin/colcon', 'build']
[0.313s] DEBUG:colcon:Parsed command line arguments: Namespace(ament_cmake_args=None, base_paths=['.'], build_base='build', catkin_cmake_args=None, catkin_skip_building_tests=False, cmake_args=None, cmake_clean_cache=False, cmake_clean_first=False, cmake_force_configure=False, cmake_target=None, cmake_target_skip_unavailable=False, continue_on_error=False, event_handlers=None, executor='parallel', ignore_user_meta=False, install_base='install', log_base=None, log_level=None, main=<bound method BuildVerb.main of <colcon_core.verb.build.BuildVerb object at 0x7f992b03c910>>, merge_install=False, metas=['./colcon.meta'], packages_above=None, packages_above_and_dependencies=None, packages_above_depth=None, packages_end=None, packages_ignore=None, packages_ignore_regex=None, packages_select=None, packages_select_build_failed=False, packages_select_by_dep=None, packages_select_regex=None, packages_select_test_failures=False, packages_skip=None, packages_skip_build_finished=False, packages_skip_by_dep=None, packages_skip_regex=None, packages_skip_test_passed=False, packages_skip_up_to=None, packages_start=None, packages_up_to=None, packages_up_to_regex=None, parallel_workers=12, paths=None, symlink_install=False, test_result_base=None, verb_extension=<colcon_core.verb.build.BuildVerb object at 0x7f992b03c910>, verb_name='build', verb_parser=<colcon_defaults.argument_parser.defaults.DefaultArgumentsDecorator object at 0x7f992b03ce80>)
[0.357s] Level 1:colcon.colcon_core.package_discovery:discover_packages(colcon_meta) check parameters
[0.357s] Level 1:colcon.colcon_core.package_discovery:discover_packages(recursive) check parameters
[0.357s] Level 1:colcon.colcon_core.package_discovery:discover_packages(ignore) check parameters
[0.357s] Level 1:colcon.colcon_core.package_discovery:discover_packages(path) check parameters
[0.357s] Level 1:colcon.colcon_core.package_discovery:discover_packages(colcon_meta) discover
[0.357s] Level 1:colcon.colcon_core.package_discovery:discover_packages(recursive) discover
[0.357s] INFO:colcon.colcon_core.package_discovery:Crawling recursively for packages in '/root/iacos_tp/dummy_publisher'
[0.358s] Level 1:colcon.colcon_core.package_identification:_identify(.) by extensions ['ignore', 'ignore_ament_install']
[0.358s] Level 1:colcon.colcon_core.package_identification:_identify(.) by extension 'ignore'
[0.358s] Level 1:colcon.colcon_core.package_identification:_identify(.) by extension 'ignore_ament_install'
[0.358s] Level 1:colcon.colcon_core.package_identification:_identify(.) by extensions ['colcon_pkg']
[0.358s] Level 1:colcon.colcon_core.package_identification:_identify(.) by extension 'colcon_pkg'
[0.358s] Level 1:colcon.colcon_core.package_identification:_identify(.) by extensions ['colcon_meta']
[0.358s] Level 1:colcon.colcon_core.package_identification:_identify(.) by extension 'colcon_meta'
[0.358s] Level 1:colcon.colcon_core.package_identification:_identify(.) by extensions ['ros']
[0.358s] Level 1:colcon.colcon_core.package_identification:_identify(.) by extension 'ros'
[0.372s] DEBUG:colcon.colcon_core.package_identification:Package '.' with type 'ros.ament_cmake' and name 'dummy_publisher'
[0.372s] Level 1:colcon.colcon_core.package_discovery:discover_packages(recursive) using defaults
[0.372s] Level 1:colcon.colcon_core.package_discovery:discover_packages(ignore) discover
[0.372s] Level 1:colcon.colcon_core.package_discovery:discover_packages(ignore) using defaults
[0.372s] Level 1:colcon.colcon_core.package_discovery:discover_packages(path) discover
[0.372s] Level 1:colcon.colcon_core.package_discovery:discover_packages(path) using defaults
[0.432s] Level 5:colcon.colcon_core.verb:set package 'dummy_publisher' build argument 'cmake_args' from command line to 'None'
[0.432s] Level 5:colcon.colcon_core.verb:set package 'dummy_publisher' build argument 'cmake_target' from command line to 'None'
[0.432s] Level 5:colcon.colcon_core.verb:set package 'dummy_publisher' build argument 'cmake_target_skip_unavailable' from command line to 'False'
[0.432s] Level 5:colcon.colcon_core.verb:set package 'dummy_publisher' build argument 'cmake_clean_cache' from command line to 'False'
[0.432s] Level 5:colcon.colcon_core.verb:set package 'dummy_publisher' build argument 'cmake_clean_first' from command line to 'False'
[0.432s] Level 5:colcon.colcon_core.verb:set package 'dummy_publisher' build argument 'cmake_force_configure' from command line to 'False'
[0.432s] Level 5:colcon.colcon_core.verb:set package 'dummy_publisher' build argument 'ament_cmake_args' from command line to 'None'
[0.432s] Level 5:colcon.colcon_core.verb:set package 'dummy_publisher' build argument 'catkin_cmake_args' from command line to 'None'
[0.432s] Level 5:colcon.colcon_core.verb:set package 'dummy_publisher' build argument 'catkin_skip_building_tests' from command line to 'False'
[0.433s] DEBUG:colcon.colcon_core.verb:Building package 'dummy_publisher' with the following arguments: {'ament_cmake_args': None, 'build_base': '/root/iacos_tp/dummy_publisher/build/dummy_publisher', 'catkin_cmake_args': None, 'catkin_skip_building_tests': False, 'cmake_args': None, 'cmake_clean_cache': False, 'cmake_clean_first': False, 'cmake_force_configure': False, 'cmake_target': None, 'cmake_target_skip_unavailable': False, 'install_base': '/root/iacos_tp/dummy_publisher/install/dummy_publisher', 'merge_install': False, 'path': '/root/iacos_tp/dummy_publisher', 'symlink_install': False, 'test_result_base': None}
[0.433s] INFO:colcon.colcon_core.executor:Executing jobs using 'parallel' executor
[0.437s] DEBUG:colcon.colcon_parallel_executor.executor.parallel:run_until_complete
[0.438s] INFO:colcon.colcon_ros.task.ament_cmake.build:Building ROS package in '/root/iacos_tp/dummy_publisher' with build type 'ament_cmake'
[0.438s] INFO:colcon.colcon_cmake.task.cmake.build:Building CMake package in '/root/iacos_tp/dummy_publisher'
[0.447s] INFO:colcon.colcon_core.plugin_system:Skipping extension 'colcon_core.shell.bat': Not used on non-Windows systems
[0.447s] INFO:colcon.colcon_core.shell:Skip shell extension 'powershell' for command environment: Not usable outside of PowerShell
[0.447s] DEBUG:colcon.colcon_core.shell:Skip shell extension 'dsv' for command environment
[0.476s] DEBUG:colcon.colcon_core.event_handler.log_command:Invoking command in '/root/iacos_tp/dummy_publisher/build/dummy_publisher': CMAKE_PREFIX_PATH=/opt/ros/foxy /usr/bin/cmake /root/iacos_tp/dummy_publisher -DCMAKE_INSTALL_PREFIX=/root/iacos_tp/dummy_publisher/install/dummy_publisher
[2.901s] DEBUG:colcon.colcon_core.event_handler.log_command:Invoked command in '/root/iacos_tp/dummy_publisher/build/dummy_publisher' returned '0': CMAKE_PREFIX_PATH=/opt/ros/foxy /usr/bin/cmake /root/iacos_tp/dummy_publisher -DCMAKE_INSTALL_PREFIX=/root/iacos_tp/dummy_publisher/install/dummy_publisher
[2.906s] DEBUG:colcon.colcon_core.event_handler.log_command:Invoking command in '/root/iacos_tp/dummy_publisher/build/dummy_publisher': CMAKE_PREFIX_PATH=/opt/ros/foxy /usr/bin/cmake --build /root/iacos_tp/dummy_publisher/build/dummy_publisher -- -j12 -l12
[6.042s] DEBUG:colcon.colcon_core.event_handler.log_command:Invoked command in '/root/iacos_tp/dummy_publisher/build/dummy_publisher' returned '0': CMAKE_PREFIX_PATH=/opt/ros/foxy /usr/bin/cmake --build /root/iacos_tp/dummy_publisher/build/dummy_publisher -- -j12 -l12
[6.104s] DEBUG:colcon.colcon_core.event_handler.log_command:Invoking command in '/root/iacos_tp/dummy_publisher/build/dummy_publisher': CMAKE_PREFIX_PATH=/opt/ros/foxy /usr/bin/cmake --install /root/iacos_tp/dummy_publisher/build/dummy_publisher
[6.122s] Level 1:colcon.colcon_core.environment:create_environment_scripts_only(dummy_publisher)
[6.123s] DEBUG:colcon.colcon_core.event_handler.log_command:Invoked command in '/root/iacos_tp/dummy_publisher/build/dummy_publisher' returned '0': CMAKE_PREFIX_PATH=/opt/ros/foxy /usr/bin/cmake --install /root/iacos_tp/dummy_publisher/build/dummy_publisher
[6.132s] Level 1:colcon.colcon_core.environment:checking '/root/iacos_tp/dummy_publisher/install/dummy_publisher' for CMake module files
[6.132s] Level 1:colcon.colcon_core.environment:checking '/root/iacos_tp/dummy_publisher/install/dummy_publisher' for CMake config files
[6.133s] Level 1:colcon.colcon_core.shell:create_environment_hook('dummy_publisher', 'cmake_prefix_path')
[6.134s] INFO:colcon.colcon_core.shell:Creating environment hook '/root/iacos_tp/dummy_publisher/install/dummy_publisher/share/dummy_publisher/hook/cmake_prefix_path.ps1'
[6.135s] INFO:colcon.colcon_core.shell:Creating environment descriptor '/root/iacos_tp/dummy_publisher/install/dummy_publisher/share/dummy_publisher/hook/cmake_prefix_path.dsv'
[6.135s] INFO:colcon.colcon_core.shell:Creating environment hook '/root/iacos_tp/dummy_publisher/install/dummy_publisher/share/dummy_publisher/hook/cmake_prefix_path.sh'
[6.136s] Level 1:colcon.colcon_core.environment:checking '/root/iacos_tp/dummy_publisher/install/dummy_publisher/lib'
[6.136s] Level 1:colcon.colcon_core.environment:checking '/root/iacos_tp/dummy_publisher/install/dummy_publisher/bin'
[6.136s] Level 1:colcon.colcon_core.environment:checking '/root/iacos_tp/dummy_publisher/install/dummy_publisher/lib/pkgconfig/dummy_publisher.pc'
[6.137s] Level 1:colcon.colcon_core.environment:checking '/root/iacos_tp/dummy_publisher/install/dummy_publisher/lib/python3.8/site-packages'
[6.137s] Level 1:colcon.colcon_core.environment:checking '/root/iacos_tp/dummy_publisher/install/dummy_publisher/bin'
[6.138s] INFO:colcon.colcon_core.shell:Creating package script '/root/iacos_tp/dummy_publisher/install/dummy_publisher/share/dummy_publisher/package.ps1'
[6.139s] INFO:colcon.colcon_core.shell:Creating package descriptor '/root/iacos_tp/dummy_publisher/install/dummy_publisher/share/dummy_publisher/package.dsv'
[6.140s] INFO:colcon.colcon_core.shell:Creating package script '/root/iacos_tp/dummy_publisher/install/dummy_publisher/share/dummy_publisher/package.sh'
[6.140s] INFO:colcon.colcon_core.shell:Creating package script '/root/iacos_tp/dummy_publisher/install/dummy_publisher/share/dummy_publisher/package.bash'
[6.141s] INFO:colcon.colcon_core.shell:Creating package script '/root/iacos_tp/dummy_publisher/install/dummy_publisher/share/dummy_publisher/package.zsh'
[6.142s] Level 1:colcon.colcon_core.environment:create_file_with_runtime_dependencies(/root/iacos_tp/dummy_publisher/install/dummy_publisher/share/colcon-core/packages/dummy_publisher)
[6.183s] Level 1:colcon.colcon_core.environment:create_environment_scripts_only(dummy_publisher)
[6.184s] Level 1:colcon.colcon_core.environment:checking '/root/iacos_tp/dummy_publisher/install/dummy_publisher' for CMake module files
[6.185s] Level 1:colcon.colcon_core.environment:checking '/root/iacos_tp/dummy_publisher/install/dummy_publisher' for CMake config files
[6.185s] Level 1:colcon.colcon_core.shell:create_environment_hook('dummy_publisher', 'cmake_prefix_path')
[6.186s] INFO:colcon.colcon_core.shell:Creating environment hook '/root/iacos_tp/dummy_publisher/install/dummy_publisher/share/dummy_publisher/hook/cmake_prefix_path.ps1'
[6.187s] INFO:colcon.colcon_core.shell:Creating environment descriptor '/root/iacos_tp/dummy_publisher/install/dummy_publisher/share/dummy_publisher/hook/cmake_prefix_path.dsv'
[6.187s] INFO:colcon.colcon_core.shell:Creating environment hook '/root/iacos_tp/dummy_publisher/install/dummy_publisher/share/dummy_publisher/hook/cmake_prefix_path.sh'
[6.187s] Level 1:colcon.colcon_core.environment:checking '/root/iacos_tp/dummy_publisher/install/dummy_publisher/lib'
[6.187s] Level 1:colcon.colcon_core.environment:checking '/root/iacos_tp/dummy_publisher/install/dummy_publisher/bin'
[6.188s] Level 1:colcon.colcon_core.environment:checking '/root/iacos_tp/dummy_publisher/install/dummy_publisher/lib/pkgconfig/dummy_publisher.pc'
[6.188s] Level 1:colcon.colcon_core.environment:checking '/root/iacos_tp/dummy_publisher/install/dummy_publisher/lib/python3.8/site-packages'
[6.188s] Level 1:colcon.colcon_core.environment:checking '/root/iacos_tp/dummy_publisher/install/dummy_publisher/bin'
[6.189s] INFO:colcon.colcon_core.shell:Creating package script '/root/iacos_tp/dummy_publisher/install/dummy_publisher/share/dummy_publisher/package.ps1'
[6.189s] INFO:colcon.colcon_core.shell:Creating package descriptor '/root/iacos_tp/dummy_publisher/install/dummy_publisher/share/dummy_publisher/package.dsv'
[6.190s] INFO:colcon.colcon_core.shell:Creating package script '/root/iacos_tp/dummy_publisher/install/dummy_publisher/share/dummy_publisher/package.sh'
[6.190s] INFO:colcon.colcon_core.shell:Creating package script '/root/iacos_tp/dummy_publisher/install/dummy_publisher/share/dummy_publisher/package.bash'
[6.190s] INFO:colcon.colcon_core.shell:Creating package script '/root/iacos_tp/dummy_publisher/install/dummy_publisher/share/dummy_publisher/package.zsh'
[6.191s] Level 1:colcon.colcon_core.environment:create_file_with_runtime_dependencies(/root/iacos_tp/dummy_publisher/install/dummy_publisher/share/colcon-core/packages/dummy_publisher)
[6.191s] DEBUG:colcon.colcon_parallel_executor.executor.parallel:closing loop
[6.191s] DEBUG:colcon.colcon_parallel_executor.executor.parallel:loop closed
[6.192s] DEBUG:colcon.colcon_parallel_executor.executor.parallel:run_until_complete finished with '0'
[6.192s] DEBUG:colcon.colcon_core.event_reactor:joining thread
[6.207s] INFO:colcon.colcon_core.plugin_system:Skipping extension 'colcon_notification.desktop_notification.notify_send': Could not find 'notify-send'
[6.208s] INFO:colcon.colcon_core.plugin_system:Skipping extension 'colcon_notification.desktop_notification.terminal_notifier': Not used on non-Darwin systems
[6.208s] INFO:colcon.colcon_core.plugin_system:Skipping extension 'colcon_notification.desktop_notification.win32': Not used on non-Windows systems
[6.208s] INFO:colcon.colcon_notification.desktop_notification:Sending desktop notification using 'notify2'
[6.213s] DEBUG:colcon.colcon_notification.desktop_notification.notify2:Failed to initialize notify2: org.freedesktop.DBus.Error.Spawn.ExecFailed: /usr/bin/dbus-launch terminated abnormally without any error message
[6.213s] DEBUG:colcon.colcon_core.event_reactor:joined thread
[6.216s] INFO:colcon.colcon_core.shell:Creating prefix script '/root/iacos_tp/dummy_publisher/install/local_setup.ps1'
[6.217s] INFO:colcon.colcon_core.shell:Creating prefix util module '/root/iacos_tp/dummy_publisher/install/_local_setup_util_ps1.py'
[6.218s] INFO:colcon.colcon_core.shell:Creating prefix chain script '/root/iacos_tp/dummy_publisher/install/setup.ps1'
[6.219s] INFO:colcon.colcon_core.shell:Creating prefix script '/root/iacos_tp/dummy_publisher/install/local_setup.sh'
[6.220s] INFO:colcon.colcon_core.shell:Creating prefix util module '/root/iacos_tp/dummy_publisher/install/_local_setup_util_sh.py'
[6.220s] INFO:colcon.colcon_core.shell:Creating prefix chain script '/root/iacos_tp/dummy_publisher/install/setup.sh'
[6.221s] INFO:colcon.colcon_core.shell:Creating prefix script '/root/iacos_tp/dummy_publisher/install/local_setup.bash'
[6.222s] INFO:colcon.colcon_core.shell:Creating prefix chain script '/root/iacos_tp/dummy_publisher/install/setup.bash'
[6.223s] INFO:colcon.colcon_core.shell:Creating prefix script '/root/iacos_tp/dummy_publisher/install/local_setup.zsh'
[6.224s] INFO:colcon.colcon_core.shell:Creating prefix chain script '/root/iacos_tp/dummy_publisher/install/setup.zsh'
