[1.607s] DEBUG:colcon:Command line arguments: ['/usr/bin/colcon', 'build']
[1.607s] DEBUG:colcon:Parsed command line arguments: Namespace(ament_cmake_args=None, base_paths=['.'], build_base='build', catkin_cmake_args=None, catkin_skip_building_tests=False, cmake_args=None, cmake_clean_cache=False, cmake_clean_first=False, cmake_force_configure=False, cmake_target=None, cmake_target_skip_unavailable=False, continue_on_error=False, event_handlers=None, executor='parallel', ignore_user_meta=False, install_base='install', log_base=None, log_level=None, main=<bound method BuildVerb.main of <colcon_core.verb.build.BuildVerb object at 0x7fd12b67b520>>, merge_install=False, metas=['./colcon.meta'], packages_above=None, packages_above_and_dependencies=None, packages_above_depth=None, packages_end=None, packages_ignore=None, packages_ignore_regex=None, packages_select=None, packages_select_build_failed=False, packages_select_by_dep=None, packages_select_regex=None, packages_select_test_failures=False, packages_skip=None, packages_skip_build_finished=False, packages_skip_by_dep=None, packages_skip_regex=None, packages_skip_test_passed=False, packages_skip_up_to=None, packages_start=None, packages_up_to=None, packages_up_to_regex=None, parallel_workers=8, paths=None, symlink_install=False, test_result_base=None, verb_extension=<colcon_core.verb.build.BuildVerb object at 0x7fd12b67b520>, verb_name='build', verb_parser=<colcon_defaults.argument_parser.defaults.DefaultArgumentsDecorator object at 0x7fd12b2e94f0>)
[1.686s] Level 1:colcon.colcon_core.package_discovery:discover_packages(colcon_meta) check parameters
[1.686s] Level 1:colcon.colcon_core.package_discovery:discover_packages(recursive) check parameters
[1.686s] Level 1:colcon.colcon_core.package_discovery:discover_packages(ignore) check parameters
[1.686s] Level 1:colcon.colcon_core.package_discovery:discover_packages(path) check parameters
[1.686s] Level 1:colcon.colcon_core.package_discovery:discover_packages(colcon_meta) discover
[1.686s] Level 1:colcon.colcon_core.package_discovery:discover_packages(recursive) discover
[1.686s] INFO:colcon.colcon_core.package_discovery:Crawling recursively for packages in '/data/controller'
[1.686s] Level 1:colcon.colcon_core.package_identification:_identify(.) by extensions ['ignore', 'ignore_ament_install']
[1.686s] Level 1:colcon.colcon_core.package_identification:_identify(.) by extension 'ignore'
[1.686s] Level 1:colcon.colcon_core.package_identification:_identify(.) by extension 'ignore_ament_install'
[1.686s] Level 1:colcon.colcon_core.package_identification:_identify(.) by extensions ['colcon_pkg']
[1.686s] Level 1:colcon.colcon_core.package_identification:_identify(.) by extension 'colcon_pkg'
[1.687s] Level 1:colcon.colcon_core.package_identification:_identify(.) by extensions ['colcon_meta']
[1.687s] Level 1:colcon.colcon_core.package_identification:_identify(.) by extension 'colcon_meta'
[1.687s] Level 1:colcon.colcon_core.package_identification:_identify(.) by extensions ['ros']
[1.687s] Level 1:colcon.colcon_core.package_identification:_identify(.) by extension 'ros'
[1.697s] Level 1:colcon.colcon_core.package_identification:_identify(.) by extensions ['cmake', 'python']
[1.697s] Level 1:colcon.colcon_core.package_identification:_identify(.) by extension 'cmake'
[1.697s] Level 1:colcon.colcon_core.package_identification:_identify(.) by extension 'python'
[1.697s] Level 1:colcon.colcon_core.package_identification:_identify(.) by extensions ['python_setup_py']
[1.697s] Level 1:colcon.colcon_core.package_identification:_identify(.) by extension 'python_setup_py'
[1.697s] Level 1:colcon.colcon_core.package_identification:_identify(atc_2_gazebo) by extensions ['ignore', 'ignore_ament_install']
[1.697s] Level 1:colcon.colcon_core.package_identification:_identify(atc_2_gazebo) by extension 'ignore'
[1.697s] Level 1:colcon.colcon_core.package_identification:_identify(atc_2_gazebo) by extension 'ignore_ament_install'
[1.697s] Level 1:colcon.colcon_core.package_identification:_identify(atc_2_gazebo) by extensions ['colcon_pkg']
[1.697s] Level 1:colcon.colcon_core.package_identification:_identify(atc_2_gazebo) by extension 'colcon_pkg'
[1.698s] Level 1:colcon.colcon_core.package_identification:_identify(atc_2_gazebo) by extensions ['colcon_meta']
[1.698s] Level 1:colcon.colcon_core.package_identification:_identify(atc_2_gazebo) by extension 'colcon_meta'
[1.698s] Level 1:colcon.colcon_core.package_identification:_identify(atc_2_gazebo) by extensions ['ros']
[1.698s] Level 1:colcon.colcon_core.package_identification:_identify(atc_2_gazebo) by extension 'ros'
[1.700s] DEBUG:colcon.colcon_core.package_identification:Package 'atc_2_gazebo' with type 'ros.ament_cmake' and name 'atc_2_gazebo'
[1.700s] Level 1:colcon.colcon_core.package_identification:_identify(build) by extensions ['ignore', 'ignore_ament_install']
[1.700s] Level 1:colcon.colcon_core.package_identification:_identify(build) by extension 'ignore'
[1.700s] Level 1:colcon.colcon_core.package_identification:_identify(build) ignored
[1.701s] Level 1:colcon.colcon_core.package_identification:_identify(install) by extensions ['ignore', 'ignore_ament_install']
[1.701s] Level 1:colcon.colcon_core.package_identification:_identify(install) by extension 'ignore'
[1.701s] Level 1:colcon.colcon_core.package_identification:_identify(install) ignored
[1.701s] Level 1:colcon.colcon_core.package_identification:_identify(log) by extensions ['ignore', 'ignore_ament_install']
[1.701s] Level 1:colcon.colcon_core.package_identification:_identify(log) by extension 'ignore'
[1.701s] Level 1:colcon.colcon_core.package_identification:_identify(log) ignored
[1.701s] Level 1:colcon.colcon_core.package_identification:_identify(py_hand_gesture_publisher) by extensions ['ignore', 'ignore_ament_install']
[1.701s] Level 1:colcon.colcon_core.package_identification:_identify(py_hand_gesture_publisher) by extension 'ignore'
[1.701s] Level 1:colcon.colcon_core.package_identification:_identify(py_hand_gesture_publisher) by extension 'ignore_ament_install'
[1.702s] Level 1:colcon.colcon_core.package_identification:_identify(py_hand_gesture_publisher) by extensions ['colcon_pkg']
[1.702s] Level 1:colcon.colcon_core.package_identification:_identify(py_hand_gesture_publisher) by extension 'colcon_pkg'
[1.702s] Level 1:colcon.colcon_core.package_identification:_identify(py_hand_gesture_publisher) by extensions ['colcon_meta']
[1.702s] Level 1:colcon.colcon_core.package_identification:_identify(py_hand_gesture_publisher) by extension 'colcon_meta'
[1.702s] Level 1:colcon.colcon_core.package_identification:_identify(py_hand_gesture_publisher) by extensions ['ros']
[1.702s] Level 1:colcon.colcon_core.package_identification:_identify(py_hand_gesture_publisher) by extension 'ros'
[1.703s] DEBUG:colcon.colcon_core.package_identification:Package 'py_hand_gesture_publisher' with type 'ros.ament_python' and name 'py_hand_gesture_publisher'
[1.703s] Level 1:colcon.colcon_core.package_discovery:discover_packages(recursive) using defaults
[1.703s] Level 1:colcon.colcon_core.package_discovery:discover_packages(ignore) discover
[1.703s] Level 1:colcon.colcon_core.package_discovery:discover_packages(ignore) using defaults
[1.703s] Level 1:colcon.colcon_core.package_discovery:discover_packages(path) discover
[1.703s] Level 1:colcon.colcon_core.package_discovery:discover_packages(path) using defaults
[1.831s] Level 5:colcon.colcon_core.verb:set package 'atc_2_gazebo' build argument 'cmake_args' from command line to 'None'
[1.831s] Level 5:colcon.colcon_core.verb:set package 'atc_2_gazebo' build argument 'cmake_target' from command line to 'None'
[1.831s] Level 5:colcon.colcon_core.verb:set package 'atc_2_gazebo' build argument 'cmake_target_skip_unavailable' from command line to 'False'
[1.831s] Level 5:colcon.colcon_core.verb:set package 'atc_2_gazebo' build argument 'cmake_clean_cache' from command line to 'False'
[1.831s] Level 5:colcon.colcon_core.verb:set package 'atc_2_gazebo' build argument 'cmake_clean_first' from command line to 'False'
[1.831s] Level 5:colcon.colcon_core.verb:set package 'atc_2_gazebo' build argument 'cmake_force_configure' from command line to 'False'
[1.831s] Level 5:colcon.colcon_core.verb:set package 'atc_2_gazebo' build argument 'ament_cmake_args' from command line to 'None'
[1.831s] Level 5:colcon.colcon_core.verb:set package 'atc_2_gazebo' build argument 'catkin_cmake_args' from command line to 'None'
[1.831s] Level 5:colcon.colcon_core.verb:set package 'atc_2_gazebo' build argument 'catkin_skip_building_tests' from command line to 'False'
[1.831s] DEBUG:colcon.colcon_core.verb:Building package 'atc_2_gazebo' with the following arguments: {'ament_cmake_args': None, 'build_base': '/data/controller/build/atc_2_gazebo', 'catkin_cmake_args': None, 'catkin_skip_building_tests': False, 'cmake_args': None, 'cmake_clean_cache': False, 'cmake_clean_first': False, 'cmake_force_configure': False, 'cmake_target': None, 'cmake_target_skip_unavailable': False, 'install_base': '/data/controller/install/atc_2_gazebo', 'merge_install': False, 'path': '/data/controller/atc_2_gazebo', 'symlink_install': False, 'test_result_base': None}
[1.860s] Level 5:colcon.colcon_core.verb:set package 'py_hand_gesture_publisher' build argument 'cmake_args' from command line to 'None'
[1.860s] Level 5:colcon.colcon_core.verb:set package 'py_hand_gesture_publisher' build argument 'cmake_target' from command line to 'None'
[1.860s] Level 5:colcon.colcon_core.verb:set package 'py_hand_gesture_publisher' build argument 'cmake_target_skip_unavailable' from command line to 'False'
[1.860s] Level 5:colcon.colcon_core.verb:set package 'py_hand_gesture_publisher' build argument 'cmake_clean_cache' from command line to 'False'
[1.860s] Level 5:colcon.colcon_core.verb:set package 'py_hand_gesture_publisher' build argument 'cmake_clean_first' from command line to 'False'
[1.860s] Level 5:colcon.colcon_core.verb:set package 'py_hand_gesture_publisher' build argument 'cmake_force_configure' from command line to 'False'
[1.860s] Level 5:colcon.colcon_core.verb:set package 'py_hand_gesture_publisher' build argument 'ament_cmake_args' from command line to 'None'
[1.860s] Level 5:colcon.colcon_core.verb:set package 'py_hand_gesture_publisher' build argument 'catkin_cmake_args' from command line to 'None'
[1.860s] Level 5:colcon.colcon_core.verb:set package 'py_hand_gesture_publisher' build argument 'catkin_skip_building_tests' from command line to 'False'
[1.860s] DEBUG:colcon.colcon_core.verb:Building package 'py_hand_gesture_publisher' with the following arguments: {'ament_cmake_args': None, 'build_base': '/data/controller/build/py_hand_gesture_publisher', 'catkin_cmake_args': None, 'catkin_skip_building_tests': False, 'cmake_args': None, 'cmake_clean_cache': False, 'cmake_clean_first': False, 'cmake_force_configure': False, 'cmake_target': None, 'cmake_target_skip_unavailable': False, 'install_base': '/data/controller/install/py_hand_gesture_publisher', 'merge_install': False, 'path': '/data/controller/py_hand_gesture_publisher', 'symlink_install': False, 'test_result_base': None}
[1.882s] INFO:colcon.colcon_core.executor:Executing jobs using 'parallel' executor
[1.911s] DEBUG:colcon.colcon_parallel_executor.executor.parallel:run_until_complete
[1.912s] INFO:colcon.colcon_ros.task.ament_cmake.build:Building ROS package in '/data/controller/atc_2_gazebo' with build type 'ament_cmake'
[1.913s] INFO:colcon.colcon_cmake.task.cmake.build:Building CMake package in '/data/controller/atc_2_gazebo'
[1.945s] INFO:colcon.colcon_core.plugin_system:Skipping extension 'colcon_core.shell.bat': Not used on non-Windows systems
[1.946s] INFO:colcon.colcon_core.shell:Skip shell extension 'powershell' for command environment: Not usable outside of PowerShell
[1.946s] DEBUG:colcon.colcon_core.shell:Skip shell extension 'dsv' for command environment
[2.036s] INFO:colcon.colcon_ros.task.ament_python.build:Building ROS package in '/data/controller/py_hand_gesture_publisher' with build type 'ament_python'
[2.036s] Level 1:colcon.colcon_core.shell:create_environment_hook('py_hand_gesture_publisher', 'ament_prefix_path')
[2.065s] INFO:colcon.colcon_core.shell:Creating environment hook '/data/controller/install/py_hand_gesture_publisher/share/py_hand_gesture_publisher/hook/ament_prefix_path.ps1'
[2.066s] INFO:colcon.colcon_core.shell:Creating environment descriptor '/data/controller/install/py_hand_gesture_publisher/share/py_hand_gesture_publisher/hook/ament_prefix_path.dsv'
[2.066s] INFO:colcon.colcon_core.shell:Creating environment hook '/data/controller/install/py_hand_gesture_publisher/share/py_hand_gesture_publisher/hook/ament_prefix_path.sh'
[2.093s] INFO:colcon.colcon_core.shell:Skip shell extension 'powershell' for command environment: Not usable outside of PowerShell
[2.094s] DEBUG:colcon.colcon_core.shell:Skip shell extension 'dsv' for command environment
[2.212s] DEBUG:colcon.colcon_core.event_handler.log_command:Invoking command in '/data/controller/build/atc_2_gazebo': CMAKE_PREFIX_PATH=${CMAKE_PREFIX_PATH}:/data/controller/install/py_hand_gesture_publisher:/opt/ros/foxy /usr/bin/cmake --build /data/controller/build/atc_2_gazebo -- -j8 -l8
[2.438s] INFO:colcon.colcon_core.task.python.build:Building Python package in '/data/controller/py_hand_gesture_publisher'
[2.466s] INFO:colcon.colcon_core.shell:Skip shell extension 'powershell' for command environment: Not usable outside of PowerShell
[2.466s] DEBUG:colcon.colcon_core.shell:Skip shell extension 'dsv' for command environment
[2.552s] DEBUG:colcon.colcon_core.event_handler.log_command:Invoked command in '/data/controller/build/atc_2_gazebo' returned '0': CMAKE_PREFIX_PATH=${CMAKE_PREFIX_PATH}:/data/controller/install/py_hand_gesture_publisher:/opt/ros/foxy /usr/bin/cmake --build /data/controller/build/atc_2_gazebo -- -j8 -l8
[2.614s] DEBUG:colcon.colcon_core.event_handler.log_command:Invoking command in '/data/controller/build/atc_2_gazebo': CMAKE_PREFIX_PATH=${CMAKE_PREFIX_PATH}:/data/controller/install/py_hand_gesture_publisher:/opt/ros/foxy /usr/bin/cmake --install /data/controller/build/atc_2_gazebo
[2.632s] Level 1:colcon.colcon_core.environment:create_environment_scripts_only(atc_2_gazebo)
[2.633s] DEBUG:colcon.colcon_core.event_handler.log_command:Invoked command in '/data/controller/build/atc_2_gazebo' returned '0': CMAKE_PREFIX_PATH=${CMAKE_PREFIX_PATH}:/data/controller/install/py_hand_gesture_publisher:/opt/ros/foxy /usr/bin/cmake --install /data/controller/build/atc_2_gazebo
[2.686s] Level 1:colcon.colcon_core.environment:checking '/data/controller/install/atc_2_gazebo' for CMake module files
[2.687s] Level 1:colcon.colcon_core.environment:checking '/data/controller/install/atc_2_gazebo' for CMake config files
[2.687s] Level 1:colcon.colcon_core.shell:create_environment_hook('atc_2_gazebo', 'cmake_prefix_path')
[2.728s] INFO:colcon.colcon_core.shell:Creating environment hook '/data/controller/install/atc_2_gazebo/share/atc_2_gazebo/hook/cmake_prefix_path.ps1'
[2.729s] INFO:colcon.colcon_core.shell:Creating environment descriptor '/data/controller/install/atc_2_gazebo/share/atc_2_gazebo/hook/cmake_prefix_path.dsv'
[2.729s] INFO:colcon.colcon_core.shell:Creating environment hook '/data/controller/install/atc_2_gazebo/share/atc_2_gazebo/hook/cmake_prefix_path.sh'
[2.731s] Level 1:colcon.colcon_core.environment:checking '/data/controller/install/atc_2_gazebo/lib'
[2.731s] Level 1:colcon.colcon_core.environment:checking '/data/controller/install/atc_2_gazebo/bin'
[2.732s] Level 1:colcon.colcon_core.environment:checking '/data/controller/install/atc_2_gazebo/lib/pkgconfig/atc_2_gazebo.pc'
[2.732s] Level 1:colcon.colcon_core.environment:checking '/data/controller/install/atc_2_gazebo/lib/python3.8/site-packages'
[2.732s] Level 1:colcon.colcon_core.environment:checking '/data/controller/install/atc_2_gazebo/bin'
[2.778s] INFO:colcon.colcon_core.shell:Creating package script '/data/controller/install/atc_2_gazebo/share/atc_2_gazebo/package.ps1'
[2.781s] INFO:colcon.colcon_core.shell:Creating package descriptor '/data/controller/install/atc_2_gazebo/share/atc_2_gazebo/package.dsv'
[2.783s] INFO:colcon.colcon_core.shell:Creating package script '/data/controller/install/atc_2_gazebo/share/atc_2_gazebo/package.sh'
[2.784s] INFO:colcon.colcon_core.shell:Creating package script '/data/controller/install/atc_2_gazebo/share/atc_2_gazebo/package.bash'
[2.785s] INFO:colcon.colcon_core.shell:Creating package script '/data/controller/install/atc_2_gazebo/share/atc_2_gazebo/package.zsh'
[2.786s] Level 1:colcon.colcon_core.environment:create_file_with_runtime_dependencies(/data/controller/install/atc_2_gazebo/share/colcon-core/packages/atc_2_gazebo)
[2.877s] Level 1:colcon.colcon_core.environment:create_environment_scripts_only(atc_2_gazebo)
[2.916s] Level 1:colcon.colcon_core.environment:checking '/data/controller/install/atc_2_gazebo' for CMake module files
[2.917s] Level 1:colcon.colcon_core.environment:checking '/data/controller/install/atc_2_gazebo' for CMake config files
[2.917s] Level 1:colcon.colcon_core.shell:create_environment_hook('atc_2_gazebo', 'cmake_prefix_path')
[2.961s] INFO:colcon.colcon_core.shell:Creating environment hook '/data/controller/install/atc_2_gazebo/share/atc_2_gazebo/hook/cmake_prefix_path.ps1'
[2.962s] INFO:colcon.colcon_core.shell:Creating environment descriptor '/data/controller/install/atc_2_gazebo/share/atc_2_gazebo/hook/cmake_prefix_path.dsv'
[2.964s] INFO:colcon.colcon_core.shell:Creating environment hook '/data/controller/install/atc_2_gazebo/share/atc_2_gazebo/hook/cmake_prefix_path.sh'
[2.967s] Level 1:colcon.colcon_core.environment:checking '/data/controller/install/atc_2_gazebo/lib'
[2.967s] Level 1:colcon.colcon_core.environment:checking '/data/controller/install/atc_2_gazebo/bin'
[2.968s] Level 1:colcon.colcon_core.environment:checking '/data/controller/install/atc_2_gazebo/lib/pkgconfig/atc_2_gazebo.pc'
[2.969s] Level 1:colcon.colcon_core.environment:checking '/data/controller/install/atc_2_gazebo/lib/python3.8/site-packages'
[2.969s] Level 1:colcon.colcon_core.environment:checking '/data/controller/install/atc_2_gazebo/bin'
[3.027s] INFO:colcon.colcon_core.shell:Creating package script '/data/controller/install/atc_2_gazebo/share/atc_2_gazebo/package.ps1'
[3.028s] INFO:colcon.colcon_core.shell:Creating package descriptor '/data/controller/install/atc_2_gazebo/share/atc_2_gazebo/package.dsv'
[3.029s] INFO:colcon.colcon_core.shell:Creating package script '/data/controller/install/atc_2_gazebo/share/atc_2_gazebo/package.sh'
[3.030s] INFO:colcon.colcon_core.shell:Creating package script '/data/controller/install/atc_2_gazebo/share/atc_2_gazebo/package.bash'
[3.031s] INFO:colcon.colcon_core.shell:Creating package script '/data/controller/install/atc_2_gazebo/share/atc_2_gazebo/package.zsh'
[3.033s] Level 1:colcon.colcon_core.environment:create_file_with_runtime_dependencies(/data/controller/install/atc_2_gazebo/share/colcon-core/packages/atc_2_gazebo)
[3.093s] DEBUG:colcon.colcon_core.event_handler.log_command:Invoking command in '/data/controller/py_hand_gesture_publisher': PYTHONPATH=/data/controller/build/py_hand_gesture_publisher/prefix_override:/data/controller/install/py_hand_gesture_publisher/lib/python3.8/site-packages:${PYTHONPATH} /usr/bin/python3 setup.py egg_info --egg-base ../build/py_hand_gesture_publisher build --build-base /data/controller/build/py_hand_gesture_publisher/build install --record /data/controller/build/py_hand_gesture_publisher/install.log --install-scripts $base/lib/py_hand_gesture_publisher --single-version-externally-managed
[3.396s] DEBUG:colcon.colcon_core.event_handler.log_command:Invoked command in '/data/controller/py_hand_gesture_publisher' returned '0': PYTHONPATH=/data/controller/build/py_hand_gesture_publisher/prefix_override:/data/controller/install/py_hand_gesture_publisher/lib/python3.8/site-packages:${PYTHONPATH} /usr/bin/python3 setup.py egg_info --egg-base ../build/py_hand_gesture_publisher build --build-base /data/controller/build/py_hand_gesture_publisher/build install --record /data/controller/build/py_hand_gesture_publisher/install.log --install-scripts $base/lib/py_hand_gesture_publisher --single-version-externally-managed
[3.428s] Level 1:colcon.colcon_core.environment:checking '/data/controller/install/py_hand_gesture_publisher' for CMake module files
[3.429s] Level 1:colcon.colcon_core.environment:checking '/data/controller/install/py_hand_gesture_publisher' for CMake config files
[3.430s] Level 1:colcon.colcon_core.environment:checking '/data/controller/install/py_hand_gesture_publisher/lib'
[3.430s] Level 1:colcon.colcon_core.environment:checking '/data/controller/install/py_hand_gesture_publisher/bin'
[3.430s] Level 1:colcon.colcon_core.environment:checking '/data/controller/install/py_hand_gesture_publisher/lib/pkgconfig/py_hand_gesture_publisher.pc'
[3.430s] Level 1:colcon.colcon_core.environment:checking '/data/controller/install/py_hand_gesture_publisher/lib/python3.8/site-packages'
[3.431s] Level 1:colcon.colcon_core.shell:create_environment_hook('py_hand_gesture_publisher', 'pythonpath')
[3.458s] INFO:colcon.colcon_core.shell:Creating environment hook '/data/controller/install/py_hand_gesture_publisher/share/py_hand_gesture_publisher/hook/pythonpath.ps1'
[3.459s] INFO:colcon.colcon_core.shell:Creating environment descriptor '/data/controller/install/py_hand_gesture_publisher/share/py_hand_gesture_publisher/hook/pythonpath.dsv'
[3.459s] INFO:colcon.colcon_core.shell:Creating environment hook '/data/controller/install/py_hand_gesture_publisher/share/py_hand_gesture_publisher/hook/pythonpath.sh'
[3.459s] Level 1:colcon.colcon_core.environment:checking '/data/controller/install/py_hand_gesture_publisher/bin'
[3.459s] Level 1:colcon.colcon_core.environment:create_environment_scripts_only(py_hand_gesture_publisher)
[3.489s] INFO:colcon.colcon_core.shell:Creating package script '/data/controller/install/py_hand_gesture_publisher/share/py_hand_gesture_publisher/package.ps1'
[3.490s] INFO:colcon.colcon_core.shell:Creating package descriptor '/data/controller/install/py_hand_gesture_publisher/share/py_hand_gesture_publisher/package.dsv'
[3.490s] INFO:colcon.colcon_core.shell:Creating package script '/data/controller/install/py_hand_gesture_publisher/share/py_hand_gesture_publisher/package.sh'
[3.491s] INFO:colcon.colcon_core.shell:Creating package script '/data/controller/install/py_hand_gesture_publisher/share/py_hand_gesture_publisher/package.bash'
[3.491s] INFO:colcon.colcon_core.shell:Creating package script '/data/controller/install/py_hand_gesture_publisher/share/py_hand_gesture_publisher/package.zsh'
[3.492s] Level 1:colcon.colcon_core.environment:create_file_with_runtime_dependencies(/data/controller/install/py_hand_gesture_publisher/share/colcon-core/packages/py_hand_gesture_publisher)
[3.492s] DEBUG:colcon.colcon_parallel_executor.executor.parallel:closing loop
[3.493s] DEBUG:colcon.colcon_parallel_executor.executor.parallel:loop closed
[3.493s] DEBUG:colcon.colcon_parallel_executor.executor.parallel:run_until_complete finished with '0'
[3.493s] DEBUG:colcon.colcon_core.event_reactor:joining thread
[3.532s] INFO:colcon.colcon_core.plugin_system:Skipping extension 'colcon_notification.desktop_notification.notify_send': Could not find 'notify-send'
[3.533s] INFO:colcon.colcon_core.plugin_system:Skipping extension 'colcon_notification.desktop_notification.terminal_notifier': Not used on non-Darwin systems
[3.533s] INFO:colcon.colcon_core.plugin_system:Skipping extension 'colcon_notification.desktop_notification.win32': Not used on non-Windows systems
[3.533s] INFO:colcon.colcon_notification.desktop_notification:Sending desktop notification using 'notify2'
[3.535s] DEBUG:colcon.colcon_notification.desktop_notification.notify2:Failed to initialize notify2: org.freedesktop.DBus.Error.Spawn.ExecFailed: /usr/bin/dbus-launch terminated abnormally without any error message
[3.535s] DEBUG:colcon.colcon_core.event_reactor:joined thread
[3.568s] INFO:colcon.colcon_core.shell:Creating prefix script '/data/controller/install/local_setup.ps1'
[3.570s] INFO:colcon.colcon_core.shell:Creating prefix util module '/data/controller/install/_local_setup_util_ps1.py'
[3.571s] INFO:colcon.colcon_core.shell:Creating prefix chain script '/data/controller/install/setup.ps1'
[3.600s] INFO:colcon.colcon_core.shell:Creating prefix script '/data/controller/install/local_setup.sh'
[3.601s] INFO:colcon.colcon_core.shell:Creating prefix util module '/data/controller/install/_local_setup_util_sh.py'
[3.601s] INFO:colcon.colcon_core.shell:Creating prefix chain script '/data/controller/install/setup.sh'
[3.635s] INFO:colcon.colcon_core.shell:Creating prefix script '/data/controller/install/local_setup.bash'
[3.635s] INFO:colcon.colcon_core.shell:Creating prefix chain script '/data/controller/install/setup.bash'
[3.670s] INFO:colcon.colcon_core.shell:Creating prefix script '/data/controller/install/local_setup.zsh'
[3.672s] INFO:colcon.colcon_core.shell:Creating prefix chain script '/data/controller/install/setup.zsh'
