[0.238s] Invoking command in '/data/publisher/build/dummy_publisher': CMAKE_PREFIX_PATH=/opt/ros/foxy /usr/bin/cmake /data/publisher/dummy_publisher -DCMAKE_INSTALL_PREFIX=/data/publisher/install/dummy_publisher
[0.440s] -- The C compiler identification is GNU 9.4.0
[0.572s] -- The CXX compiler identification is GNU 9.4.0
[0.581s] -- Check for working C compiler: /usr/bin/cc
[0.692s] -- Check for working C compiler: /usr/bin/cc -- works
[0.695s] -- Detecting C compiler ABI info
[0.813s] -- Detecting C compiler ABI info - done
[0.828s] -- Detecting C compile features
[0.828s] -- Detecting C compile features - done
[0.832s] -- Check for working CXX compiler: /usr/bin/c++
[0.964s] -- Check for working CXX compiler: /usr/bin/c++ -- works
[0.967s] -- Detecting CXX compiler ABI info
[1.086s] -- Detecting CXX compiler ABI info - done
[1.103s] -- Detecting CXX compile features
[1.104s] -- Detecting CXX compile features - done
[1.113s] -- Found ament_cmake: 0.9.12 (/opt/ros/foxy/share/ament_cmake/cmake)
[1.151s] -- Found PythonInterp: /usr/bin/python3 (found suitable version "3.8.10", minimum required is "3") 
[1.151s] -- Using PYTHON_EXECUTABLE: /usr/bin/python3
[1.421s] -- Found rclcpp: 2.4.3 (/opt/ros/foxy/share/rclcpp/cmake)
[1.515s] -- Using all available rosidl_typesupport_c: rosidl_typesupport_fastrtps_c;rosidl_typesupport_introspection_c
[1.528s] -- Found rosidl_adapter: 1.3.1 (/opt/ros/foxy/share/rosidl_adapter/cmake)
[1.705s] -- Found OpenSSL: /usr/lib/x86_64-linux-gnu/libcrypto.so (found version "1.1.1f")  
[1.757s] -- Found FastRTPS: /opt/ros/foxy/include  
[1.886s] -- Using all available rosidl_typesupport_cpp: rosidl_typesupport_fastrtps_cpp;rosidl_typesupport_introspection_cpp
[1.991s] -- Found rmw_implementation_cmake: 1.0.4 (/opt/ros/foxy/share/rmw_implementation_cmake/cmake)
[1.994s] -- Using RMW implementation 'rmw_fastrtps_cpp' as default
[1.997s] -- Looking for pthread.h
[2.113s] -- Looking for pthread.h - found
[2.114s] -- Performing Test CMAKE_HAVE_LIBC_PTHREAD
[2.223s] -- Performing Test CMAKE_HAVE_LIBC_PTHREAD - Failed
[2.223s] -- Looking for pthread_create in pthreads
[2.319s] -- Looking for pthread_create in pthreads - not found
[2.320s] -- Looking for pthread_create in pthread
[2.426s] -- Looking for pthread_create in pthread - found
[2.427s] -- Found Threads: TRUE  
[2.631s] -- Found ament_lint_auto: 0.9.8 (/opt/ros/foxy/share/ament_lint_auto/cmake)
[2.749s] -- Added test 'copyright' to check source files copyright and LICENSE
[2.764s] -- Added test 'cppcheck' to perform static code analysis on C / C++ code
[2.764s] -- Configured cppcheck include dirs: 
[2.764s] -- Configured cppcheck exclude dirs and/or files: 
[2.779s] -- Added test 'cpplint' to check C / C++ code against the Google style
[2.779s] -- Configured cpplint exclude dirs and/or files: 
[2.782s] -- Added test 'flake8' to check Python code syntax and style conventions
[2.789s] -- Added test 'lint_cmake' to check CMake code style
[2.793s] -- Added test 'pep257' to check Python code against some of the style conventions in PEP 257
[2.811s] -- Added test 'uncrustify' to check C / C++ code style
[2.811s] -- Configured uncrustify additional arguments: 
[2.813s] -- Added test 'xmllint' to check XML markup files
[2.819s] -- Configuring done
[2.833s] -- Generating done
[2.838s] -- Build files have been written to: /data/publisher/build/dummy_publisher
[2.846s] Invoked command in '/data/publisher/build/dummy_publisher' returned '0': CMAKE_PREFIX_PATH=/opt/ros/foxy /usr/bin/cmake /data/publisher/dummy_publisher -DCMAKE_INSTALL_PREFIX=/data/publisher/install/dummy_publisher
[2.849s] Invoking command in '/data/publisher/build/dummy_publisher': CMAKE_PREFIX_PATH=/opt/ros/foxy /usr/bin/cmake --build /data/publisher/build/dummy_publisher -- -j8 -l8
[2.924s] [35m[1mScanning dependencies of target dummy_publisher[0m
[3.048s] [ 50%] [32mBuilding CXX object CMakeFiles/dummy_publisher.dir/src/dummy_publisher.cpp.o[0m
[8.898s] [100%] [32m[1mLinking CXX executable dummy_publisher[0m
[9.260s] [100%] Built target dummy_publisher
[9.285s] Invoked command in '/data/publisher/build/dummy_publisher' returned '0': CMAKE_PREFIX_PATH=/opt/ros/foxy /usr/bin/cmake --build /data/publisher/build/dummy_publisher -- -j8 -l8
[9.366s] Invoking command in '/data/publisher/build/dummy_publisher': CMAKE_PREFIX_PATH=/opt/ros/foxy /usr/bin/cmake --install /data/publisher/build/dummy_publisher
[9.389s] -- Install configuration: ""
[9.390s] -- Installing: /data/publisher/install/dummy_publisher/lib/dummy_publisher/dummy_publisher
[9.392s] -- Set runtime path of "/data/publisher/install/dummy_publisher/lib/dummy_publisher/dummy_publisher" to ""
[9.392s] -- Installing: /data/publisher/install/dummy_publisher/share/ament_index/resource_index/package_run_dependencies/dummy_publisher
[9.393s] -- Installing: /data/publisher/install/dummy_publisher/share/ament_index/resource_index/parent_prefix_path/dummy_publisher
[9.393s] -- Installing: /data/publisher/install/dummy_publisher/share/dummy_publisher/environment/ament_prefix_path.sh
[9.395s] -- Installing: /data/publisher/install/dummy_publisher/share/dummy_publisher/environment/ament_prefix_path.dsv
[9.396s] -- Installing: /data/publisher/install/dummy_publisher/share/dummy_publisher/environment/path.sh
[9.397s] -- Installing: /data/publisher/install/dummy_publisher/share/dummy_publisher/environment/path.dsv
[9.399s] -- Installing: /data/publisher/install/dummy_publisher/share/dummy_publisher/local_setup.bash
[9.400s] -- Installing: /data/publisher/install/dummy_publisher/share/dummy_publisher/local_setup.sh
[9.402s] -- Installing: /data/publisher/install/dummy_publisher/share/dummy_publisher/local_setup.zsh
[9.403s] -- Installing: /data/publisher/install/dummy_publisher/share/dummy_publisher/local_setup.dsv
[9.403s] -- Installing: /data/publisher/install/dummy_publisher/share/dummy_publisher/package.dsv
[9.404s] -- Installing: /data/publisher/install/dummy_publisher/share/ament_index/resource_index/packages/dummy_publisher
[9.404s] -- Installing: /data/publisher/install/dummy_publisher/share/dummy_publisher/cmake/dummy_publisherConfig.cmake
[9.405s] -- Installing: /data/publisher/install/dummy_publisher/share/dummy_publisher/cmake/dummy_publisherConfig-version.cmake
[9.405s] -- Installing: /data/publisher/install/dummy_publisher/share/dummy_publisher/package.xml
[9.408s] Invoked command in '/data/publisher/build/dummy_publisher' returned '0': CMAKE_PREFIX_PATH=/opt/ros/foxy /usr/bin/cmake --install /data/publisher/build/dummy_publisher
