[35m[1mScanning dependencies of target rcv_atc_orders_and_send_2_gazebo[0m
[ 50%] [32mBuilding CXX object CMakeFiles/rcv_atc_orders_and_send_2_gazebo.dir/src/process_orders_and_send_commands_to_gazebo.cpp.o[0m
[100%] [32m[1mLinking CXX executable rcv_atc_orders_and_send_2_gazebo[0m
[100%] Built target rcv_atc_orders_and_send_2_gazebo
-- Install configuration: ""
-- Installing: /data/publisher/rcv_atc_orders_and_send_2_gazebo/install/rcv_atc_orders_and_send_2_gazebo/lib/rcv_atc_orders_and_send_2_gazebo/rcv_atc_orders_and_send_2_gazebo
-- Set runtime path of "/data/publisher/rcv_atc_orders_and_send_2_gazebo/install/rcv_atc_orders_and_send_2_gazebo/lib/rcv_atc_orders_and_send_2_gazebo/rcv_atc_orders_and_send_2_gazebo" to ""
-- Up-to-date: /data/publisher/rcv_atc_orders_and_send_2_gazebo/install/rcv_atc_orders_and_send_2_gazebo/share/ament_index/resource_index/package_run_dependencies/rcv_atc_orders_and_send_2_gazebo
-- Up-to-date: /data/publisher/rcv_atc_orders_and_send_2_gazebo/install/rcv_atc_orders_and_send_2_gazebo/share/ament_index/resource_index/parent_prefix_path/rcv_atc_orders_and_send_2_gazebo
-- Up-to-date: /data/publisher/rcv_atc_orders_and_send_2_gazebo/install/rcv_atc_orders_and_send_2_gazebo/share/rcv_atc_orders_and_send_2_gazebo/environment/ament_prefix_path.sh
-- Up-to-date: /data/publisher/rcv_atc_orders_and_send_2_gazebo/install/rcv_atc_orders_and_send_2_gazebo/share/rcv_atc_orders_and_send_2_gazebo/environment/ament_prefix_path.dsv
-- Up-to-date: /data/publisher/rcv_atc_orders_and_send_2_gazebo/install/rcv_atc_orders_and_send_2_gazebo/share/rcv_atc_orders_and_send_2_gazebo/environment/path.sh
-- Up-to-date: /data/publisher/rcv_atc_orders_and_send_2_gazebo/install/rcv_atc_orders_and_send_2_gazebo/share/rcv_atc_orders_and_send_2_gazebo/environment/path.dsv
-- Up-to-date: /data/publisher/rcv_atc_orders_and_send_2_gazebo/install/rcv_atc_orders_and_send_2_gazebo/share/rcv_atc_orders_and_send_2_gazebo/local_setup.bash
-- Up-to-date: /data/publisher/rcv_atc_orders_and_send_2_gazebo/install/rcv_atc_orders_and_send_2_gazebo/share/rcv_atc_orders_and_send_2_gazebo/local_setup.sh
-- Up-to-date: /data/publisher/rcv_atc_orders_and_send_2_gazebo/install/rcv_atc_orders_and_send_2_gazebo/share/rcv_atc_orders_and_send_2_gazebo/local_setup.zsh
-- Up-to-date: /data/publisher/rcv_atc_orders_and_send_2_gazebo/install/rcv_atc_orders_and_send_2_gazebo/share/rcv_atc_orders_and_send_2_gazebo/local_setup.dsv
-- Installing: /data/publisher/rcv_atc_orders_and_send_2_gazebo/install/rcv_atc_orders_and_send_2_gazebo/share/rcv_atc_orders_and_send_2_gazebo/package.dsv
-- Up-to-date: /data/publisher/rcv_atc_orders_and_send_2_gazebo/install/rcv_atc_orders_and_send_2_gazebo/share/ament_index/resource_index/packages/rcv_atc_orders_and_send_2_gazebo
-- Up-to-date: /data/publisher/rcv_atc_orders_and_send_2_gazebo/install/rcv_atc_orders_and_send_2_gazebo/share/rcv_atc_orders_and_send_2_gazebo/cmake/rcv_atc_orders_and_send_2_gazeboConfig.cmake
-- Up-to-date: /data/publisher/rcv_atc_orders_and_send_2_gazebo/install/rcv_atc_orders_and_send_2_gazebo/share/rcv_atc_orders_and_send_2_gazebo/cmake/rcv_atc_orders_and_send_2_gazeboConfig-version.cmake
-- Up-to-date: /data/publisher/rcv_atc_orders_and_send_2_gazebo/install/rcv_atc_orders_and_send_2_gazebo/share/rcv_atc_orders_and_send_2_gazebo/package.xml
