[0.121s] Invoking command in '/data/publisher/rcv_atc_orders_and_send_2_gazebo/build/rcv_atc_orders_and_send_2_gazebo': CMAKE_PREFIX_PATH=${CMAKE_PREFIX_PATH}:/opt/ros/foxy /usr/bin/cmake --build /data/publisher/rcv_atc_orders_and_send_2_gazebo/build/rcv_atc_orders_and_send_2_gazebo -- -j8 -l8
[0.165s] [35m[1mScanning dependencies of target rcv_atc_orders_and_send_2_gazebo[0m
[0.209s] [ 50%] [32mBuilding CXX object CMakeFiles/rcv_atc_orders_and_send_2_gazebo.dir/src/process_orders_and_send_commands_to_gazebo.cpp.o[0m
[5.942s] [100%] [32m[1mLinking CXX executable rcv_atc_orders_and_send_2_gazebo[0m
[6.650s] [100%] Built target rcv_atc_orders_and_send_2_gazebo
[6.675s] Invoked command in '/data/publisher/rcv_atc_orders_and_send_2_gazebo/build/rcv_atc_orders_and_send_2_gazebo' returned '0': CMAKE_PREFIX_PATH=${CMAKE_PREFIX_PATH}:/opt/ros/foxy /usr/bin/cmake --build /data/publisher/rcv_atc_orders_and_send_2_gazebo/build/rcv_atc_orders_and_send_2_gazebo -- -j8 -l8
[6.755s] Invoking command in '/data/publisher/rcv_atc_orders_and_send_2_gazebo/build/rcv_atc_orders_and_send_2_gazebo': CMAKE_PREFIX_PATH=${CMAKE_PREFIX_PATH}:/opt/ros/foxy /usr/bin/cmake --install /data/publisher/rcv_atc_orders_and_send_2_gazebo/build/rcv_atc_orders_and_send_2_gazebo
[6.773s] -- Install configuration: ""
[6.773s] -- Installing: /data/publisher/rcv_atc_orders_and_send_2_gazebo/install/rcv_atc_orders_and_send_2_gazebo/lib/rcv_atc_orders_and_send_2_gazebo/rcv_atc_orders_and_send_2_gazebo
[6.780s] -- Set runtime path of "/data/publisher/rcv_atc_orders_and_send_2_gazebo/install/rcv_atc_orders_and_send_2_gazebo/lib/rcv_atc_orders_and_send_2_gazebo/rcv_atc_orders_and_send_2_gazebo" to ""
[6.781s] -- Up-to-date: /data/publisher/rcv_atc_orders_and_send_2_gazebo/install/rcv_atc_orders_and_send_2_gazebo/share/ament_index/resource_index/package_run_dependencies/rcv_atc_orders_and_send_2_gazebo
[6.781s] -- Up-to-date: /data/publisher/rcv_atc_orders_and_send_2_gazebo/install/rcv_atc_orders_and_send_2_gazebo/share/ament_index/resource_index/parent_prefix_path/rcv_atc_orders_and_send_2_gazebo
[6.781s] -- Up-to-date: /data/publisher/rcv_atc_orders_and_send_2_gazebo/install/rcv_atc_orders_and_send_2_gazebo/share/rcv_atc_orders_and_send_2_gazebo/environment/ament_prefix_path.sh
[6.782s] -- Up-to-date: /data/publisher/rcv_atc_orders_and_send_2_gazebo/install/rcv_atc_orders_and_send_2_gazebo/share/rcv_atc_orders_and_send_2_gazebo/environment/ament_prefix_path.dsv
[6.782s] -- Up-to-date: /data/publisher/rcv_atc_orders_and_send_2_gazebo/install/rcv_atc_orders_and_send_2_gazebo/share/rcv_atc_orders_and_send_2_gazebo/environment/path.sh
[6.782s] -- Up-to-date: /data/publisher/rcv_atc_orders_and_send_2_gazebo/install/rcv_atc_orders_and_send_2_gazebo/share/rcv_atc_orders_and_send_2_gazebo/environment/path.dsv
[6.782s] -- Up-to-date: /data/publisher/rcv_atc_orders_and_send_2_gazebo/install/rcv_atc_orders_and_send_2_gazebo/share/rcv_atc_orders_and_send_2_gazebo/local_setup.bash
[6.783s] -- Up-to-date: /data/publisher/rcv_atc_orders_and_send_2_gazebo/install/rcv_atc_orders_and_send_2_gazebo/share/rcv_atc_orders_and_send_2_gazebo/local_setup.sh
[6.783s] -- Up-to-date: /data/publisher/rcv_atc_orders_and_send_2_gazebo/install/rcv_atc_orders_and_send_2_gazebo/share/rcv_atc_orders_and_send_2_gazebo/local_setup.zsh
[6.783s] -- Up-to-date: /data/publisher/rcv_atc_orders_and_send_2_gazebo/install/rcv_atc_orders_and_send_2_gazebo/share/rcv_atc_orders_and_send_2_gazebo/local_setup.dsv
[6.783s] -- Installing: /data/publisher/rcv_atc_orders_and_send_2_gazebo/install/rcv_atc_orders_and_send_2_gazebo/share/rcv_atc_orders_and_send_2_gazebo/package.dsv
[6.783s] -- Up-to-date: /data/publisher/rcv_atc_orders_and_send_2_gazebo/install/rcv_atc_orders_and_send_2_gazebo/share/ament_index/resource_index/packages/rcv_atc_orders_and_send_2_gazebo
[6.783s] -- Up-to-date: /data/publisher/rcv_atc_orders_and_send_2_gazebo/install/rcv_atc_orders_and_send_2_gazebo/share/rcv_atc_orders_and_send_2_gazebo/cmake/rcv_atc_orders_and_send_2_gazeboConfig.cmake
[6.783s] -- Up-to-date: /data/publisher/rcv_atc_orders_and_send_2_gazebo/install/rcv_atc_orders_and_send_2_gazebo/share/rcv_atc_orders_and_send_2_gazebo/cmake/rcv_atc_orders_and_send_2_gazeboConfig-version.cmake
[6.784s] -- Up-to-date: /data/publisher/rcv_atc_orders_and_send_2_gazebo/install/rcv_atc_orders_and_send_2_gazebo/share/rcv_atc_orders_and_send_2_gazebo/package.xml
[6.787s] Invoked command in '/data/publisher/rcv_atc_orders_and_send_2_gazebo/build/rcv_atc_orders_and_send_2_gazebo' returned '0': CMAKE_PREFIX_PATH=${CMAKE_PREFIX_PATH}:/opt/ros/foxy /usr/bin/cmake --install /data/publisher/rcv_atc_orders_and_send_2_gazebo/build/rcv_atc_orders_and_send_2_gazebo
