[1.261s] DEBUG:colcon:Command line arguments: ['/usr/bin/colcon', 'build']
[1.262s] DEBUG:colcon:Parsed command line arguments: Namespace(ament_cmake_args=None, base_paths=['.'], build_base='build', catkin_cmake_args=None, catkin_skip_building_tests=False, cmake_args=None, cmake_clean_cache=False, cmake_clean_first=False, cmake_force_configure=False, cmake_target=None, cmake_target_skip_unavailable=False, continue_on_error=False, event_handlers=None, executor='parallel', ignore_user_meta=False, install_base='install', log_base=None, log_level=None, main=<bound method BuildVerb.main of <colcon_core.verb.build.BuildVerb object at 0x7f995f041460>>, merge_install=False, metas=['./colcon.meta'], packages_above=None, packages_above_and_dependencies=None, packages_above_depth=None, packages_end=None, packages_ignore=None, packages_ignore_regex=None, packages_select=None, packages_select_build_failed=False, packages_select_by_dep=None, packages_select_regex=None, packages_select_test_failures=False, packages_skip=None, packages_skip_build_finished=False, packages_skip_by_dep=None, packages_skip_regex=None, packages_skip_test_passed=False, packages_skip_up_to=None, packages_start=None, packages_up_to=None, packages_up_to_regex=None, parallel_workers=8, paths=None, symlink_install=False, test_result_base=None, verb_extension=<colcon_core.verb.build.BuildVerb object at 0x7f995f041460>, verb_name='build', verb_parser=<colcon_defaults.argument_parser.defaults.DefaultArgumentsDecorator object at 0x7f995ecbd250>)
[1.327s] Level 1:colcon.colcon_core.package_discovery:discover_packages(colcon_meta) check parameters
[1.327s] Level 1:colcon.colcon_core.package_discovery:discover_packages(recursive) check parameters
[1.327s] Level 1:colcon.colcon_core.package_discovery:discover_packages(ignore) check parameters
[1.327s] Level 1:colcon.colcon_core.package_discovery:discover_packages(path) check parameters
[1.327s] Level 1:colcon.colcon_core.package_discovery:discover_packages(colcon_meta) discover
[1.327s] Level 1:colcon.colcon_core.package_discovery:discover_packages(recursive) discover
[1.327s] INFO:colcon.colcon_core.package_discovery:Crawling recursively for packages in '/data/controller'
[1.328s] Level 1:colcon.colcon_core.package_identification:_identify(.) by extensions ['ignore', 'ignore_ament_install']
[1.328s] Level 1:colcon.colcon_core.package_identification:_identify(.) by extension 'ignore'
[1.328s] Level 1:colcon.colcon_core.package_identification:_identify(.) by extension 'ignore_ament_install'
[1.328s] Level 1:colcon.colcon_core.package_identification:_identify(.) by extensions ['colcon_pkg']
[1.328s] Level 1:colcon.colcon_core.package_identification:_identify(.) by extension 'colcon_pkg'
[1.328s] Level 1:colcon.colcon_core.package_identification:_identify(.) by extensions ['colcon_meta']
[1.328s] Level 1:colcon.colcon_core.package_identification:_identify(.) by extension 'colcon_meta'
[1.328s] Level 1:colcon.colcon_core.package_identification:_identify(.) by extensions ['ros']
[1.328s] Level 1:colcon.colcon_core.package_identification:_identify(.) by extension 'ros'
[1.337s] Level 1:colcon.colcon_core.package_identification:_identify(.) by extensions ['cmake', 'python']
[1.337s] Level 1:colcon.colcon_core.package_identification:_identify(.) by extension 'cmake'
[1.337s] Level 1:colcon.colcon_core.package_identification:_identify(.) by extension 'python'
[1.337s] Level 1:colcon.colcon_core.package_identification:_identify(.) by extensions ['python_setup_py']
[1.337s] Level 1:colcon.colcon_core.package_identification:_identify(.) by extension 'python_setup_py'
[1.337s] Level 1:colcon.colcon_core.package_identification:_identify(atc_2_gazebo) by extensions ['ignore', 'ignore_ament_install']
[1.337s] Level 1:colcon.colcon_core.package_identification:_identify(atc_2_gazebo) by extension 'ignore'
[1.337s] Level 1:colcon.colcon_core.package_identification:_identify(atc_2_gazebo) by extension 'ignore_ament_install'
[1.337s] Level 1:colcon.colcon_core.package_identification:_identify(atc_2_gazebo) by extensions ['colcon_pkg']
[1.337s] Level 1:colcon.colcon_core.package_identification:_identify(atc_2_gazebo) by extension 'colcon_pkg'
[1.337s] Level 1:colcon.colcon_core.package_identification:_identify(atc_2_gazebo) by extensions ['colcon_meta']
[1.337s] Level 1:colcon.colcon_core.package_identification:_identify(atc_2_gazebo) by extension 'colcon_meta'
[1.337s] Level 1:colcon.colcon_core.package_identification:_identify(atc_2_gazebo) by extensions ['ros']
[1.337s] Level 1:colcon.colcon_core.package_identification:_identify(atc_2_gazebo) by extension 'ros'
[1.340s] DEBUG:colcon.colcon_core.package_identification:Package 'atc_2_gazebo' with type 'ros.ament_cmake' and name 'atc_2_gazebo'
[1.340s] Level 1:colcon.colcon_core.package_identification:_identify(build) by extensions ['ignore', 'ignore_ament_install']
[1.340s] Level 1:colcon.colcon_core.package_identification:_identify(build) by extension 'ignore'
[1.340s] Level 1:colcon.colcon_core.package_identification:_identify(build) ignored
[1.340s] Level 1:colcon.colcon_core.package_identification:_identify(install) by extensions ['ignore', 'ignore_ament_install']
[1.340s] Level 1:colcon.colcon_core.package_identification:_identify(install) by extension 'ignore'
[1.340s] Level 1:colcon.colcon_core.package_identification:_identify(install) ignored
[1.340s] Level 1:colcon.colcon_core.package_identification:_identify(log) by extensions ['ignore', 'ignore_ament_install']
[1.340s] Level 1:colcon.colcon_core.package_identification:_identify(log) by extension 'ignore'
[1.340s] Level 1:colcon.colcon_core.package_identification:_identify(log) ignored
[1.340s] Level 1:colcon.colcon_core.package_identification:_identify(py_hand_gesture_publisher) by extensions ['ignore', 'ignore_ament_install']
[1.340s] Level 1:colcon.colcon_core.package_identification:_identify(py_hand_gesture_publisher) by extension 'ignore'
[1.340s] Level 1:colcon.colcon_core.package_identification:_identify(py_hand_gesture_publisher) by extension 'ignore_ament_install'
[1.340s] Level 1:colcon.colcon_core.package_identification:_identify(py_hand_gesture_publisher) by extensions ['colcon_pkg']
[1.341s] Level 1:colcon.colcon_core.package_identification:_identify(py_hand_gesture_publisher) by extension 'colcon_pkg'
[1.341s] Level 1:colcon.colcon_core.package_identification:_identify(py_hand_gesture_publisher) by extensions ['colcon_meta']
[1.341s] Level 1:colcon.colcon_core.package_identification:_identify(py_hand_gesture_publisher) by extension 'colcon_meta'
[1.341s] Level 1:colcon.colcon_core.package_identification:_identify(py_hand_gesture_publisher) by extensions ['ros']
[1.341s] Level 1:colcon.colcon_core.package_identification:_identify(py_hand_gesture_publisher) by extension 'ros'
[1.341s] DEBUG:colcon.colcon_core.package_identification:Package 'py_hand_gesture_publisher' with type 'ros.ament_python' and name 'py_hand_gesture_publisher'
[1.341s] Level 1:colcon.colcon_core.package_discovery:discover_packages(recursive) using defaults
[1.341s] Level 1:colcon.colcon_core.package_discovery:discover_packages(ignore) discover
[1.341s] Level 1:colcon.colcon_core.package_discovery:discover_packages(ignore) using defaults
[1.341s] Level 1:colcon.colcon_core.package_discovery:discover_packages(path) discover
[1.341s] Level 1:colcon.colcon_core.package_discovery:discover_packages(path) using defaults
[1.448s] Level 5:colcon.colcon_core.verb:set package 'atc_2_gazebo' build argument 'cmake_args' from command line to 'None'
[1.448s] Level 5:colcon.colcon_core.verb:set package 'atc_2_gazebo' build argument 'cmake_target' from command line to 'None'
[1.448s] Level 5:colcon.colcon_core.verb:set package 'atc_2_gazebo' build argument 'cmake_target_skip_unavailable' from command line to 'False'
[1.448s] Level 5:colcon.colcon_core.verb:set package 'atc_2_gazebo' build argument 'cmake_clean_cache' from command line to 'False'
[1.448s] Level 5:colcon.colcon_core.verb:set package 'atc_2_gazebo' build argument 'cmake_clean_first' from command line to 'False'
[1.448s] Level 5:colcon.colcon_core.verb:set package 'atc_2_gazebo' build argument 'cmake_force_configure' from command line to 'False'
[1.448s] Level 5:colcon.colcon_core.verb:set package 'atc_2_gazebo' build argument 'ament_cmake_args' from command line to 'None'
[1.448s] Level 5:colcon.colcon_core.verb:set package 'atc_2_gazebo' build argument 'catkin_cmake_args' from command line to 'None'
[1.448s] Level 5:colcon.colcon_core.verb:set package 'atc_2_gazebo' build argument 'catkin_skip_building_tests' from command line to 'False'
[1.448s] DEBUG:colcon.colcon_core.verb:Building package 'atc_2_gazebo' with the following arguments: {'ament_cmake_args': None, 'build_base': '/data/controller/build/atc_2_gazebo', 'catkin_cmake_args': None, 'catkin_skip_building_tests': False, 'cmake_args': None, 'cmake_clean_cache': False, 'cmake_clean_first': False, 'cmake_force_configure': False, 'cmake_target': None, 'cmake_target_skip_unavailable': False, 'install_base': '/data/controller/install/atc_2_gazebo', 'merge_install': False, 'path': '/data/controller/atc_2_gazebo', 'symlink_install': False, 'test_result_base': None}
[1.470s] Level 5:colcon.colcon_core.verb:set package 'py_hand_gesture_publisher' build argument 'cmake_args' from command line to 'None'
[1.470s] Level 5:colcon.colcon_core.verb:set package 'py_hand_gesture_publisher' build argument 'cmake_target' from command line to 'None'
[1.470s] Level 5:colcon.colcon_core.verb:set package 'py_hand_gesture_publisher' build argument 'cmake_target_skip_unavailable' from command line to 'False'
[1.470s] Level 5:colcon.colcon_core.verb:set package 'py_hand_gesture_publisher' build argument 'cmake_clean_cache' from command line to 'False'
[1.470s] Level 5:colcon.colcon_core.verb:set package 'py_hand_gesture_publisher' build argument 'cmake_clean_first' from command line to 'False'
[1.470s] Level 5:colcon.colcon_core.verb:set package 'py_hand_gesture_publisher' build argument 'cmake_force_configure' from command line to 'False'
[1.470s] Level 5:colcon.colcon_core.verb:set package 'py_hand_gesture_publisher' build argument 'ament_cmake_args' from command line to 'None'
[1.470s] Level 5:colcon.colcon_core.verb:set package 'py_hand_gesture_publisher' build argument 'catkin_cmake_args' from command line to 'None'
[1.470s] Level 5:colcon.colcon_core.verb:set package 'py_hand_gesture_publisher' build argument 'catkin_skip_building_tests' from command line to 'False'
[1.470s] DEBUG:colcon.colcon_core.verb:Building package 'py_hand_gesture_publisher' with the following arguments: {'ament_cmake_args': None, 'build_base': '/data/controller/build/py_hand_gesture_publisher', 'catkin_cmake_args': None, 'catkin_skip_building_tests': False, 'cmake_args': None, 'cmake_clean_cache': False, 'cmake_clean_first': False, 'cmake_force_configure': False, 'cmake_target': None, 'cmake_target_skip_unavailable': False, 'install_base': '/data/controller/install/py_hand_gesture_publisher', 'merge_install': False, 'path': '/data/controller/py_hand_gesture_publisher', 'symlink_install': False, 'test_result_base': None}
[1.491s] INFO:colcon.colcon_core.executor:Executing jobs using 'parallel' executor
[1.514s] DEBUG:colcon.colcon_parallel_executor.executor.parallel:run_until_complete
[1.514s] INFO:colcon.colcon_ros.task.ament_cmake.build:Building ROS package in '/data/controller/atc_2_gazebo' with build type 'ament_cmake'
[1.514s] INFO:colcon.colcon_cmake.task.cmake.build:Building CMake package in '/data/controller/atc_2_gazebo'
[1.539s] INFO:colcon.colcon_core.plugin_system:Skipping extension 'colcon_core.shell.bat': Not used on non-Windows systems
[1.540s] INFO:colcon.colcon_core.shell:Skip shell extension 'powershell' for command environment: Not usable outside of PowerShell
[1.540s] DEBUG:colcon.colcon_core.shell:Skip shell extension 'dsv' for command environment
[1.589s] INFO:colcon.colcon_ros.task.ament_python.build:Building ROS package in '/data/controller/py_hand_gesture_publisher' with build type 'ament_python'
[1.589s] Level 1:colcon.colcon_core.shell:create_environment_hook('py_hand_gesture_publisher', 'ament_prefix_path')
[1.614s] INFO:colcon.colcon_core.shell:Creating environment hook '/data/controller/install/py_hand_gesture_publisher/share/py_hand_gesture_publisher/hook/ament_prefix_path.ps1'
[1.615s] INFO:colcon.colcon_core.shell:Creating environment descriptor '/data/controller/install/py_hand_gesture_publisher/share/py_hand_gesture_publisher/hook/ament_prefix_path.dsv'
[1.615s] INFO:colcon.colcon_core.shell:Creating environment hook '/data/controller/install/py_hand_gesture_publisher/share/py_hand_gesture_publisher/hook/ament_prefix_path.sh'
[1.640s] INFO:colcon.colcon_core.shell:Skip shell extension 'powershell' for command environment: Not usable outside of PowerShell
[1.640s] DEBUG:colcon.colcon_core.shell:Skip shell extension 'dsv' for command environment
[1.696s] DEBUG:colcon.colcon_core.event_handler.log_command:Invoking command in '/data/controller/build/atc_2_gazebo': CMAKE_PREFIX_PATH=/opt/ros/foxy /usr/bin/cmake --build /data/controller/build/atc_2_gazebo -- -j8 -l8
[1.876s] INFO:colcon.colcon_core.task.python.build:Building Python package in '/data/controller/py_hand_gesture_publisher'
[1.898s] INFO:colcon.colcon_core.shell:Skip shell extension 'powershell' for command environment: Not usable outside of PowerShell
[1.898s] DEBUG:colcon.colcon_core.shell:Skip shell extension 'dsv' for command environment
[1.958s] DEBUG:colcon.colcon_core.event_handler.log_command:Invoked command in '/data/controller/build/atc_2_gazebo' returned '0': CMAKE_PREFIX_PATH=/opt/ros/foxy /usr/bin/cmake --build /data/controller/build/atc_2_gazebo -- -j8 -l8
[1.994s] DEBUG:colcon.colcon_core.event_handler.log_command:Invoking command in '/data/controller/build/atc_2_gazebo': CMAKE_PREFIX_PATH=/opt/ros/foxy /usr/bin/cmake --install /data/controller/build/atc_2_gazebo
[2.006s] Level 1:colcon.colcon_core.environment:create_environment_scripts_only(atc_2_gazebo)
[2.007s] DEBUG:colcon.colcon_core.event_handler.log_command:Invoked command in '/data/controller/build/atc_2_gazebo' returned '0': CMAKE_PREFIX_PATH=/opt/ros/foxy /usr/bin/cmake --install /data/controller/build/atc_2_gazebo
[2.038s] Level 1:colcon.colcon_core.environment:checking '/data/controller/install/atc_2_gazebo' for CMake module files
[2.039s] Level 1:colcon.colcon_core.environment:checking '/data/controller/install/atc_2_gazebo' for CMake config files
[2.039s] Level 1:colcon.colcon_core.shell:create_environment_hook('atc_2_gazebo', 'cmake_prefix_path')
[2.066s] INFO:colcon.colcon_core.shell:Creating environment hook '/data/controller/install/atc_2_gazebo/share/atc_2_gazebo/hook/cmake_prefix_path.ps1'
[2.066s] INFO:colcon.colcon_core.shell:Creating environment descriptor '/data/controller/install/atc_2_gazebo/share/atc_2_gazebo/hook/cmake_prefix_path.dsv'
[2.067s] INFO:colcon.colcon_core.shell:Creating environment hook '/data/controller/install/atc_2_gazebo/share/atc_2_gazebo/hook/cmake_prefix_path.sh'
[2.067s] Level 1:colcon.colcon_core.environment:checking '/data/controller/install/atc_2_gazebo/lib'
[2.067s] Level 1:colcon.colcon_core.environment:checking '/data/controller/install/atc_2_gazebo/bin'
[2.068s] Level 1:colcon.colcon_core.environment:checking '/data/controller/install/atc_2_gazebo/lib/pkgconfig/atc_2_gazebo.pc'
[2.068s] Level 1:colcon.colcon_core.environment:checking '/data/controller/install/atc_2_gazebo/lib/python3.8/site-packages'
[2.068s] Level 1:colcon.colcon_core.environment:checking '/data/controller/install/atc_2_gazebo/bin'
[2.096s] INFO:colcon.colcon_core.shell:Creating package script '/data/controller/install/atc_2_gazebo/share/atc_2_gazebo/package.ps1'
[2.097s] INFO:colcon.colcon_core.shell:Creating package descriptor '/data/controller/install/atc_2_gazebo/share/atc_2_gazebo/package.dsv'
[2.097s] INFO:colcon.colcon_core.shell:Creating package script '/data/controller/install/atc_2_gazebo/share/atc_2_gazebo/package.sh'
[2.098s] INFO:colcon.colcon_core.shell:Creating package script '/data/controller/install/atc_2_gazebo/share/atc_2_gazebo/package.bash'
[2.099s] INFO:colcon.colcon_core.shell:Creating package script '/data/controller/install/atc_2_gazebo/share/atc_2_gazebo/package.zsh'
[2.099s] Level 1:colcon.colcon_core.environment:create_file_with_runtime_dependencies(/data/controller/install/atc_2_gazebo/share/colcon-core/packages/atc_2_gazebo)
[2.152s] Level 1:colcon.colcon_core.environment:create_environment_scripts_only(atc_2_gazebo)
[2.178s] Level 1:colcon.colcon_core.environment:checking '/data/controller/install/atc_2_gazebo' for CMake module files
[2.178s] Level 1:colcon.colcon_core.environment:checking '/data/controller/install/atc_2_gazebo' for CMake config files
[2.179s] Level 1:colcon.colcon_core.shell:create_environment_hook('atc_2_gazebo', 'cmake_prefix_path')
[2.209s] INFO:colcon.colcon_core.shell:Creating environment hook '/data/controller/install/atc_2_gazebo/share/atc_2_gazebo/hook/cmake_prefix_path.ps1'
[2.210s] INFO:colcon.colcon_core.shell:Creating environment descriptor '/data/controller/install/atc_2_gazebo/share/atc_2_gazebo/hook/cmake_prefix_path.dsv'
[2.210s] INFO:colcon.colcon_core.shell:Creating environment hook '/data/controller/install/atc_2_gazebo/share/atc_2_gazebo/hook/cmake_prefix_path.sh'
[2.211s] Level 1:colcon.colcon_core.environment:checking '/data/controller/install/atc_2_gazebo/lib'
[2.211s] Level 1:colcon.colcon_core.environment:checking '/data/controller/install/atc_2_gazebo/bin'
[2.211s] Level 1:colcon.colcon_core.environment:checking '/data/controller/install/atc_2_gazebo/lib/pkgconfig/atc_2_gazebo.pc'
[2.211s] Level 1:colcon.colcon_core.environment:checking '/data/controller/install/atc_2_gazebo/lib/python3.8/site-packages'
[2.211s] Level 1:colcon.colcon_core.environment:checking '/data/controller/install/atc_2_gazebo/bin'
[2.242s] INFO:colcon.colcon_core.shell:Creating package script '/data/controller/install/atc_2_gazebo/share/atc_2_gazebo/package.ps1'
[2.243s] INFO:colcon.colcon_core.shell:Creating package descriptor '/data/controller/install/atc_2_gazebo/share/atc_2_gazebo/package.dsv'
[2.243s] INFO:colcon.colcon_core.shell:Creating package script '/data/controller/install/atc_2_gazebo/share/atc_2_gazebo/package.sh'
[2.244s] INFO:colcon.colcon_core.shell:Creating package script '/data/controller/install/atc_2_gazebo/share/atc_2_gazebo/package.bash'
[2.245s] INFO:colcon.colcon_core.shell:Creating package script '/data/controller/install/atc_2_gazebo/share/atc_2_gazebo/package.zsh'
[2.245s] Level 1:colcon.colcon_core.environment:create_file_with_runtime_dependencies(/data/controller/install/atc_2_gazebo/share/colcon-core/packages/atc_2_gazebo)
[2.297s] DEBUG:colcon.colcon_core.event_handler.log_command:Invoking command in '/data/controller/py_hand_gesture_publisher': PYTHONPATH=/data/controller/build/py_hand_gesture_publisher/prefix_override:/data/controller/install/py_hand_gesture_publisher/lib/python3.8/site-packages:${PYTHONPATH} /usr/bin/python3 setup.py egg_info --egg-base ../build/py_hand_gesture_publisher build --build-base /data/controller/build/py_hand_gesture_publisher/build install --record /data/controller/build/py_hand_gesture_publisher/install.log --install-scripts $base/lib/py_hand_gesture_publisher --single-version-externally-managed
[2.515s] DEBUG:colcon.colcon_core.event_handler.log_command:Invoked command in '/data/controller/py_hand_gesture_publisher' returned '0': PYTHONPATH=/data/controller/build/py_hand_gesture_publisher/prefix_override:/data/controller/install/py_hand_gesture_publisher/lib/python3.8/site-packages:${PYTHONPATH} /usr/bin/python3 setup.py egg_info --egg-base ../build/py_hand_gesture_publisher build --build-base /data/controller/build/py_hand_gesture_publisher/build install --record /data/controller/build/py_hand_gesture_publisher/install.log --install-scripts $base/lib/py_hand_gesture_publisher --single-version-externally-managed
[2.538s] Level 1:colcon.colcon_core.environment:checking '/data/controller/install/py_hand_gesture_publisher' for CMake module files
[2.538s] Level 1:colcon.colcon_core.environment:checking '/data/controller/install/py_hand_gesture_publisher' for CMake config files
[2.539s] Level 1:colcon.colcon_core.environment:checking '/data/controller/install/py_hand_gesture_publisher/lib'
[2.539s] Level 1:colcon.colcon_core.environment:checking '/data/controller/install/py_hand_gesture_publisher/bin'
[2.539s] Level 1:colcon.colcon_core.environment:checking '/data/controller/install/py_hand_gesture_publisher/lib/pkgconfig/py_hand_gesture_publisher.pc'
[2.539s] Level 1:colcon.colcon_core.environment:checking '/data/controller/install/py_hand_gesture_publisher/lib/python3.8/site-packages'
[2.539s] Level 1:colcon.colcon_core.shell:create_environment_hook('py_hand_gesture_publisher', 'pythonpath')
[2.563s] INFO:colcon.colcon_core.shell:Creating environment hook '/data/controller/install/py_hand_gesture_publisher/share/py_hand_gesture_publisher/hook/pythonpath.ps1'
[2.563s] INFO:colcon.colcon_core.shell:Creating environment descriptor '/data/controller/install/py_hand_gesture_publisher/share/py_hand_gesture_publisher/hook/pythonpath.dsv'
[2.564s] INFO:colcon.colcon_core.shell:Creating environment hook '/data/controller/install/py_hand_gesture_publisher/share/py_hand_gesture_publisher/hook/pythonpath.sh'
[2.564s] Level 1:colcon.colcon_core.environment:checking '/data/controller/install/py_hand_gesture_publisher/bin'
[2.564s] Level 1:colcon.colcon_core.environment:create_environment_scripts_only(py_hand_gesture_publisher)
[2.586s] INFO:colcon.colcon_core.shell:Creating package script '/data/controller/install/py_hand_gesture_publisher/share/py_hand_gesture_publisher/package.ps1'
[2.586s] INFO:colcon.colcon_core.shell:Creating package descriptor '/data/controller/install/py_hand_gesture_publisher/share/py_hand_gesture_publisher/package.dsv'
[2.587s] INFO:colcon.colcon_core.shell:Creating package script '/data/controller/install/py_hand_gesture_publisher/share/py_hand_gesture_publisher/package.sh'
[2.587s] INFO:colcon.colcon_core.shell:Creating package script '/data/controller/install/py_hand_gesture_publisher/share/py_hand_gesture_publisher/package.bash'
[2.587s] INFO:colcon.colcon_core.shell:Creating package script '/data/controller/install/py_hand_gesture_publisher/share/py_hand_gesture_publisher/package.zsh'
[2.588s] Level 1:colcon.colcon_core.environment:create_file_with_runtime_dependencies(/data/controller/install/py_hand_gesture_publisher/share/colcon-core/packages/py_hand_gesture_publisher)
[2.588s] DEBUG:colcon.colcon_parallel_executor.executor.parallel:closing loop
[2.588s] DEBUG:colcon.colcon_parallel_executor.executor.parallel:loop closed
[2.588s] DEBUG:colcon.colcon_parallel_executor.executor.parallel:run_until_complete finished with '0'
[2.588s] DEBUG:colcon.colcon_core.event_reactor:joining thread
[2.617s] INFO:colcon.colcon_core.plugin_system:Skipping extension 'colcon_notification.desktop_notification.notify_send': Could not find 'notify-send'
[2.617s] INFO:colcon.colcon_core.plugin_system:Skipping extension 'colcon_notification.desktop_notification.terminal_notifier': Not used on non-Darwin systems
[2.617s] INFO:colcon.colcon_core.plugin_system:Skipping extension 'colcon_notification.desktop_notification.win32': Not used on non-Windows systems
[2.618s] INFO:colcon.colcon_notification.desktop_notification:Sending desktop notification using 'notify2'
[2.620s] DEBUG:colcon.colcon_notification.desktop_notification.notify2:Failed to initialize notify2: org.freedesktop.DBus.Error.Spawn.ExecFailed: /usr/bin/dbus-launch terminated abnormally without any error message
[2.620s] DEBUG:colcon.colcon_core.event_reactor:joined thread
[2.644s] INFO:colcon.colcon_core.shell:Creating prefix script '/data/controller/install/local_setup.ps1'
[2.644s] INFO:colcon.colcon_core.shell:Creating prefix util module '/data/controller/install/_local_setup_util_ps1.py'
[2.645s] INFO:colcon.colcon_core.shell:Creating prefix chain script '/data/controller/install/setup.ps1'
[2.669s] INFO:colcon.colcon_core.shell:Creating prefix script '/data/controller/install/local_setup.sh'
[2.669s] INFO:colcon.colcon_core.shell:Creating prefix util module '/data/controller/install/_local_setup_util_sh.py'
[2.670s] INFO:colcon.colcon_core.shell:Creating prefix chain script '/data/controller/install/setup.sh'
[2.693s] INFO:colcon.colcon_core.shell:Creating prefix script '/data/controller/install/local_setup.bash'
[2.693s] INFO:colcon.colcon_core.shell:Creating prefix chain script '/data/controller/install/setup.bash'
[2.717s] INFO:colcon.colcon_core.shell:Creating prefix script '/data/controller/install/local_setup.zsh'
[2.718s] INFO:colcon.colcon_core.shell:Creating prefix chain script '/data/controller/install/setup.zsh'
