[0.040s] Invoking command in '/data/controller/build/atc_2_gazebo': CMAKE_PREFIX_PATH=${CMAKE_PREFIX_PATH}:/data/controller/install/py_hand_gesture_publisher:/opt/ros/foxy /usr/bin/cmake /data/controller/atc_2_gazebo -DCMAKE_INSTALL_PREFIX=/data/controller/install/atc_2_gazebo
[0.133s] -- The C compiler identification is GNU 9.4.0
[0.238s] -- The CXX compiler identification is GNU 9.4.0
[0.245s] -- Check for working C compiler: /usr/bin/cc
[0.348s] -- Check for working C compiler: /usr/bin/cc -- works
[0.349s] -- Detecting C compiler ABI info
[0.448s] -- Detecting C compiler ABI info - done
[0.457s] -- Detecting C compile features
[0.457s] -- Detecting C compile features - done
[0.460s] -- Check for working CXX compiler: /usr/bin/c++
[0.567s] -- Check for working CXX compiler: /usr/bin/c++ -- works
[0.568s] -- Detecting CXX compiler ABI info
[0.681s] -- Detecting CXX compiler ABI info - done
[0.690s] -- Detecting CXX compile features
[0.690s] -- Detecting CXX compile features - done
[0.694s] -- Found ament_cmake: 0.9.12 (/opt/ros/foxy/share/ament_cmake/cmake)
[0.723s] -- Found PythonInterp: /usr/bin/python3 (found suitable version "3.8.10", minimum required is "3") 
[0.723s] -- Using PYTHON_EXECUTABLE: /usr/bin/python3
[0.921s] -- Found rclcpp: 2.4.3 (/opt/ros/foxy/share/rclcpp/cmake)
[0.986s] -- Using all available rosidl_typesupport_c: rosidl_typesupport_fastrtps_c;rosidl_typesupport_introspection_c
[0.999s] -- Found rosidl_adapter: 1.3.1 (/opt/ros/foxy/share/rosidl_adapter/cmake)
[1.180s] -- Found OpenSSL: /usr/lib/x86_64-linux-gnu/libcrypto.so (found version "1.1.1f")  
[1.224s] -- Found FastRTPS: /opt/ros/foxy/include  
[1.338s] -- Using all available rosidl_typesupport_cpp: rosidl_typesupport_fastrtps_cpp;rosidl_typesupport_introspection_cpp
[1.400s] -- Found rmw_implementation_cmake: 1.0.4 (/opt/ros/foxy/share/rmw_implementation_cmake/cmake)
[1.402s] -- Using RMW implementation 'rmw_fastrtps_cpp' as default
[1.403s] -- Looking for pthread.h
[1.515s] -- Looking for pthread.h - found
[1.515s] -- Performing Test CMAKE_HAVE_LIBC_PTHREAD
[1.623s] -- Performing Test CMAKE_HAVE_LIBC_PTHREAD - Failed
[1.623s] -- Looking for pthread_create in pthreads
[1.715s] -- Looking for pthread_create in pthreads - not found
[1.715s] -- Looking for pthread_create in pthread
[1.814s] -- Looking for pthread_create in pthread - found
[1.815s] -- Found Threads: TRUE  
[1.972s] -- Found geometry_msgs: 2.0.5 (/opt/ros/foxy/share/geometry_msgs/cmake)
[2.008s] -- Found ament_lint_auto: 0.9.8 (/opt/ros/foxy/share/ament_lint_auto/cmake)
[2.103s] -- Added test 'copyright' to check source files copyright and LICENSE
[2.104s] -- Added test 'cppcheck' to perform static code analysis on C / C++ code
[2.104s] -- Configured cppcheck include dirs: 
[2.104s] -- Configured cppcheck exclude dirs and/or files: 
[2.105s] -- Added test 'cpplint' to check C / C++ code against the Google style
[2.105s] -- Configured cpplint exclude dirs and/or files: 
[2.106s] -- Added test 'lint_cmake' to check CMake code style
[2.107s] -- Added test 'uncrustify' to check C / C++ code style
[2.107s] -- Configured uncrustify additional arguments: 
[2.108s] -- Added test 'xmllint' to check XML markup files
[2.113s] -- Configuring done
[2.122s] -- Generating done
[2.123s] -- Build files have been written to: /data/controller/build/atc_2_gazebo
[2.134s] Invoked command in '/data/controller/build/atc_2_gazebo' returned '0': CMAKE_PREFIX_PATH=${CMAKE_PREFIX_PATH}:/data/controller/install/py_hand_gesture_publisher:/opt/ros/foxy /usr/bin/cmake /data/controller/atc_2_gazebo -DCMAKE_INSTALL_PREFIX=/data/controller/install/atc_2_gazebo
[2.138s] Invoking command in '/data/controller/build/atc_2_gazebo': CMAKE_PREFIX_PATH=${CMAKE_PREFIX_PATH}:/data/controller/install/py_hand_gesture_publisher:/opt/ros/foxy /usr/bin/cmake --build /data/controller/build/atc_2_gazebo -- -j12 -l12
[2.201s] [35m[1mScanning dependencies of target atc_2_gazebo[0m
[2.281s] [ 50%] [32mBuilding CXX object CMakeFiles/atc_2_gazebo.dir/src/atc_2_gazebo.cpp.o[0m
[7.035s] [100%] [32m[1mLinking CXX executable atc_2_gazebo[0m
[7.396s] [100%] Built target atc_2_gazebo
[7.414s] Invoked command in '/data/controller/build/atc_2_gazebo' returned '0': CMAKE_PREFIX_PATH=${CMAKE_PREFIX_PATH}:/data/controller/install/py_hand_gesture_publisher:/opt/ros/foxy /usr/bin/cmake --build /data/controller/build/atc_2_gazebo -- -j12 -l12
[7.480s] Invoking command in '/data/controller/build/atc_2_gazebo': CMAKE_PREFIX_PATH=${CMAKE_PREFIX_PATH}:/data/controller/install/py_hand_gesture_publisher:/opt/ros/foxy /usr/bin/cmake --install /data/controller/build/atc_2_gazebo
[7.497s] -- Install configuration: ""
[7.497s] -- Installing: /data/controller/install/atc_2_gazebo/lib/atc_2_gazebo/atc_2_gazebo
[7.500s] -- Set runtime path of "/data/controller/install/atc_2_gazebo/lib/atc_2_gazebo/atc_2_gazebo" to ""
[7.500s] -- Installing: /data/controller/install/atc_2_gazebo/share/ament_index/resource_index/package_run_dependencies/atc_2_gazebo
[7.500s] -- Installing: /data/controller/install/atc_2_gazebo/share/ament_index/resource_index/parent_prefix_path/atc_2_gazebo
[7.501s] -- Installing: /data/controller/install/atc_2_gazebo/share/atc_2_gazebo/environment/ament_prefix_path.sh
[7.501s] -- Installing: /data/controller/install/atc_2_gazebo/share/atc_2_gazebo/environment/ament_prefix_path.dsv
[7.501s] -- Installing: /data/controller/install/atc_2_gazebo/share/atc_2_gazebo/environment/path.sh
[7.501s] -- Installing: /data/controller/install/atc_2_gazebo/share/atc_2_gazebo/environment/path.dsv
[7.501s] -- Installing: /data/controller/install/atc_2_gazebo/share/atc_2_gazebo/local_setup.bash
[7.501s] -- Installing: /data/controller/install/atc_2_gazebo/share/atc_2_gazebo/local_setup.sh
[7.502s] -- Installing: /data/controller/install/atc_2_gazebo/share/atc_2_gazebo/local_setup.zsh
[7.502s] -- Installing: /data/controller/install/atc_2_gazebo/share/atc_2_gazebo/local_setup.dsv
[7.502s] -- Installing: /data/controller/install/atc_2_gazebo/share/atc_2_gazebo/package.dsv
[7.502s] -- Installing: /data/controller/install/atc_2_gazebo/share/ament_index/resource_index/packages/atc_2_gazebo
[7.502s] -- Installing: /data/controller/install/atc_2_gazebo/share/atc_2_gazebo/cmake/atc_2_gazeboConfig.cmake
[7.503s] -- Installing: /data/controller/install/atc_2_gazebo/share/atc_2_gazebo/cmake/atc_2_gazeboConfig-version.cmake
[7.503s] -- Installing: /data/controller/install/atc_2_gazebo/share/atc_2_gazebo/package.xml
[7.508s] Invoked command in '/data/controller/build/atc_2_gazebo' returned '0': CMAKE_PREFIX_PATH=${CMAKE_PREFIX_PATH}:/data/controller/install/py_hand_gesture_publisher:/opt/ros/foxy /usr/bin/cmake --install /data/controller/build/atc_2_gazebo
