[1.336s] DEBUG:colcon:Command line arguments: ['/usr/bin/colcon', 'build', '--symlink-install']
[1.336s] DEBUG:colcon:Parsed command line arguments: Namespace(ament_cmake_args=None, base_paths=['.'], build_base='build', catkin_cmake_args=None, catkin_skip_building_tests=False, cmake_args=None, cmake_clean_cache=False, cmake_clean_first=False, cmake_force_configure=False, cmake_target=None, cmake_target_skip_unavailable=False, continue_on_error=False, event_handlers=None, executor='parallel', ignore_user_meta=False, install_base='install', log_base=None, log_level=None, main=<bound method BuildVerb.main of <colcon_core.verb.build.BuildVerb object at 0x7fba2e78eee0>>, merge_install=False, metas=['./colcon.meta'], packages_above=None, packages_above_and_dependencies=None, packages_above_depth=None, packages_end=None, packages_ignore=None, packages_ignore_regex=None, packages_select=None, packages_select_build_failed=False, packages_select_by_dep=None, packages_select_regex=None, packages_select_test_failures=False, packages_skip=None, packages_skip_build_finished=False, packages_skip_by_dep=None, packages_skip_regex=None, packages_skip_test_passed=False, packages_skip_up_to=None, packages_start=None, packages_up_to=None, packages_up_to_regex=None, parallel_workers=8, paths=None, symlink_install=True, test_result_base=None, verb_extension=<colcon_core.verb.build.BuildVerb object at 0x7fba2e78eee0>, verb_name='build', verb_parser=<colcon_defaults.argument_parser.defaults.DefaultArgumentsDecorator object at 0x7fba2e40a880>)
[1.405s] Level 1:colcon.colcon_core.package_discovery:discover_packages(colcon_meta) check parameters
[1.405s] Level 1:colcon.colcon_core.package_discovery:discover_packages(recursive) check parameters
[1.405s] Level 1:colcon.colcon_core.package_discovery:discover_packages(ignore) check parameters
[1.405s] Level 1:colcon.colcon_core.package_discovery:discover_packages(path) check parameters
[1.405s] Level 1:colcon.colcon_core.package_discovery:discover_packages(colcon_meta) discover
[1.405s] Level 1:colcon.colcon_core.package_discovery:discover_packages(recursive) discover
[1.405s] INFO:colcon.colcon_core.package_discovery:Crawling recursively for packages in '/data/workspace/src'
[1.405s] Level 1:colcon.colcon_core.package_identification:_identify(.) by extensions ['ignore', 'ignore_ament_install']
[1.405s] Level 1:colcon.colcon_core.package_identification:_identify(.) by extension 'ignore'
[1.406s] Level 1:colcon.colcon_core.package_identification:_identify(.) by extension 'ignore_ament_install'
[1.406s] Level 1:colcon.colcon_core.package_identification:_identify(.) by extensions ['colcon_pkg']
[1.406s] Level 1:colcon.colcon_core.package_identification:_identify(.) by extension 'colcon_pkg'
[1.406s] Level 1:colcon.colcon_core.package_identification:_identify(.) by extensions ['colcon_meta']
[1.406s] Level 1:colcon.colcon_core.package_identification:_identify(.) by extension 'colcon_meta'
[1.406s] Level 1:colcon.colcon_core.package_identification:_identify(.) by extensions ['ros']
[1.406s] Level 1:colcon.colcon_core.package_identification:_identify(.) by extension 'ros'
[1.415s] Level 1:colcon.colcon_core.package_identification:_identify(.) by extensions ['cmake', 'python']
[1.415s] Level 1:colcon.colcon_core.package_identification:_identify(.) by extension 'cmake'
[1.415s] Level 1:colcon.colcon_core.package_identification:_identify(.) by extension 'python'
[1.415s] Level 1:colcon.colcon_core.package_identification:_identify(.) by extensions ['python_setup_py']
[1.415s] Level 1:colcon.colcon_core.package_identification:_identify(.) by extension 'python_setup_py'
[1.416s] Level 1:colcon.colcon_core.package_identification:_identify(build) by extensions ['ignore', 'ignore_ament_install']
[1.416s] Level 1:colcon.colcon_core.package_identification:_identify(build) by extension 'ignore'
[1.416s] Level 1:colcon.colcon_core.package_identification:_identify(build) ignored
[1.416s] Level 1:colcon.colcon_core.package_identification:_identify(install) by extensions ['ignore', 'ignore_ament_install']
[1.416s] Level 1:colcon.colcon_core.package_identification:_identify(install) by extension 'ignore'
[1.416s] Level 1:colcon.colcon_core.package_identification:_identify(install) ignored
[1.416s] Level 1:colcon.colcon_core.package_identification:_identify(log) by extensions ['ignore', 'ignore_ament_install']
[1.416s] Level 1:colcon.colcon_core.package_identification:_identify(log) by extension 'ignore'
[1.416s] Level 1:colcon.colcon_core.package_identification:_identify(log) ignored
[1.416s] Level 1:colcon.colcon_core.package_identification:_identify(my_bot) by extensions ['ignore', 'ignore_ament_install']
[1.416s] Level 1:colcon.colcon_core.package_identification:_identify(my_bot) by extension 'ignore'
[1.417s] Level 1:colcon.colcon_core.package_identification:_identify(my_bot) by extension 'ignore_ament_install'
[1.417s] Level 1:colcon.colcon_core.package_identification:_identify(my_bot) by extensions ['colcon_pkg']
[1.417s] Level 1:colcon.colcon_core.package_identification:_identify(my_bot) by extension 'colcon_pkg'
[1.417s] Level 1:colcon.colcon_core.package_identification:_identify(my_bot) by extensions ['colcon_meta']
[1.417s] Level 1:colcon.colcon_core.package_identification:_identify(my_bot) by extension 'colcon_meta'
[1.417s] Level 1:colcon.colcon_core.package_identification:_identify(my_bot) by extensions ['ros']
[1.417s] Level 1:colcon.colcon_core.package_identification:_identify(my_bot) by extension 'ros'
[1.419s] DEBUG:colcon.colcon_core.package_identification:Package 'my_bot' with type 'ros.ament_cmake' and name 'my_bot'
[1.419s] Level 1:colcon.colcon_core.package_discovery:discover_packages(recursive) using defaults
[1.419s] Level 1:colcon.colcon_core.package_discovery:discover_packages(ignore) discover
[1.419s] Level 1:colcon.colcon_core.package_discovery:discover_packages(ignore) using defaults
[1.419s] Level 1:colcon.colcon_core.package_discovery:discover_packages(path) discover
[1.419s] Level 1:colcon.colcon_core.package_discovery:discover_packages(path) using defaults
[1.522s] Level 5:colcon.colcon_core.verb:set package 'my_bot' build argument 'cmake_args' from command line to 'None'
[1.522s] Level 5:colcon.colcon_core.verb:set package 'my_bot' build argument 'cmake_target' from command line to 'None'
[1.522s] Level 5:colcon.colcon_core.verb:set package 'my_bot' build argument 'cmake_target_skip_unavailable' from command line to 'False'
[1.522s] Level 5:colcon.colcon_core.verb:set package 'my_bot' build argument 'cmake_clean_cache' from command line to 'False'
[1.522s] Level 5:colcon.colcon_core.verb:set package 'my_bot' build argument 'cmake_clean_first' from command line to 'False'
[1.522s] Level 5:colcon.colcon_core.verb:set package 'my_bot' build argument 'cmake_force_configure' from command line to 'False'
[1.522s] Level 5:colcon.colcon_core.verb:set package 'my_bot' build argument 'ament_cmake_args' from command line to 'None'
[1.522s] Level 5:colcon.colcon_core.verb:set package 'my_bot' build argument 'catkin_cmake_args' from command line to 'None'
[1.522s] Level 5:colcon.colcon_core.verb:set package 'my_bot' build argument 'catkin_skip_building_tests' from command line to 'False'
[1.522s] DEBUG:colcon.colcon_core.verb:Building package 'my_bot' with the following arguments: {'ament_cmake_args': None, 'build_base': '/data/workspace/src/build/my_bot', 'catkin_cmake_args': None, 'catkin_skip_building_tests': False, 'cmake_args': None, 'cmake_clean_cache': False, 'cmake_clean_first': False, 'cmake_force_configure': False, 'cmake_target': None, 'cmake_target_skip_unavailable': False, 'install_base': '/data/workspace/src/install/my_bot', 'merge_install': False, 'path': '/data/workspace/src/my_bot', 'symlink_install': True, 'test_result_base': None}
[1.544s] INFO:colcon.colcon_core.executor:Executing jobs using 'parallel' executor
[1.568s] DEBUG:colcon.colcon_parallel_executor.executor.parallel:run_until_complete
[1.568s] INFO:colcon.colcon_ros.task.ament_cmake.build:Building ROS package in '/data/workspace/src/my_bot' with build type 'ament_cmake'
[1.569s] INFO:colcon.colcon_cmake.task.cmake.build:Building CMake package in '/data/workspace/src/my_bot'
[1.597s] INFO:colcon.colcon_core.plugin_system:Skipping extension 'colcon_core.shell.bat': Not used on non-Windows systems
[1.597s] INFO:colcon.colcon_core.shell:Skip shell extension 'powershell' for command environment: Not usable outside of PowerShell
[1.597s] DEBUG:colcon.colcon_core.shell:Skip shell extension 'dsv' for command environment
[1.623s] WARNING:colcon.colcon_core.prefix_path.colcon:The path '/workspace/install' in the environment variable COLCON_PREFIX_PATH doesn't exist
[1.623s] WARNING:colcon.colcon_core.prefix_path.colcon:The path '/ros2_ws/install' in the environment variable COLCON_PREFIX_PATH doesn't exist
[1.623s] WARNING:colcon.colcon_core.prefix_path.colcon:The path '/data/ros2_ws/install' in the environment variable COLCON_PREFIX_PATH doesn't exist
[1.623s] WARNING:colcon.colcon_ros.prefix_path.ament:The path '/workspace/install/my_bot' in the environment variable AMENT_PREFIX_PATH doesn't exist
[1.623s] WARNING:colcon.colcon_ros.prefix_path.ament:The path '/ros2_ws/install/ros2controlcli' in the environment variable AMENT_PREFIX_PATH doesn't exist
[1.623s] WARNING:colcon.colcon_ros.prefix_path.ament:The path '/data/ros2_ws/install/ros2controlcli' in the environment variable AMENT_PREFIX_PATH doesn't exist
[1.624s] WARNING:colcon.colcon_ros.prefix_path.catkin:The path '/workspace/install/my_bot' in the environment variable CMAKE_PREFIX_PATH doesn't exist
[1.624s] WARNING:colcon.colcon_ros.prefix_path.catkin:The path '/ros2_ws/install/transmission_interface' in the environment variable CMAKE_PREFIX_PATH doesn't exist
[1.624s] WARNING:colcon.colcon_ros.prefix_path.catkin:The path '/ros2_ws/install/gazebo_ros2_control_demos' in the environment variable CMAKE_PREFIX_PATH doesn't exist
[1.624s] WARNING:colcon.colcon_ros.prefix_path.catkin:The path '/ros2_ws/install/ros2_control' in the environment variable CMAKE_PREFIX_PATH doesn't exist
[1.624s] WARNING:colcon.colcon_ros.prefix_path.catkin:The path '/ros2_ws/install/gazebo_ros2_control' in the environment variable CMAKE_PREFIX_PATH doesn't exist
[1.624s] WARNING:colcon.colcon_ros.prefix_path.catkin:The path '/ros2_ws/install/controller_manager' in the environment variable CMAKE_PREFIX_PATH doesn't exist
[1.624s] WARNING:colcon.colcon_ros.prefix_path.catkin:The path '/ros2_ws/install/ros2_control_test_assets' in the environment variable CMAKE_PREFIX_PATH doesn't exist
[1.624s] WARNING:colcon.colcon_ros.prefix_path.catkin:The path '/ros2_ws/install/controller_interface' in the environment variable CMAKE_PREFIX_PATH doesn't exist
[1.624s] WARNING:colcon.colcon_ros.prefix_path.catkin:The path '/ros2_ws/install/hardware_interface' in the environment variable CMAKE_PREFIX_PATH doesn't exist
[1.624s] WARNING:colcon.colcon_ros.prefix_path.catkin:The path '/ros2_ws/install/controller_manager_msgs' in the environment variable CMAKE_PREFIX_PATH doesn't exist
[1.624s] WARNING:colcon.colcon_ros.prefix_path.catkin:The path '/ros2_ws/install/box_car_tutorials' in the environment variable CMAKE_PREFIX_PATH doesn't exist
[1.624s] WARNING:colcon.colcon_ros.prefix_path.catkin:The path '/ros2_ws/install/box_car_gazebo' in the environment variable CMAKE_PREFIX_PATH doesn't exist
[1.624s] WARNING:colcon.colcon_ros.prefix_path.catkin:The path '/ros2_ws/install/box_car_description' in the environment variable CMAKE_PREFIX_PATH doesn't exist
[1.624s] WARNING:colcon.colcon_ros.prefix_path.catkin:The path '/data/ros2_ws/install/transmission_interface' in the environment variable CMAKE_PREFIX_PATH doesn't exist
[1.624s] WARNING:colcon.colcon_ros.prefix_path.catkin:The path '/data/ros2_ws/install/gazebo_ros2_control_demos' in the environment variable CMAKE_PREFIX_PATH doesn't exist
[1.624s] WARNING:colcon.colcon_ros.prefix_path.catkin:The path '/data/ros2_ws/install/ros2_control' in the environment variable CMAKE_PREFIX_PATH doesn't exist
[1.624s] WARNING:colcon.colcon_ros.prefix_path.catkin:The path '/data/ros2_ws/install/gazebo_ros2_control' in the environment variable CMAKE_PREFIX_PATH doesn't exist
[1.624s] WARNING:colcon.colcon_ros.prefix_path.catkin:The path '/data/ros2_ws/install/controller_manager' in the environment variable CMAKE_PREFIX_PATH doesn't exist
[1.624s] WARNING:colcon.colcon_ros.prefix_path.catkin:The path '/data/ros2_ws/install/ros2_control_test_assets' in the environment variable CMAKE_PREFIX_PATH doesn't exist
[1.625s] WARNING:colcon.colcon_ros.prefix_path.catkin:The path '/data/ros2_ws/install/controller_interface' in the environment variable CMAKE_PREFIX_PATH doesn't exist
[1.625s] WARNING:colcon.colcon_ros.prefix_path.catkin:The path '/data/ros2_ws/install/hardware_interface' in the environment variable CMAKE_PREFIX_PATH doesn't exist
[1.625s] WARNING:colcon.colcon_ros.prefix_path.catkin:The path '/data/ros2_ws/install/controller_manager_msgs' in the environment variable CMAKE_PREFIX_PATH doesn't exist
[1.625s] WARNING:colcon.colcon_ros.prefix_path.catkin:The path '/data/ros2_ws/install/box_car_tutorials' in the environment variable CMAKE_PREFIX_PATH doesn't exist
[1.625s] WARNING:colcon.colcon_ros.prefix_path.catkin:The path '/data/ros2_ws/install/box_car_gazebo' in the environment variable CMAKE_PREFIX_PATH doesn't exist
[1.625s] WARNING:colcon.colcon_ros.prefix_path.catkin:The path '/data/ros2_ws/install/box_car_description' in the environment variable CMAKE_PREFIX_PATH doesn't exist
[1.692s] DEBUG:colcon.colcon_core.event_handler.log_command:Invoking command in '/data/workspace/src/build/my_bot': CMAKE_PREFIX_PATH=${CMAKE_PREFIX_PATH}:/ros2_ws/install/ros2controlcli:/data/ros2_ws/install/ros2controlcli:/opt/ros/foxy /usr/bin/cmake --build /data/workspace/src/build/my_bot -- -j8 -l8
[1.750s] DEBUG:colcon.colcon_core.event_handler.log_command:Invoked command in '/data/workspace/src/build/my_bot' returned '0': CMAKE_PREFIX_PATH=${CMAKE_PREFIX_PATH}:/ros2_ws/install/ros2controlcli:/data/ros2_ws/install/ros2controlcli:/opt/ros/foxy /usr/bin/cmake --build /data/workspace/src/build/my_bot -- -j8 -l8
[1.812s] DEBUG:colcon.colcon_core.event_handler.log_command:Invoking command in '/data/workspace/src/build/my_bot': CMAKE_PREFIX_PATH=${CMAKE_PREFIX_PATH}:/ros2_ws/install/ros2controlcli:/data/ros2_ws/install/ros2controlcli:/opt/ros/foxy /usr/bin/cmake --install /data/workspace/src/build/my_bot
[1.849s] Level 1:colcon.colcon_core.environment:create_environment_scripts_only(my_bot)
[1.850s] DEBUG:colcon.colcon_core.event_handler.log_command:Invoked command in '/data/workspace/src/build/my_bot' returned '0': CMAKE_PREFIX_PATH=${CMAKE_PREFIX_PATH}:/ros2_ws/install/ros2controlcli:/data/ros2_ws/install/ros2controlcli:/opt/ros/foxy /usr/bin/cmake --install /data/workspace/src/build/my_bot
[1.877s] Level 1:colcon.colcon_core.environment:checking '/data/workspace/src/install/my_bot' for CMake module files
[1.878s] Level 1:colcon.colcon_core.environment:checking '/data/workspace/src/install/my_bot' for CMake config files
[1.878s] Level 1:colcon.colcon_core.shell:create_environment_hook('my_bot', 'cmake_prefix_path')
[1.903s] INFO:colcon.colcon_core.shell:Creating environment hook '/data/workspace/src/install/my_bot/share/my_bot/hook/cmake_prefix_path.ps1'
[1.904s] INFO:colcon.colcon_core.shell:Creating environment descriptor '/data/workspace/src/install/my_bot/share/my_bot/hook/cmake_prefix_path.dsv'
[1.904s] INFO:colcon.colcon_core.shell:Creating environment hook '/data/workspace/src/install/my_bot/share/my_bot/hook/cmake_prefix_path.sh'
[1.905s] Level 1:colcon.colcon_core.environment:checking '/data/workspace/src/install/my_bot/bin'
[1.905s] Level 1:colcon.colcon_core.environment:checking '/data/workspace/src/install/my_bot/lib/pkgconfig/my_bot.pc'
[1.906s] Level 1:colcon.colcon_core.environment:checking '/data/workspace/src/install/my_bot/lib/python3.8/site-packages'
[1.906s] Level 1:colcon.colcon_core.environment:checking '/data/workspace/src/install/my_bot/bin'
[1.929s] INFO:colcon.colcon_core.shell:Creating package script '/data/workspace/src/install/my_bot/share/my_bot/package.ps1'
[1.929s] INFO:colcon.colcon_core.shell:Creating package descriptor '/data/workspace/src/install/my_bot/share/my_bot/package.dsv'
[1.930s] INFO:colcon.colcon_core.shell:Creating package script '/data/workspace/src/install/my_bot/share/my_bot/package.sh'
[1.931s] INFO:colcon.colcon_core.shell:Creating package script '/data/workspace/src/install/my_bot/share/my_bot/package.bash'
[1.932s] INFO:colcon.colcon_core.shell:Creating package script '/data/workspace/src/install/my_bot/share/my_bot/package.zsh'
[1.932s] Level 1:colcon.colcon_core.environment:create_file_with_runtime_dependencies(/data/workspace/src/install/my_bot/share/colcon-core/packages/my_bot)
[1.995s] Level 1:colcon.colcon_core.environment:create_environment_scripts_only(my_bot)
[2.020s] Level 1:colcon.colcon_core.environment:checking '/data/workspace/src/install/my_bot' for CMake module files
[2.020s] Level 1:colcon.colcon_core.environment:checking '/data/workspace/src/install/my_bot' for CMake config files
[2.021s] Level 1:colcon.colcon_core.shell:create_environment_hook('my_bot', 'cmake_prefix_path')
[2.054s] INFO:colcon.colcon_core.shell:Creating environment hook '/data/workspace/src/install/my_bot/share/my_bot/hook/cmake_prefix_path.ps1'
[2.054s] INFO:colcon.colcon_core.shell:Creating environment descriptor '/data/workspace/src/install/my_bot/share/my_bot/hook/cmake_prefix_path.dsv'
[2.054s] INFO:colcon.colcon_core.shell:Creating environment hook '/data/workspace/src/install/my_bot/share/my_bot/hook/cmake_prefix_path.sh'
[2.055s] Level 1:colcon.colcon_core.environment:checking '/data/workspace/src/install/my_bot/bin'
[2.055s] Level 1:colcon.colcon_core.environment:checking '/data/workspace/src/install/my_bot/lib/pkgconfig/my_bot.pc'
[2.055s] Level 1:colcon.colcon_core.environment:checking '/data/workspace/src/install/my_bot/lib/python3.8/site-packages'
[2.055s] Level 1:colcon.colcon_core.environment:checking '/data/workspace/src/install/my_bot/bin'
[2.080s] INFO:colcon.colcon_core.shell:Creating package script '/data/workspace/src/install/my_bot/share/my_bot/package.ps1'
[2.081s] INFO:colcon.colcon_core.shell:Creating package descriptor '/data/workspace/src/install/my_bot/share/my_bot/package.dsv'
[2.081s] INFO:colcon.colcon_core.shell:Creating package script '/data/workspace/src/install/my_bot/share/my_bot/package.sh'
[2.082s] INFO:colcon.colcon_core.shell:Creating package script '/data/workspace/src/install/my_bot/share/my_bot/package.bash'
[2.082s] INFO:colcon.colcon_core.shell:Creating package script '/data/workspace/src/install/my_bot/share/my_bot/package.zsh'
[2.083s] Level 1:colcon.colcon_core.environment:create_file_with_runtime_dependencies(/data/workspace/src/install/my_bot/share/colcon-core/packages/my_bot)
[2.083s] DEBUG:colcon.colcon_parallel_executor.executor.parallel:closing loop
[2.083s] DEBUG:colcon.colcon_parallel_executor.executor.parallel:loop closed
[2.083s] DEBUG:colcon.colcon_parallel_executor.executor.parallel:run_until_complete finished with '0'
[2.084s] DEBUG:colcon.colcon_core.event_reactor:joining thread
[2.113s] INFO:colcon.colcon_core.plugin_system:Skipping extension 'colcon_notification.desktop_notification.notify_send': Could not find 'notify-send'
[2.114s] INFO:colcon.colcon_core.plugin_system:Skipping extension 'colcon_notification.desktop_notification.terminal_notifier': Not used on non-Darwin systems
[2.114s] INFO:colcon.colcon_core.plugin_system:Skipping extension 'colcon_notification.desktop_notification.win32': Not used on non-Windows systems
[2.114s] INFO:colcon.colcon_notification.desktop_notification:Sending desktop notification using 'notify2'
[2.116s] DEBUG:colcon.colcon_notification.desktop_notification.notify2:Failed to initialize notify2: org.freedesktop.DBus.Error.Spawn.ExecFailed: /usr/bin/dbus-launch terminated abnormally without any error message
[2.116s] DEBUG:colcon.colcon_core.event_reactor:joined thread
[2.142s] INFO:colcon.colcon_core.shell:Creating prefix script '/data/workspace/src/install/local_setup.ps1'
[2.143s] INFO:colcon.colcon_core.shell:Creating prefix util module '/data/workspace/src/install/_local_setup_util_ps1.py'
[2.145s] INFO:colcon.colcon_core.shell:Creating prefix chain script '/data/workspace/src/install/setup.ps1'
[2.169s] INFO:colcon.colcon_core.shell:Creating prefix script '/data/workspace/src/install/local_setup.sh'
[2.170s] INFO:colcon.colcon_core.shell:Creating prefix util module '/data/workspace/src/install/_local_setup_util_sh.py'
[2.170s] INFO:colcon.colcon_core.shell:Creating prefix chain script '/data/workspace/src/install/setup.sh'
[2.196s] INFO:colcon.colcon_core.shell:Creating prefix script '/data/workspace/src/install/local_setup.bash'
[2.197s] INFO:colcon.colcon_core.shell:Creating prefix chain script '/data/workspace/src/install/setup.bash'
[2.223s] INFO:colcon.colcon_core.shell:Creating prefix script '/data/workspace/src/install/local_setup.zsh'
[2.223s] INFO:colcon.colcon_core.shell:Creating prefix chain script '/data/workspace/src/install/setup.zsh'
