[0.296s] DEBUG:colcon:Command line arguments: ['/usr/bin/colcon', 'build']
[0.296s] DEBUG:colcon:Parsed command line arguments: Namespace(ament_cmake_args=None, base_paths=['.'], build_base='build', catkin_cmake_args=None, catkin_skip_building_tests=False, cmake_args=None, cmake_clean_cache=False, cmake_clean_first=False, cmake_force_configure=False, cmake_target=None, cmake_target_skip_unavailable=False, continue_on_error=False, event_handlers=None, executor='parallel', ignore_user_meta=False, install_base='install', log_base=None, log_level=None, main=<bound method BuildVerb.main of <colcon_core.verb.build.BuildVerb object at 0x7f34130f6130>>, merge_install=False, metas=['./colcon.meta'], packages_above=None, packages_above_and_dependencies=None, packages_above_depth=None, packages_end=None, packages_ignore=None, packages_ignore_regex=None, packages_select=None, packages_select_build_failed=False, packages_select_by_dep=None, packages_select_regex=None, packages_select_test_failures=False, packages_skip=None, packages_skip_build_finished=False, packages_skip_by_dep=None, packages_skip_regex=None, packages_skip_test_passed=False, packages_skip_up_to=None, packages_start=None, packages_up_to=None, packages_up_to_regex=None, parallel_workers=12, paths=None, symlink_install=False, test_result_base=None, verb_extension=<colcon_core.verb.build.BuildVerb object at 0x7f34130f6130>, verb_name='build', verb_parser=<colcon_defaults.argument_parser.defaults.DefaultArgumentsDecorator object at 0x7f34130f6670>)
[0.335s] Level 1:colcon.colcon_core.package_discovery:discover_packages(colcon_meta) check parameters
[0.335s] Level 1:colcon.colcon_core.package_discovery:discover_packages(recursive) check parameters
[0.335s] Level 1:colcon.colcon_core.package_discovery:discover_packages(ignore) check parameters
[0.335s] Level 1:colcon.colcon_core.package_discovery:discover_packages(path) check parameters
[0.335s] Level 1:colcon.colcon_core.package_discovery:discover_packages(colcon_meta) discover
[0.336s] Level 1:colcon.colcon_core.package_discovery:discover_packages(recursive) discover
[0.336s] INFO:colcon.colcon_core.package_discovery:Crawling recursively for packages in '/data/controller'
[0.336s] Level 1:colcon.colcon_core.package_identification:_identify(.) by extensions ['ignore', 'ignore_ament_install']
[0.336s] Level 1:colcon.colcon_core.package_identification:_identify(.) by extension 'ignore'
[0.336s] Level 1:colcon.colcon_core.package_identification:_identify(.) by extension 'ignore_ament_install'
[0.336s] Level 1:colcon.colcon_core.package_identification:_identify(.) by extensions ['colcon_pkg']
[0.336s] Level 1:colcon.colcon_core.package_identification:_identify(.) by extension 'colcon_pkg'
[0.336s] Level 1:colcon.colcon_core.package_identification:_identify(.) by extensions ['colcon_meta']
[0.336s] Level 1:colcon.colcon_core.package_identification:_identify(.) by extension 'colcon_meta'
[0.336s] Level 1:colcon.colcon_core.package_identification:_identify(.) by extensions ['ros']
[0.336s] Level 1:colcon.colcon_core.package_identification:_identify(.) by extension 'ros'
[0.350s] Level 1:colcon.colcon_core.package_identification:_identify(.) by extensions ['cmake', 'python']
[0.351s] Level 1:colcon.colcon_core.package_identification:_identify(.) by extension 'cmake'
[0.351s] Level 1:colcon.colcon_core.package_identification:_identify(.) by extension 'python'
[0.351s] Level 1:colcon.colcon_core.package_identification:_identify(.) by extensions ['python_setup_py']
[0.351s] Level 1:colcon.colcon_core.package_identification:_identify(.) by extension 'python_setup_py'
[0.351s] Level 1:colcon.colcon_core.package_identification:_identify(build) by extensions ['ignore', 'ignore_ament_install']
[0.351s] Level 1:colcon.colcon_core.package_identification:_identify(build) by extension 'ignore'
[0.351s] Level 1:colcon.colcon_core.package_identification:_identify(build) ignored
[0.351s] Level 1:colcon.colcon_core.package_identification:_identify(dummy_publisher) by extensions ['ignore', 'ignore_ament_install']
[0.351s] Level 1:colcon.colcon_core.package_identification:_identify(dummy_publisher) by extension 'ignore'
[0.351s] Level 1:colcon.colcon_core.package_identification:_identify(dummy_publisher) by extension 'ignore_ament_install'
[0.351s] Level 1:colcon.colcon_core.package_identification:_identify(dummy_publisher) by extensions ['colcon_pkg']
[0.351s] Level 1:colcon.colcon_core.package_identification:_identify(dummy_publisher) by extension 'colcon_pkg'
[0.351s] Level 1:colcon.colcon_core.package_identification:_identify(dummy_publisher) by extensions ['colcon_meta']
[0.352s] Level 1:colcon.colcon_core.package_identification:_identify(dummy_publisher) by extension 'colcon_meta'
[0.352s] Level 1:colcon.colcon_core.package_identification:_identify(dummy_publisher) by extensions ['ros']
[0.352s] Level 1:colcon.colcon_core.package_identification:_identify(dummy_publisher) by extension 'ros'
[0.356s] DEBUG:colcon.colcon_core.package_identification:Package 'dummy_publisher' with type 'ros.ament_cmake' and name 'dummy_publisher'
[0.356s] Level 1:colcon.colcon_core.package_identification:_identify(install) by extensions ['ignore', 'ignore_ament_install']
[0.356s] Level 1:colcon.colcon_core.package_identification:_identify(install) by extension 'ignore'
[0.356s] Level 1:colcon.colcon_core.package_identification:_identify(install) ignored
[0.357s] Level 1:colcon.colcon_core.package_identification:_identify(log) by extensions ['ignore', 'ignore_ament_install']
[0.357s] Level 1:colcon.colcon_core.package_identification:_identify(log) by extension 'ignore'
[0.357s] Level 1:colcon.colcon_core.package_identification:_identify(log) ignored
[0.357s] Level 1:colcon.colcon_core.package_identification:_identify(py_hand_gesture_publisher) by extensions ['ignore', 'ignore_ament_install']
[0.357s] Level 1:colcon.colcon_core.package_identification:_identify(py_hand_gesture_publisher) by extension 'ignore'
[0.357s] Level 1:colcon.colcon_core.package_identification:_identify(py_hand_gesture_publisher) by extension 'ignore_ament_install'
[0.357s] Level 1:colcon.colcon_core.package_identification:_identify(py_hand_gesture_publisher) by extensions ['colcon_pkg']
[0.357s] Level 1:colcon.colcon_core.package_identification:_identify(py_hand_gesture_publisher) by extension 'colcon_pkg'
[0.357s] Level 1:colcon.colcon_core.package_identification:_identify(py_hand_gesture_publisher) by extensions ['colcon_meta']
[0.357s] Level 1:colcon.colcon_core.package_identification:_identify(py_hand_gesture_publisher) by extension 'colcon_meta'
[0.357s] Level 1:colcon.colcon_core.package_identification:_identify(py_hand_gesture_publisher) by extensions ['ros']
[0.357s] Level 1:colcon.colcon_core.package_identification:_identify(py_hand_gesture_publisher) by extension 'ros'
[0.358s] DEBUG:colcon.colcon_core.package_identification:Package 'py_hand_gesture_publisher' with type 'ros.ament_python' and name 'py_hand_gesture_publisher'
[0.358s] Level 1:colcon.colcon_core.package_identification:_identify(rcv_atc_orders_and_send_2_gazebo) by extensions ['ignore', 'ignore_ament_install']
[0.358s] Level 1:colcon.colcon_core.package_identification:_identify(rcv_atc_orders_and_send_2_gazebo) by extension 'ignore'
[0.358s] Level 1:colcon.colcon_core.package_identification:_identify(rcv_atc_orders_and_send_2_gazebo) by extension 'ignore_ament_install'
[0.359s] Level 1:colcon.colcon_core.package_identification:_identify(rcv_atc_orders_and_send_2_gazebo) by extensions ['colcon_pkg']
[0.359s] Level 1:colcon.colcon_core.package_identification:_identify(rcv_atc_orders_and_send_2_gazebo) by extension 'colcon_pkg'
[0.359s] Level 1:colcon.colcon_core.package_identification:_identify(rcv_atc_orders_and_send_2_gazebo) by extensions ['colcon_meta']
[0.359s] Level 1:colcon.colcon_core.package_identification:_identify(rcv_atc_orders_and_send_2_gazebo) by extension 'colcon_meta'
[0.359s] Level 1:colcon.colcon_core.package_identification:_identify(rcv_atc_orders_and_send_2_gazebo) by extensions ['ros']
[0.359s] Level 1:colcon.colcon_core.package_identification:_identify(rcv_atc_orders_and_send_2_gazebo) by extension 'ros'
[0.362s] DEBUG:colcon.colcon_core.package_identification:Package 'rcv_atc_orders_and_send_2_gazebo' with type 'ros.ament_cmake' and name 'rcv_atc_orders_and_send_2_gazebo'
[0.362s] Level 1:colcon.colcon_core.package_discovery:discover_packages(recursive) using defaults
[0.362s] Level 1:colcon.colcon_core.package_discovery:discover_packages(ignore) discover
[0.362s] Level 1:colcon.colcon_core.package_discovery:discover_packages(ignore) using defaults
[0.362s] Level 1:colcon.colcon_core.package_discovery:discover_packages(path) discover
[0.362s] Level 1:colcon.colcon_core.package_discovery:discover_packages(path) using defaults
[0.404s] Level 5:colcon.colcon_core.verb:set package 'dummy_publisher' build argument 'cmake_args' from command line to 'None'
[0.404s] Level 5:colcon.colcon_core.verb:set package 'dummy_publisher' build argument 'cmake_target' from command line to 'None'
[0.404s] Level 5:colcon.colcon_core.verb:set package 'dummy_publisher' build argument 'cmake_target_skip_unavailable' from command line to 'False'
[0.404s] Level 5:colcon.colcon_core.verb:set package 'dummy_publisher' build argument 'cmake_clean_cache' from command line to 'False'
[0.404s] Level 5:colcon.colcon_core.verb:set package 'dummy_publisher' build argument 'cmake_clean_first' from command line to 'False'
[0.404s] Level 5:colcon.colcon_core.verb:set package 'dummy_publisher' build argument 'cmake_force_configure' from command line to 'False'
[0.404s] Level 5:colcon.colcon_core.verb:set package 'dummy_publisher' build argument 'ament_cmake_args' from command line to 'None'
[0.404s] Level 5:colcon.colcon_core.verb:set package 'dummy_publisher' build argument 'catkin_cmake_args' from command line to 'None'
[0.404s] Level 5:colcon.colcon_core.verb:set package 'dummy_publisher' build argument 'catkin_skip_building_tests' from command line to 'False'
[0.404s] DEBUG:colcon.colcon_core.verb:Building package 'dummy_publisher' with the following arguments: {'ament_cmake_args': None, 'build_base': '/data/controller/build/dummy_publisher', 'catkin_cmake_args': None, 'catkin_skip_building_tests': False, 'cmake_args': None, 'cmake_clean_cache': False, 'cmake_clean_first': False, 'cmake_force_configure': False, 'cmake_target': None, 'cmake_target_skip_unavailable': False, 'install_base': '/data/controller/install/dummy_publisher', 'merge_install': False, 'path': '/data/controller/dummy_publisher', 'symlink_install': False, 'test_result_base': None}
[0.406s] Level 5:colcon.colcon_core.verb:set package 'py_hand_gesture_publisher' build argument 'cmake_args' from command line to 'None'
[0.406s] Level 5:colcon.colcon_core.verb:set package 'py_hand_gesture_publisher' build argument 'cmake_target' from command line to 'None'
[0.406s] Level 5:colcon.colcon_core.verb:set package 'py_hand_gesture_publisher' build argument 'cmake_target_skip_unavailable' from command line to 'False'
[0.406s] Level 5:colcon.colcon_core.verb:set package 'py_hand_gesture_publisher' build argument 'cmake_clean_cache' from command line to 'False'
[0.406s] Level 5:colcon.colcon_core.verb:set package 'py_hand_gesture_publisher' build argument 'cmake_clean_first' from command line to 'False'
[0.406s] Level 5:colcon.colcon_core.verb:set package 'py_hand_gesture_publisher' build argument 'cmake_force_configure' from command line to 'False'
[0.406s] Level 5:colcon.colcon_core.verb:set package 'py_hand_gesture_publisher' build argument 'ament_cmake_args' from command line to 'None'
[0.406s] Level 5:colcon.colcon_core.verb:set package 'py_hand_gesture_publisher' build argument 'catkin_cmake_args' from command line to 'None'
[0.406s] Level 5:colcon.colcon_core.verb:set package 'py_hand_gesture_publisher' build argument 'catkin_skip_building_tests' from command line to 'False'
[0.406s] DEBUG:colcon.colcon_core.verb:Building package 'py_hand_gesture_publisher' with the following arguments: {'ament_cmake_args': None, 'build_base': '/data/controller/build/py_hand_gesture_publisher', 'catkin_cmake_args': None, 'catkin_skip_building_tests': False, 'cmake_args': None, 'cmake_clean_cache': False, 'cmake_clean_first': False, 'cmake_force_configure': False, 'cmake_target': None, 'cmake_target_skip_unavailable': False, 'install_base': '/data/controller/install/py_hand_gesture_publisher', 'merge_install': False, 'path': '/data/controller/py_hand_gesture_publisher', 'symlink_install': False, 'test_result_base': None}
[0.408s] Level 5:colcon.colcon_core.verb:set package 'rcv_atc_orders_and_send_2_gazebo' build argument 'cmake_args' from command line to 'None'
[0.408s] Level 5:colcon.colcon_core.verb:set package 'rcv_atc_orders_and_send_2_gazebo' build argument 'cmake_target' from command line to 'None'
[0.408s] Level 5:colcon.colcon_core.verb:set package 'rcv_atc_orders_and_send_2_gazebo' build argument 'cmake_target_skip_unavailable' from command line to 'False'
[0.408s] Level 5:colcon.colcon_core.verb:set package 'rcv_atc_orders_and_send_2_gazebo' build argument 'cmake_clean_cache' from command line to 'False'
[0.408s] Level 5:colcon.colcon_core.verb:set package 'rcv_atc_orders_and_send_2_gazebo' build argument 'cmake_clean_first' from command line to 'False'
[0.408s] Level 5:colcon.colcon_core.verb:set package 'rcv_atc_orders_and_send_2_gazebo' build argument 'cmake_force_configure' from command line to 'False'
[0.408s] Level 5:colcon.colcon_core.verb:set package 'rcv_atc_orders_and_send_2_gazebo' build argument 'ament_cmake_args' from command line to 'None'
[0.408s] Level 5:colcon.colcon_core.verb:set package 'rcv_atc_orders_and_send_2_gazebo' build argument 'catkin_cmake_args' from command line to 'None'
[0.408s] Level 5:colcon.colcon_core.verb:set package 'rcv_atc_orders_and_send_2_gazebo' build argument 'catkin_skip_building_tests' from command line to 'False'
[0.408s] DEBUG:colcon.colcon_core.verb:Building package 'rcv_atc_orders_and_send_2_gazebo' with the following arguments: {'ament_cmake_args': None, 'build_base': '/data/controller/build/rcv_atc_orders_and_send_2_gazebo', 'catkin_cmake_args': None, 'catkin_skip_building_tests': False, 'cmake_args': None, 'cmake_clean_cache': False, 'cmake_clean_first': False, 'cmake_force_configure': False, 'cmake_target': None, 'cmake_target_skip_unavailable': False, 'install_base': '/data/controller/install/rcv_atc_orders_and_send_2_gazebo', 'merge_install': False, 'path': '/data/controller/rcv_atc_orders_and_send_2_gazebo', 'symlink_install': False, 'test_result_base': None}
[0.410s] INFO:colcon.colcon_core.executor:Executing jobs using 'parallel' executor
[0.414s] DEBUG:colcon.colcon_parallel_executor.executor.parallel:run_until_complete
[0.414s] INFO:colcon.colcon_ros.task.ament_cmake.build:Building ROS package in '/data/controller/dummy_publisher' with build type 'ament_cmake'
[0.415s] INFO:colcon.colcon_cmake.task.cmake.build:Building CMake package in '/data/controller/dummy_publisher'
[0.420s] INFO:colcon.colcon_core.plugin_system:Skipping extension 'colcon_core.shell.bat': Not used on non-Windows systems
[0.421s] INFO:colcon.colcon_core.shell:Skip shell extension 'powershell' for command environment: Not usable outside of PowerShell
[0.421s] DEBUG:colcon.colcon_core.shell:Skip shell extension 'dsv' for command environment
[0.430s] INFO:colcon.colcon_ros.task.ament_python.build:Building ROS package in '/data/controller/py_hand_gesture_publisher' with build type 'ament_python'
[0.431s] Level 1:colcon.colcon_core.shell:create_environment_hook('py_hand_gesture_publisher', 'ament_prefix_path')
[0.433s] INFO:colcon.colcon_core.shell:Creating environment hook '/data/controller/install/py_hand_gesture_publisher/share/py_hand_gesture_publisher/hook/ament_prefix_path.ps1'
[0.434s] INFO:colcon.colcon_core.shell:Creating environment descriptor '/data/controller/install/py_hand_gesture_publisher/share/py_hand_gesture_publisher/hook/ament_prefix_path.dsv'
[0.434s] INFO:colcon.colcon_core.shell:Creating environment hook '/data/controller/install/py_hand_gesture_publisher/share/py_hand_gesture_publisher/hook/ament_prefix_path.sh'
[0.436s] INFO:colcon.colcon_core.shell:Skip shell extension 'powershell' for command environment: Not usable outside of PowerShell
[0.436s] DEBUG:colcon.colcon_core.shell:Skip shell extension 'dsv' for command environment
[0.446s] INFO:colcon.colcon_ros.task.ament_cmake.build:Building ROS package in '/data/controller/rcv_atc_orders_and_send_2_gazebo' with build type 'ament_cmake'
[0.447s] INFO:colcon.colcon_cmake.task.cmake.build:Building CMake package in '/data/controller/rcv_atc_orders_and_send_2_gazebo'
[0.449s] INFO:colcon.colcon_core.shell:Skip shell extension 'powershell' for command environment: Not usable outside of PowerShell
[0.449s] DEBUG:colcon.colcon_core.shell:Skip shell extension 'dsv' for command environment
[0.466s] DEBUG:colcon.colcon_core.event_handler.log_command:Invoking command in '/data/controller/build/dummy_publisher': CMAKE_PREFIX_PATH=/opt/ros/foxy /usr/bin/cmake --build /data/controller/build/dummy_publisher -- -j12 -l12
[0.696s] INFO:colcon.colcon_core.task.python.build:Building Python package in '/data/controller/py_hand_gesture_publisher'
[0.698s] INFO:colcon.colcon_core.shell:Skip shell extension 'powershell' for command environment: Not usable outside of PowerShell
[0.698s] DEBUG:colcon.colcon_core.shell:Skip shell extension 'dsv' for command environment
[0.715s] DEBUG:colcon.colcon_core.event_handler.log_command:Invoking command in '/data/controller/build/rcv_atc_orders_and_send_2_gazebo': CMAKE_PREFIX_PATH=/opt/ros/foxy /usr/bin/cmake --build /data/controller/build/rcv_atc_orders_and_send_2_gazebo -- -j12 -l12
[0.728s] DEBUG:colcon.colcon_core.event_handler.log_command:Invoked command in '/data/controller/build/dummy_publisher' returned '2': CMAKE_PREFIX_PATH=/opt/ros/foxy /usr/bin/cmake --build /data/controller/build/dummy_publisher -- -j12 -l12
[0.751s] DEBUG:colcon.colcon_core.event_handler.log_command:Invoked command in '/data/controller/build/rcv_atc_orders_and_send_2_gazebo' returned '2': CMAKE_PREFIX_PATH=/opt/ros/foxy /usr/bin/cmake --build /data/controller/build/rcv_atc_orders_and_send_2_gazebo -- -j12 -l12
[0.771s] Level 1:colcon.colcon_core.environment:create_environment_scripts_only(dummy_publisher)
[0.777s] Level 1:colcon.colcon_core.environment:checking '/data/controller/install/dummy_publisher' for CMake module files
[0.777s] Level 1:colcon.colcon_core.environment:checking '/data/controller/install/dummy_publisher' for CMake config files
[0.778s] Level 1:colcon.colcon_core.shell:create_environment_hook('dummy_publisher', 'cmake_prefix_path')
[0.779s] INFO:colcon.colcon_core.shell:Creating environment hook '/data/controller/install/dummy_publisher/share/dummy_publisher/hook/cmake_prefix_path.ps1'
[0.780s] INFO:colcon.colcon_core.shell:Creating environment descriptor '/data/controller/install/dummy_publisher/share/dummy_publisher/hook/cmake_prefix_path.dsv'
[0.780s] INFO:colcon.colcon_core.shell:Creating environment hook '/data/controller/install/dummy_publisher/share/dummy_publisher/hook/cmake_prefix_path.sh'
[0.781s] Level 1:colcon.colcon_core.environment:checking '/data/controller/install/dummy_publisher/lib'
[0.782s] Level 1:colcon.colcon_core.environment:checking '/data/controller/install/dummy_publisher/bin'
[0.782s] Level 1:colcon.colcon_core.environment:checking '/data/controller/install/dummy_publisher/lib/pkgconfig/dummy_publisher.pc'
[0.782s] Level 1:colcon.colcon_core.environment:checking '/data/controller/install/dummy_publisher/lib/python3.8/site-packages'
[0.782s] Level 1:colcon.colcon_core.environment:checking '/data/controller/install/dummy_publisher/bin'
[0.783s] INFO:colcon.colcon_core.shell:Creating package script '/data/controller/install/dummy_publisher/share/dummy_publisher/package.ps1'
[0.785s] INFO:colcon.colcon_core.shell:Creating package descriptor '/data/controller/install/dummy_publisher/share/dummy_publisher/package.dsv'
[0.786s] INFO:colcon.colcon_core.shell:Creating package script '/data/controller/install/dummy_publisher/share/dummy_publisher/package.sh'
[0.788s] INFO:colcon.colcon_core.shell:Creating package script '/data/controller/install/dummy_publisher/share/dummy_publisher/package.bash'
[0.789s] INFO:colcon.colcon_core.shell:Creating package script '/data/controller/install/dummy_publisher/share/dummy_publisher/package.zsh'
[0.790s] Level 1:colcon.colcon_core.environment:create_file_with_runtime_dependencies(/data/controller/install/dummy_publisher/share/colcon-core/packages/dummy_publisher)
[1.110s] DEBUG:colcon.colcon_parallel_executor.executor.parallel:closing loop
[1.110s] DEBUG:colcon.colcon_parallel_executor.executor.parallel:loop closed
[1.110s] DEBUG:colcon.colcon_parallel_executor.executor.parallel:run_until_complete finished with '2'
[1.110s] DEBUG:colcon.colcon_core.event_reactor:joining thread
[1.117s] INFO:colcon.colcon_core.plugin_system:Skipping extension 'colcon_notification.desktop_notification.notify_send': Could not find 'notify-send'
[1.117s] INFO:colcon.colcon_core.plugin_system:Skipping extension 'colcon_notification.desktop_notification.terminal_notifier': Not used on non-Darwin systems
[1.117s] INFO:colcon.colcon_core.plugin_system:Skipping extension 'colcon_notification.desktop_notification.win32': Not used on non-Windows systems
[1.117s] INFO:colcon.colcon_notification.desktop_notification:Sending desktop notification using 'notify2'
[1.121s] DEBUG:colcon.colcon_notification.desktop_notification.notify2:Failed to initialize notify2: org.freedesktop.DBus.Error.Spawn.ExecFailed: /usr/bin/dbus-launch terminated abnormally without any error message
[1.121s] DEBUG:colcon.colcon_core.event_reactor:joined thread
[1.124s] INFO:colcon.colcon_core.shell:Creating prefix script '/data/controller/install/local_setup.ps1'
[1.127s] INFO:colcon.colcon_core.shell:Creating prefix util module '/data/controller/install/_local_setup_util_ps1.py'
[1.129s] INFO:colcon.colcon_core.shell:Creating prefix chain script '/data/controller/install/setup.ps1'
[1.130s] INFO:colcon.colcon_core.shell:Creating prefix script '/data/controller/install/local_setup.sh'
[1.131s] INFO:colcon.colcon_core.shell:Creating prefix util module '/data/controller/install/_local_setup_util_sh.py'
[1.131s] INFO:colcon.colcon_core.shell:Creating prefix chain script '/data/controller/install/setup.sh'
[1.132s] INFO:colcon.colcon_core.shell:Creating prefix script '/data/controller/install/local_setup.bash'
[1.133s] INFO:colcon.colcon_core.shell:Creating prefix chain script '/data/controller/install/setup.bash'
[1.135s] INFO:colcon.colcon_core.shell:Creating prefix script '/data/controller/install/local_setup.zsh'
[1.135s] INFO:colcon.colcon_core.shell:Creating prefix chain script '/data/controller/install/setup.zsh'
