[0.068s] Invoking command in '/data/workspace/build/my_bot': CMAKE_PREFIX_PATH=/opt/ros/foxy /usr/bin/cmake --build /data/workspace/build/my_bot -- -j8 -l8
[0.100s] Invoked command in '/data/workspace/build/my_bot' returned '0': CMAKE_PREFIX_PATH=/opt/ros/foxy /usr/bin/cmake --build /data/workspace/build/my_bot -- -j8 -l8
[0.127s] Invoking command in '/data/workspace/build/my_bot': CMAKE_PREFIX_PATH=/opt/ros/foxy /usr/bin/cmake --install /data/workspace/build/my_bot
[0.135s] -- Install configuration: ""
[0.136s] -- Execute custom install script
[0.136s] -- Up-to-date symlink: /data/workspace/install/my_bot/share/my_bot/config/empty.yaml
[0.136s] -- Up-to-date symlink: /data/workspace/install/my_bot/share/my_bot/description/gazebo_control.xacro
[0.136s] -- Up-to-date symlink: /data/workspace/install/my_bot/share/my_bot/description/inertial_macros.xacro
[0.137s] -- Up-to-date symlink: /data/workspace/install/my_bot/share/my_bot/description/robot.urdf.xacro
[0.137s] -- Up-to-date symlink: /data/workspace/install/my_bot/share/my_bot/description/robot_core.xacro
[0.137s] -- Up-to-date symlink: /data/workspace/install/my_bot/share/my_bot/launch/launch_sim.launch.py
[0.137s] -- Up-to-date symlink: /data/workspace/install/my_bot/share/my_bot/launch/rsp.launch.py
[0.137s] -- Up-to-date symlink: /data/workspace/install/my_bot/share/my_bot/worlds/empty.world
[0.138s] -- Up-to-date symlink: /data/workspace/install/my_bot/share/ament_index/resource_index/package_run_dependencies/my_bot
[0.138s] -- Up-to-date symlink: /data/workspace/install/my_bot/share/ament_index/resource_index/parent_prefix_path/my_bot
[0.138s] -- Up-to-date symlink: /data/workspace/install/my_bot/share/my_bot/environment/ament_prefix_path.sh
[0.138s] -- Up-to-date symlink: /data/workspace/install/my_bot/share/my_bot/environment/ament_prefix_path.dsv
[0.138s] -- Up-to-date symlink: /data/workspace/install/my_bot/share/my_bot/environment/path.sh
[0.139s] -- Up-to-date symlink: /data/workspace/install/my_bot/share/my_bot/environment/path.dsv
[0.139s] -- Up-to-date symlink: /data/workspace/install/my_bot/share/my_bot/local_setup.bash
[0.139s] -- Up-to-date symlink: /data/workspace/install/my_bot/share/my_bot/local_setup.sh
[0.139s] -- Up-to-date symlink: /data/workspace/install/my_bot/share/my_bot/local_setup.zsh
[0.139s] -- Up-to-date symlink: /data/workspace/install/my_bot/share/my_bot/local_setup.dsv
[0.139s] -- Symlinking: /data/workspace/install/my_bot/share/my_bot/package.dsv
[0.148s] -- Up-to-date symlink: /data/workspace/install/my_bot/share/ament_index/resource_index/packages/my_bot
[0.148s] -- Up-to-date symlink: /data/workspace/install/my_bot/share/my_bot/cmake/my_botConfig.cmake
[0.148s] -- Up-to-date symlink: /data/workspace/install/my_bot/share/my_bot/cmake/my_botConfig-version.cmake
[0.148s] -- Up-to-date symlink: /data/workspace/install/my_bot/share/my_bot/package.xml
[0.150s] Invoked command in '/data/workspace/build/my_bot' returned '0': CMAKE_PREFIX_PATH=/opt/ros/foxy /usr/bin/cmake --install /data/workspace/build/my_bot
