[0.114s] Invoking command in '/workspace/src/build/my_bot': CMAKE_PREFIX_PATH=${CMAKE_PREFIX_PATH}:/ros2_ws/install/ros2controlcli:/data/ros2_ws/install/ros2controlcli:/opt/ros/foxy /usr/bin/cmake --build /workspace/src/build/my_bot -- -j8 -l8
[0.175s] Invoked command in '/workspace/src/build/my_bot' returned '0': CMAKE_PREFIX_PATH=${CMAKE_PREFIX_PATH}:/ros2_ws/install/ros2controlcli:/data/ros2_ws/install/ros2controlcli:/opt/ros/foxy /usr/bin/cmake --build /workspace/src/build/my_bot -- -j8 -l8
[0.230s] Invoking command in '/workspace/src/build/my_bot': CMAKE_PREFIX_PATH=${CMAKE_PREFIX_PATH}:/ros2_ws/install/ros2controlcli:/data/ros2_ws/install/ros2controlcli:/opt/ros/foxy /usr/bin/cmake --install /workspace/src/build/my_bot
[0.243s] -- Install configuration: ""
[0.243s] -- Execute custom install script
[0.244s] -- Up-to-date symlink: /workspace/src/install/my_bot/share/my_bot/config/empty.yaml
[0.244s] -- Up-to-date symlink: /workspace/src/install/my_bot/share/my_bot/description/inertia_macros.xacro
[0.244s] -- Up-to-date symlink: /workspace/src/install/my_bot/share/my_bot/description/robot.urdf.xacro
[0.244s] -- Up-to-date symlink: /workspace/src/install/my_bot/share/my_bot/description/robot_core.xacro
[0.244s] -- Up-to-date symlink: /workspace/src/install/my_bot/share/my_bot/launch/rsp.launch.py
[0.245s] -- Up-to-date symlink: /workspace/src/install/my_bot/share/my_bot/worlds/empty.world
[0.245s] -- Up-to-date symlink: /workspace/src/install/my_bot/share/ament_index/resource_index/package_run_dependencies/my_bot
[0.245s] -- Up-to-date symlink: /workspace/src/install/my_bot/share/ament_index/resource_index/parent_prefix_path/my_bot
[0.246s] -- Up-to-date symlink: /workspace/src/install/my_bot/share/my_bot/environment/ament_prefix_path.sh
[0.246s] -- Up-to-date symlink: /workspace/src/install/my_bot/share/my_bot/environment/ament_prefix_path.dsv
[0.246s] -- Up-to-date symlink: /workspace/src/install/my_bot/share/my_bot/environment/path.sh
[0.246s] -- Up-to-date symlink: /workspace/src/install/my_bot/share/my_bot/environment/path.dsv
[0.247s] -- Up-to-date symlink: /workspace/src/install/my_bot/share/my_bot/local_setup.bash
[0.247s] -- Up-to-date symlink: /workspace/src/install/my_bot/share/my_bot/local_setup.sh
[0.247s] -- Up-to-date symlink: /workspace/src/install/my_bot/share/my_bot/local_setup.zsh
[0.247s] -- Up-to-date symlink: /workspace/src/install/my_bot/share/my_bot/local_setup.dsv
[0.247s] -- Symlinking: /workspace/src/install/my_bot/share/my_bot/package.dsv
[0.262s] -- Up-to-date symlink: /workspace/src/install/my_bot/share/ament_index/resource_index/packages/my_bot
[0.262s] -- Up-to-date symlink: /workspace/src/install/my_bot/share/my_bot/cmake/my_botConfig.cmake
[0.262s] -- Up-to-date symlink: /workspace/src/install/my_bot/share/my_bot/cmake/my_botConfig-version.cmake
[0.262s] -- Up-to-date symlink: /workspace/src/install/my_bot/share/my_bot/package.xml
[0.264s] Invoked command in '/workspace/src/build/my_bot' returned '0': CMAKE_PREFIX_PATH=${CMAKE_PREFIX_PATH}:/ros2_ws/install/ros2controlcli:/data/ros2_ws/install/ros2controlcli:/opt/ros/foxy /usr/bin/cmake --install /workspace/src/build/my_bot
