[0.617s] Invoking command in '/data/controller/py_hand_gesture_publisher': PYTHONPATH=/data/controller/build/py_hand_gesture_publisher/prefix_override:/data/controller/install/py_hand_gesture_publisher/lib/python3.8/site-packages:${PYTHONPATH} /usr/bin/python3 setup.py egg_info --egg-base ../build/py_hand_gesture_publisher build --build-base /data/controller/build/py_hand_gesture_publisher/build install --record /data/controller/build/py_hand_gesture_publisher/install.log --install-scripts $base/lib/py_hand_gesture_publisher --single-version-externally-managed
[0.818s] running egg_info
[0.818s] writing ../build/py_hand_gesture_publisher/py_hand_gesture_publisher.egg-info/PKG-INFO
[0.818s] writing dependency_links to ../build/py_hand_gesture_publisher/py_hand_gesture_publisher.egg-info/dependency_links.txt
[0.819s] writing entry points to ../build/py_hand_gesture_publisher/py_hand_gesture_publisher.egg-info/entry_points.txt
[0.819s] writing requirements to ../build/py_hand_gesture_publisher/py_hand_gesture_publisher.egg-info/requires.txt
[0.819s] writing top-level names to ../build/py_hand_gesture_publisher/py_hand_gesture_publisher.egg-info/top_level.txt
[0.851s] reading manifest file '../build/py_hand_gesture_publisher/py_hand_gesture_publisher.egg-info/SOURCES.txt'
[0.852s] writing manifest file '../build/py_hand_gesture_publisher/py_hand_gesture_publisher.egg-info/SOURCES.txt'
[0.853s] running build
[0.853s] running build_py
[0.853s] copying py_hand_gesture_publisher/py_hand_gesture_publisher.py -> /data/controller/build/py_hand_gesture_publisher/build/lib/py_hand_gesture_publisher
[0.853s] running install
[0.853s] running install_lib
[0.854s] copying /data/controller/build/py_hand_gesture_publisher/build/lib/py_hand_gesture_publisher/py_hand_gesture_publisher.py -> /data/controller/install/py_hand_gesture_publisher/lib/python3.8/site-packages/py_hand_gesture_publisher
[0.855s] byte-compiling /data/controller/install/py_hand_gesture_publisher/lib/python3.8/site-packages/py_hand_gesture_publisher/py_hand_gesture_publisher.py to py_hand_gesture_publisher.cpython-38.pyc
[0.857s] running install_data
[0.858s] running install_egg_info
[0.859s] removing '/data/controller/install/py_hand_gesture_publisher/lib/python3.8/site-packages/py_hand_gesture_publisher-0.0.0-py3.8.egg-info' (and everything under it)
[0.859s] Copying ../build/py_hand_gesture_publisher/py_hand_gesture_publisher.egg-info to /data/controller/install/py_hand_gesture_publisher/lib/python3.8/site-packages/py_hand_gesture_publisher-0.0.0-py3.8.egg-info
[0.861s] running install_scripts
[0.877s] Installing atc_publisher script to /data/controller/install/py_hand_gesture_publisher/lib/py_hand_gesture_publisher
[0.878s] writing list of installed files to '/data/controller/build/py_hand_gesture_publisher/install.log'
[0.910s] Invoked command in '/data/controller/py_hand_gesture_publisher' returned '0': PYTHONPATH=/data/controller/build/py_hand_gesture_publisher/prefix_override:/data/controller/install/py_hand_gesture_publisher/lib/python3.8/site-packages:${PYTHONPATH} /usr/bin/python3 setup.py egg_info --egg-base ../build/py_hand_gesture_publisher build --build-base /data/controller/build/py_hand_gesture_publisher/build install --record /data/controller/build/py_hand_gesture_publisher/install.log --install-scripts $base/lib/py_hand_gesture_publisher --single-version-externally-managed
