[0.098s] Invoking command in '/data/publisher/build/rcv_atc_orders_and_send_2_gazebo': CMAKE_PREFIX_PATH=${CMAKE_PREFIX_PATH}:/opt/ros/foxy /usr/bin/cmake --build /data/publisher/build/rcv_atc_orders_and_send_2_gazebo -- -j8 -l8
[0.141s] [35m[1mScanning dependencies of target rcv_atc_orders_and_send_2_gazebo[0m
[0.187s] [ 50%] [32mBuilding CXX object CMakeFiles/rcv_atc_orders_and_send_2_gazebo.dir/src/process_orders_and_send_commands_to_gazebo.cpp.o[0m
[4.208s] [100%] [32m[1mLinking CXX executable rcv_atc_orders_and_send_2_gazebo[0m
[4.991s] [100%] Built target rcv_atc_orders_and_send_2_gazebo
[5.018s] Invoked command in '/data/publisher/build/rcv_atc_orders_and_send_2_gazebo' returned '0': CMAKE_PREFIX_PATH=${CMAKE_PREFIX_PATH}:/opt/ros/foxy /usr/bin/cmake --build /data/publisher/build/rcv_atc_orders_and_send_2_gazebo -- -j8 -l8
[5.091s] Invoking command in '/data/publisher/build/rcv_atc_orders_and_send_2_gazebo': CMAKE_PREFIX_PATH=${CMAKE_PREFIX_PATH}:/opt/ros/foxy /usr/bin/cmake --install /data/publisher/build/rcv_atc_orders_and_send_2_gazebo
[5.112s] -- Install configuration: ""
[5.112s] -- Installing: /data/publisher/install/rcv_atc_orders_and_send_2_gazebo/lib/rcv_atc_orders_and_send_2_gazebo/rcv_atc_orders_and_send_2_gazebo
[5.118s] -- Set runtime path of "/data/publisher/install/rcv_atc_orders_and_send_2_gazebo/lib/rcv_atc_orders_and_send_2_gazebo/rcv_atc_orders_and_send_2_gazebo" to ""
[5.118s] -- Up-to-date: /data/publisher/install/rcv_atc_orders_and_send_2_gazebo/share/ament_index/resource_index/package_run_dependencies/rcv_atc_orders_and_send_2_gazebo
[5.119s] -- Up-to-date: /data/publisher/install/rcv_atc_orders_and_send_2_gazebo/share/ament_index/resource_index/parent_prefix_path/rcv_atc_orders_and_send_2_gazebo
[5.119s] -- Up-to-date: /data/publisher/install/rcv_atc_orders_and_send_2_gazebo/share/rcv_atc_orders_and_send_2_gazebo/environment/ament_prefix_path.sh
[5.119s] -- Up-to-date: /data/publisher/install/rcv_atc_orders_and_send_2_gazebo/share/rcv_atc_orders_and_send_2_gazebo/environment/ament_prefix_path.dsv
[5.119s] -- Up-to-date: /data/publisher/install/rcv_atc_orders_and_send_2_gazebo/share/rcv_atc_orders_and_send_2_gazebo/environment/path.sh
[5.119s] -- Up-to-date: /data/publisher/install/rcv_atc_orders_and_send_2_gazebo/share/rcv_atc_orders_and_send_2_gazebo/environment/path.dsv
[5.120s] -- Up-to-date: /data/publisher/install/rcv_atc_orders_and_send_2_gazebo/share/rcv_atc_orders_and_send_2_gazebo/local_setup.bash
[5.121s] -- Up-to-date: /data/publisher/install/rcv_atc_orders_and_send_2_gazebo/share/rcv_atc_orders_and_send_2_gazebo/local_setup.sh
[5.121s] -- Up-to-date: /data/publisher/install/rcv_atc_orders_and_send_2_gazebo/share/rcv_atc_orders_and_send_2_gazebo/local_setup.zsh
[5.121s] -- Up-to-date: /data/publisher/install/rcv_atc_orders_and_send_2_gazebo/share/rcv_atc_orders_and_send_2_gazebo/local_setup.dsv
[5.121s] -- Installing: /data/publisher/install/rcv_atc_orders_and_send_2_gazebo/share/rcv_atc_orders_and_send_2_gazebo/package.dsv
[5.122s] -- Up-to-date: /data/publisher/install/rcv_atc_orders_and_send_2_gazebo/share/ament_index/resource_index/packages/rcv_atc_orders_and_send_2_gazebo
[5.122s] -- Up-to-date: /data/publisher/install/rcv_atc_orders_and_send_2_gazebo/share/rcv_atc_orders_and_send_2_gazebo/cmake/rcv_atc_orders_and_send_2_gazeboConfig.cmake
[5.122s] -- Up-to-date: /data/publisher/install/rcv_atc_orders_and_send_2_gazebo/share/rcv_atc_orders_and_send_2_gazebo/cmake/rcv_atc_orders_and_send_2_gazeboConfig-version.cmake
[5.122s] -- Up-to-date: /data/publisher/install/rcv_atc_orders_and_send_2_gazebo/share/rcv_atc_orders_and_send_2_gazebo/package.xml
[5.127s] Invoked command in '/data/publisher/build/rcv_atc_orders_and_send_2_gazebo' returned '0': CMAKE_PREFIX_PATH=${CMAKE_PREFIX_PATH}:/opt/ros/foxy /usr/bin/cmake --install /data/publisher/build/rcv_atc_orders_and_send_2_gazebo
