[1.339s] DEBUG:colcon:Command line arguments: ['/usr/bin/colcon', 'build']
[1.339s] DEBUG:colcon:Parsed command line arguments: Namespace(ament_cmake_args=None, base_paths=['.'], build_base='build', catkin_cmake_args=None, catkin_skip_building_tests=False, cmake_args=None, cmake_clean_cache=False, cmake_clean_first=False, cmake_force_configure=False, cmake_target=None, cmake_target_skip_unavailable=False, continue_on_error=False, event_handlers=None, executor='parallel', ignore_user_meta=False, install_base='install', log_base=None, log_level=None, main=<bound method BuildVerb.main of <colcon_core.verb.build.BuildVerb object at 0x7f5cf4616dc0>>, merge_install=False, metas=['./colcon.meta'], packages_above=None, packages_above_and_dependencies=None, packages_above_depth=None, packages_end=None, packages_ignore=None, packages_ignore_regex=None, packages_select=None, packages_select_build_failed=False, packages_select_by_dep=None, packages_select_regex=None, packages_select_test_failures=False, packages_skip=None, packages_skip_build_finished=False, packages_skip_by_dep=None, packages_skip_regex=None, packages_skip_test_passed=False, packages_skip_up_to=None, packages_start=None, packages_up_to=None, packages_up_to_regex=None, parallel_workers=8, paths=None, symlink_install=False, test_result_base=None, verb_extension=<colcon_core.verb.build.BuildVerb object at 0x7f5cf4616dc0>, verb_name='build', verb_parser=<colcon_defaults.argument_parser.defaults.DefaultArgumentsDecorator object at 0x7f5cf4282b20>)
[1.407s] Level 1:colcon.colcon_core.package_discovery:discover_packages(colcon_meta) check parameters
[1.407s] Level 1:colcon.colcon_core.package_discovery:discover_packages(recursive) check parameters
[1.407s] Level 1:colcon.colcon_core.package_discovery:discover_packages(ignore) check parameters
[1.407s] Level 1:colcon.colcon_core.package_discovery:discover_packages(path) check parameters
[1.407s] Level 1:colcon.colcon_core.package_discovery:discover_packages(colcon_meta) discover
[1.407s] Level 1:colcon.colcon_core.package_discovery:discover_packages(recursive) discover
[1.407s] INFO:colcon.colcon_core.package_discovery:Crawling recursively for packages in '/data/publisher'
[1.407s] Level 1:colcon.colcon_core.package_identification:_identify(.) by extensions ['ignore', 'ignore_ament_install']
[1.407s] Level 1:colcon.colcon_core.package_identification:_identify(.) by extension 'ignore'
[1.407s] Level 1:colcon.colcon_core.package_identification:_identify(.) by extension 'ignore_ament_install'
[1.407s] Level 1:colcon.colcon_core.package_identification:_identify(.) by extensions ['colcon_pkg']
[1.407s] Level 1:colcon.colcon_core.package_identification:_identify(.) by extension 'colcon_pkg'
[1.407s] Level 1:colcon.colcon_core.package_identification:_identify(.) by extensions ['colcon_meta']
[1.407s] Level 1:colcon.colcon_core.package_identification:_identify(.) by extension 'colcon_meta'
[1.407s] Level 1:colcon.colcon_core.package_identification:_identify(.) by extensions ['ros']
[1.407s] Level 1:colcon.colcon_core.package_identification:_identify(.) by extension 'ros'
[1.420s] Level 1:colcon.colcon_core.package_identification:_identify(.) by extensions ['cmake', 'python']
[1.420s] Level 1:colcon.colcon_core.package_identification:_identify(.) by extension 'cmake'
[1.420s] Level 1:colcon.colcon_core.package_identification:_identify(.) by extension 'python'
[1.420s] Level 1:colcon.colcon_core.package_identification:_identify(.) by extensions ['python_setup_py']
[1.420s] Level 1:colcon.colcon_core.package_identification:_identify(.) by extension 'python_setup_py'
[1.420s] Level 1:colcon.colcon_core.package_identification:_identify(build) by extensions ['ignore', 'ignore_ament_install']
[1.420s] Level 1:colcon.colcon_core.package_identification:_identify(build) by extension 'ignore'
[1.420s] Level 1:colcon.colcon_core.package_identification:_identify(build) ignored
[1.420s] Level 1:colcon.colcon_core.package_identification:_identify(dummy_publisher) by extensions ['ignore', 'ignore_ament_install']
[1.421s] Level 1:colcon.colcon_core.package_identification:_identify(dummy_publisher) by extension 'ignore'
[1.421s] Level 1:colcon.colcon_core.package_identification:_identify(dummy_publisher) by extension 'ignore_ament_install'
[1.421s] Level 1:colcon.colcon_core.package_identification:_identify(dummy_publisher) by extensions ['colcon_pkg']
[1.421s] Level 1:colcon.colcon_core.package_identification:_identify(dummy_publisher) by extension 'colcon_pkg'
[1.421s] Level 1:colcon.colcon_core.package_identification:_identify(dummy_publisher) by extensions ['colcon_meta']
[1.421s] Level 1:colcon.colcon_core.package_identification:_identify(dummy_publisher) by extension 'colcon_meta'
[1.421s] Level 1:colcon.colcon_core.package_identification:_identify(dummy_publisher) by extensions ['ros']
[1.421s] Level 1:colcon.colcon_core.package_identification:_identify(dummy_publisher) by extension 'ros'
[1.424s] DEBUG:colcon.colcon_core.package_identification:Package 'dummy_publisher' with type 'ros.ament_cmake' and name 'dummy_publisher'
[1.424s] Level 1:colcon.colcon_core.package_identification:_identify(install) by extensions ['ignore', 'ignore_ament_install']
[1.424s] Level 1:colcon.colcon_core.package_identification:_identify(install) by extension 'ignore'
[1.424s] Level 1:colcon.colcon_core.package_identification:_identify(install) ignored
[1.424s] Level 1:colcon.colcon_core.package_identification:_identify(log) by extensions ['ignore', 'ignore_ament_install']
[1.424s] Level 1:colcon.colcon_core.package_identification:_identify(log) by extension 'ignore'
[1.424s] Level 1:colcon.colcon_core.package_identification:_identify(log) ignored
[1.424s] Level 1:colcon.colcon_core.package_identification:_identify(rcv_atc_orders_and_send_2_gazebo) by extensions ['ignore', 'ignore_ament_install']
[1.424s] Level 1:colcon.colcon_core.package_identification:_identify(rcv_atc_orders_and_send_2_gazebo) by extension 'ignore'
[1.424s] Level 1:colcon.colcon_core.package_identification:_identify(rcv_atc_orders_and_send_2_gazebo) by extension 'ignore_ament_install'
[1.424s] Level 1:colcon.colcon_core.package_identification:_identify(rcv_atc_orders_and_send_2_gazebo) by extensions ['colcon_pkg']
[1.424s] Level 1:colcon.colcon_core.package_identification:_identify(rcv_atc_orders_and_send_2_gazebo) by extension 'colcon_pkg'
[1.424s] Level 1:colcon.colcon_core.package_identification:_identify(rcv_atc_orders_and_send_2_gazebo) by extensions ['colcon_meta']
[1.424s] Level 1:colcon.colcon_core.package_identification:_identify(rcv_atc_orders_and_send_2_gazebo) by extension 'colcon_meta'
[1.425s] Level 1:colcon.colcon_core.package_identification:_identify(rcv_atc_orders_and_send_2_gazebo) by extensions ['ros']
[1.425s] Level 1:colcon.colcon_core.package_identification:_identify(rcv_atc_orders_and_send_2_gazebo) by extension 'ros'
[1.425s] DEBUG:colcon.colcon_core.package_identification:Package 'rcv_atc_orders_and_send_2_gazebo' with type 'ros.ament_cmake' and name 'rcv_atc_orders_and_send_2_gazebo'
[1.426s] Level 1:colcon.colcon_core.package_discovery:discover_packages(recursive) using defaults
[1.426s] Level 1:colcon.colcon_core.package_discovery:discover_packages(ignore) discover
[1.426s] Level 1:colcon.colcon_core.package_discovery:discover_packages(ignore) using defaults
[1.426s] Level 1:colcon.colcon_core.package_discovery:discover_packages(path) discover
[1.426s] Level 1:colcon.colcon_core.package_discovery:discover_packages(path) using defaults
[1.541s] Level 5:colcon.colcon_core.verb:set package 'dummy_publisher' build argument 'cmake_args' from command line to 'None'
[1.541s] Level 5:colcon.colcon_core.verb:set package 'dummy_publisher' build argument 'cmake_target' from command line to 'None'
[1.541s] Level 5:colcon.colcon_core.verb:set package 'dummy_publisher' build argument 'cmake_target_skip_unavailable' from command line to 'False'
[1.541s] Level 5:colcon.colcon_core.verb:set package 'dummy_publisher' build argument 'cmake_clean_cache' from command line to 'False'
[1.541s] Level 5:colcon.colcon_core.verb:set package 'dummy_publisher' build argument 'cmake_clean_first' from command line to 'False'
[1.541s] Level 5:colcon.colcon_core.verb:set package 'dummy_publisher' build argument 'cmake_force_configure' from command line to 'False'
[1.541s] Level 5:colcon.colcon_core.verb:set package 'dummy_publisher' build argument 'ament_cmake_args' from command line to 'None'
[1.541s] Level 5:colcon.colcon_core.verb:set package 'dummy_publisher' build argument 'catkin_cmake_args' from command line to 'None'
[1.541s] Level 5:colcon.colcon_core.verb:set package 'dummy_publisher' build argument 'catkin_skip_building_tests' from command line to 'False'
[1.542s] DEBUG:colcon.colcon_core.verb:Building package 'dummy_publisher' with the following arguments: {'ament_cmake_args': None, 'build_base': '/data/publisher/build/dummy_publisher', 'catkin_cmake_args': None, 'catkin_skip_building_tests': False, 'cmake_args': None, 'cmake_clean_cache': False, 'cmake_clean_first': False, 'cmake_force_configure': False, 'cmake_target': None, 'cmake_target_skip_unavailable': False, 'install_base': '/data/publisher/install/dummy_publisher', 'merge_install': False, 'path': '/data/publisher/dummy_publisher', 'symlink_install': False, 'test_result_base': None}
[1.574s] Level 5:colcon.colcon_core.verb:set package 'rcv_atc_orders_and_send_2_gazebo' build argument 'cmake_args' from command line to 'None'
[1.574s] Level 5:colcon.colcon_core.verb:set package 'rcv_atc_orders_and_send_2_gazebo' build argument 'cmake_target' from command line to 'None'
[1.574s] Level 5:colcon.colcon_core.verb:set package 'rcv_atc_orders_and_send_2_gazebo' build argument 'cmake_target_skip_unavailable' from command line to 'False'
[1.574s] Level 5:colcon.colcon_core.verb:set package 'rcv_atc_orders_and_send_2_gazebo' build argument 'cmake_clean_cache' from command line to 'False'
[1.574s] Level 5:colcon.colcon_core.verb:set package 'rcv_atc_orders_and_send_2_gazebo' build argument 'cmake_clean_first' from command line to 'False'
[1.574s] Level 5:colcon.colcon_core.verb:set package 'rcv_atc_orders_and_send_2_gazebo' build argument 'cmake_force_configure' from command line to 'False'
[1.574s] Level 5:colcon.colcon_core.verb:set package 'rcv_atc_orders_and_send_2_gazebo' build argument 'ament_cmake_args' from command line to 'None'
[1.574s] Level 5:colcon.colcon_core.verb:set package 'rcv_atc_orders_and_send_2_gazebo' build argument 'catkin_cmake_args' from command line to 'None'
[1.574s] Level 5:colcon.colcon_core.verb:set package 'rcv_atc_orders_and_send_2_gazebo' build argument 'catkin_skip_building_tests' from command line to 'False'
[1.574s] DEBUG:colcon.colcon_core.verb:Building package 'rcv_atc_orders_and_send_2_gazebo' with the following arguments: {'ament_cmake_args': None, 'build_base': '/data/publisher/build/rcv_atc_orders_and_send_2_gazebo', 'catkin_cmake_args': None, 'catkin_skip_building_tests': False, 'cmake_args': None, 'cmake_clean_cache': False, 'cmake_clean_first': False, 'cmake_force_configure': False, 'cmake_target': None, 'cmake_target_skip_unavailable': False, 'install_base': '/data/publisher/install/rcv_atc_orders_and_send_2_gazebo', 'merge_install': False, 'path': '/data/publisher/rcv_atc_orders_and_send_2_gazebo', 'symlink_install': False, 'test_result_base': None}
[1.606s] INFO:colcon.colcon_core.executor:Executing jobs using 'parallel' executor
[1.635s] DEBUG:colcon.colcon_parallel_executor.executor.parallel:run_until_complete
[1.636s] INFO:colcon.colcon_ros.task.ament_cmake.build:Building ROS package in '/data/publisher/dummy_publisher' with build type 'ament_cmake'
[1.636s] INFO:colcon.colcon_cmake.task.cmake.build:Building CMake package in '/data/publisher/dummy_publisher'
[1.668s] INFO:colcon.colcon_core.plugin_system:Skipping extension 'colcon_core.shell.bat': Not used on non-Windows systems
[1.668s] INFO:colcon.colcon_core.shell:Skip shell extension 'powershell' for command environment: Not usable outside of PowerShell
[1.668s] DEBUG:colcon.colcon_core.shell:Skip shell extension 'dsv' for command environment
[1.773s] INFO:colcon.colcon_ros.task.ament_cmake.build:Building ROS package in '/data/publisher/rcv_atc_orders_and_send_2_gazebo' with build type 'ament_cmake'
[1.774s] INFO:colcon.colcon_cmake.task.cmake.build:Building CMake package in '/data/publisher/rcv_atc_orders_and_send_2_gazebo'
[1.808s] INFO:colcon.colcon_core.shell:Skip shell extension 'powershell' for command environment: Not usable outside of PowerShell
[1.808s] DEBUG:colcon.colcon_core.shell:Skip shell extension 'dsv' for command environment
[1.892s] DEBUG:colcon.colcon_core.event_handler.log_command:Invoking command in '/data/publisher/build/dummy_publisher': CMAKE_PREFIX_PATH=${CMAKE_PREFIX_PATH}:/opt/ros/foxy /usr/bin/cmake --build /data/publisher/build/dummy_publisher -- -j8 -l8
[1.898s] DEBUG:colcon.colcon_core.event_handler.log_command:Invoking command in '/data/publisher/build/rcv_atc_orders_and_send_2_gazebo': CMAKE_PREFIX_PATH=${CMAKE_PREFIX_PATH}:/opt/ros/foxy /usr/bin/cmake --build /data/publisher/build/rcv_atc_orders_and_send_2_gazebo -- -j8 -l8
[5.261s] DEBUG:colcon.colcon_core.event_handler.log_command:Invoked command in '/data/publisher/build/dummy_publisher' returned '0': CMAKE_PREFIX_PATH=${CMAKE_PREFIX_PATH}:/opt/ros/foxy /usr/bin/cmake --build /data/publisher/build/dummy_publisher -- -j8 -l8
[5.314s] DEBUG:colcon.colcon_core.event_handler.log_command:Invoking command in '/data/publisher/build/dummy_publisher': CMAKE_PREFIX_PATH=${CMAKE_PREFIX_PATH}:/opt/ros/foxy /usr/bin/cmake --install /data/publisher/build/dummy_publisher
[5.334s] Level 1:colcon.colcon_core.environment:create_environment_scripts_only(dummy_publisher)
[5.335s] DEBUG:colcon.colcon_core.event_handler.log_command:Invoked command in '/data/publisher/build/dummy_publisher' returned '0': CMAKE_PREFIX_PATH=${CMAKE_PREFIX_PATH}:/opt/ros/foxy /usr/bin/cmake --install /data/publisher/build/dummy_publisher
[5.387s] Level 1:colcon.colcon_core.environment:checking '/data/publisher/install/dummy_publisher' for CMake module files
[5.388s] Level 1:colcon.colcon_core.environment:checking '/data/publisher/install/dummy_publisher' for CMake config files
[5.389s] Level 1:colcon.colcon_core.shell:create_environment_hook('dummy_publisher', 'cmake_prefix_path')
[5.418s] INFO:colcon.colcon_core.shell:Creating environment hook '/data/publisher/install/dummy_publisher/share/dummy_publisher/hook/cmake_prefix_path.ps1'
[5.419s] INFO:colcon.colcon_core.shell:Creating environment descriptor '/data/publisher/install/dummy_publisher/share/dummy_publisher/hook/cmake_prefix_path.dsv'
[5.420s] INFO:colcon.colcon_core.shell:Creating environment hook '/data/publisher/install/dummy_publisher/share/dummy_publisher/hook/cmake_prefix_path.sh'
[5.422s] Level 1:colcon.colcon_core.environment:checking '/data/publisher/install/dummy_publisher/lib'
[5.423s] Level 1:colcon.colcon_core.environment:checking '/data/publisher/install/dummy_publisher/bin'
[5.423s] Level 1:colcon.colcon_core.environment:checking '/data/publisher/install/dummy_publisher/lib/pkgconfig/dummy_publisher.pc'
[5.424s] Level 1:colcon.colcon_core.environment:checking '/data/publisher/install/dummy_publisher/lib/python3.8/site-packages'
[5.424s] Level 1:colcon.colcon_core.environment:checking '/data/publisher/install/dummy_publisher/bin'
[5.451s] INFO:colcon.colcon_core.shell:Creating package script '/data/publisher/install/dummy_publisher/share/dummy_publisher/package.ps1'
[5.453s] INFO:colcon.colcon_core.shell:Creating package descriptor '/data/publisher/install/dummy_publisher/share/dummy_publisher/package.dsv'
[5.454s] INFO:colcon.colcon_core.shell:Creating package script '/data/publisher/install/dummy_publisher/share/dummy_publisher/package.sh'
[5.456s] INFO:colcon.colcon_core.shell:Creating package script '/data/publisher/install/dummy_publisher/share/dummy_publisher/package.bash'
[5.456s] INFO:colcon.colcon_core.shell:Creating package script '/data/publisher/install/dummy_publisher/share/dummy_publisher/package.zsh'
[5.457s] Level 1:colcon.colcon_core.environment:create_file_with_runtime_dependencies(/data/publisher/install/dummy_publisher/share/colcon-core/packages/dummy_publisher)
[5.520s] Level 1:colcon.colcon_core.environment:create_environment_scripts_only(dummy_publisher)
[5.548s] Level 1:colcon.colcon_core.environment:checking '/data/publisher/install/dummy_publisher' for CMake module files
[5.549s] Level 1:colcon.colcon_core.environment:checking '/data/publisher/install/dummy_publisher' for CMake config files
[5.549s] Level 1:colcon.colcon_core.shell:create_environment_hook('dummy_publisher', 'cmake_prefix_path')
[5.577s] INFO:colcon.colcon_core.shell:Creating environment hook '/data/publisher/install/dummy_publisher/share/dummy_publisher/hook/cmake_prefix_path.ps1'
[5.577s] INFO:colcon.colcon_core.shell:Creating environment descriptor '/data/publisher/install/dummy_publisher/share/dummy_publisher/hook/cmake_prefix_path.dsv'
[5.578s] INFO:colcon.colcon_core.shell:Creating environment hook '/data/publisher/install/dummy_publisher/share/dummy_publisher/hook/cmake_prefix_path.sh'
[5.578s] Level 1:colcon.colcon_core.environment:checking '/data/publisher/install/dummy_publisher/lib'
[5.578s] Level 1:colcon.colcon_core.environment:checking '/data/publisher/install/dummy_publisher/bin'
[5.579s] Level 1:colcon.colcon_core.environment:checking '/data/publisher/install/dummy_publisher/lib/pkgconfig/dummy_publisher.pc'
[5.579s] Level 1:colcon.colcon_core.environment:checking '/data/publisher/install/dummy_publisher/lib/python3.8/site-packages'
[5.579s] Level 1:colcon.colcon_core.environment:checking '/data/publisher/install/dummy_publisher/bin'
[5.610s] INFO:colcon.colcon_core.shell:Creating package script '/data/publisher/install/dummy_publisher/share/dummy_publisher/package.ps1'
[5.611s] INFO:colcon.colcon_core.shell:Creating package descriptor '/data/publisher/install/dummy_publisher/share/dummy_publisher/package.dsv'
[5.612s] INFO:colcon.colcon_core.shell:Creating package script '/data/publisher/install/dummy_publisher/share/dummy_publisher/package.sh'
[5.612s] INFO:colcon.colcon_core.shell:Creating package script '/data/publisher/install/dummy_publisher/share/dummy_publisher/package.bash'
[5.612s] INFO:colcon.colcon_core.shell:Creating package script '/data/publisher/install/dummy_publisher/share/dummy_publisher/package.zsh'
[5.613s] Level 1:colcon.colcon_core.environment:create_file_with_runtime_dependencies(/data/publisher/install/dummy_publisher/share/colcon-core/packages/dummy_publisher)
[7.237s] DEBUG:colcon.colcon_core.event_handler.log_command:Invoked command in '/data/publisher/build/rcv_atc_orders_and_send_2_gazebo' returned '0': CMAKE_PREFIX_PATH=${CMAKE_PREFIX_PATH}:/opt/ros/foxy /usr/bin/cmake --build /data/publisher/build/rcv_atc_orders_and_send_2_gazebo -- -j8 -l8
[7.270s] DEBUG:colcon.colcon_core.event_handler.log_command:Invoking command in '/data/publisher/build/rcv_atc_orders_and_send_2_gazebo': CMAKE_PREFIX_PATH=${CMAKE_PREFIX_PATH}:/opt/ros/foxy /usr/bin/cmake --install /data/publisher/build/rcv_atc_orders_and_send_2_gazebo
[7.286s] Level 1:colcon.colcon_core.environment:create_environment_scripts_only(rcv_atc_orders_and_send_2_gazebo)
[7.287s] DEBUG:colcon.colcon_core.event_handler.log_command:Invoked command in '/data/publisher/build/rcv_atc_orders_and_send_2_gazebo' returned '0': CMAKE_PREFIX_PATH=${CMAKE_PREFIX_PATH}:/opt/ros/foxy /usr/bin/cmake --install /data/publisher/build/rcv_atc_orders_and_send_2_gazebo
[7.315s] Level 1:colcon.colcon_core.environment:checking '/data/publisher/install/rcv_atc_orders_and_send_2_gazebo' for CMake module files
[7.316s] Level 1:colcon.colcon_core.environment:checking '/data/publisher/install/rcv_atc_orders_and_send_2_gazebo' for CMake config files
[7.316s] Level 1:colcon.colcon_core.shell:create_environment_hook('rcv_atc_orders_and_send_2_gazebo', 'cmake_prefix_path')
[7.342s] INFO:colcon.colcon_core.shell:Creating environment hook '/data/publisher/install/rcv_atc_orders_and_send_2_gazebo/share/rcv_atc_orders_and_send_2_gazebo/hook/cmake_prefix_path.ps1'
[7.342s] INFO:colcon.colcon_core.shell:Creating environment descriptor '/data/publisher/install/rcv_atc_orders_and_send_2_gazebo/share/rcv_atc_orders_and_send_2_gazebo/hook/cmake_prefix_path.dsv'
[7.343s] INFO:colcon.colcon_core.shell:Creating environment hook '/data/publisher/install/rcv_atc_orders_and_send_2_gazebo/share/rcv_atc_orders_and_send_2_gazebo/hook/cmake_prefix_path.sh'
[7.343s] Level 1:colcon.colcon_core.environment:checking '/data/publisher/install/rcv_atc_orders_and_send_2_gazebo/lib'
[7.344s] Level 1:colcon.colcon_core.environment:checking '/data/publisher/install/rcv_atc_orders_and_send_2_gazebo/bin'
[7.344s] Level 1:colcon.colcon_core.environment:checking '/data/publisher/install/rcv_atc_orders_and_send_2_gazebo/lib/pkgconfig/rcv_atc_orders_and_send_2_gazebo.pc'
[7.344s] Level 1:colcon.colcon_core.environment:checking '/data/publisher/install/rcv_atc_orders_and_send_2_gazebo/lib/python3.8/site-packages'
[7.344s] Level 1:colcon.colcon_core.environment:checking '/data/publisher/install/rcv_atc_orders_and_send_2_gazebo/bin'
[7.377s] INFO:colcon.colcon_core.shell:Creating package script '/data/publisher/install/rcv_atc_orders_and_send_2_gazebo/share/rcv_atc_orders_and_send_2_gazebo/package.ps1'
[7.378s] INFO:colcon.colcon_core.shell:Creating package descriptor '/data/publisher/install/rcv_atc_orders_and_send_2_gazebo/share/rcv_atc_orders_and_send_2_gazebo/package.dsv'
[7.378s] INFO:colcon.colcon_core.shell:Creating package script '/data/publisher/install/rcv_atc_orders_and_send_2_gazebo/share/rcv_atc_orders_and_send_2_gazebo/package.sh'
[7.378s] INFO:colcon.colcon_core.shell:Creating package script '/data/publisher/install/rcv_atc_orders_and_send_2_gazebo/share/rcv_atc_orders_and_send_2_gazebo/package.bash'
[7.379s] INFO:colcon.colcon_core.shell:Creating package script '/data/publisher/install/rcv_atc_orders_and_send_2_gazebo/share/rcv_atc_orders_and_send_2_gazebo/package.zsh'
[7.379s] Level 1:colcon.colcon_core.environment:create_file_with_runtime_dependencies(/data/publisher/install/rcv_atc_orders_and_send_2_gazebo/share/colcon-core/packages/rcv_atc_orders_and_send_2_gazebo)
[7.437s] Level 1:colcon.colcon_core.environment:create_environment_scripts_only(rcv_atc_orders_and_send_2_gazebo)
[7.463s] Level 1:colcon.colcon_core.environment:checking '/data/publisher/install/rcv_atc_orders_and_send_2_gazebo' for CMake module files
[7.464s] Level 1:colcon.colcon_core.environment:checking '/data/publisher/install/rcv_atc_orders_and_send_2_gazebo' for CMake config files
[7.464s] Level 1:colcon.colcon_core.shell:create_environment_hook('rcv_atc_orders_and_send_2_gazebo', 'cmake_prefix_path')
[7.487s] INFO:colcon.colcon_core.shell:Creating environment hook '/data/publisher/install/rcv_atc_orders_and_send_2_gazebo/share/rcv_atc_orders_and_send_2_gazebo/hook/cmake_prefix_path.ps1'
[7.489s] INFO:colcon.colcon_core.shell:Creating environment descriptor '/data/publisher/install/rcv_atc_orders_and_send_2_gazebo/share/rcv_atc_orders_and_send_2_gazebo/hook/cmake_prefix_path.dsv'
[7.490s] INFO:colcon.colcon_core.shell:Creating environment hook '/data/publisher/install/rcv_atc_orders_and_send_2_gazebo/share/rcv_atc_orders_and_send_2_gazebo/hook/cmake_prefix_path.sh'
[7.491s] Level 1:colcon.colcon_core.environment:checking '/data/publisher/install/rcv_atc_orders_and_send_2_gazebo/lib'
[7.491s] Level 1:colcon.colcon_core.environment:checking '/data/publisher/install/rcv_atc_orders_and_send_2_gazebo/bin'
[7.491s] Level 1:colcon.colcon_core.environment:checking '/data/publisher/install/rcv_atc_orders_and_send_2_gazebo/lib/pkgconfig/rcv_atc_orders_and_send_2_gazebo.pc'
[7.492s] Level 1:colcon.colcon_core.environment:checking '/data/publisher/install/rcv_atc_orders_and_send_2_gazebo/lib/python3.8/site-packages'
[7.492s] Level 1:colcon.colcon_core.environment:checking '/data/publisher/install/rcv_atc_orders_and_send_2_gazebo/bin'
[7.516s] INFO:colcon.colcon_core.shell:Creating package script '/data/publisher/install/rcv_atc_orders_and_send_2_gazebo/share/rcv_atc_orders_and_send_2_gazebo/package.ps1'
[7.517s] INFO:colcon.colcon_core.shell:Creating package descriptor '/data/publisher/install/rcv_atc_orders_and_send_2_gazebo/share/rcv_atc_orders_and_send_2_gazebo/package.dsv'
[7.517s] INFO:colcon.colcon_core.shell:Creating package script '/data/publisher/install/rcv_atc_orders_and_send_2_gazebo/share/rcv_atc_orders_and_send_2_gazebo/package.sh'
[7.518s] INFO:colcon.colcon_core.shell:Creating package script '/data/publisher/install/rcv_atc_orders_and_send_2_gazebo/share/rcv_atc_orders_and_send_2_gazebo/package.bash'
[7.518s] INFO:colcon.colcon_core.shell:Creating package script '/data/publisher/install/rcv_atc_orders_and_send_2_gazebo/share/rcv_atc_orders_and_send_2_gazebo/package.zsh'
[7.518s] Level 1:colcon.colcon_core.environment:create_file_with_runtime_dependencies(/data/publisher/install/rcv_atc_orders_and_send_2_gazebo/share/colcon-core/packages/rcv_atc_orders_and_send_2_gazebo)
[7.519s] DEBUG:colcon.colcon_parallel_executor.executor.parallel:closing loop
[7.519s] DEBUG:colcon.colcon_parallel_executor.executor.parallel:loop closed
[7.519s] DEBUG:colcon.colcon_parallel_executor.executor.parallel:run_until_complete finished with '0'
[7.519s] DEBUG:colcon.colcon_core.event_reactor:joining thread
[7.550s] INFO:colcon.colcon_core.plugin_system:Skipping extension 'colcon_notification.desktop_notification.notify_send': Could not find 'notify-send'
[7.550s] INFO:colcon.colcon_core.plugin_system:Skipping extension 'colcon_notification.desktop_notification.terminal_notifier': Not used on non-Darwin systems
[7.550s] INFO:colcon.colcon_core.plugin_system:Skipping extension 'colcon_notification.desktop_notification.win32': Not used on non-Windows systems
[7.550s] INFO:colcon.colcon_notification.desktop_notification:Sending desktop notification using 'notify2'
[7.553s] DEBUG:colcon.colcon_notification.desktop_notification.notify2:Failed to initialize notify2: org.freedesktop.DBus.Error.Spawn.ExecFailed: /usr/bin/dbus-launch terminated abnormally without any error message
[7.553s] DEBUG:colcon.colcon_core.event_reactor:joined thread
[7.578s] INFO:colcon.colcon_core.shell:Creating prefix script '/data/publisher/install/local_setup.ps1'
[7.579s] INFO:colcon.colcon_core.shell:Creating prefix util module '/data/publisher/install/_local_setup_util_ps1.py'
[7.580s] INFO:colcon.colcon_core.shell:Creating prefix chain script '/data/publisher/install/setup.ps1'
[7.607s] INFO:colcon.colcon_core.shell:Creating prefix script '/data/publisher/install/local_setup.sh'
[7.608s] INFO:colcon.colcon_core.shell:Creating prefix util module '/data/publisher/install/_local_setup_util_sh.py'
[7.608s] INFO:colcon.colcon_core.shell:Creating prefix chain script '/data/publisher/install/setup.sh'
[7.633s] INFO:colcon.colcon_core.shell:Creating prefix script '/data/publisher/install/local_setup.bash'
[7.633s] INFO:colcon.colcon_core.shell:Creating prefix chain script '/data/publisher/install/setup.bash'
[7.657s] INFO:colcon.colcon_core.shell:Creating prefix script '/data/publisher/install/local_setup.zsh'
[7.658s] INFO:colcon.colcon_core.shell:Creating prefix chain script '/data/publisher/install/setup.zsh'
