[0.091s] Invoking command in '/data/workspace/build/my_bot': CMAKE_PREFIX_PATH=/opt/ros/foxy /usr/bin/cmake /data/workspace/src/my_bot -DAMENT_CMAKE_SYMLINK_INSTALL=1 -DCMAKE_INSTALL_PREFIX=/data/workspace/install/my_bot
[0.184s] -- The C compiler identification is GNU 9.4.0
[0.301s] -- The CXX compiler identification is GNU 9.4.0
[0.307s] -- Check for working C compiler: /usr/bin/cc
[0.403s] -- Check for working C compiler: /usr/bin/cc -- works
[0.404s] -- Detecting C compiler ABI info
[0.497s] -- Detecting C compiler ABI info - done
[0.508s] -- Detecting C compile features
[0.508s] -- Detecting C compile features - done
[0.511s] -- Check for working CXX compiler: /usr/bin/c++
[0.604s] -- Check for working CXX compiler: /usr/bin/c++ -- works
[0.605s] -- Detecting CXX compiler ABI info
[0.698s] -- Detecting CXX compiler ABI info - done
[0.708s] -- Detecting CXX compile features
[0.708s] -- Detecting CXX compile features - done
[0.712s] -- Found ament_cmake: 0.9.12 (/opt/ros/foxy/share/ament_cmake/cmake)
[0.737s] -- Found PythonInterp: /usr/bin/python3 (found suitable version "3.8.10", minimum required is "3") 
[0.737s] -- Using PYTHON_EXECUTABLE: /usr/bin/python3
[0.880s] -- Override CMake install command with custom implementation using symlinks instead of copying resources
[0.913s] -- Found ament_lint_auto: 0.9.8 (/opt/ros/foxy/share/ament_lint_auto/cmake)
[0.990s] -- Added test 'copyright' to check source files copyright and LICENSE
[0.998s] -- Added test 'flake8' to check Python code syntax and style conventions
[1.000s] -- Added test 'lint_cmake' to check CMake code style
[1.001s] -- Added test 'pep257' to check Python code against some of the style conventions in PEP 257
[1.005s] -- Added test 'xmllint' to check XML markup files
[1.009s] -- Configuring done
[1.012s] -- Generating done
[1.013s] -- Build files have been written to: /data/workspace/build/my_bot
[1.017s] Invoked command in '/data/workspace/build/my_bot' returned '0': CMAKE_PREFIX_PATH=/opt/ros/foxy /usr/bin/cmake /data/workspace/src/my_bot -DAMENT_CMAKE_SYMLINK_INSTALL=1 -DCMAKE_INSTALL_PREFIX=/data/workspace/install/my_bot
[1.020s] Invoking command in '/data/workspace/build/my_bot': CMAKE_PREFIX_PATH=/opt/ros/foxy /usr/bin/cmake --build /data/workspace/build/my_bot -- -j8 -l8
[1.075s] Invoked command in '/data/workspace/build/my_bot' returned '0': CMAKE_PREFIX_PATH=/opt/ros/foxy /usr/bin/cmake --build /data/workspace/build/my_bot -- -j8 -l8
[1.119s] Invoking command in '/data/workspace/build/my_bot': CMAKE_PREFIX_PATH=/opt/ros/foxy /usr/bin/cmake --install /data/workspace/build/my_bot
[1.134s] -- Install configuration: ""
[1.134s] -- Execute custom install script
[1.135s] -- Symlinking: /data/workspace/install/my_bot/share/my_bot/config/empty.yaml
[1.149s] -- Symlinking: /data/workspace/install/my_bot/share/my_bot/description/inertia_macros.xacro
[1.162s] -- Symlinking: /data/workspace/install/my_bot/share/my_bot/description/robot.urdf.xacro
[1.175s] -- Symlinking: /data/workspace/install/my_bot/share/my_bot/description/robot_core.xacro
[1.186s] -- Symlinking: /data/workspace/install/my_bot/share/my_bot/launch/rsp.launch.py
[1.199s] -- Symlinking: /data/workspace/install/my_bot/share/my_bot/worlds/empty.world
[1.212s] -- Symlinking: /data/workspace/install/my_bot/share/ament_index/resource_index/package_run_dependencies/my_bot
[1.223s] -- Symlinking: /data/workspace/install/my_bot/share/ament_index/resource_index/parent_prefix_path/my_bot
[1.237s] -- Symlinking: /data/workspace/install/my_bot/share/my_bot/environment/ament_prefix_path.sh
[1.250s] -- Symlinking: /data/workspace/install/my_bot/share/my_bot/environment/ament_prefix_path.dsv
[1.261s] -- Symlinking: /data/workspace/install/my_bot/share/my_bot/environment/path.sh
[1.273s] -- Symlinking: /data/workspace/install/my_bot/share/my_bot/environment/path.dsv
[1.284s] -- Symlinking: /data/workspace/install/my_bot/share/my_bot/local_setup.bash
[1.297s] -- Symlinking: /data/workspace/install/my_bot/share/my_bot/local_setup.sh
[1.309s] -- Symlinking: /data/workspace/install/my_bot/share/my_bot/local_setup.zsh
[1.321s] -- Symlinking: /data/workspace/install/my_bot/share/my_bot/local_setup.dsv
[1.334s] -- Symlinking: /data/workspace/install/my_bot/share/my_bot/package.dsv
[1.347s] -- Symlinking: /data/workspace/install/my_bot/share/ament_index/resource_index/packages/my_bot
[1.360s] -- Symlinking: /data/workspace/install/my_bot/share/my_bot/cmake/my_botConfig.cmake
[1.372s] -- Symlinking: /data/workspace/install/my_bot/share/my_bot/cmake/my_botConfig-version.cmake
[1.384s] -- Symlinking: /data/workspace/install/my_bot/share/my_bot/package.xml
[1.400s] Invoked command in '/data/workspace/build/my_bot' returned '0': CMAKE_PREFIX_PATH=/opt/ros/foxy /usr/bin/cmake --install /data/workspace/build/my_bot
