[0.286s] Invoking command in '/data/controller/build/atc_2_gazebo': CMAKE_PREFIX_PATH=/opt/ros/foxy /usr/bin/cmake --build /data/controller/build/atc_2_gazebo -- -j8 -l8
[0.425s] [100%] Built target atc_2_gazebo
[0.785s] Invoked command in '/data/controller/build/atc_2_gazebo' returned '0': CMAKE_PREFIX_PATH=/opt/ros/foxy /usr/bin/cmake --build /data/controller/build/atc_2_gazebo -- -j8 -l8
[0.870s] Invoking command in '/data/controller/build/atc_2_gazebo': CMAKE_PREFIX_PATH=/opt/ros/foxy /usr/bin/cmake --install /data/controller/build/atc_2_gazebo
[0.892s] -- Install configuration: ""
[0.893s] -- Up-to-date: /data/controller/install/atc_2_gazebo/lib/atc_2_gazebo/atc_2_gazebo
[0.893s] -- Up-to-date: /data/controller/install/atc_2_gazebo/share/ament_index/resource_index/package_run_dependencies/atc_2_gazebo
[0.894s] -- Up-to-date: /data/controller/install/atc_2_gazebo/share/ament_index/resource_index/parent_prefix_path/atc_2_gazebo
[0.894s] -- Up-to-date: /data/controller/install/atc_2_gazebo/share/atc_2_gazebo/environment/ament_prefix_path.sh
[0.894s] -- Up-to-date: /data/controller/install/atc_2_gazebo/share/atc_2_gazebo/environment/ament_prefix_path.dsv
[0.894s] -- Up-to-date: /data/controller/install/atc_2_gazebo/share/atc_2_gazebo/environment/path.sh
[0.894s] -- Up-to-date: /data/controller/install/atc_2_gazebo/share/atc_2_gazebo/environment/path.dsv
[0.894s] -- Up-to-date: /data/controller/install/atc_2_gazebo/share/atc_2_gazebo/local_setup.bash
[0.895s] -- Up-to-date: /data/controller/install/atc_2_gazebo/share/atc_2_gazebo/local_setup.sh
[0.895s] -- Up-to-date: /data/controller/install/atc_2_gazebo/share/atc_2_gazebo/local_setup.zsh
[0.896s] -- Up-to-date: /data/controller/install/atc_2_gazebo/share/atc_2_gazebo/local_setup.dsv
[0.896s] -- Installing: /data/controller/install/atc_2_gazebo/share/atc_2_gazebo/package.dsv
[0.896s] -- Up-to-date: /data/controller/install/atc_2_gazebo/share/ament_index/resource_index/packages/atc_2_gazebo
[0.896s] -- Up-to-date: /data/controller/install/atc_2_gazebo/share/atc_2_gazebo/cmake/atc_2_gazeboConfig.cmake
[0.896s] -- Up-to-date: /data/controller/install/atc_2_gazebo/share/atc_2_gazebo/cmake/atc_2_gazeboConfig-version.cmake
[0.897s] -- Up-to-date: /data/controller/install/atc_2_gazebo/share/atc_2_gazebo/package.xml
[0.902s] Invoked command in '/data/controller/build/atc_2_gazebo' returned '0': CMAKE_PREFIX_PATH=/opt/ros/foxy /usr/bin/cmake --install /data/controller/build/atc_2_gazebo
