[1.338s] DEBUG:colcon:Command line arguments: ['/usr/bin/colcon', 'build', '--symlink-install']
[1.338s] DEBUG:colcon:Parsed command line arguments: Namespace(ament_cmake_args=None, base_paths=['.'], build_base='build', catkin_cmake_args=None, catkin_skip_building_tests=False, cmake_args=None, cmake_clean_cache=False, cmake_clean_first=False, cmake_force_configure=False, cmake_target=None, cmake_target_skip_unavailable=False, continue_on_error=False, event_handlers=None, executor='parallel', ignore_user_meta=False, install_base='install', log_base=None, log_level=None, main=<bound method BuildVerb.main of <colcon_core.verb.build.BuildVerb object at 0x7f2a811c1ee0>>, merge_install=False, metas=['./colcon.meta'], packages_above=None, packages_above_and_dependencies=None, packages_above_depth=None, packages_end=None, packages_ignore=None, packages_ignore_regex=None, packages_select=None, packages_select_build_failed=False, packages_select_by_dep=None, packages_select_regex=None, packages_select_test_failures=False, packages_skip=None, packages_skip_build_finished=False, packages_skip_by_dep=None, packages_skip_regex=None, packages_skip_test_passed=False, packages_skip_up_to=None, packages_start=None, packages_up_to=None, packages_up_to_regex=None, parallel_workers=8, paths=None, symlink_install=True, test_result_base=None, verb_extension=<colcon_core.verb.build.BuildVerb object at 0x7f2a811c1ee0>, verb_name='build', verb_parser=<colcon_defaults.argument_parser.defaults.DefaultArgumentsDecorator object at 0x7f2a80e3d850>)
[1.408s] Level 1:colcon.colcon_core.package_discovery:discover_packages(colcon_meta) check parameters
[1.408s] Level 1:colcon.colcon_core.package_discovery:discover_packages(recursive) check parameters
[1.408s] Level 1:colcon.colcon_core.package_discovery:discover_packages(ignore) check parameters
[1.408s] Level 1:colcon.colcon_core.package_discovery:discover_packages(path) check parameters
[1.408s] Level 1:colcon.colcon_core.package_discovery:discover_packages(colcon_meta) discover
[1.408s] Level 1:colcon.colcon_core.package_discovery:discover_packages(recursive) discover
[1.408s] INFO:colcon.colcon_core.package_discovery:Crawling recursively for packages in '/data/workspace/src'
[1.408s] Level 1:colcon.colcon_core.package_identification:_identify(.) by extensions ['ignore', 'ignore_ament_install']
[1.408s] Level 1:colcon.colcon_core.package_identification:_identify(.) by extension 'ignore'
[1.408s] Level 1:colcon.colcon_core.package_identification:_identify(.) by extension 'ignore_ament_install'
[1.408s] Level 1:colcon.colcon_core.package_identification:_identify(.) by extensions ['colcon_pkg']
[1.408s] Level 1:colcon.colcon_core.package_identification:_identify(.) by extension 'colcon_pkg'
[1.408s] Level 1:colcon.colcon_core.package_identification:_identify(.) by extensions ['colcon_meta']
[1.408s] Level 1:colcon.colcon_core.package_identification:_identify(.) by extension 'colcon_meta'
[1.408s] Level 1:colcon.colcon_core.package_identification:_identify(.) by extensions ['ros']
[1.408s] Level 1:colcon.colcon_core.package_identification:_identify(.) by extension 'ros'
[1.418s] Level 1:colcon.colcon_core.package_identification:_identify(.) by extensions ['cmake', 'python']
[1.418s] Level 1:colcon.colcon_core.package_identification:_identify(.) by extension 'cmake'
[1.418s] Level 1:colcon.colcon_core.package_identification:_identify(.) by extension 'python'
[1.418s] Level 1:colcon.colcon_core.package_identification:_identify(.) by extensions ['python_setup_py']
[1.418s] Level 1:colcon.colcon_core.package_identification:_identify(.) by extension 'python_setup_py'
[1.418s] Level 1:colcon.colcon_core.package_identification:_identify(build) by extensions ['ignore', 'ignore_ament_install']
[1.418s] Level 1:colcon.colcon_core.package_identification:_identify(build) by extension 'ignore'
[1.418s] Level 1:colcon.colcon_core.package_identification:_identify(build) ignored
[1.418s] Level 1:colcon.colcon_core.package_identification:_identify(install) by extensions ['ignore', 'ignore_ament_install']
[1.418s] Level 1:colcon.colcon_core.package_identification:_identify(install) by extension 'ignore'
[1.418s] Level 1:colcon.colcon_core.package_identification:_identify(install) ignored
[1.418s] Level 1:colcon.colcon_core.package_identification:_identify(log) by extensions ['ignore', 'ignore_ament_install']
[1.419s] Level 1:colcon.colcon_core.package_identification:_identify(log) by extension 'ignore'
[1.419s] Level 1:colcon.colcon_core.package_identification:_identify(log) ignored
[1.419s] Level 1:colcon.colcon_core.package_identification:_identify(my_bot) by extensions ['ignore', 'ignore_ament_install']
[1.419s] Level 1:colcon.colcon_core.package_identification:_identify(my_bot) by extension 'ignore'
[1.419s] Level 1:colcon.colcon_core.package_identification:_identify(my_bot) by extension 'ignore_ament_install'
[1.419s] Level 1:colcon.colcon_core.package_identification:_identify(my_bot) by extensions ['colcon_pkg']
[1.419s] Level 1:colcon.colcon_core.package_identification:_identify(my_bot) by extension 'colcon_pkg'
[1.419s] Level 1:colcon.colcon_core.package_identification:_identify(my_bot) by extensions ['colcon_meta']
[1.419s] Level 1:colcon.colcon_core.package_identification:_identify(my_bot) by extension 'colcon_meta'
[1.419s] Level 1:colcon.colcon_core.package_identification:_identify(my_bot) by extensions ['ros']
[1.419s] Level 1:colcon.colcon_core.package_identification:_identify(my_bot) by extension 'ros'
[1.421s] DEBUG:colcon.colcon_core.package_identification:Package 'my_bot' with type 'ros.ament_cmake' and name 'my_bot'
[1.421s] Level 1:colcon.colcon_core.package_discovery:discover_packages(recursive) using defaults
[1.421s] Level 1:colcon.colcon_core.package_discovery:discover_packages(ignore) discover
[1.421s] Level 1:colcon.colcon_core.package_discovery:discover_packages(ignore) using defaults
[1.421s] Level 1:colcon.colcon_core.package_discovery:discover_packages(path) discover
[1.421s] Level 1:colcon.colcon_core.package_discovery:discover_packages(path) using defaults
[1.523s] Level 5:colcon.colcon_core.verb:set package 'my_bot' build argument 'cmake_args' from command line to 'None'
[1.523s] Level 5:colcon.colcon_core.verb:set package 'my_bot' build argument 'cmake_target' from command line to 'None'
[1.523s] Level 5:colcon.colcon_core.verb:set package 'my_bot' build argument 'cmake_target_skip_unavailable' from command line to 'False'
[1.523s] Level 5:colcon.colcon_core.verb:set package 'my_bot' build argument 'cmake_clean_cache' from command line to 'False'
[1.523s] Level 5:colcon.colcon_core.verb:set package 'my_bot' build argument 'cmake_clean_first' from command line to 'False'
[1.523s] Level 5:colcon.colcon_core.verb:set package 'my_bot' build argument 'cmake_force_configure' from command line to 'False'
[1.523s] Level 5:colcon.colcon_core.verb:set package 'my_bot' build argument 'ament_cmake_args' from command line to 'None'
[1.523s] Level 5:colcon.colcon_core.verb:set package 'my_bot' build argument 'catkin_cmake_args' from command line to 'None'
[1.523s] Level 5:colcon.colcon_core.verb:set package 'my_bot' build argument 'catkin_skip_building_tests' from command line to 'False'
[1.523s] DEBUG:colcon.colcon_core.verb:Building package 'my_bot' with the following arguments: {'ament_cmake_args': None, 'build_base': '/data/workspace/src/build/my_bot', 'catkin_cmake_args': None, 'catkin_skip_building_tests': False, 'cmake_args': None, 'cmake_clean_cache': False, 'cmake_clean_first': False, 'cmake_force_configure': False, 'cmake_target': None, 'cmake_target_skip_unavailable': False, 'install_base': '/data/workspace/src/install/my_bot', 'merge_install': False, 'path': '/data/workspace/src/my_bot', 'symlink_install': True, 'test_result_base': None}
[1.545s] INFO:colcon.colcon_core.executor:Executing jobs using 'parallel' executor
[1.569s] DEBUG:colcon.colcon_parallel_executor.executor.parallel:run_until_complete
[1.569s] INFO:colcon.colcon_ros.task.ament_cmake.build:Building ROS package in '/data/workspace/src/my_bot' with build type 'ament_cmake'
[1.569s] INFO:colcon.colcon_cmake.task.cmake.build:Building CMake package in '/data/workspace/src/my_bot'
[1.597s] INFO:colcon.colcon_core.plugin_system:Skipping extension 'colcon_core.shell.bat': Not used on non-Windows systems
[1.597s] INFO:colcon.colcon_core.shell:Skip shell extension 'powershell' for command environment: Not usable outside of PowerShell
[1.597s] DEBUG:colcon.colcon_core.shell:Skip shell extension 'dsv' for command environment
[1.624s] WARNING:colcon.colcon_core.prefix_path.colcon:The path '/ros2_ws/install' in the environment variable COLCON_PREFIX_PATH doesn't exist
[1.625s] WARNING:colcon.colcon_core.prefix_path.colcon:The path '/data/ros2_ws/install' in the environment variable COLCON_PREFIX_PATH doesn't exist
[1.625s] WARNING:colcon.colcon_ros.prefix_path.ament:The path '/ros2_ws/install/ros2controlcli' in the environment variable AMENT_PREFIX_PATH doesn't exist
[1.625s] WARNING:colcon.colcon_ros.prefix_path.ament:The path '/data/ros2_ws/install/ros2controlcli' in the environment variable AMENT_PREFIX_PATH doesn't exist
[1.625s] WARNING:colcon.colcon_ros.prefix_path.catkin:The path '/ros2_ws/install/transmission_interface' in the environment variable CMAKE_PREFIX_PATH doesn't exist
[1.625s] WARNING:colcon.colcon_ros.prefix_path.catkin:The path '/ros2_ws/install/gazebo_ros2_control_demos' in the environment variable CMAKE_PREFIX_PATH doesn't exist
[1.625s] WARNING:colcon.colcon_ros.prefix_path.catkin:The path '/ros2_ws/install/ros2_control' in the environment variable CMAKE_PREFIX_PATH doesn't exist
[1.625s] WARNING:colcon.colcon_ros.prefix_path.catkin:The path '/ros2_ws/install/gazebo_ros2_control' in the environment variable CMAKE_PREFIX_PATH doesn't exist
[1.625s] WARNING:colcon.colcon_ros.prefix_path.catkin:The path '/ros2_ws/install/controller_manager' in the environment variable CMAKE_PREFIX_PATH doesn't exist
[1.625s] WARNING:colcon.colcon_ros.prefix_path.catkin:The path '/ros2_ws/install/ros2_control_test_assets' in the environment variable CMAKE_PREFIX_PATH doesn't exist
[1.625s] WARNING:colcon.colcon_ros.prefix_path.catkin:The path '/ros2_ws/install/controller_interface' in the environment variable CMAKE_PREFIX_PATH doesn't exist
[1.625s] WARNING:colcon.colcon_ros.prefix_path.catkin:The path '/ros2_ws/install/hardware_interface' in the environment variable CMAKE_PREFIX_PATH doesn't exist
[1.625s] WARNING:colcon.colcon_ros.prefix_path.catkin:The path '/ros2_ws/install/controller_manager_msgs' in the environment variable CMAKE_PREFIX_PATH doesn't exist
[1.625s] WARNING:colcon.colcon_ros.prefix_path.catkin:The path '/ros2_ws/install/box_car_tutorials' in the environment variable CMAKE_PREFIX_PATH doesn't exist
[1.626s] WARNING:colcon.colcon_ros.prefix_path.catkin:The path '/ros2_ws/install/box_car_gazebo' in the environment variable CMAKE_PREFIX_PATH doesn't exist
[1.626s] WARNING:colcon.colcon_ros.prefix_path.catkin:The path '/ros2_ws/install/box_car_description' in the environment variable CMAKE_PREFIX_PATH doesn't exist
[1.626s] WARNING:colcon.colcon_ros.prefix_path.catkin:The path '/data/ros2_ws/install/transmission_interface' in the environment variable CMAKE_PREFIX_PATH doesn't exist
[1.626s] WARNING:colcon.colcon_ros.prefix_path.catkin:The path '/data/ros2_ws/install/gazebo_ros2_control_demos' in the environment variable CMAKE_PREFIX_PATH doesn't exist
[1.626s] WARNING:colcon.colcon_ros.prefix_path.catkin:The path '/data/ros2_ws/install/ros2_control' in the environment variable CMAKE_PREFIX_PATH doesn't exist
[1.626s] WARNING:colcon.colcon_ros.prefix_path.catkin:The path '/data/ros2_ws/install/gazebo_ros2_control' in the environment variable CMAKE_PREFIX_PATH doesn't exist
[1.626s] WARNING:colcon.colcon_ros.prefix_path.catkin:The path '/data/ros2_ws/install/controller_manager' in the environment variable CMAKE_PREFIX_PATH doesn't exist
[1.626s] WARNING:colcon.colcon_ros.prefix_path.catkin:The path '/data/ros2_ws/install/ros2_control_test_assets' in the environment variable CMAKE_PREFIX_PATH doesn't exist
[1.626s] WARNING:colcon.colcon_ros.prefix_path.catkin:The path '/data/ros2_ws/install/controller_interface' in the environment variable CMAKE_PREFIX_PATH doesn't exist
[1.626s] WARNING:colcon.colcon_ros.prefix_path.catkin:The path '/data/ros2_ws/install/hardware_interface' in the environment variable CMAKE_PREFIX_PATH doesn't exist
[1.626s] WARNING:colcon.colcon_ros.prefix_path.catkin:The path '/data/ros2_ws/install/controller_manager_msgs' in the environment variable CMAKE_PREFIX_PATH doesn't exist
[1.626s] WARNING:colcon.colcon_ros.prefix_path.catkin:The path '/data/ros2_ws/install/box_car_tutorials' in the environment variable CMAKE_PREFIX_PATH doesn't exist
[1.626s] WARNING:colcon.colcon_ros.prefix_path.catkin:The path '/data/ros2_ws/install/box_car_gazebo' in the environment variable CMAKE_PREFIX_PATH doesn't exist
[1.626s] WARNING:colcon.colcon_ros.prefix_path.catkin:The path '/data/ros2_ws/install/box_car_description' in the environment variable CMAKE_PREFIX_PATH doesn't exist
[1.716s] DEBUG:colcon.colcon_core.event_handler.log_command:Invoking command in '/data/workspace/src/build/my_bot': CMAKE_PREFIX_PATH=${CMAKE_PREFIX_PATH}:/ros2_ws/install/ros2controlcli:/data/ros2_ws/install/ros2controlcli:/opt/ros/foxy /usr/bin/cmake /data/workspace/src/my_bot -DAMENT_CMAKE_SYMLINK_INSTALL=1 -DCMAKE_INSTALL_PREFIX=/data/workspace/src/install/my_bot
[2.785s] DEBUG:colcon.colcon_core.event_handler.log_command:Invoked command in '/data/workspace/src/build/my_bot' returned '0': CMAKE_PREFIX_PATH=${CMAKE_PREFIX_PATH}:/ros2_ws/install/ros2controlcli:/data/ros2_ws/install/ros2controlcli:/opt/ros/foxy /usr/bin/cmake /data/workspace/src/my_bot -DAMENT_CMAKE_SYMLINK_INSTALL=1 -DCMAKE_INSTALL_PREFIX=/data/workspace/src/install/my_bot
[2.788s] DEBUG:colcon.colcon_core.event_handler.log_command:Invoking command in '/data/workspace/src/build/my_bot': CMAKE_PREFIX_PATH=${CMAKE_PREFIX_PATH}:/ros2_ws/install/ros2controlcli:/data/ros2_ws/install/ros2controlcli:/opt/ros/foxy /usr/bin/cmake --build /data/workspace/src/build/my_bot -- -j8 -l8
[2.848s] DEBUG:colcon.colcon_core.event_handler.log_command:Invoked command in '/data/workspace/src/build/my_bot' returned '0': CMAKE_PREFIX_PATH=${CMAKE_PREFIX_PATH}:/ros2_ws/install/ros2controlcli:/data/ros2_ws/install/ros2controlcli:/opt/ros/foxy /usr/bin/cmake --build /data/workspace/src/build/my_bot -- -j8 -l8
[2.905s] DEBUG:colcon.colcon_core.event_handler.log_command:Invoking command in '/data/workspace/src/build/my_bot': CMAKE_PREFIX_PATH=${CMAKE_PREFIX_PATH}:/ros2_ws/install/ros2controlcli:/data/ros2_ws/install/ros2controlcli:/opt/ros/foxy /usr/bin/cmake --install /data/workspace/src/build/my_bot
[3.208s] Level 1:colcon.colcon_core.environment:create_environment_scripts_only(my_bot)
[3.210s] DEBUG:colcon.colcon_core.event_handler.log_command:Invoked command in '/data/workspace/src/build/my_bot' returned '0': CMAKE_PREFIX_PATH=${CMAKE_PREFIX_PATH}:/ros2_ws/install/ros2controlcli:/data/ros2_ws/install/ros2controlcli:/opt/ros/foxy /usr/bin/cmake --install /data/workspace/src/build/my_bot
[3.237s] Level 1:colcon.colcon_core.environment:checking '/data/workspace/src/install/my_bot' for CMake module files
[3.238s] Level 1:colcon.colcon_core.environment:checking '/data/workspace/src/install/my_bot' for CMake config files
[3.238s] Level 1:colcon.colcon_core.shell:create_environment_hook('my_bot', 'cmake_prefix_path')
[3.261s] INFO:colcon.colcon_core.shell:Creating environment hook '/data/workspace/src/install/my_bot/share/my_bot/hook/cmake_prefix_path.ps1'
[3.262s] INFO:colcon.colcon_core.shell:Creating environment descriptor '/data/workspace/src/install/my_bot/share/my_bot/hook/cmake_prefix_path.dsv'
[3.263s] INFO:colcon.colcon_core.shell:Creating environment hook '/data/workspace/src/install/my_bot/share/my_bot/hook/cmake_prefix_path.sh'
[3.264s] Level 1:colcon.colcon_core.environment:checking '/data/workspace/src/install/my_bot/bin'
[3.264s] Level 1:colcon.colcon_core.environment:checking '/data/workspace/src/install/my_bot/lib/pkgconfig/my_bot.pc'
[3.265s] Level 1:colcon.colcon_core.environment:checking '/data/workspace/src/install/my_bot/lib/python3.8/site-packages'
[3.265s] Level 1:colcon.colcon_core.environment:checking '/data/workspace/src/install/my_bot/bin'
[3.289s] INFO:colcon.colcon_core.shell:Creating package script '/data/workspace/src/install/my_bot/share/my_bot/package.ps1'
[3.290s] INFO:colcon.colcon_core.shell:Creating package descriptor '/data/workspace/src/install/my_bot/share/my_bot/package.dsv'
[3.291s] INFO:colcon.colcon_core.shell:Creating package script '/data/workspace/src/install/my_bot/share/my_bot/package.sh'
[3.291s] INFO:colcon.colcon_core.shell:Creating package script '/data/workspace/src/install/my_bot/share/my_bot/package.bash'
[3.292s] INFO:colcon.colcon_core.shell:Creating package script '/data/workspace/src/install/my_bot/share/my_bot/package.zsh'
[3.293s] Level 1:colcon.colcon_core.environment:create_file_with_runtime_dependencies(/data/workspace/src/install/my_bot/share/colcon-core/packages/my_bot)
[3.357s] Level 1:colcon.colcon_core.environment:create_environment_scripts_only(my_bot)
[3.391s] Level 1:colcon.colcon_core.environment:checking '/data/workspace/src/install/my_bot' for CMake module files
[3.391s] Level 1:colcon.colcon_core.environment:checking '/data/workspace/src/install/my_bot' for CMake config files
[3.392s] Level 1:colcon.colcon_core.shell:create_environment_hook('my_bot', 'cmake_prefix_path')
[3.417s] INFO:colcon.colcon_core.shell:Creating environment hook '/data/workspace/src/install/my_bot/share/my_bot/hook/cmake_prefix_path.ps1'
[3.417s] INFO:colcon.colcon_core.shell:Creating environment descriptor '/data/workspace/src/install/my_bot/share/my_bot/hook/cmake_prefix_path.dsv'
[3.418s] INFO:colcon.colcon_core.shell:Creating environment hook '/data/workspace/src/install/my_bot/share/my_bot/hook/cmake_prefix_path.sh'
[3.418s] Level 1:colcon.colcon_core.environment:checking '/data/workspace/src/install/my_bot/bin'
[3.418s] Level 1:colcon.colcon_core.environment:checking '/data/workspace/src/install/my_bot/lib/pkgconfig/my_bot.pc'
[3.418s] Level 1:colcon.colcon_core.environment:checking '/data/workspace/src/install/my_bot/lib/python3.8/site-packages'
[3.419s] Level 1:colcon.colcon_core.environment:checking '/data/workspace/src/install/my_bot/bin'
[3.442s] INFO:colcon.colcon_core.shell:Creating package script '/data/workspace/src/install/my_bot/share/my_bot/package.ps1'
[3.443s] INFO:colcon.colcon_core.shell:Creating package descriptor '/data/workspace/src/install/my_bot/share/my_bot/package.dsv'
[3.443s] INFO:colcon.colcon_core.shell:Creating package script '/data/workspace/src/install/my_bot/share/my_bot/package.sh'
[3.443s] INFO:colcon.colcon_core.shell:Creating package script '/data/workspace/src/install/my_bot/share/my_bot/package.bash'
[3.444s] INFO:colcon.colcon_core.shell:Creating package script '/data/workspace/src/install/my_bot/share/my_bot/package.zsh'
[3.444s] Level 1:colcon.colcon_core.environment:create_file_with_runtime_dependencies(/data/workspace/src/install/my_bot/share/colcon-core/packages/my_bot)
[3.444s] DEBUG:colcon.colcon_parallel_executor.executor.parallel:closing loop
[3.445s] DEBUG:colcon.colcon_parallel_executor.executor.parallel:loop closed
[3.445s] DEBUG:colcon.colcon_parallel_executor.executor.parallel:run_until_complete finished with '0'
[3.445s] DEBUG:colcon.colcon_core.event_reactor:joining thread
[3.477s] INFO:colcon.colcon_core.plugin_system:Skipping extension 'colcon_notification.desktop_notification.notify_send': Could not find 'notify-send'
[3.477s] INFO:colcon.colcon_core.plugin_system:Skipping extension 'colcon_notification.desktop_notification.terminal_notifier': Not used on non-Darwin systems
[3.477s] INFO:colcon.colcon_core.plugin_system:Skipping extension 'colcon_notification.desktop_notification.win32': Not used on non-Windows systems
[3.478s] INFO:colcon.colcon_notification.desktop_notification:Sending desktop notification using 'notify2'
[3.480s] DEBUG:colcon.colcon_notification.desktop_notification.notify2:Failed to initialize notify2: org.freedesktop.DBus.Error.Spawn.ExecFailed: /usr/bin/dbus-launch terminated abnormally without any error message
[3.481s] DEBUG:colcon.colcon_core.event_reactor:joined thread
[3.505s] INFO:colcon.colcon_core.shell:Creating prefix script '/data/workspace/src/install/local_setup.ps1'
[3.506s] INFO:colcon.colcon_core.shell:Creating prefix util module '/data/workspace/src/install/_local_setup_util_ps1.py'
[3.507s] INFO:colcon.colcon_core.shell:Creating prefix chain script '/data/workspace/src/install/setup.ps1'
[3.533s] INFO:colcon.colcon_core.shell:Creating prefix script '/data/workspace/src/install/local_setup.sh'
[3.533s] INFO:colcon.colcon_core.shell:Creating prefix util module '/data/workspace/src/install/_local_setup_util_sh.py'
[3.534s] INFO:colcon.colcon_core.shell:Creating prefix chain script '/data/workspace/src/install/setup.sh'
[3.558s] INFO:colcon.colcon_core.shell:Creating prefix script '/data/workspace/src/install/local_setup.bash'
[3.558s] INFO:colcon.colcon_core.shell:Creating prefix chain script '/data/workspace/src/install/setup.bash'
[3.585s] INFO:colcon.colcon_core.shell:Creating prefix script '/data/workspace/src/install/local_setup.zsh'
[3.585s] INFO:colcon.colcon_core.shell:Creating prefix chain script '/data/workspace/src/install/setup.zsh'
