[1.139s] DEBUG:colcon:Command line arguments: ['/usr/bin/colcon', 'build']
[1.139s] DEBUG:colcon:Parsed command line arguments: Namespace(ament_cmake_args=None, base_paths=['.'], build_base='build', catkin_cmake_args=None, catkin_skip_building_tests=False, cmake_args=None, cmake_clean_cache=False, cmake_clean_first=False, cmake_force_configure=False, cmake_target=None, cmake_target_skip_unavailable=False, continue_on_error=False, event_handlers=None, executor='parallel', ignore_user_meta=False, install_base='install', log_base=None, log_level=None, main=<bound method BuildVerb.main of <colcon_core.verb.build.BuildVerb object at 0x7f72f4eead90>>, merge_install=False, metas=['./colcon.meta'], packages_above=None, packages_above_and_dependencies=None, packages_above_depth=None, packages_end=None, packages_ignore=None, packages_ignore_regex=None, packages_select=None, packages_select_build_failed=False, packages_select_by_dep=None, packages_select_regex=None, packages_select_test_failures=False, packages_skip=None, packages_skip_build_finished=False, packages_skip_by_dep=None, packages_skip_regex=None, packages_skip_test_passed=False, packages_skip_up_to=None, packages_start=None, packages_up_to=None, packages_up_to_regex=None, parallel_workers=8, paths=None, symlink_install=False, test_result_base=None, verb_extension=<colcon_core.verb.build.BuildVerb object at 0x7f72f4eead90>, verb_name='build', verb_parser=<colcon_defaults.argument_parser.defaults.DefaultArgumentsDecorator object at 0x7f72f4b582b0>)
[1.199s] Level 1:colcon.colcon_core.package_discovery:discover_packages(colcon_meta) check parameters
[1.199s] Level 1:colcon.colcon_core.package_discovery:discover_packages(recursive) check parameters
[1.199s] Level 1:colcon.colcon_core.package_discovery:discover_packages(ignore) check parameters
[1.199s] Level 1:colcon.colcon_core.package_discovery:discover_packages(path) check parameters
[1.199s] Level 1:colcon.colcon_core.package_discovery:discover_packages(colcon_meta) discover
[1.199s] Level 1:colcon.colcon_core.package_discovery:discover_packages(recursive) discover
[1.199s] INFO:colcon.colcon_core.package_discovery:Crawling recursively for packages in '/data/publisher/rcv_atc_orders_and_send_2_gazebo'
[1.199s] Level 1:colcon.colcon_core.package_identification:_identify(.) by extensions ['ignore', 'ignore_ament_install']
[1.199s] Level 1:colcon.colcon_core.package_identification:_identify(.) by extension 'ignore'
[1.199s] Level 1:colcon.colcon_core.package_identification:_identify(.) by extension 'ignore_ament_install'
[1.199s] Level 1:colcon.colcon_core.package_identification:_identify(.) by extensions ['colcon_pkg']
[1.199s] Level 1:colcon.colcon_core.package_identification:_identify(.) by extension 'colcon_pkg'
[1.199s] Level 1:colcon.colcon_core.package_identification:_identify(.) by extensions ['colcon_meta']
[1.200s] Level 1:colcon.colcon_core.package_identification:_identify(.) by extension 'colcon_meta'
[1.200s] Level 1:colcon.colcon_core.package_identification:_identify(.) by extensions ['ros']
[1.200s] Level 1:colcon.colcon_core.package_identification:_identify(.) by extension 'ros'
[1.209s] DEBUG:colcon.colcon_core.package_identification:Package '.' with type 'ros.ament_cmake' and name 'rcv_atc_orders_and_send_2_gazebo'
[1.209s] Level 1:colcon.colcon_core.package_discovery:discover_packages(recursive) using defaults
[1.209s] Level 1:colcon.colcon_core.package_discovery:discover_packages(ignore) discover
[1.209s] Level 1:colcon.colcon_core.package_discovery:discover_packages(ignore) using defaults
[1.210s] Level 1:colcon.colcon_core.package_discovery:discover_packages(path) discover
[1.210s] Level 1:colcon.colcon_core.package_discovery:discover_packages(path) using defaults
[1.314s] Level 5:colcon.colcon_core.verb:set package 'rcv_atc_orders_and_send_2_gazebo' build argument 'cmake_args' from command line to 'None'
[1.314s] Level 5:colcon.colcon_core.verb:set package 'rcv_atc_orders_and_send_2_gazebo' build argument 'cmake_target' from command line to 'None'
[1.314s] Level 5:colcon.colcon_core.verb:set package 'rcv_atc_orders_and_send_2_gazebo' build argument 'cmake_target_skip_unavailable' from command line to 'False'
[1.314s] Level 5:colcon.colcon_core.verb:set package 'rcv_atc_orders_and_send_2_gazebo' build argument 'cmake_clean_cache' from command line to 'False'
[1.314s] Level 5:colcon.colcon_core.verb:set package 'rcv_atc_orders_and_send_2_gazebo' build argument 'cmake_clean_first' from command line to 'False'
[1.314s] Level 5:colcon.colcon_core.verb:set package 'rcv_atc_orders_and_send_2_gazebo' build argument 'cmake_force_configure' from command line to 'False'
[1.314s] Level 5:colcon.colcon_core.verb:set package 'rcv_atc_orders_and_send_2_gazebo' build argument 'ament_cmake_args' from command line to 'None'
[1.314s] Level 5:colcon.colcon_core.verb:set package 'rcv_atc_orders_and_send_2_gazebo' build argument 'catkin_cmake_args' from command line to 'None'
[1.314s] Level 5:colcon.colcon_core.verb:set package 'rcv_atc_orders_and_send_2_gazebo' build argument 'catkin_skip_building_tests' from command line to 'False'
[1.314s] DEBUG:colcon.colcon_core.verb:Building package 'rcv_atc_orders_and_send_2_gazebo' with the following arguments: {'ament_cmake_args': None, 'build_base': '/data/publisher/rcv_atc_orders_and_send_2_gazebo/build/rcv_atc_orders_and_send_2_gazebo', 'catkin_cmake_args': None, 'catkin_skip_building_tests': False, 'cmake_args': None, 'cmake_clean_cache': False, 'cmake_clean_first': False, 'cmake_force_configure': False, 'cmake_target': None, 'cmake_target_skip_unavailable': False, 'install_base': '/data/publisher/rcv_atc_orders_and_send_2_gazebo/install/rcv_atc_orders_and_send_2_gazebo', 'merge_install': False, 'path': '/data/publisher/rcv_atc_orders_and_send_2_gazebo', 'symlink_install': False, 'test_result_base': None}
[1.335s] INFO:colcon.colcon_core.executor:Executing jobs using 'parallel' executor
[1.358s] DEBUG:colcon.colcon_parallel_executor.executor.parallel:run_until_complete
[1.358s] INFO:colcon.colcon_ros.task.ament_cmake.build:Building ROS package in '/data/publisher/rcv_atc_orders_and_send_2_gazebo' with build type 'ament_cmake'
[1.359s] INFO:colcon.colcon_cmake.task.cmake.build:Building CMake package in '/data/publisher/rcv_atc_orders_and_send_2_gazebo'
[1.383s] INFO:colcon.colcon_core.plugin_system:Skipping extension 'colcon_core.shell.bat': Not used on non-Windows systems
[1.383s] INFO:colcon.colcon_core.shell:Skip shell extension 'powershell' for command environment: Not usable outside of PowerShell
[1.383s] DEBUG:colcon.colcon_core.shell:Skip shell extension 'dsv' for command environment
[1.480s] DEBUG:colcon.colcon_core.event_handler.log_command:Invoking command in '/data/publisher/rcv_atc_orders_and_send_2_gazebo/build/rcv_atc_orders_and_send_2_gazebo': CMAKE_PREFIX_PATH=${CMAKE_PREFIX_PATH}:/opt/ros/foxy /usr/bin/cmake --build /data/publisher/rcv_atc_orders_and_send_2_gazebo/build/rcv_atc_orders_and_send_2_gazebo -- -j8 -l8
[8.034s] DEBUG:colcon.colcon_core.event_handler.log_command:Invoked command in '/data/publisher/rcv_atc_orders_and_send_2_gazebo/build/rcv_atc_orders_and_send_2_gazebo' returned '0': CMAKE_PREFIX_PATH=${CMAKE_PREFIX_PATH}:/opt/ros/foxy /usr/bin/cmake --build /data/publisher/rcv_atc_orders_and_send_2_gazebo/build/rcv_atc_orders_and_send_2_gazebo -- -j8 -l8
[8.114s] DEBUG:colcon.colcon_core.event_handler.log_command:Invoking command in '/data/publisher/rcv_atc_orders_and_send_2_gazebo/build/rcv_atc_orders_and_send_2_gazebo': CMAKE_PREFIX_PATH=${CMAKE_PREFIX_PATH}:/opt/ros/foxy /usr/bin/cmake --install /data/publisher/rcv_atc_orders_and_send_2_gazebo/build/rcv_atc_orders_and_send_2_gazebo
[8.145s] Level 1:colcon.colcon_core.environment:create_environment_scripts_only(rcv_atc_orders_and_send_2_gazebo)
[8.145s] DEBUG:colcon.colcon_core.event_handler.log_command:Invoked command in '/data/publisher/rcv_atc_orders_and_send_2_gazebo/build/rcv_atc_orders_and_send_2_gazebo' returned '0': CMAKE_PREFIX_PATH=${CMAKE_PREFIX_PATH}:/opt/ros/foxy /usr/bin/cmake --install /data/publisher/rcv_atc_orders_and_send_2_gazebo/build/rcv_atc_orders_and_send_2_gazebo
[8.193s] Level 1:colcon.colcon_core.environment:checking '/data/publisher/rcv_atc_orders_and_send_2_gazebo/install/rcv_atc_orders_and_send_2_gazebo' for CMake module files
[8.195s] Level 1:colcon.colcon_core.environment:checking '/data/publisher/rcv_atc_orders_and_send_2_gazebo/install/rcv_atc_orders_and_send_2_gazebo' for CMake config files
[8.195s] Level 1:colcon.colcon_core.shell:create_environment_hook('rcv_atc_orders_and_send_2_gazebo', 'cmake_prefix_path')
[8.241s] INFO:colcon.colcon_core.shell:Creating environment hook '/data/publisher/rcv_atc_orders_and_send_2_gazebo/install/rcv_atc_orders_and_send_2_gazebo/share/rcv_atc_orders_and_send_2_gazebo/hook/cmake_prefix_path.ps1'
[8.242s] INFO:colcon.colcon_core.shell:Creating environment descriptor '/data/publisher/rcv_atc_orders_and_send_2_gazebo/install/rcv_atc_orders_and_send_2_gazebo/share/rcv_atc_orders_and_send_2_gazebo/hook/cmake_prefix_path.dsv'
[8.242s] INFO:colcon.colcon_core.shell:Creating environment hook '/data/publisher/rcv_atc_orders_and_send_2_gazebo/install/rcv_atc_orders_and_send_2_gazebo/share/rcv_atc_orders_and_send_2_gazebo/hook/cmake_prefix_path.sh'
[8.244s] Level 1:colcon.colcon_core.environment:checking '/data/publisher/rcv_atc_orders_and_send_2_gazebo/install/rcv_atc_orders_and_send_2_gazebo/lib'
[8.244s] Level 1:colcon.colcon_core.environment:checking '/data/publisher/rcv_atc_orders_and_send_2_gazebo/install/rcv_atc_orders_and_send_2_gazebo/bin'
[8.244s] Level 1:colcon.colcon_core.environment:checking '/data/publisher/rcv_atc_orders_and_send_2_gazebo/install/rcv_atc_orders_and_send_2_gazebo/lib/pkgconfig/rcv_atc_orders_and_send_2_gazebo.pc'
[8.246s] Level 1:colcon.colcon_core.environment:checking '/data/publisher/rcv_atc_orders_and_send_2_gazebo/install/rcv_atc_orders_and_send_2_gazebo/lib/python3.8/site-packages'
[8.246s] Level 1:colcon.colcon_core.environment:checking '/data/publisher/rcv_atc_orders_and_send_2_gazebo/install/rcv_atc_orders_and_send_2_gazebo/bin'
[8.283s] INFO:colcon.colcon_core.shell:Creating package script '/data/publisher/rcv_atc_orders_and_send_2_gazebo/install/rcv_atc_orders_and_send_2_gazebo/share/rcv_atc_orders_and_send_2_gazebo/package.ps1'
[8.285s] INFO:colcon.colcon_core.shell:Creating package descriptor '/data/publisher/rcv_atc_orders_and_send_2_gazebo/install/rcv_atc_orders_and_send_2_gazebo/share/rcv_atc_orders_and_send_2_gazebo/package.dsv'
[8.286s] INFO:colcon.colcon_core.shell:Creating package script '/data/publisher/rcv_atc_orders_and_send_2_gazebo/install/rcv_atc_orders_and_send_2_gazebo/share/rcv_atc_orders_and_send_2_gazebo/package.sh'
[8.288s] INFO:colcon.colcon_core.shell:Creating package script '/data/publisher/rcv_atc_orders_and_send_2_gazebo/install/rcv_atc_orders_and_send_2_gazebo/share/rcv_atc_orders_and_send_2_gazebo/package.bash'
[8.291s] INFO:colcon.colcon_core.shell:Creating package script '/data/publisher/rcv_atc_orders_and_send_2_gazebo/install/rcv_atc_orders_and_send_2_gazebo/share/rcv_atc_orders_and_send_2_gazebo/package.zsh'
[8.292s] Level 1:colcon.colcon_core.environment:create_file_with_runtime_dependencies(/data/publisher/rcv_atc_orders_and_send_2_gazebo/install/rcv_atc_orders_and_send_2_gazebo/share/colcon-core/packages/rcv_atc_orders_and_send_2_gazebo)
[8.376s] Level 1:colcon.colcon_core.environment:create_environment_scripts_only(rcv_atc_orders_and_send_2_gazebo)
[8.410s] Level 1:colcon.colcon_core.environment:checking '/data/publisher/rcv_atc_orders_and_send_2_gazebo/install/rcv_atc_orders_and_send_2_gazebo' for CMake module files
[8.411s] Level 1:colcon.colcon_core.environment:checking '/data/publisher/rcv_atc_orders_and_send_2_gazebo/install/rcv_atc_orders_and_send_2_gazebo' for CMake config files
[8.411s] Level 1:colcon.colcon_core.shell:create_environment_hook('rcv_atc_orders_and_send_2_gazebo', 'cmake_prefix_path')
[8.499s] INFO:colcon.colcon_core.shell:Creating environment hook '/data/publisher/rcv_atc_orders_and_send_2_gazebo/install/rcv_atc_orders_and_send_2_gazebo/share/rcv_atc_orders_and_send_2_gazebo/hook/cmake_prefix_path.ps1'
[8.502s] INFO:colcon.colcon_core.shell:Creating environment descriptor '/data/publisher/rcv_atc_orders_and_send_2_gazebo/install/rcv_atc_orders_and_send_2_gazebo/share/rcv_atc_orders_and_send_2_gazebo/hook/cmake_prefix_path.dsv'
[8.504s] INFO:colcon.colcon_core.shell:Creating environment hook '/data/publisher/rcv_atc_orders_and_send_2_gazebo/install/rcv_atc_orders_and_send_2_gazebo/share/rcv_atc_orders_and_send_2_gazebo/hook/cmake_prefix_path.sh'
[8.507s] Level 1:colcon.colcon_core.environment:checking '/data/publisher/rcv_atc_orders_and_send_2_gazebo/install/rcv_atc_orders_and_send_2_gazebo/lib'
[8.507s] Level 1:colcon.colcon_core.environment:checking '/data/publisher/rcv_atc_orders_and_send_2_gazebo/install/rcv_atc_orders_and_send_2_gazebo/bin'
[8.507s] Level 1:colcon.colcon_core.environment:checking '/data/publisher/rcv_atc_orders_and_send_2_gazebo/install/rcv_atc_orders_and_send_2_gazebo/lib/pkgconfig/rcv_atc_orders_and_send_2_gazebo.pc'
[8.508s] Level 1:colcon.colcon_core.environment:checking '/data/publisher/rcv_atc_orders_and_send_2_gazebo/install/rcv_atc_orders_and_send_2_gazebo/lib/python3.8/site-packages'
[8.508s] Level 1:colcon.colcon_core.environment:checking '/data/publisher/rcv_atc_orders_and_send_2_gazebo/install/rcv_atc_orders_and_send_2_gazebo/bin'
[8.551s] INFO:colcon.colcon_core.shell:Creating package script '/data/publisher/rcv_atc_orders_and_send_2_gazebo/install/rcv_atc_orders_and_send_2_gazebo/share/rcv_atc_orders_and_send_2_gazebo/package.ps1'
[8.553s] INFO:colcon.colcon_core.shell:Creating package descriptor '/data/publisher/rcv_atc_orders_and_send_2_gazebo/install/rcv_atc_orders_and_send_2_gazebo/share/rcv_atc_orders_and_send_2_gazebo/package.dsv'
[8.555s] INFO:colcon.colcon_core.shell:Creating package script '/data/publisher/rcv_atc_orders_and_send_2_gazebo/install/rcv_atc_orders_and_send_2_gazebo/share/rcv_atc_orders_and_send_2_gazebo/package.sh'
[8.557s] INFO:colcon.colcon_core.shell:Creating package script '/data/publisher/rcv_atc_orders_and_send_2_gazebo/install/rcv_atc_orders_and_send_2_gazebo/share/rcv_atc_orders_and_send_2_gazebo/package.bash'
[8.558s] INFO:colcon.colcon_core.shell:Creating package script '/data/publisher/rcv_atc_orders_and_send_2_gazebo/install/rcv_atc_orders_and_send_2_gazebo/share/rcv_atc_orders_and_send_2_gazebo/package.zsh'
[8.559s] Level 1:colcon.colcon_core.environment:create_file_with_runtime_dependencies(/data/publisher/rcv_atc_orders_and_send_2_gazebo/install/rcv_atc_orders_and_send_2_gazebo/share/colcon-core/packages/rcv_atc_orders_and_send_2_gazebo)
[8.559s] DEBUG:colcon.colcon_parallel_executor.executor.parallel:closing loop
[8.560s] DEBUG:colcon.colcon_parallel_executor.executor.parallel:loop closed
[8.560s] DEBUG:colcon.colcon_parallel_executor.executor.parallel:run_until_complete finished with '0'
[8.560s] DEBUG:colcon.colcon_core.event_reactor:joining thread
[8.610s] INFO:colcon.colcon_core.plugin_system:Skipping extension 'colcon_notification.desktop_notification.notify_send': Could not find 'notify-send'
[8.610s] INFO:colcon.colcon_core.plugin_system:Skipping extension 'colcon_notification.desktop_notification.terminal_notifier': Not used on non-Darwin systems
[8.610s] INFO:colcon.colcon_core.plugin_system:Skipping extension 'colcon_notification.desktop_notification.win32': Not used on non-Windows systems
[8.610s] INFO:colcon.colcon_notification.desktop_notification:Sending desktop notification using 'notify2'
[8.613s] DEBUG:colcon.colcon_notification.desktop_notification.notify2:Failed to initialize notify2: org.freedesktop.DBus.Error.Spawn.ExecFailed: /usr/bin/dbus-launch terminated abnormally without any error message
[8.614s] DEBUG:colcon.colcon_core.event_reactor:joined thread
[8.651s] INFO:colcon.colcon_core.shell:Creating prefix script '/data/publisher/rcv_atc_orders_and_send_2_gazebo/install/local_setup.ps1'
[8.653s] INFO:colcon.colcon_core.shell:Creating prefix util module '/data/publisher/rcv_atc_orders_and_send_2_gazebo/install/_local_setup_util_ps1.py'
[8.656s] INFO:colcon.colcon_core.shell:Creating prefix chain script '/data/publisher/rcv_atc_orders_and_send_2_gazebo/install/setup.ps1'
[8.696s] INFO:colcon.colcon_core.shell:Creating prefix script '/data/publisher/rcv_atc_orders_and_send_2_gazebo/install/local_setup.sh'
[8.697s] INFO:colcon.colcon_core.shell:Creating prefix util module '/data/publisher/rcv_atc_orders_and_send_2_gazebo/install/_local_setup_util_sh.py'
[8.698s] INFO:colcon.colcon_core.shell:Creating prefix chain script '/data/publisher/rcv_atc_orders_and_send_2_gazebo/install/setup.sh'
[8.735s] INFO:colcon.colcon_core.shell:Creating prefix script '/data/publisher/rcv_atc_orders_and_send_2_gazebo/install/local_setup.bash'
[8.735s] INFO:colcon.colcon_core.shell:Creating prefix chain script '/data/publisher/rcv_atc_orders_and_send_2_gazebo/install/setup.bash'
[8.774s] INFO:colcon.colcon_core.shell:Creating prefix script '/data/publisher/rcv_atc_orders_and_send_2_gazebo/install/local_setup.zsh'
[8.775s] INFO:colcon.colcon_core.shell:Creating prefix chain script '/data/publisher/rcv_atc_orders_and_send_2_gazebo/install/setup.zsh'
