[1.059s] Invoking command in '/data/controller/py_hand_gesture_publisher': PYTHONPATH=/data/controller/build/py_hand_gesture_publisher/prefix_override:/data/controller/install/py_hand_gesture_publisher/lib/python3.8/site-packages:${PYTHONPATH} /usr/bin/python3 setup.py egg_info --egg-base ../build/py_hand_gesture_publisher build --build-base /data/controller/build/py_hand_gesture_publisher/build install --record /data/controller/build/py_hand_gesture_publisher/install.log --install-scripts $base/lib/py_hand_gesture_publisher --single-version-externally-managed
[1.263s] running egg_info
[1.264s] writing ../build/py_hand_gesture_publisher/py_hand_gesture_publisher.egg-info/PKG-INFO
[1.264s] writing dependency_links to ../build/py_hand_gesture_publisher/py_hand_gesture_publisher.egg-info/dependency_links.txt
[1.264s] writing entry points to ../build/py_hand_gesture_publisher/py_hand_gesture_publisher.egg-info/entry_points.txt
[1.265s] writing requirements to ../build/py_hand_gesture_publisher/py_hand_gesture_publisher.egg-info/requires.txt
[1.265s] writing top-level names to ../build/py_hand_gesture_publisher/py_hand_gesture_publisher.egg-info/top_level.txt
[1.300s] reading manifest file '../build/py_hand_gesture_publisher/py_hand_gesture_publisher.egg-info/SOURCES.txt'
[1.300s] writing manifest file '../build/py_hand_gesture_publisher/py_hand_gesture_publisher.egg-info/SOURCES.txt'
[1.300s] running build
[1.300s] running build_py
[1.300s] copying py_hand_gesture_publisher/py_hand_gesture_publisher.py -> /data/controller/build/py_hand_gesture_publisher/build/lib/py_hand_gesture_publisher
[1.301s] running install
[1.302s] running install_lib
[1.303s] copying /data/controller/build/py_hand_gesture_publisher/build/lib/py_hand_gesture_publisher/py_hand_gesture_publisher.py -> /data/controller/install/py_hand_gesture_publisher/lib/python3.8/site-packages/py_hand_gesture_publisher
[1.304s] byte-compiling /data/controller/install/py_hand_gesture_publisher/lib/python3.8/site-packages/py_hand_gesture_publisher/py_hand_gesture_publisher.py to py_hand_gesture_publisher.cpython-38.pyc
[1.307s] running install_data
[1.308s] running install_egg_info
[1.311s] removing '/data/controller/install/py_hand_gesture_publisher/lib/python3.8/site-packages/py_hand_gesture_publisher-0.0.0-py3.8.egg-info' (and everything under it)
[1.311s] Copying ../build/py_hand_gesture_publisher/py_hand_gesture_publisher.egg-info to /data/controller/install/py_hand_gesture_publisher/lib/python3.8/site-packages/py_hand_gesture_publisher-0.0.0-py3.8.egg-info
[1.313s] running install_scripts
[1.329s] Installing atc_publisher script to /data/controller/install/py_hand_gesture_publisher/lib/py_hand_gesture_publisher
[1.329s] writing list of installed files to '/data/controller/build/py_hand_gesture_publisher/install.log'
[1.365s] Invoked command in '/data/controller/py_hand_gesture_publisher' returned '0': PYTHONPATH=/data/controller/build/py_hand_gesture_publisher/prefix_override:/data/controller/install/py_hand_gesture_publisher/lib/python3.8/site-packages:${PYTHONPATH} /usr/bin/python3 setup.py egg_info --egg-base ../build/py_hand_gesture_publisher build --build-base /data/controller/build/py_hand_gesture_publisher/build install --record /data/controller/build/py_hand_gesture_publisher/install.log --install-scripts $base/lib/py_hand_gesture_publisher --single-version-externally-managed
