[0.087s] Invoking command in '/data/workspace/build/my_bot': CMAKE_PREFIX_PATH=/opt/ros/foxy /usr/bin/cmake --build /data/workspace/build/my_bot -- -j8 -l8
[0.136s] Invoked command in '/data/workspace/build/my_bot' returned '0': CMAKE_PREFIX_PATH=/opt/ros/foxy /usr/bin/cmake --build /data/workspace/build/my_bot -- -j8 -l8
[0.179s] Invoking command in '/data/workspace/build/my_bot': CMAKE_PREFIX_PATH=/opt/ros/foxy /usr/bin/cmake --install /data/workspace/build/my_bot
[0.189s] -- Install configuration: ""
[0.189s] -- Execute custom install script
[0.189s] -- Up-to-date symlink: /data/workspace/install/my_bot/share/my_bot/config/empty.yaml
[0.190s] -- Symlinking: /data/workspace/install/my_bot/share/my_bot/description/gazebo_control.xacro
[0.200s] -- Up-to-date symlink: /data/workspace/install/my_bot/share/my_bot/description/inertial_macros.xacro
[0.200s] -- Up-to-date symlink: /data/workspace/install/my_bot/share/my_bot/description/robot.urdf.xacro
[0.201s] -- Up-to-date symlink: /data/workspace/install/my_bot/share/my_bot/description/robot_core.xacro
[0.201s] -- Up-to-date symlink: /data/workspace/install/my_bot/share/my_bot/launch/launch_sim.launch.py
[0.201s] -- Up-to-date symlink: /data/workspace/install/my_bot/share/my_bot/launch/rsp.launch.py
[0.202s] -- Up-to-date symlink: /data/workspace/install/my_bot/share/my_bot/worlds/empty.world
[0.202s] -- Up-to-date symlink: /data/workspace/install/my_bot/share/ament_index/resource_index/package_run_dependencies/my_bot
[0.202s] -- Up-to-date symlink: /data/workspace/install/my_bot/share/ament_index/resource_index/parent_prefix_path/my_bot
[0.203s] -- Up-to-date symlink: /data/workspace/install/my_bot/share/my_bot/environment/ament_prefix_path.sh
[0.203s] -- Up-to-date symlink: /data/workspace/install/my_bot/share/my_bot/environment/ament_prefix_path.dsv
[0.203s] -- Up-to-date symlink: /data/workspace/install/my_bot/share/my_bot/environment/path.sh
[0.203s] -- Up-to-date symlink: /data/workspace/install/my_bot/share/my_bot/environment/path.dsv
[0.204s] -- Up-to-date symlink: /data/workspace/install/my_bot/share/my_bot/local_setup.bash
[0.204s] -- Up-to-date symlink: /data/workspace/install/my_bot/share/my_bot/local_setup.sh
[0.204s] -- Up-to-date symlink: /data/workspace/install/my_bot/share/my_bot/local_setup.zsh
[0.204s] -- Up-to-date symlink: /data/workspace/install/my_bot/share/my_bot/local_setup.dsv
[0.205s] -- Symlinking: /data/workspace/install/my_bot/share/my_bot/package.dsv
[0.215s] -- Up-to-date symlink: /data/workspace/install/my_bot/share/ament_index/resource_index/packages/my_bot
[0.216s] -- Up-to-date symlink: /data/workspace/install/my_bot/share/my_bot/cmake/my_botConfig.cmake
[0.216s] -- Up-to-date symlink: /data/workspace/install/my_bot/share/my_bot/cmake/my_botConfig-version.cmake
[0.216s] -- Up-to-date symlink: /data/workspace/install/my_bot/share/my_bot/package.xml
[0.218s] Invoked command in '/data/workspace/build/my_bot' returned '0': CMAKE_PREFIX_PATH=/opt/ros/foxy /usr/bin/cmake --install /data/workspace/build/my_bot
