[0.154s] Invoking command in '/data/controller/build/atc_2_gazebo': CMAKE_PREFIX_PATH=/opt/ros/foxy /usr/bin/cmake --build /data/controller/build/atc_2_gazebo -- -j8 -l8
[0.213s] [100%] Built target atc_2_gazebo
[0.381s] Invoked command in '/data/controller/build/atc_2_gazebo' returned '0': CMAKE_PREFIX_PATH=/opt/ros/foxy /usr/bin/cmake --build /data/controller/build/atc_2_gazebo -- -j8 -l8
[0.410s] Invoking command in '/data/controller/build/atc_2_gazebo': CMAKE_PREFIX_PATH=/opt/ros/foxy /usr/bin/cmake --install /data/controller/build/atc_2_gazebo
[0.419s] -- Install configuration: ""
[0.419s] -- Up-to-date: /data/controller/install/atc_2_gazebo/lib/atc_2_gazebo/atc_2_gazebo
[0.419s] -- Up-to-date: /data/controller/install/atc_2_gazebo/share/ament_index/resource_index/package_run_dependencies/atc_2_gazebo
[0.420s] -- Up-to-date: /data/controller/install/atc_2_gazebo/share/ament_index/resource_index/parent_prefix_path/atc_2_gazebo
[0.420s] -- Up-to-date: /data/controller/install/atc_2_gazebo/share/atc_2_gazebo/environment/ament_prefix_path.sh
[0.420s] -- Up-to-date: /data/controller/install/atc_2_gazebo/share/atc_2_gazebo/environment/ament_prefix_path.dsv
[0.420s] -- Up-to-date: /data/controller/install/atc_2_gazebo/share/atc_2_gazebo/environment/path.sh
[0.420s] -- Up-to-date: /data/controller/install/atc_2_gazebo/share/atc_2_gazebo/environment/path.dsv
[0.420s] -- Up-to-date: /data/controller/install/atc_2_gazebo/share/atc_2_gazebo/local_setup.bash
[0.420s] -- Up-to-date: /data/controller/install/atc_2_gazebo/share/atc_2_gazebo/local_setup.sh
[0.420s] -- Up-to-date: /data/controller/install/atc_2_gazebo/share/atc_2_gazebo/local_setup.zsh
[0.420s] -- Up-to-date: /data/controller/install/atc_2_gazebo/share/atc_2_gazebo/local_setup.dsv
[0.420s] -- Installing: /data/controller/install/atc_2_gazebo/share/atc_2_gazebo/package.dsv
[0.421s] -- Up-to-date: /data/controller/install/atc_2_gazebo/share/ament_index/resource_index/packages/atc_2_gazebo
[0.421s] -- Up-to-date: /data/controller/install/atc_2_gazebo/share/atc_2_gazebo/cmake/atc_2_gazeboConfig.cmake
[0.421s] -- Up-to-date: /data/controller/install/atc_2_gazebo/share/atc_2_gazebo/cmake/atc_2_gazeboConfig-version.cmake
[0.421s] -- Up-to-date: /data/controller/install/atc_2_gazebo/share/atc_2_gazebo/package.xml
[0.423s] Invoked command in '/data/controller/build/atc_2_gazebo' returned '0': CMAKE_PREFIX_PATH=/opt/ros/foxy /usr/bin/cmake --install /data/controller/build/atc_2_gazebo
