[0.262s] DEBUG:colcon:Command line arguments: ['/usr/bin/colcon', 'build']
[0.262s] DEBUG:colcon:Parsed command line arguments: Namespace(ament_cmake_args=None, base_paths=['.'], build_base='build', catkin_cmake_args=None, catkin_skip_building_tests=False, cmake_args=None, cmake_clean_cache=False, cmake_clean_first=False, cmake_force_configure=False, cmake_target=None, cmake_target_skip_unavailable=False, continue_on_error=False, event_handlers=None, executor='parallel', ignore_user_meta=False, install_base='install', log_base=None, log_level=None, main=<bound method BuildVerb.main of <colcon_core.verb.build.BuildVerb object at 0x7fe8137dcfd0>>, merge_install=False, metas=['./colcon.meta'], packages_above=None, packages_above_and_dependencies=None, packages_above_depth=None, packages_end=None, packages_ignore=None, packages_ignore_regex=None, packages_select=None, packages_select_build_failed=False, packages_select_by_dep=None, packages_select_regex=None, packages_select_test_failures=False, packages_skip=None, packages_skip_build_finished=False, packages_skip_by_dep=None, packages_skip_regex=None, packages_skip_test_passed=False, packages_skip_up_to=None, packages_start=None, packages_up_to=None, packages_up_to_regex=None, parallel_workers=12, paths=None, symlink_install=False, test_result_base=None, verb_extension=<colcon_core.verb.build.BuildVerb object at 0x7fe8137dcfd0>, verb_name='build', verb_parser=<colcon_defaults.argument_parser.defaults.DefaultArgumentsDecorator object at 0x7fe8137e6520>)
[0.286s] Level 1:colcon.colcon_core.package_discovery:discover_packages(colcon_meta) check parameters
[0.287s] Level 1:colcon.colcon_core.package_discovery:discover_packages(recursive) check parameters
[0.287s] Level 1:colcon.colcon_core.package_discovery:discover_packages(ignore) check parameters
[0.287s] Level 1:colcon.colcon_core.package_discovery:discover_packages(path) check parameters
[0.287s] Level 1:colcon.colcon_core.package_discovery:discover_packages(colcon_meta) discover
[0.287s] Level 1:colcon.colcon_core.package_discovery:discover_packages(recursive) discover
[0.287s] INFO:colcon.colcon_core.package_discovery:Crawling recursively for packages in '/data/controller'
[0.287s] Level 1:colcon.colcon_core.package_identification:_identify(.) by extensions ['ignore', 'ignore_ament_install']
[0.287s] Level 1:colcon.colcon_core.package_identification:_identify(.) by extension 'ignore'
[0.287s] Level 1:colcon.colcon_core.package_identification:_identify(.) by extension 'ignore_ament_install'
[0.287s] Level 1:colcon.colcon_core.package_identification:_identify(.) by extensions ['colcon_pkg']
[0.287s] Level 1:colcon.colcon_core.package_identification:_identify(.) by extension 'colcon_pkg'
[0.287s] Level 1:colcon.colcon_core.package_identification:_identify(.) by extensions ['colcon_meta']
[0.287s] Level 1:colcon.colcon_core.package_identification:_identify(.) by extension 'colcon_meta'
[0.287s] Level 1:colcon.colcon_core.package_identification:_identify(.) by extensions ['ros']
[0.287s] Level 1:colcon.colcon_core.package_identification:_identify(.) by extension 'ros'
[0.297s] Level 1:colcon.colcon_core.package_identification:_identify(.) by extensions ['cmake', 'python']
[0.297s] Level 1:colcon.colcon_core.package_identification:_identify(.) by extension 'cmake'
[0.297s] Level 1:colcon.colcon_core.package_identification:_identify(.) by extension 'python'
[0.297s] Level 1:colcon.colcon_core.package_identification:_identify(.) by extensions ['python_setup_py']
[0.297s] Level 1:colcon.colcon_core.package_identification:_identify(.) by extension 'python_setup_py'
[0.297s] Level 1:colcon.colcon_core.package_identification:_identify(build) by extensions ['ignore', 'ignore_ament_install']
[0.297s] Level 1:colcon.colcon_core.package_identification:_identify(build) by extension 'ignore'
[0.297s] Level 1:colcon.colcon_core.package_identification:_identify(build) ignored
[0.297s] Level 1:colcon.colcon_core.package_identification:_identify(install) by extensions ['ignore', 'ignore_ament_install']
[0.297s] Level 1:colcon.colcon_core.package_identification:_identify(install) by extension 'ignore'
[0.297s] Level 1:colcon.colcon_core.package_identification:_identify(install) ignored
[0.298s] Level 1:colcon.colcon_core.package_identification:_identify(log) by extensions ['ignore', 'ignore_ament_install']
[0.298s] Level 1:colcon.colcon_core.package_identification:_identify(log) by extension 'ignore'
[0.298s] Level 1:colcon.colcon_core.package_identification:_identify(log) ignored
[0.298s] Level 1:colcon.colcon_core.package_identification:_identify(py_hand_gesture_publisher) by extensions ['ignore', 'ignore_ament_install']
[0.298s] Level 1:colcon.colcon_core.package_identification:_identify(py_hand_gesture_publisher) by extension 'ignore'
[0.298s] Level 1:colcon.colcon_core.package_identification:_identify(py_hand_gesture_publisher) by extension 'ignore_ament_install'
[0.298s] Level 1:colcon.colcon_core.package_identification:_identify(py_hand_gesture_publisher) by extensions ['colcon_pkg']
[0.298s] Level 1:colcon.colcon_core.package_identification:_identify(py_hand_gesture_publisher) by extension 'colcon_pkg'
[0.298s] Level 1:colcon.colcon_core.package_identification:_identify(py_hand_gesture_publisher) by extensions ['colcon_meta']
[0.298s] Level 1:colcon.colcon_core.package_identification:_identify(py_hand_gesture_publisher) by extension 'colcon_meta'
[0.298s] Level 1:colcon.colcon_core.package_identification:_identify(py_hand_gesture_publisher) by extensions ['ros']
[0.298s] Level 1:colcon.colcon_core.package_identification:_identify(py_hand_gesture_publisher) by extension 'ros'
[0.300s] DEBUG:colcon.colcon_core.package_identification:Package 'py_hand_gesture_publisher' with type 'ros.ament_python' and name 'py_hand_gesture_publisher'
[0.301s] Level 1:colcon.colcon_core.package_identification:_identify(rcv_atc_orders_and_send_2_gazebo) by extensions ['ignore', 'ignore_ament_install']
[0.301s] Level 1:colcon.colcon_core.package_identification:_identify(rcv_atc_orders_and_send_2_gazebo) by extension 'ignore'
[0.301s] Level 1:colcon.colcon_core.package_identification:_identify(rcv_atc_orders_and_send_2_gazebo) by extension 'ignore_ament_install'
[0.301s] Level 1:colcon.colcon_core.package_identification:_identify(rcv_atc_orders_and_send_2_gazebo) by extensions ['colcon_pkg']
[0.301s] Level 1:colcon.colcon_core.package_identification:_identify(rcv_atc_orders_and_send_2_gazebo) by extension 'colcon_pkg'
[0.301s] Level 1:colcon.colcon_core.package_identification:_identify(rcv_atc_orders_and_send_2_gazebo) by extensions ['colcon_meta']
[0.301s] Level 1:colcon.colcon_core.package_identification:_identify(rcv_atc_orders_and_send_2_gazebo) by extension 'colcon_meta'
[0.301s] Level 1:colcon.colcon_core.package_identification:_identify(rcv_atc_orders_and_send_2_gazebo) by extensions ['ros']
[0.301s] Level 1:colcon.colcon_core.package_identification:_identify(rcv_atc_orders_and_send_2_gazebo) by extension 'ros'
[0.302s] DEBUG:colcon.colcon_core.package_identification:Package 'rcv_atc_orders_and_send_2_gazebo' with type 'ros.ament_cmake' and name 'rcv_atc_orders_and_send_2_gazebo'
[0.302s] Level 1:colcon.colcon_core.package_discovery:discover_packages(recursive) using defaults
[0.304s] Level 1:colcon.colcon_core.package_discovery:discover_packages(ignore) discover
[0.304s] Level 1:colcon.colcon_core.package_discovery:discover_packages(ignore) using defaults
[0.304s] Level 1:colcon.colcon_core.package_discovery:discover_packages(path) discover
[0.304s] Level 1:colcon.colcon_core.package_discovery:discover_packages(path) using defaults
[0.334s] Level 5:colcon.colcon_core.verb:set package 'py_hand_gesture_publisher' build argument 'cmake_args' from command line to 'None'
[0.334s] Level 5:colcon.colcon_core.verb:set package 'py_hand_gesture_publisher' build argument 'cmake_target' from command line to 'None'
[0.334s] Level 5:colcon.colcon_core.verb:set package 'py_hand_gesture_publisher' build argument 'cmake_target_skip_unavailable' from command line to 'False'
[0.334s] Level 5:colcon.colcon_core.verb:set package 'py_hand_gesture_publisher' build argument 'cmake_clean_cache' from command line to 'False'
[0.334s] Level 5:colcon.colcon_core.verb:set package 'py_hand_gesture_publisher' build argument 'cmake_clean_first' from command line to 'False'
[0.334s] Level 5:colcon.colcon_core.verb:set package 'py_hand_gesture_publisher' build argument 'cmake_force_configure' from command line to 'False'
[0.334s] Level 5:colcon.colcon_core.verb:set package 'py_hand_gesture_publisher' build argument 'ament_cmake_args' from command line to 'None'
[0.334s] Level 5:colcon.colcon_core.verb:set package 'py_hand_gesture_publisher' build argument 'catkin_cmake_args' from command line to 'None'
[0.334s] Level 5:colcon.colcon_core.verb:set package 'py_hand_gesture_publisher' build argument 'catkin_skip_building_tests' from command line to 'False'
[0.334s] DEBUG:colcon.colcon_core.verb:Building package 'py_hand_gesture_publisher' with the following arguments: {'ament_cmake_args': None, 'build_base': '/data/controller/build/py_hand_gesture_publisher', 'catkin_cmake_args': None, 'catkin_skip_building_tests': False, 'cmake_args': None, 'cmake_clean_cache': False, 'cmake_clean_first': False, 'cmake_force_configure': False, 'cmake_target': None, 'cmake_target_skip_unavailable': False, 'install_base': '/data/controller/install/py_hand_gesture_publisher', 'merge_install': False, 'path': '/data/controller/py_hand_gesture_publisher', 'symlink_install': False, 'test_result_base': None}
[0.335s] Level 5:colcon.colcon_core.verb:set package 'rcv_atc_orders_and_send_2_gazebo' build argument 'cmake_args' from command line to 'None'
[0.335s] Level 5:colcon.colcon_core.verb:set package 'rcv_atc_orders_and_send_2_gazebo' build argument 'cmake_target' from command line to 'None'
[0.335s] Level 5:colcon.colcon_core.verb:set package 'rcv_atc_orders_and_send_2_gazebo' build argument 'cmake_target_skip_unavailable' from command line to 'False'
[0.335s] Level 5:colcon.colcon_core.verb:set package 'rcv_atc_orders_and_send_2_gazebo' build argument 'cmake_clean_cache' from command line to 'False'
[0.335s] Level 5:colcon.colcon_core.verb:set package 'rcv_atc_orders_and_send_2_gazebo' build argument 'cmake_clean_first' from command line to 'False'
[0.335s] Level 5:colcon.colcon_core.verb:set package 'rcv_atc_orders_and_send_2_gazebo' build argument 'cmake_force_configure' from command line to 'False'
[0.335s] Level 5:colcon.colcon_core.verb:set package 'rcv_atc_orders_and_send_2_gazebo' build argument 'ament_cmake_args' from command line to 'None'
[0.335s] Level 5:colcon.colcon_core.verb:set package 'rcv_atc_orders_and_send_2_gazebo' build argument 'catkin_cmake_args' from command line to 'None'
[0.335s] Level 5:colcon.colcon_core.verb:set package 'rcv_atc_orders_and_send_2_gazebo' build argument 'catkin_skip_building_tests' from command line to 'False'
[0.335s] DEBUG:colcon.colcon_core.verb:Building package 'rcv_atc_orders_and_send_2_gazebo' with the following arguments: {'ament_cmake_args': None, 'build_base': '/data/controller/build/rcv_atc_orders_and_send_2_gazebo', 'catkin_cmake_args': None, 'catkin_skip_building_tests': False, 'cmake_args': None, 'cmake_clean_cache': False, 'cmake_clean_first': False, 'cmake_force_configure': False, 'cmake_target': None, 'cmake_target_skip_unavailable': False, 'install_base': '/data/controller/install/rcv_atc_orders_and_send_2_gazebo', 'merge_install': False, 'path': '/data/controller/rcv_atc_orders_and_send_2_gazebo', 'symlink_install': False, 'test_result_base': None}
[0.336s] INFO:colcon.colcon_core.executor:Executing jobs using 'parallel' executor
[0.339s] DEBUG:colcon.colcon_parallel_executor.executor.parallel:run_until_complete
[0.340s] INFO:colcon.colcon_ros.task.ament_python.build:Building ROS package in '/data/controller/py_hand_gesture_publisher' with build type 'ament_python'
[0.340s] Level 1:colcon.colcon_core.shell:create_environment_hook('py_hand_gesture_publisher', 'ament_prefix_path')
[0.344s] INFO:colcon.colcon_core.plugin_system:Skipping extension 'colcon_core.shell.bat': Not used on non-Windows systems
[0.344s] INFO:colcon.colcon_core.shell:Creating environment hook '/data/controller/install/py_hand_gesture_publisher/share/py_hand_gesture_publisher/hook/ament_prefix_path.ps1'
[0.345s] INFO:colcon.colcon_core.shell:Creating environment descriptor '/data/controller/install/py_hand_gesture_publisher/share/py_hand_gesture_publisher/hook/ament_prefix_path.dsv'
[0.345s] INFO:colcon.colcon_core.shell:Creating environment hook '/data/controller/install/py_hand_gesture_publisher/share/py_hand_gesture_publisher/hook/ament_prefix_path.sh'
[0.347s] INFO:colcon.colcon_core.shell:Skip shell extension 'powershell' for command environment: Not usable outside of PowerShell
[0.347s] DEBUG:colcon.colcon_core.shell:Skip shell extension 'dsv' for command environment
[0.355s] INFO:colcon.colcon_ros.task.ament_cmake.build:Building ROS package in '/data/controller/rcv_atc_orders_and_send_2_gazebo' with build type 'ament_cmake'
[0.355s] INFO:colcon.colcon_cmake.task.cmake.build:Building CMake package in '/data/controller/rcv_atc_orders_and_send_2_gazebo'
[0.356s] INFO:colcon.colcon_core.shell:Skip shell extension 'powershell' for command environment: Not usable outside of PowerShell
[0.356s] DEBUG:colcon.colcon_core.shell:Skip shell extension 'dsv' for command environment
[0.561s] INFO:colcon.colcon_core.task.python.build:Building Python package in '/data/controller/py_hand_gesture_publisher'
[0.563s] INFO:colcon.colcon_core.shell:Skip shell extension 'powershell' for command environment: Not usable outside of PowerShell
[0.563s] DEBUG:colcon.colcon_core.shell:Skip shell extension 'dsv' for command environment
[0.579s] DEBUG:colcon.colcon_core.event_handler.log_command:Invoking command in '/data/controller/build/rcv_atc_orders_and_send_2_gazebo': CMAKE_PREFIX_PATH=/opt/ros/foxy /usr/bin/cmake --build /data/controller/build/rcv_atc_orders_and_send_2_gazebo -- -j12 -l12
[0.614s] DEBUG:colcon.colcon_core.event_handler.log_command:Invoked command in '/data/controller/build/rcv_atc_orders_and_send_2_gazebo' returned '2': CMAKE_PREFIX_PATH=/opt/ros/foxy /usr/bin/cmake --build /data/controller/build/rcv_atc_orders_and_send_2_gazebo -- -j12 -l12
[0.656s] Level 1:colcon.colcon_core.environment:create_environment_scripts_only(rcv_atc_orders_and_send_2_gazebo)
[0.660s] Level 1:colcon.colcon_core.environment:checking '/data/controller/install/rcv_atc_orders_and_send_2_gazebo' for CMake module files
[0.661s] Level 1:colcon.colcon_core.environment:checking '/data/controller/install/rcv_atc_orders_and_send_2_gazebo' for CMake config files
[0.661s] Level 1:colcon.colcon_core.shell:create_environment_hook('rcv_atc_orders_and_send_2_gazebo', 'cmake_prefix_path')
[0.662s] INFO:colcon.colcon_core.shell:Creating environment hook '/data/controller/install/rcv_atc_orders_and_send_2_gazebo/share/rcv_atc_orders_and_send_2_gazebo/hook/cmake_prefix_path.ps1'
[0.663s] INFO:colcon.colcon_core.shell:Creating environment descriptor '/data/controller/install/rcv_atc_orders_and_send_2_gazebo/share/rcv_atc_orders_and_send_2_gazebo/hook/cmake_prefix_path.dsv'
[0.663s] INFO:colcon.colcon_core.shell:Creating environment hook '/data/controller/install/rcv_atc_orders_and_send_2_gazebo/share/rcv_atc_orders_and_send_2_gazebo/hook/cmake_prefix_path.sh'
[0.664s] Level 1:colcon.colcon_core.environment:checking '/data/controller/install/rcv_atc_orders_and_send_2_gazebo/lib'
[0.664s] Level 1:colcon.colcon_core.environment:checking '/data/controller/install/rcv_atc_orders_and_send_2_gazebo/bin'
[0.664s] Level 1:colcon.colcon_core.environment:checking '/data/controller/install/rcv_atc_orders_and_send_2_gazebo/lib/pkgconfig/rcv_atc_orders_and_send_2_gazebo.pc'
[0.665s] Level 1:colcon.colcon_core.environment:checking '/data/controller/install/rcv_atc_orders_and_send_2_gazebo/lib/python3.8/site-packages'
[0.665s] Level 1:colcon.colcon_core.environment:checking '/data/controller/install/rcv_atc_orders_and_send_2_gazebo/bin'
[0.666s] INFO:colcon.colcon_core.shell:Creating package script '/data/controller/install/rcv_atc_orders_and_send_2_gazebo/share/rcv_atc_orders_and_send_2_gazebo/package.ps1'
[0.667s] INFO:colcon.colcon_core.shell:Creating package descriptor '/data/controller/install/rcv_atc_orders_and_send_2_gazebo/share/rcv_atc_orders_and_send_2_gazebo/package.dsv'
[0.668s] INFO:colcon.colcon_core.shell:Creating package script '/data/controller/install/rcv_atc_orders_and_send_2_gazebo/share/rcv_atc_orders_and_send_2_gazebo/package.sh'
[0.668s] INFO:colcon.colcon_core.shell:Creating package script '/data/controller/install/rcv_atc_orders_and_send_2_gazebo/share/rcv_atc_orders_and_send_2_gazebo/package.bash'
[0.669s] INFO:colcon.colcon_core.shell:Creating package script '/data/controller/install/rcv_atc_orders_and_send_2_gazebo/share/rcv_atc_orders_and_send_2_gazebo/package.zsh'
[0.670s] Level 1:colcon.colcon_core.environment:create_file_with_runtime_dependencies(/data/controller/install/rcv_atc_orders_and_send_2_gazebo/share/colcon-core/packages/rcv_atc_orders_and_send_2_gazebo)
[0.966s] DEBUG:colcon.colcon_parallel_executor.executor.parallel:closing loop
[0.966s] DEBUG:colcon.colcon_parallel_executor.executor.parallel:loop closed
[0.967s] DEBUG:colcon.colcon_parallel_executor.executor.parallel:run_until_complete finished with '2'
[0.967s] DEBUG:colcon.colcon_core.event_reactor:joining thread
[0.974s] INFO:colcon.colcon_core.plugin_system:Skipping extension 'colcon_notification.desktop_notification.notify_send': Could not find 'notify-send'
[0.975s] INFO:colcon.colcon_core.plugin_system:Skipping extension 'colcon_notification.desktop_notification.terminal_notifier': Not used on non-Darwin systems
[0.975s] INFO:colcon.colcon_core.plugin_system:Skipping extension 'colcon_notification.desktop_notification.win32': Not used on non-Windows systems
[0.975s] INFO:colcon.colcon_notification.desktop_notification:Sending desktop notification using 'notify2'
[0.980s] DEBUG:colcon.colcon_notification.desktop_notification.notify2:Failed to initialize notify2: org.freedesktop.DBus.Error.Spawn.ExecFailed: /usr/bin/dbus-launch terminated abnormally without any error message
[0.980s] DEBUG:colcon.colcon_core.event_reactor:joined thread
[0.982s] INFO:colcon.colcon_core.shell:Creating prefix script '/data/controller/install/local_setup.ps1'
[0.983s] INFO:colcon.colcon_core.shell:Creating prefix util module '/data/controller/install/_local_setup_util_ps1.py'
[0.984s] INFO:colcon.colcon_core.shell:Creating prefix chain script '/data/controller/install/setup.ps1'
[0.985s] INFO:colcon.colcon_core.shell:Creating prefix script '/data/controller/install/local_setup.sh'
[0.986s] INFO:colcon.colcon_core.shell:Creating prefix util module '/data/controller/install/_local_setup_util_sh.py'
[0.986s] INFO:colcon.colcon_core.shell:Creating prefix chain script '/data/controller/install/setup.sh'
[0.987s] INFO:colcon.colcon_core.shell:Creating prefix script '/data/controller/install/local_setup.bash'
[0.988s] INFO:colcon.colcon_core.shell:Creating prefix chain script '/data/controller/install/setup.bash'
[0.989s] INFO:colcon.colcon_core.shell:Creating prefix script '/data/controller/install/local_setup.zsh'
[0.989s] INFO:colcon.colcon_core.shell:Creating prefix chain script '/data/controller/install/setup.zsh'
