\BOOKMARK [0][-]{section*.5}{\376\377\000L\000i\000s\000t\000\040\000o\000f\000\040\000F\000i\000g\000u\000r\000e\000s}{}% 1
\BOOKMARK [0][-]{section*.7}{\376\377\000L\000i\000s\000t\000\040\000o\000f\000\040\000T\000a\000b\000l\000e\000s}{}% 2
\BOOKMARK [0][-]{section*.9}{\376\377\000L\000i\000s\000t\000\040\000o\000f\000\040\000A\000l\000g\000o\000r\000i\000t\000h\000m\000s}{}% 3
\BOOKMARK [0][-]{section*.11}{\376\377\000L\000i\000s\000t\000\040\000o\000f\000\040\000A\000b\000b\000r\000e\000v\000i\000a\000t\000i\000o\000n\000s}{}% 4
\BOOKMARK [0][-]{section*.13}{\376\377\000L\000i\000s\000t\000\040\000o\000f\000\040\000A\000c\000r\000o\000n\000y\000m\000s}{}% 5
\BOOKMARK [0][-]{chapter.16}{\376\377\000I\000n\000t\000r\000o\000d\000u\000c\000t\000i\000o\000n}{}% 6
\BOOKMARK [1][-]{section.19}{\376\377\000P\000r\000o\000b\000l\000e\000m\000\040\000A\000n\000a\000l\000y\000s\000i\000s}{chapter.16}% 7
\BOOKMARK [1][-]{section.20}{\376\377\000M\000o\000t\000i\000v\000a\000t\000i\000o\000n}{chapter.16}% 8
\BOOKMARK [1][-]{section.21}{\376\377\000O\000b\000j\000e\000c\000t\000i\000v\000e\000s}{chapter.16}% 9
\BOOKMARK [0][-]{chapter.22}{\376\377\000S\000t\000a\000t\000e\000\040\000o\000f\000\040\000t\000h\000e\000\040\000A\000r\000t}{}% 10
\BOOKMARK [1][-]{section.23}{\376\377\000U\000n\000m\000a\000n\000n\000e\000d\000\040\000A\000e\000r\000i\000a\000l\000\040\000V\000e\000h\000i\000c\000l\000e}{chapter.22}% 11
\BOOKMARK [2][-]{subsection.25}{\376\377\000P\000r\000o\000p\000e\000l\000l\000e\000r\000\040\000F\000u\000n\000d\000a\000m\000e\000n\000t\000a\000l\000s}{section.23}% 12
\BOOKMARK [2][-]{subsection.27}{\376\377\000F\000i\000x\000e\000d\000\040\000P\000i\000t\000c\000h\000\040\000P\000r\000o\000p\000r\000o\000t\000o\000r\000s}{section.23}% 13
\BOOKMARK [2][-]{subsection.29}{\376\377\000V\000a\000r\000i\000a\000b\000l\000e\000\040\000P\000i\000t\000c\000h\000\040\000P\000r\000o\000p\000r\000o\000t\000o\000r\000s}{section.23}% 14
\BOOKMARK [3][-]{section*.31}{\376\377\000H\000y\000d\000r\000a\000u\000l\000i\000c\000\040\000M\000e\000t\000h\000o\000d}{subsection.29}% 15
\BOOKMARK [3][-]{section*.34}{\376\377\000C\000e\000n\000t\000r\000i\000f\000u\000g\000a\000l\000\040\000M\000e\000t\000h\000o\000d}{subsection.29}% 16
\BOOKMARK [3][-]{section*.35}{\376\377\000E\000l\000e\000c\000t\000r\000o\000m\000e\000c\000h\000a\000n\000i\000c\000a\000l\000\040\000M\000e\000t\000h\000o\000d}{subsection.29}% 17
\BOOKMARK [0][-]{chapter.37}{\376\377\000T\000e\000c\000h\000n\000o\000l\000o\000g\000i\000e\000s}{}% 18
\BOOKMARK [1][-]{section.38}{\376\377\000B\000a\000t\000t\000e\000r\000y\000\040\000M\000o\000d\000u\000l\000e}{chapter.37}% 19
\BOOKMARK [2][-]{subsection.39}{\376\377\000L\000i\000t\000h\000i\000u\000m}{section.38}% 20
\BOOKMARK [2][-]{subsection.41}{\376\377\000N\000i\000c\000k\000e\000l}{section.38}% 21
\BOOKMARK [2][-]{subsection.43}{\376\377\000L\000e\000a\000d\000-\000a\000c\000i\000d}{section.38}% 22
\BOOKMARK [2][-]{subsection.45}{\376\377\000A\000l\000k\000a\000l\000i\000n\000e}{section.38}% 23
\BOOKMARK [2][-]{subsection.47}{\376\377\000B\000a\000t\000t\000e\000r\000y\000\040\000T\000e\000c\000h\000n\000o\000l\000o\000g\000i\000e\000s\000\040\000C\000o\000m\000p\000a\000r\000i\000s\000o\000n}{section.38}% 24
\BOOKMARK [1][-]{section.49}{\376\377\000E\000x\000t\000e\000r\000n\000a\000l\000\040\000M\000e\000m\000o\000r\000y\000\040\000a\000n\000d\000\040\000S\000t\000o\000r\000a\000g\000e\000\040\000U\000n\000i\000t\000s}{chapter.37}% 25
\BOOKMARK [2][-]{subsection.50}{\376\377\000S\000D\000\040\000c\000a\000r\000d}{section.49}% 26
\BOOKMARK [2][-]{subsection.51}{\376\377\000E\000E\000P\000R\000O\000M}{section.49}% 27
\BOOKMARK [2][-]{subsection.52}{\376\377\000F\000R\000A\000M}{section.49}% 28
\BOOKMARK [2][-]{subsection.53}{\376\377\000e\000M\000M\000C}{section.49}% 29
\BOOKMARK [2][-]{subsection.54}{\376\377\000D\000r\000i\000v\000e\000s}{section.49}% 30
\BOOKMARK [2][-]{subsection.55}{\376\377\000E\000x\000t\000e\000r\000n\000a\000l\000\040\000M\000e\000m\000o\000r\000y\000\040\000T\000e\000c\000h\000n\000o\000l\000o\000g\000i\000e\000s\000\040\000C\000o\000m\000p\000a\000r\000i\000s\000o\000n}{section.49}% 31
\BOOKMARK [1][-]{section.57}{\376\377\000C\000o\000n\000t\000r\000o\000l\000\040\000S\000y\000s\000t\000e\000m}{chapter.37}% 32
\BOOKMARK [2][-]{subsection.58}{\376\377\000M\000i\000c\000r\000o\000c\000o\000n\000t\000r\000o\000l\000l\000e\000r}{section.57}% 33
\BOOKMARK [2][-]{subsection.59}{\376\377\000M\000i\000c\000r\000o\000p\000r\000o\000c\000e\000s\000s\000o\000r\000s}{section.57}% 34
\BOOKMARK [2][-]{subsection.60}{\376\377\000F\000P\000G\000A}{section.57}% 35
\BOOKMARK [2][-]{subsection.61}{\376\377\000C\000o\000n\000t\000r\000o\000l\000\040\000U\000n\000i\000t\000s\000\040\000T\000e\000c\000h\000n\000o\000l\000o\000g\000i\000e\000s\000\040\000C\000o\000m\000p\000a\000r\000i\000s\000o\000n}{section.57}% 36
\BOOKMARK [1][-]{section.63}{\376\377\000F\000i\000r\000m\000w\000a\000r\000e}{chapter.37}% 37
\BOOKMARK [2][-]{subsection.64}{\376\377\000P\000r\000o\000g\000r\000a\000m\000m\000i\000n\000g\000\040\000l\000a\000n\000g\000u\000a\000g\000e\000s}{section.63}% 38
\BOOKMARK [3][-]{section*.65}{\376\377\000C}{subsection.64}% 39
\BOOKMARK [3][-]{section*.66}{\376\377\000A\000s\000s\000e\000m\000b\000l\000y}{subsection.64}% 40
\BOOKMARK [3][-]{section*.67}{\376\377\000C\000+\000+}{subsection.64}% 41
\BOOKMARK [3][-]{section*.68}{\376\377\000R\000u\000s\000t}{subsection.64}% 42
\BOOKMARK [3][-]{section*.69}{\376\377\000M\000i\000c\000r\000o\000P\000y\000t\000h\000o\000n}{subsection.64}% 43
\BOOKMARK [3][-]{section*.70}{\376\377\000P\000r\000o\000g\000r\000a\000m\000m\000i\000n\000g\000\040\000l\000a\000n\000g\000u\000a\000g\000e\000s\000\040\000C\000o\000m\000p\000a\000r\000i\000s\000o\000n}{subsection.64}% 44
\BOOKMARK [2][-]{subsection.72}{\376\377\000R\000e\000a\000l\000-\000t\000i\000m\000e\000\040\000O\000p\000e\000r\000a\000t\000i\000n\000g\000\040\000S\000y\000s\000t\000e\000m\000s}{section.63}% 45
\BOOKMARK [3][-]{section*.73}{\376\377\000F\000r\000e\000e\000R\000T\000O\000S}{subsection.72}% 46
\BOOKMARK [3][-]{section*.75}{\376\377\000N\000u\000t\000t\000X}{subsection.72}% 47
\BOOKMARK [3][-]{section*.77}{\376\377\000Z\000e\000p\000h\000y\000r}{subsection.72}% 48
\BOOKMARK [3][-]{section*.79}{\376\377\000R\000T\000O\000S\000\040\000C\000o\000m\000p\000a\000r\000i\000s\000o\000n}{subsection.72}% 49
\BOOKMARK [2][-]{subsection.81}{\376\377\000O\000v\000e\000r\000a\000l\000l\000\040\000A\000n\000a\000l\000y\000s\000e\000s}{section.63}% 50
\BOOKMARK [1][-]{section.82}{\376\377\000W\000i\000r\000e\000l\000e\000s\000s\000\040\000C\000o\000m\000m\000u\000n\000i\000c\000a\000t\000i\000o\000n}{chapter.37}% 51
\BOOKMARK [2][-]{subsection.83}{\376\377\000W\000i\000F\000i}{section.82}% 52
\BOOKMARK [2][-]{subsection.86}{\376\377\000B\000l\000u\000e\000t\000o\000o\000t\000h}{section.82}% 53
\BOOKMARK [2][-]{subsection.88}{\376\377\000Z\000i\000g\000b\000e\000e}{section.82}% 54
\BOOKMARK [2][-]{subsection.89}{\376\377\000L\000o\000R\000a\000W\000A\000N}{section.82}% 55
\BOOKMARK [2][-]{subsection.92}{\376\377\000W\000i\000r\000e\000l\000e\000s\000s\000\040\000C\000o\000m\000m\000u\000n\000i\000c\000a\000t\000i\000o\000n\000\040\000T\000e\000c\000h\000n\000o\000l\000o\000g\000i\000e\000s\000\040\000C\000o\000m\000p\000a\000r\000i\000s\000o\000n}{section.82}% 56
\BOOKMARK [0][-]{chapter.94}{\376\377\000P\000r\000o\000p\000o\000s\000e\000d\000\040\000A\000p\000p\000r\000o\000a\000c\000h}{}% 57
\BOOKMARK [1][-]{section.95}{\376\377\000C\000o\000n\000c\000e\000p\000t}{chapter.94}% 58
\BOOKMARK [1][-]{section.96}{\376\377\000R\000e\000q\000u\000i\000r\000e\000m\000e\000n\000t\000s}{chapter.94}% 59
\BOOKMARK [1][-]{section.112}{\376\377\000S\000y\000s\000t\000e\000m\000\040\000A\000r\000c\000h\000i\000t\000e\000c\000t\000u\000r\000e}{chapter.94}% 60
\BOOKMARK [2][-]{subsection.114}{\376\377\000M\000a\000i\000n\000\040\000D\000e\000v\000i\000c\000e}{section.112}% 61
\BOOKMARK [2][-]{subsection.115}{\376\377\000S\000e\000c\000o\000n\000d\000a\000r\000y\000\040\000D\000e\000v\000i\000c\000e}{section.112}% 62
\BOOKMARK [1][-]{section.116}{\376\377\000S\000y\000s\000t\000e\000m\000\040\000B\000e\000h\000a\000v\000i\000o\000r}{chapter.94}% 63
\BOOKMARK [2][-]{subsection.118}{\376\377\000M\000a\000i\000n\000\040\000D\000e\000v\000i\000c\000e\000\040\000U\000n\000i\000t\000\040\000B\000e\000h\000a\000v\000i\000o\000r}{section.116}% 64
\BOOKMARK [3][-]{section*.119}{\376\377\000P\000r\000e\000p\000a\000r\000e\000\040\000T\000a\000s\000k}{subsection.118}% 65
\BOOKMARK [3][-]{section*.120}{\376\377\000M\000i\000s\000s\000i\000o\000n\000\040\000T\000a\000s\000k}{subsection.118}% 66
\BOOKMARK [3][-]{section*.121}{\376\377\000E\000r\000r\000o\000r\000\040\000T\000a\000s\000k}{subsection.118}% 67
\BOOKMARK [3][-]{section*.122}{\376\377\000S\000h\000u\000t\000d\000o\000w\000n\000\040\000T\000a\000s\000k}{subsection.118}% 68
\BOOKMARK [2][-]{subsection.123}{\376\377\000S\000e\000c\000o\000n\000d\000a\000r\000y\000\040\000D\000e\000v\000i\000c\000e\000\040\000U\000n\000i\000t\000\040\000B\000e\000h\000a\000v\000i\000o\000r}{section.116}% 69
\BOOKMARK [3][-]{section*.124}{\376\377\000P\000r\000e\000p\000a\000r\000e\000\040\000T\000a\000s\000k}{subsection.123}% 70
\BOOKMARK [3][-]{section*.125}{\376\377\000M\000i\000s\000s\000i\000o\000n\000\040\000T\000a\000s\000k}{subsection.123}% 71
\BOOKMARK [3][-]{section*.126}{\376\377\000E\000r\000r\000o\000r\000\040\000T\000a\000s\000k}{subsection.123}% 72
\BOOKMARK [3][-]{section*.127}{\376\377\000S\000h\000u\000t\000d\000o\000w\000n\000\040\000T\000a\000s\000k}{subsection.123}% 73
\BOOKMARK [0][-]{chapter.128}{\376\377\000D\000e\000v\000e\000l\000o\000p\000m\000e\000n\000t\000\040\000P\000l\000a\000n}{}% 74
\BOOKMARK [1][-]{section.129}{\376\377\000R\000e\000s\000e\000a\000r\000c\000h\000\040\000A\000p\000p\000r\000o\000a\000c\000h}{chapter.128}% 75
\BOOKMARK [1][-]{section.130}{\376\377\000E\000v\000a\000l\000u\000a\000t\000i\000o\000n}{chapter.128}% 76
\BOOKMARK [1][-]{section.131}{\376\377\000T\000i\000m\000e\000l\000i\000n\000e}{chapter.128}% 77
\BOOKMARK [0][-]{chapter*.134}{\376\377\000B\000i\000b\000l\000i\000o\000g\000r\000a\000p\000h\000y}{}% 78
\BOOKMARK [0][-]{appendix.135}{\376\377\000M\000a\000i\000n\000\040\000D\000e\000v\000i\000c\000e\000\040\000F\000l\000o\000w\000\040\000C\000h\000a\000r\000t\000\040\000-\000\040\000P\000r\000e\000p\000a\000r\000e\000\040\000T\000a\000s\000k}{}% 79
\BOOKMARK [0][-]{appendix.137}{\376\377\000M\000a\000i\000n\000\040\000D\000e\000v\000i\000c\000e\000\040\000F\000l\000o\000w\000\040\000C\000h\000a\000r\000t\000\040\000-\000\040\000M\000i\000s\000s\000i\000o\000n\000\040\000T\000a\000s\000k}{}% 80
\BOOKMARK [0][-]{appendix.139}{\376\377\000M\000a\000i\000n\000\040\000D\000e\000v\000i\000c\000e\000\040\000F\000l\000o\000w\000\040\000C\000h\000a\000r\000t\000\040\000-\000\040\000E\000r\000r\000o\000r\000\040\000T\000a\000s\000k}{}% 81
\BOOKMARK [0][-]{appendix.141}{\376\377\000M\000a\000i\000n\000\040\000D\000e\000v\000i\000c\000e\000\040\000F\000l\000o\000w\000\040\000C\000h\000a\000r\000t\000\040\000-\000\040\000S\000h\000u\000t\000d\000o\000w\000n\000\040\000T\000a\000s\000k}{}% 82
\BOOKMARK [0][-]{appendix.143}{\376\377\000S\000e\000c\000o\000n\000d\000a\000r\000y\000\040\000D\000e\000v\000i\000c\000e\000s\000\040\000F\000l\000o\000w\000\040\000C\000h\000a\000r\000t\000\040\000-\000\040\000P\000r\000e\000p\000a\000r\000e\000\040\000T\000a\000s\000k}{}% 83
\BOOKMARK [0][-]{appendix.145}{\376\377\000S\000e\000c\000o\000n\000d\000a\000r\000y\000\040\000D\000e\000v\000i\000c\000e\000s\000\040\000F\000l\000o\000w\000\040\000C\000h\000a\000r\000t\000\040\000-\000\040\000M\000i\000s\000s\000i\000o\000n\000\040\000T\000a\000s\000k}{}% 84
\BOOKMARK [0][-]{appendix.147}{\376\377\000S\000e\000c\000o\000n\000d\000a\000r\000y\000\040\000D\000e\000v\000i\000c\000e\000s\000\040\000F\000l\000o\000w\000\040\000C\000h\000a\000r\000t\000\040\000-\000\040\000E\000r\000r\000o\000r\000\040\000T\000a\000s\000k}{}% 85
\BOOKMARK [0][-]{appendix.149}{\376\377\000S\000e\000c\000o\000n\000d\000a\000r\000y\000\040\000D\000e\000v\000i\000c\000e\000s\000\040\000F\000l\000o\000w\000\040\000C\000h\000a\000r\000t\000\040\000-\000\040\000S\000h\000u\000t\000d\000o\000w\000n\000\040\000T\000a\000s\000k}{}% 86
