[0.120s] Invoking command in '/data/controller/build/atc_2_gazebo': CMAKE_PREFIX_PATH=${CMAKE_PREFIX_PATH}:/data/controller/install/py_hand_gesture_publisher:/opt/ros/foxy /usr/bin/cmake --build /data/controller/build/atc_2_gazebo -- -j12 -l12
[0.183s] [35m[1mScanning dependencies of target atc_2_gazebo[0m
[0.223s] [ 50%] [32mBuilding CXX object CMakeFiles/atc_2_gazebo.dir/src/atc_2_gazebo.cpp.o[0m
[4.652s] [100%] [32m[1mLinking CXX executable atc_2_gazebo[0m
[4.957s] [100%] Built target atc_2_gazebo
[4.976s] Invoked command in '/data/controller/build/atc_2_gazebo' returned '0': CMAKE_PREFIX_PATH=${CMAKE_PREFIX_PATH}:/data/controller/install/py_hand_gesture_publisher:/opt/ros/foxy /usr/bin/cmake --build /data/controller/build/atc_2_gazebo -- -j12 -l12
[5.035s] Invoking command in '/data/controller/build/atc_2_gazebo': CMAKE_PREFIX_PATH=${CMAKE_PREFIX_PATH}:/data/controller/install/py_hand_gesture_publisher:/opt/ros/foxy /usr/bin/cmake --install /data/controller/build/atc_2_gazebo
[5.047s] -- Install configuration: ""
[5.047s] -- Installing: /data/controller/install/atc_2_gazebo/lib/atc_2_gazebo/atc_2_gazebo
[5.050s] -- Set runtime path of "/data/controller/install/atc_2_gazebo/lib/atc_2_gazebo/atc_2_gazebo" to ""
[5.050s] -- Up-to-date: /data/controller/install/atc_2_gazebo/share/ament_index/resource_index/package_run_dependencies/atc_2_gazebo
[5.050s] -- Up-to-date: /data/controller/install/atc_2_gazebo/share/ament_index/resource_index/parent_prefix_path/atc_2_gazebo
[5.050s] -- Up-to-date: /data/controller/install/atc_2_gazebo/share/atc_2_gazebo/environment/ament_prefix_path.sh
[5.050s] -- Up-to-date: /data/controller/install/atc_2_gazebo/share/atc_2_gazebo/environment/ament_prefix_path.dsv
[5.050s] -- Up-to-date: /data/controller/install/atc_2_gazebo/share/atc_2_gazebo/environment/path.sh
[5.051s] -- Up-to-date: /data/controller/install/atc_2_gazebo/share/atc_2_gazebo/environment/path.dsv
[5.051s] -- Up-to-date: /data/controller/install/atc_2_gazebo/share/atc_2_gazebo/local_setup.bash
[5.051s] -- Up-to-date: /data/controller/install/atc_2_gazebo/share/atc_2_gazebo/local_setup.sh
[5.051s] -- Up-to-date: /data/controller/install/atc_2_gazebo/share/atc_2_gazebo/local_setup.zsh
[5.051s] -- Up-to-date: /data/controller/install/atc_2_gazebo/share/atc_2_gazebo/local_setup.dsv
[5.051s] -- Installing: /data/controller/install/atc_2_gazebo/share/atc_2_gazebo/package.dsv
[5.052s] -- Up-to-date: /data/controller/install/atc_2_gazebo/share/ament_index/resource_index/packages/atc_2_gazebo
[5.052s] -- Up-to-date: /data/controller/install/atc_2_gazebo/share/atc_2_gazebo/cmake/atc_2_gazeboConfig.cmake
[5.052s] -- Up-to-date: /data/controller/install/atc_2_gazebo/share/atc_2_gazebo/cmake/atc_2_gazeboConfig-version.cmake
[5.052s] -- Up-to-date: /data/controller/install/atc_2_gazebo/share/atc_2_gazebo/package.xml
[5.054s] Invoked command in '/data/controller/build/atc_2_gazebo' returned '0': CMAKE_PREFIX_PATH=${CMAKE_PREFIX_PATH}:/data/controller/install/py_hand_gesture_publisher:/opt/ros/foxy /usr/bin/cmake --install /data/controller/build/atc_2_gazebo
