[1.126s] Invoking command in '/data/controller/py_hand_gesture_publisher': PYTHONPATH=/data/controller/build/py_hand_gesture_publisher/prefix_override:/data/controller/install/py_hand_gesture_publisher/lib/python3.8/site-packages:${PYTHONPATH} /usr/bin/python3 setup.py egg_info --egg-base ../build/py_hand_gesture_publisher build --build-base /data/controller/build/py_hand_gesture_publisher/build install --record /data/controller/build/py_hand_gesture_publisher/install.log --install-scripts $base/lib/py_hand_gesture_publisher --single-version-externally-managed
[1.336s] running egg_info
[1.336s] writing ../build/py_hand_gesture_publisher/py_hand_gesture_publisher.egg-info/PKG-INFO
[1.337s] writing dependency_links to ../build/py_hand_gesture_publisher/py_hand_gesture_publisher.egg-info/dependency_links.txt
[1.337s] writing entry points to ../build/py_hand_gesture_publisher/py_hand_gesture_publisher.egg-info/entry_points.txt
[1.337s] writing requirements to ../build/py_hand_gesture_publisher/py_hand_gesture_publisher.egg-info/requires.txt
[1.337s] writing top-level names to ../build/py_hand_gesture_publisher/py_hand_gesture_publisher.egg-info/top_level.txt
[1.381s] reading manifest file '../build/py_hand_gesture_publisher/py_hand_gesture_publisher.egg-info/SOURCES.txt'
[1.382s] writing manifest file '../build/py_hand_gesture_publisher/py_hand_gesture_publisher.egg-info/SOURCES.txt'
[1.382s] running build
[1.382s] running build_py
[1.383s] copying py_hand_gesture_publisher/py_hand_gesture_publisher.py -> /data/controller/build/py_hand_gesture_publisher/build/lib/py_hand_gesture_publisher
[1.383s] running install
[1.384s] running install_lib
[1.384s] copying /data/controller/build/py_hand_gesture_publisher/build/lib/py_hand_gesture_publisher/py_hand_gesture_publisher.py -> /data/controller/install/py_hand_gesture_publisher/lib/python3.8/site-packages/py_hand_gesture_publisher
[1.385s] byte-compiling /data/controller/install/py_hand_gesture_publisher/lib/python3.8/site-packages/py_hand_gesture_publisher/py_hand_gesture_publisher.py to py_hand_gesture_publisher.cpython-38.pyc
[1.388s] running install_data
[1.389s] running install_egg_info
[1.392s] removing '/data/controller/install/py_hand_gesture_publisher/lib/python3.8/site-packages/py_hand_gesture_publisher-0.0.0-py3.8.egg-info' (and everything under it)
[1.393s] Copying ../build/py_hand_gesture_publisher/py_hand_gesture_publisher.egg-info to /data/controller/install/py_hand_gesture_publisher/lib/python3.8/site-packages/py_hand_gesture_publisher-0.0.0-py3.8.egg-info
[1.396s] running install_scripts
[1.420s] Installing atc_publisher script to /data/controller/install/py_hand_gesture_publisher/lib/py_hand_gesture_publisher
[1.422s] writing list of installed files to '/data/controller/build/py_hand_gesture_publisher/install.log'
[1.444s] Invoked command in '/data/controller/py_hand_gesture_publisher' returned '0': PYTHONPATH=/data/controller/build/py_hand_gesture_publisher/prefix_override:/data/controller/install/py_hand_gesture_publisher/lib/python3.8/site-packages:${PYTHONPATH} /usr/bin/python3 setup.py egg_info --egg-base ../build/py_hand_gesture_publisher build --build-base /data/controller/build/py_hand_gesture_publisher/build install --record /data/controller/build/py_hand_gesture_publisher/install.log --install-scripts $base/lib/py_hand_gesture_publisher --single-version-externally-managed
