[0.268s] Invoking command in '/data/publisher/rcv_atc_orders_and_send_2_gazebo/build/rcv_atc_orders_and_send_2_gazebo': CMAKE_PREFIX_PATH=${CMAKE_PREFIX_PATH}:/opt/ros/foxy /usr/bin/cmake --build /data/publisher/rcv_atc_orders_and_send_2_gazebo/build/rcv_atc_orders_and_send_2_gazebo -- -j8 -l8
[0.400s] [100%] Built target rcv_atc_orders_and_send_2_gazebo
[0.423s] Invoked command in '/data/publisher/rcv_atc_orders_and_send_2_gazebo/build/rcv_atc_orders_and_send_2_gazebo' returned '0': CMAKE_PREFIX_PATH=${CMAKE_PREFIX_PATH}:/opt/ros/foxy /usr/bin/cmake --build /data/publisher/rcv_atc_orders_and_send_2_gazebo/build/rcv_atc_orders_and_send_2_gazebo -- -j8 -l8
[0.537s] Invoking command in '/data/publisher/rcv_atc_orders_and_send_2_gazebo/build/rcv_atc_orders_and_send_2_gazebo': CMAKE_PREFIX_PATH=${CMAKE_PREFIX_PATH}:/opt/ros/foxy /usr/bin/cmake --install /data/publisher/rcv_atc_orders_and_send_2_gazebo/build/rcv_atc_orders_and_send_2_gazebo
[0.556s] -- Install configuration: ""
[0.557s] -- Up-to-date: /data/publisher/rcv_atc_orders_and_send_2_gazebo/install/rcv_atc_orders_and_send_2_gazebo/lib/rcv_atc_orders_and_send_2_gazebo/rcv_atc_orders_and_send_2_gazebo
[0.557s] -- Up-to-date: /data/publisher/rcv_atc_orders_and_send_2_gazebo/install/rcv_atc_orders_and_send_2_gazebo/share/ament_index/resource_index/package_run_dependencies/rcv_atc_orders_and_send_2_gazebo
[0.557s] -- Up-to-date: /data/publisher/rcv_atc_orders_and_send_2_gazebo/install/rcv_atc_orders_and_send_2_gazebo/share/ament_index/resource_index/parent_prefix_path/rcv_atc_orders_and_send_2_gazebo
[0.558s] -- Up-to-date: /data/publisher/rcv_atc_orders_and_send_2_gazebo/install/rcv_atc_orders_and_send_2_gazebo/share/rcv_atc_orders_and_send_2_gazebo/environment/ament_prefix_path.sh
[0.558s] -- Up-to-date: /data/publisher/rcv_atc_orders_and_send_2_gazebo/install/rcv_atc_orders_and_send_2_gazebo/share/rcv_atc_orders_and_send_2_gazebo/environment/ament_prefix_path.dsv
[0.559s] -- Up-to-date: /data/publisher/rcv_atc_orders_and_send_2_gazebo/install/rcv_atc_orders_and_send_2_gazebo/share/rcv_atc_orders_and_send_2_gazebo/environment/path.sh
[0.559s] -- Up-to-date: /data/publisher/rcv_atc_orders_and_send_2_gazebo/install/rcv_atc_orders_and_send_2_gazebo/share/rcv_atc_orders_and_send_2_gazebo/environment/path.dsv
[0.560s] -- Up-to-date: /data/publisher/rcv_atc_orders_and_send_2_gazebo/install/rcv_atc_orders_and_send_2_gazebo/share/rcv_atc_orders_and_send_2_gazebo/local_setup.bash
[0.560s] -- Up-to-date: /data/publisher/rcv_atc_orders_and_send_2_gazebo/install/rcv_atc_orders_and_send_2_gazebo/share/rcv_atc_orders_and_send_2_gazebo/local_setup.sh
[0.560s] -- Up-to-date: /data/publisher/rcv_atc_orders_and_send_2_gazebo/install/rcv_atc_orders_and_send_2_gazebo/share/rcv_atc_orders_and_send_2_gazebo/local_setup.zsh
[0.560s] -- Up-to-date: /data/publisher/rcv_atc_orders_and_send_2_gazebo/install/rcv_atc_orders_and_send_2_gazebo/share/rcv_atc_orders_and_send_2_gazebo/local_setup.dsv
[0.561s] -- Installing: /data/publisher/rcv_atc_orders_and_send_2_gazebo/install/rcv_atc_orders_and_send_2_gazebo/share/rcv_atc_orders_and_send_2_gazebo/package.dsv
[0.562s] -- Up-to-date: /data/publisher/rcv_atc_orders_and_send_2_gazebo/install/rcv_atc_orders_and_send_2_gazebo/share/ament_index/resource_index/packages/rcv_atc_orders_and_send_2_gazebo
[0.563s] -- Up-to-date: /data/publisher/rcv_atc_orders_and_send_2_gazebo/install/rcv_atc_orders_and_send_2_gazebo/share/rcv_atc_orders_and_send_2_gazebo/cmake/rcv_atc_orders_and_send_2_gazeboConfig.cmake
[0.564s] -- Up-to-date: /data/publisher/rcv_atc_orders_and_send_2_gazebo/install/rcv_atc_orders_and_send_2_gazebo/share/rcv_atc_orders_and_send_2_gazebo/cmake/rcv_atc_orders_and_send_2_gazeboConfig-version.cmake
[0.564s] -- Up-to-date: /data/publisher/rcv_atc_orders_and_send_2_gazebo/install/rcv_atc_orders_and_send_2_gazebo/share/rcv_atc_orders_and_send_2_gazebo/package.xml
[0.569s] Invoked command in '/data/publisher/rcv_atc_orders_and_send_2_gazebo/build/rcv_atc_orders_and_send_2_gazebo' returned '0': CMAKE_PREFIX_PATH=${CMAKE_PREFIX_PATH}:/opt/ros/foxy /usr/bin/cmake --install /data/publisher/rcv_atc_orders_and_send_2_gazebo/build/rcv_atc_orders_and_send_2_gazebo
