[0.105s] Invoking command in '/workspace/src/build/my_bot': CMAKE_PREFIX_PATH=${CMAKE_PREFIX_PATH}:/ros2_ws/install/ros2controlcli:/data/ros2_ws/install/ros2controlcli:/opt/ros/foxy /usr/bin/cmake /workspace/src/my_bot -DCMAKE_INSTALL_PREFIX=/workspace/src/install/my_bot
[0.126s] -- Found ament_cmake: 0.9.12 (/opt/ros/foxy/share/ament_cmake/cmake)
[0.148s] -- Using PYTHON_EXECUTABLE: /usr/bin/python3
[0.284s] -- Override CMake install command with custom implementation using symlinks instead of copying resources
[0.291s] -- Found ament_lint_auto: 0.9.8 (/opt/ros/foxy/share/ament_lint_auto/cmake)
[0.352s] -- Added test 'copyright' to check source files copyright and LICENSE
[0.361s] -- Added test 'flake8' to check Python code syntax and style conventions
[0.362s] -- Added test 'lint_cmake' to check CMake code style
[0.362s] -- Added test 'pep257' to check Python code against some of the style conventions in PEP 257
[0.367s] -- Added test 'xmllint' to check XML markup files
[0.369s] -- Configuring done
[0.372s] -- Generating done
[0.374s] -- Build files have been written to: /workspace/src/build/my_bot
[0.377s] Invoked command in '/workspace/src/build/my_bot' returned '0': CMAKE_PREFIX_PATH=${CMAKE_PREFIX_PATH}:/ros2_ws/install/ros2controlcli:/data/ros2_ws/install/ros2controlcli:/opt/ros/foxy /usr/bin/cmake /workspace/src/my_bot -DCMAKE_INSTALL_PREFIX=/workspace/src/install/my_bot
[0.380s] Invoking command in '/workspace/src/build/my_bot': CMAKE_PREFIX_PATH=${CMAKE_PREFIX_PATH}:/ros2_ws/install/ros2controlcli:/data/ros2_ws/install/ros2controlcli:/opt/ros/foxy /usr/bin/cmake --build /workspace/src/build/my_bot -- -j8 -l8
[0.438s] Invoked command in '/workspace/src/build/my_bot' returned '0': CMAKE_PREFIX_PATH=${CMAKE_PREFIX_PATH}:/ros2_ws/install/ros2controlcli:/data/ros2_ws/install/ros2controlcli:/opt/ros/foxy /usr/bin/cmake --build /workspace/src/build/my_bot -- -j8 -l8
[0.494s] Invoking command in '/workspace/src/build/my_bot': CMAKE_PREFIX_PATH=${CMAKE_PREFIX_PATH}:/ros2_ws/install/ros2controlcli:/data/ros2_ws/install/ros2controlcli:/opt/ros/foxy /usr/bin/cmake --install /workspace/src/build/my_bot
[0.508s] -- Install configuration: ""
[0.508s] -- Execute custom install script
[0.509s] -- Up-to-date symlink: /workspace/src/install/my_bot/share/my_bot/config/empty.yaml
[0.509s] -- Up-to-date symlink: /workspace/src/install/my_bot/share/my_bot/description/inertia_macros.xacro
[0.509s] -- Up-to-date symlink: /workspace/src/install/my_bot/share/my_bot/description/robot.urdf.xacro
[0.509s] -- Up-to-date symlink: /workspace/src/install/my_bot/share/my_bot/description/robot_core.xacro
[0.509s] -- Up-to-date symlink: /workspace/src/install/my_bot/share/my_bot/launch/rsp.launch.py
[0.510s] -- Up-to-date symlink: /workspace/src/install/my_bot/share/my_bot/worlds/empty.world
[0.510s] -- Up-to-date symlink: /workspace/src/install/my_bot/share/ament_index/resource_index/package_run_dependencies/my_bot
[0.510s] -- Up-to-date symlink: /workspace/src/install/my_bot/share/ament_index/resource_index/parent_prefix_path/my_bot
[0.510s] -- Up-to-date symlink: /workspace/src/install/my_bot/share/my_bot/environment/ament_prefix_path.sh
[0.510s] -- Up-to-date symlink: /workspace/src/install/my_bot/share/my_bot/environment/ament_prefix_path.dsv
[0.511s] -- Up-to-date symlink: /workspace/src/install/my_bot/share/my_bot/environment/path.sh
[0.511s] -- Up-to-date symlink: /workspace/src/install/my_bot/share/my_bot/environment/path.dsv
[0.511s] -- Up-to-date symlink: /workspace/src/install/my_bot/share/my_bot/local_setup.bash
[0.511s] -- Up-to-date symlink: /workspace/src/install/my_bot/share/my_bot/local_setup.sh
[0.512s] -- Up-to-date symlink: /workspace/src/install/my_bot/share/my_bot/local_setup.zsh
[0.512s] -- Up-to-date symlink: /workspace/src/install/my_bot/share/my_bot/local_setup.dsv
[0.512s] -- Symlinking: /workspace/src/install/my_bot/share/my_bot/package.dsv
[0.525s] -- Up-to-date symlink: /workspace/src/install/my_bot/share/ament_index/resource_index/packages/my_bot
[0.526s] -- Up-to-date symlink: /workspace/src/install/my_bot/share/my_bot/cmake/my_botConfig.cmake
[0.526s] -- Up-to-date symlink: /workspace/src/install/my_bot/share/my_bot/cmake/my_botConfig-version.cmake
[0.526s] -- Up-to-date symlink: /workspace/src/install/my_bot/share/my_bot/package.xml
[0.528s] Invoked command in '/workspace/src/build/my_bot' returned '0': CMAKE_PREFIX_PATH=${CMAKE_PREFIX_PATH}:/ros2_ws/install/ros2controlcli:/data/ros2_ws/install/ros2controlcli:/opt/ros/foxy /usr/bin/cmake --install /workspace/src/build/my_bot
