[0.114s] Invoking command in '/workspace/src/build/my_bot': CMAKE_PREFIX_PATH=${CMAKE_PREFIX_PATH}:/ros2_ws/install/ros2controlcli:/data/ros2_ws/install/ros2controlcli:/opt/ros/foxy /usr/bin/cmake /workspace/src/my_bot -DAMENT_CMAKE_SYMLINK_INSTALL=1 -DCMAKE_INSTALL_PREFIX=/workspace/src/install/my_bot
[0.195s] -- The C compiler identification is GNU 9.4.0
[0.252s] -- The CXX compiler identification is GNU 9.4.0
[0.257s] -- Check for working C compiler: /usr/bin/cc
[0.346s] -- Check for working C compiler: /usr/bin/cc -- works
[0.347s] -- Detecting C compiler ABI info
[0.437s] -- Detecting C compiler ABI info - done
[0.446s] -- Detecting C compile features
[0.446s] -- Detecting C compile features - done
[0.448s] -- Check for working CXX compiler: /usr/bin/c++
[0.548s] -- Check for working CXX compiler: /usr/bin/c++ -- works
[0.549s] -- Detecting CXX compiler ABI info
[0.648s] -- Detecting CXX compiler ABI info - done
[0.658s] -- Detecting CXX compile features
[0.658s] -- Detecting CXX compile features - done
[0.661s] -- Found ament_cmake: 0.9.12 (/opt/ros/foxy/share/ament_cmake/cmake)
[0.685s] -- Found PythonInterp: /usr/bin/python3 (found suitable version "3.8.10", minimum required is "3") 
[0.685s] -- Using PYTHON_EXECUTABLE: /usr/bin/python3
[0.828s] -- Override CMake install command with custom implementation using symlinks instead of copying resources
[0.858s] -- Found ament_lint_auto: 0.9.8 (/opt/ros/foxy/share/ament_lint_auto/cmake)
[0.929s] -- Added test 'copyright' to check source files copyright and LICENSE
[0.938s] -- Added test 'flake8' to check Python code syntax and style conventions
[0.939s] -- Added test 'lint_cmake' to check CMake code style
[0.940s] -- Added test 'pep257' to check Python code against some of the style conventions in PEP 257
[0.945s] -- Added test 'xmllint' to check XML markup files
[0.948s] -- Configuring done
[0.951s] -- Generating done
[0.952s] -- Build files have been written to: /workspace/src/build/my_bot
[0.955s] Invoked command in '/workspace/src/build/my_bot' returned '0': CMAKE_PREFIX_PATH=${CMAKE_PREFIX_PATH}:/ros2_ws/install/ros2controlcli:/data/ros2_ws/install/ros2controlcli:/opt/ros/foxy /usr/bin/cmake /workspace/src/my_bot -DAMENT_CMAKE_SYMLINK_INSTALL=1 -DCMAKE_INSTALL_PREFIX=/workspace/src/install/my_bot
[0.958s] Invoking command in '/workspace/src/build/my_bot': CMAKE_PREFIX_PATH=${CMAKE_PREFIX_PATH}:/ros2_ws/install/ros2controlcli:/data/ros2_ws/install/ros2controlcli:/opt/ros/foxy /usr/bin/cmake --build /workspace/src/build/my_bot -- -j8 -l8
[1.016s] Invoked command in '/workspace/src/build/my_bot' returned '0': CMAKE_PREFIX_PATH=${CMAKE_PREFIX_PATH}:/ros2_ws/install/ros2controlcli:/data/ros2_ws/install/ros2controlcli:/opt/ros/foxy /usr/bin/cmake --build /workspace/src/build/my_bot -- -j8 -l8
[1.073s] Invoking command in '/workspace/src/build/my_bot': CMAKE_PREFIX_PATH=${CMAKE_PREFIX_PATH}:/ros2_ws/install/ros2controlcli:/data/ros2_ws/install/ros2controlcli:/opt/ros/foxy /usr/bin/cmake --install /workspace/src/build/my_bot
[1.087s] -- Install configuration: ""
[1.087s] -- Execute custom install script
[1.088s] -- Symlinking: /workspace/src/install/my_bot/share/my_bot/config/empty.yaml
[1.103s] -- Symlinking: /workspace/src/install/my_bot/share/my_bot/description/inertia_macros.xacro
[1.118s] -- Symlinking: /workspace/src/install/my_bot/share/my_bot/description/robot.urdf.xacro
[1.132s] -- Symlinking: /workspace/src/install/my_bot/share/my_bot/description/robot_core.xacro
[1.146s] -- Symlinking: /workspace/src/install/my_bot/share/my_bot/launch/rsp.launch.py
[1.160s] -- Symlinking: /workspace/src/install/my_bot/share/my_bot/worlds/empty.world
[1.173s] -- Symlinking: /workspace/src/install/my_bot/share/ament_index/resource_index/package_run_dependencies/my_bot
[1.186s] -- Symlinking: /workspace/src/install/my_bot/share/ament_index/resource_index/parent_prefix_path/my_bot
[1.199s] -- Up-to-date symlink: /workspace/src/install/my_bot/share/my_bot/environment/ament_prefix_path.sh
[1.199s] -- Symlinking: /workspace/src/install/my_bot/share/my_bot/environment/ament_prefix_path.dsv
[1.213s] -- Up-to-date symlink: /workspace/src/install/my_bot/share/my_bot/environment/path.sh
[1.213s] -- Symlinking: /workspace/src/install/my_bot/share/my_bot/environment/path.dsv
[1.227s] -- Symlinking: /workspace/src/install/my_bot/share/my_bot/local_setup.bash
[1.243s] -- Symlinking: /workspace/src/install/my_bot/share/my_bot/local_setup.sh
[1.258s] -- Symlinking: /workspace/src/install/my_bot/share/my_bot/local_setup.zsh
[1.272s] -- Symlinking: /workspace/src/install/my_bot/share/my_bot/local_setup.dsv
[1.286s] -- Symlinking: /workspace/src/install/my_bot/share/my_bot/package.dsv
[1.300s] -- Symlinking: /workspace/src/install/my_bot/share/ament_index/resource_index/packages/my_bot
[1.315s] -- Symlinking: /workspace/src/install/my_bot/share/my_bot/cmake/my_botConfig.cmake
[1.330s] -- Symlinking: /workspace/src/install/my_bot/share/my_bot/cmake/my_botConfig-version.cmake
[1.348s] -- Symlinking: /workspace/src/install/my_bot/share/my_bot/package.xml
[1.365s] Invoked command in '/workspace/src/build/my_bot' returned '0': CMAKE_PREFIX_PATH=${CMAKE_PREFIX_PATH}:/ros2_ws/install/ros2controlcli:/data/ros2_ws/install/ros2controlcli:/opt/ros/foxy /usr/bin/cmake --install /workspace/src/build/my_bot
