[1.554s] DEBUG:colcon:Command line arguments: ['/usr/bin/colcon', 'build']
[1.554s] DEBUG:colcon:Parsed command line arguments: Namespace(ament_cmake_args=None, base_paths=['.'], build_base='build', catkin_cmake_args=None, catkin_skip_building_tests=False, cmake_args=None, cmake_clean_cache=False, cmake_clean_first=False, cmake_force_configure=False, cmake_target=None, cmake_target_skip_unavailable=False, continue_on_error=False, event_handlers=None, executor='parallel', ignore_user_meta=False, install_base='install', log_base=None, log_level=None, main=<bound method BuildVerb.main of <colcon_core.verb.build.BuildVerb object at 0x7fd57b407520>>, merge_install=False, metas=['./colcon.meta'], packages_above=None, packages_above_and_dependencies=None, packages_above_depth=None, packages_end=None, packages_ignore=None, packages_ignore_regex=None, packages_select=None, packages_select_build_failed=False, packages_select_by_dep=None, packages_select_regex=None, packages_select_test_failures=False, packages_skip=None, packages_skip_build_finished=False, packages_skip_by_dep=None, packages_skip_regex=None, packages_skip_test_passed=False, packages_skip_up_to=None, packages_start=None, packages_up_to=None, packages_up_to_regex=None, parallel_workers=8, paths=None, symlink_install=False, test_result_base=None, verb_extension=<colcon_core.verb.build.BuildVerb object at 0x7fd57b407520>, verb_name='build', verb_parser=<colcon_defaults.argument_parser.defaults.DefaultArgumentsDecorator object at 0x7fd57b05afd0>)
[1.634s] Level 1:colcon.colcon_core.package_discovery:discover_packages(colcon_meta) check parameters
[1.634s] Level 1:colcon.colcon_core.package_discovery:discover_packages(recursive) check parameters
[1.634s] Level 1:colcon.colcon_core.package_discovery:discover_packages(ignore) check parameters
[1.634s] Level 1:colcon.colcon_core.package_discovery:discover_packages(path) check parameters
[1.634s] Level 1:colcon.colcon_core.package_discovery:discover_packages(colcon_meta) discover
[1.634s] Level 1:colcon.colcon_core.package_discovery:discover_packages(recursive) discover
[1.635s] INFO:colcon.colcon_core.package_discovery:Crawling recursively for packages in '/data/controller'
[1.635s] Level 1:colcon.colcon_core.package_identification:_identify(.) by extensions ['ignore', 'ignore_ament_install']
[1.635s] Level 1:colcon.colcon_core.package_identification:_identify(.) by extension 'ignore'
[1.635s] Level 1:colcon.colcon_core.package_identification:_identify(.) by extension 'ignore_ament_install'
[1.635s] Level 1:colcon.colcon_core.package_identification:_identify(.) by extensions ['colcon_pkg']
[1.635s] Level 1:colcon.colcon_core.package_identification:_identify(.) by extension 'colcon_pkg'
[1.635s] Level 1:colcon.colcon_core.package_identification:_identify(.) by extensions ['colcon_meta']
[1.635s] Level 1:colcon.colcon_core.package_identification:_identify(.) by extension 'colcon_meta'
[1.635s] Level 1:colcon.colcon_core.package_identification:_identify(.) by extensions ['ros']
[1.635s] Level 1:colcon.colcon_core.package_identification:_identify(.) by extension 'ros'
[1.645s] Level 1:colcon.colcon_core.package_identification:_identify(.) by extensions ['cmake', 'python']
[1.645s] Level 1:colcon.colcon_core.package_identification:_identify(.) by extension 'cmake'
[1.645s] Level 1:colcon.colcon_core.package_identification:_identify(.) by extension 'python'
[1.645s] Level 1:colcon.colcon_core.package_identification:_identify(.) by extensions ['python_setup_py']
[1.645s] Level 1:colcon.colcon_core.package_identification:_identify(.) by extension 'python_setup_py'
[1.645s] Level 1:colcon.colcon_core.package_identification:_identify(atc_2_gazebo) by extensions ['ignore', 'ignore_ament_install']
[1.645s] Level 1:colcon.colcon_core.package_identification:_identify(atc_2_gazebo) by extension 'ignore'
[1.646s] Level 1:colcon.colcon_core.package_identification:_identify(atc_2_gazebo) by extension 'ignore_ament_install'
[1.646s] Level 1:colcon.colcon_core.package_identification:_identify(atc_2_gazebo) by extensions ['colcon_pkg']
[1.646s] Level 1:colcon.colcon_core.package_identification:_identify(atc_2_gazebo) by extension 'colcon_pkg'
[1.646s] Level 1:colcon.colcon_core.package_identification:_identify(atc_2_gazebo) by extensions ['colcon_meta']
[1.646s] Level 1:colcon.colcon_core.package_identification:_identify(atc_2_gazebo) by extension 'colcon_meta'
[1.646s] Level 1:colcon.colcon_core.package_identification:_identify(atc_2_gazebo) by extensions ['ros']
[1.646s] Level 1:colcon.colcon_core.package_identification:_identify(atc_2_gazebo) by extension 'ros'
[1.648s] DEBUG:colcon.colcon_core.package_identification:Package 'atc_2_gazebo' with type 'ros.ament_cmake' and name 'atc_2_gazebo'
[1.649s] Level 1:colcon.colcon_core.package_identification:_identify(build) by extensions ['ignore', 'ignore_ament_install']
[1.649s] Level 1:colcon.colcon_core.package_identification:_identify(build) by extension 'ignore'
[1.649s] Level 1:colcon.colcon_core.package_identification:_identify(build) ignored
[1.649s] Level 1:colcon.colcon_core.package_identification:_identify(install) by extensions ['ignore', 'ignore_ament_install']
[1.649s] Level 1:colcon.colcon_core.package_identification:_identify(install) by extension 'ignore'
[1.649s] Level 1:colcon.colcon_core.package_identification:_identify(install) ignored
[1.649s] Level 1:colcon.colcon_core.package_identification:_identify(log) by extensions ['ignore', 'ignore_ament_install']
[1.649s] Level 1:colcon.colcon_core.package_identification:_identify(log) by extension 'ignore'
[1.649s] Level 1:colcon.colcon_core.package_identification:_identify(log) ignored
[1.649s] Level 1:colcon.colcon_core.package_identification:_identify(py_hand_gesture_publisher) by extensions ['ignore', 'ignore_ament_install']
[1.649s] Level 1:colcon.colcon_core.package_identification:_identify(py_hand_gesture_publisher) by extension 'ignore'
[1.649s] Level 1:colcon.colcon_core.package_identification:_identify(py_hand_gesture_publisher) by extension 'ignore_ament_install'
[1.650s] Level 1:colcon.colcon_core.package_identification:_identify(py_hand_gesture_publisher) by extensions ['colcon_pkg']
[1.650s] Level 1:colcon.colcon_core.package_identification:_identify(py_hand_gesture_publisher) by extension 'colcon_pkg'
[1.650s] Level 1:colcon.colcon_core.package_identification:_identify(py_hand_gesture_publisher) by extensions ['colcon_meta']
[1.650s] Level 1:colcon.colcon_core.package_identification:_identify(py_hand_gesture_publisher) by extension 'colcon_meta'
[1.650s] Level 1:colcon.colcon_core.package_identification:_identify(py_hand_gesture_publisher) by extensions ['ros']
[1.650s] Level 1:colcon.colcon_core.package_identification:_identify(py_hand_gesture_publisher) by extension 'ros'
[1.650s] DEBUG:colcon.colcon_core.package_identification:Package 'py_hand_gesture_publisher' with type 'ros.ament_python' and name 'py_hand_gesture_publisher'
[1.650s] Level 1:colcon.colcon_core.package_discovery:discover_packages(recursive) using defaults
[1.650s] Level 1:colcon.colcon_core.package_discovery:discover_packages(ignore) discover
[1.650s] Level 1:colcon.colcon_core.package_discovery:discover_packages(ignore) using defaults
[1.650s] Level 1:colcon.colcon_core.package_discovery:discover_packages(path) discover
[1.650s] Level 1:colcon.colcon_core.package_discovery:discover_packages(path) using defaults
[1.773s] Level 5:colcon.colcon_core.verb:set package 'atc_2_gazebo' build argument 'cmake_args' from command line to 'None'
[1.773s] Level 5:colcon.colcon_core.verb:set package 'atc_2_gazebo' build argument 'cmake_target' from command line to 'None'
[1.773s] Level 5:colcon.colcon_core.verb:set package 'atc_2_gazebo' build argument 'cmake_target_skip_unavailable' from command line to 'False'
[1.773s] Level 5:colcon.colcon_core.verb:set package 'atc_2_gazebo' build argument 'cmake_clean_cache' from command line to 'False'
[1.773s] Level 5:colcon.colcon_core.verb:set package 'atc_2_gazebo' build argument 'cmake_clean_first' from command line to 'False'
[1.773s] Level 5:colcon.colcon_core.verb:set package 'atc_2_gazebo' build argument 'cmake_force_configure' from command line to 'False'
[1.773s] Level 5:colcon.colcon_core.verb:set package 'atc_2_gazebo' build argument 'ament_cmake_args' from command line to 'None'
[1.773s] Level 5:colcon.colcon_core.verb:set package 'atc_2_gazebo' build argument 'catkin_cmake_args' from command line to 'None'
[1.773s] Level 5:colcon.colcon_core.verb:set package 'atc_2_gazebo' build argument 'catkin_skip_building_tests' from command line to 'False'
[1.774s] DEBUG:colcon.colcon_core.verb:Building package 'atc_2_gazebo' with the following arguments: {'ament_cmake_args': None, 'build_base': '/data/controller/build/atc_2_gazebo', 'catkin_cmake_args': None, 'catkin_skip_building_tests': False, 'cmake_args': None, 'cmake_clean_cache': False, 'cmake_clean_first': False, 'cmake_force_configure': False, 'cmake_target': None, 'cmake_target_skip_unavailable': False, 'install_base': '/data/controller/install/atc_2_gazebo', 'merge_install': False, 'path': '/data/controller/atc_2_gazebo', 'symlink_install': False, 'test_result_base': None}
[1.804s] Level 5:colcon.colcon_core.verb:set package 'py_hand_gesture_publisher' build argument 'cmake_args' from command line to 'None'
[1.804s] Level 5:colcon.colcon_core.verb:set package 'py_hand_gesture_publisher' build argument 'cmake_target' from command line to 'None'
[1.804s] Level 5:colcon.colcon_core.verb:set package 'py_hand_gesture_publisher' build argument 'cmake_target_skip_unavailable' from command line to 'False'
[1.804s] Level 5:colcon.colcon_core.verb:set package 'py_hand_gesture_publisher' build argument 'cmake_clean_cache' from command line to 'False'
[1.804s] Level 5:colcon.colcon_core.verb:set package 'py_hand_gesture_publisher' build argument 'cmake_clean_first' from command line to 'False'
[1.804s] Level 5:colcon.colcon_core.verb:set package 'py_hand_gesture_publisher' build argument 'cmake_force_configure' from command line to 'False'
[1.804s] Level 5:colcon.colcon_core.verb:set package 'py_hand_gesture_publisher' build argument 'ament_cmake_args' from command line to 'None'
[1.804s] Level 5:colcon.colcon_core.verb:set package 'py_hand_gesture_publisher' build argument 'catkin_cmake_args' from command line to 'None'
[1.804s] Level 5:colcon.colcon_core.verb:set package 'py_hand_gesture_publisher' build argument 'catkin_skip_building_tests' from command line to 'False'
[1.804s] DEBUG:colcon.colcon_core.verb:Building package 'py_hand_gesture_publisher' with the following arguments: {'ament_cmake_args': None, 'build_base': '/data/controller/build/py_hand_gesture_publisher', 'catkin_cmake_args': None, 'catkin_skip_building_tests': False, 'cmake_args': None, 'cmake_clean_cache': False, 'cmake_clean_first': False, 'cmake_force_configure': False, 'cmake_target': None, 'cmake_target_skip_unavailable': False, 'install_base': '/data/controller/install/py_hand_gesture_publisher', 'merge_install': False, 'path': '/data/controller/py_hand_gesture_publisher', 'symlink_install': False, 'test_result_base': None}
[1.830s] INFO:colcon.colcon_core.executor:Executing jobs using 'parallel' executor
[1.862s] DEBUG:colcon.colcon_parallel_executor.executor.parallel:run_until_complete
[1.862s] INFO:colcon.colcon_ros.task.ament_cmake.build:Building ROS package in '/data/controller/atc_2_gazebo' with build type 'ament_cmake'
[1.862s] INFO:colcon.colcon_cmake.task.cmake.build:Building CMake package in '/data/controller/atc_2_gazebo'
[1.889s] INFO:colcon.colcon_core.plugin_system:Skipping extension 'colcon_core.shell.bat': Not used on non-Windows systems
[1.889s] INFO:colcon.colcon_core.shell:Skip shell extension 'powershell' for command environment: Not usable outside of PowerShell
[1.889s] DEBUG:colcon.colcon_core.shell:Skip shell extension 'dsv' for command environment
[2.003s] INFO:colcon.colcon_ros.task.ament_python.build:Building ROS package in '/data/controller/py_hand_gesture_publisher' with build type 'ament_python'
[2.004s] Level 1:colcon.colcon_core.shell:create_environment_hook('py_hand_gesture_publisher', 'ament_prefix_path')
[2.037s] INFO:colcon.colcon_core.shell:Creating environment hook '/data/controller/install/py_hand_gesture_publisher/share/py_hand_gesture_publisher/hook/ament_prefix_path.ps1'
[2.038s] INFO:colcon.colcon_core.shell:Creating environment descriptor '/data/controller/install/py_hand_gesture_publisher/share/py_hand_gesture_publisher/hook/ament_prefix_path.dsv'
[2.039s] INFO:colcon.colcon_core.shell:Creating environment hook '/data/controller/install/py_hand_gesture_publisher/share/py_hand_gesture_publisher/hook/ament_prefix_path.sh'
[2.076s] INFO:colcon.colcon_core.shell:Skip shell extension 'powershell' for command environment: Not usable outside of PowerShell
[2.076s] DEBUG:colcon.colcon_core.shell:Skip shell extension 'dsv' for command environment
[2.199s] DEBUG:colcon.colcon_core.event_handler.log_command:Invoking command in '/data/controller/build/atc_2_gazebo': CMAKE_PREFIX_PATH=${CMAKE_PREFIX_PATH}:/data/controller/install/py_hand_gesture_publisher:/opt/ros/foxy /usr/bin/cmake --build /data/controller/build/atc_2_gazebo -- -j8 -l8
[2.436s] INFO:colcon.colcon_core.task.python.build:Building Python package in '/data/controller/py_hand_gesture_publisher'
[2.472s] INFO:colcon.colcon_core.shell:Skip shell extension 'powershell' for command environment: Not usable outside of PowerShell
[2.472s] DEBUG:colcon.colcon_core.shell:Skip shell extension 'dsv' for command environment
[2.558s] DEBUG:colcon.colcon_core.event_handler.log_command:Invoked command in '/data/controller/build/atc_2_gazebo' returned '0': CMAKE_PREFIX_PATH=${CMAKE_PREFIX_PATH}:/data/controller/install/py_hand_gesture_publisher:/opt/ros/foxy /usr/bin/cmake --build /data/controller/build/atc_2_gazebo -- -j8 -l8
[2.620s] DEBUG:colcon.colcon_core.event_handler.log_command:Invoking command in '/data/controller/build/atc_2_gazebo': CMAKE_PREFIX_PATH=${CMAKE_PREFIX_PATH}:/data/controller/install/py_hand_gesture_publisher:/opt/ros/foxy /usr/bin/cmake --install /data/controller/build/atc_2_gazebo
[2.640s] Level 1:colcon.colcon_core.environment:create_environment_scripts_only(atc_2_gazebo)
[2.641s] DEBUG:colcon.colcon_core.event_handler.log_command:Invoked command in '/data/controller/build/atc_2_gazebo' returned '0': CMAKE_PREFIX_PATH=${CMAKE_PREFIX_PATH}:/data/controller/install/py_hand_gesture_publisher:/opt/ros/foxy /usr/bin/cmake --install /data/controller/build/atc_2_gazebo
[2.682s] Level 1:colcon.colcon_core.environment:checking '/data/controller/install/atc_2_gazebo' for CMake module files
[2.682s] Level 1:colcon.colcon_core.environment:checking '/data/controller/install/atc_2_gazebo' for CMake config files
[2.683s] Level 1:colcon.colcon_core.shell:create_environment_hook('atc_2_gazebo', 'cmake_prefix_path')
[2.722s] INFO:colcon.colcon_core.shell:Creating environment hook '/data/controller/install/atc_2_gazebo/share/atc_2_gazebo/hook/cmake_prefix_path.ps1'
[2.724s] INFO:colcon.colcon_core.shell:Creating environment descriptor '/data/controller/install/atc_2_gazebo/share/atc_2_gazebo/hook/cmake_prefix_path.dsv'
[2.725s] INFO:colcon.colcon_core.shell:Creating environment hook '/data/controller/install/atc_2_gazebo/share/atc_2_gazebo/hook/cmake_prefix_path.sh'
[2.727s] Level 1:colcon.colcon_core.environment:checking '/data/controller/install/atc_2_gazebo/lib'
[2.727s] Level 1:colcon.colcon_core.environment:checking '/data/controller/install/atc_2_gazebo/bin'
[2.727s] Level 1:colcon.colcon_core.environment:checking '/data/controller/install/atc_2_gazebo/lib/pkgconfig/atc_2_gazebo.pc'
[2.728s] Level 1:colcon.colcon_core.environment:checking '/data/controller/install/atc_2_gazebo/lib/python3.8/site-packages'
[2.728s] Level 1:colcon.colcon_core.environment:checking '/data/controller/install/atc_2_gazebo/bin'
[2.758s] INFO:colcon.colcon_core.shell:Creating package script '/data/controller/install/atc_2_gazebo/share/atc_2_gazebo/package.ps1'
[2.759s] INFO:colcon.colcon_core.shell:Creating package descriptor '/data/controller/install/atc_2_gazebo/share/atc_2_gazebo/package.dsv'
[2.759s] INFO:colcon.colcon_core.shell:Creating package script '/data/controller/install/atc_2_gazebo/share/atc_2_gazebo/package.sh'
[2.760s] INFO:colcon.colcon_core.shell:Creating package script '/data/controller/install/atc_2_gazebo/share/atc_2_gazebo/package.bash'
[2.761s] INFO:colcon.colcon_core.shell:Creating package script '/data/controller/install/atc_2_gazebo/share/atc_2_gazebo/package.zsh'
[2.762s] Level 1:colcon.colcon_core.environment:create_file_with_runtime_dependencies(/data/controller/install/atc_2_gazebo/share/colcon-core/packages/atc_2_gazebo)
[2.837s] Level 1:colcon.colcon_core.environment:create_environment_scripts_only(atc_2_gazebo)
[2.877s] Level 1:colcon.colcon_core.environment:checking '/data/controller/install/atc_2_gazebo' for CMake module files
[2.878s] Level 1:colcon.colcon_core.environment:checking '/data/controller/install/atc_2_gazebo' for CMake config files
[2.878s] Level 1:colcon.colcon_core.shell:create_environment_hook('atc_2_gazebo', 'cmake_prefix_path')
[2.916s] INFO:colcon.colcon_core.shell:Creating environment hook '/data/controller/install/atc_2_gazebo/share/atc_2_gazebo/hook/cmake_prefix_path.ps1'
[2.918s] INFO:colcon.colcon_core.shell:Creating environment descriptor '/data/controller/install/atc_2_gazebo/share/atc_2_gazebo/hook/cmake_prefix_path.dsv'
[2.919s] INFO:colcon.colcon_core.shell:Creating environment hook '/data/controller/install/atc_2_gazebo/share/atc_2_gazebo/hook/cmake_prefix_path.sh'
[2.921s] Level 1:colcon.colcon_core.environment:checking '/data/controller/install/atc_2_gazebo/lib'
[2.921s] Level 1:colcon.colcon_core.environment:checking '/data/controller/install/atc_2_gazebo/bin'
[2.921s] Level 1:colcon.colcon_core.environment:checking '/data/controller/install/atc_2_gazebo/lib/pkgconfig/atc_2_gazebo.pc'
[2.921s] Level 1:colcon.colcon_core.environment:checking '/data/controller/install/atc_2_gazebo/lib/python3.8/site-packages'
[2.922s] Level 1:colcon.colcon_core.environment:checking '/data/controller/install/atc_2_gazebo/bin'
[2.951s] INFO:colcon.colcon_core.shell:Creating package script '/data/controller/install/atc_2_gazebo/share/atc_2_gazebo/package.ps1'
[2.952s] INFO:colcon.colcon_core.shell:Creating package descriptor '/data/controller/install/atc_2_gazebo/share/atc_2_gazebo/package.dsv'
[2.953s] INFO:colcon.colcon_core.shell:Creating package script '/data/controller/install/atc_2_gazebo/share/atc_2_gazebo/package.sh'
[2.953s] INFO:colcon.colcon_core.shell:Creating package script '/data/controller/install/atc_2_gazebo/share/atc_2_gazebo/package.bash'
[2.954s] INFO:colcon.colcon_core.shell:Creating package script '/data/controller/install/atc_2_gazebo/share/atc_2_gazebo/package.zsh'
[2.954s] Level 1:colcon.colcon_core.environment:create_file_with_runtime_dependencies(/data/controller/install/atc_2_gazebo/share/colcon-core/packages/atc_2_gazebo)
[3.029s] DEBUG:colcon.colcon_core.event_handler.log_command:Invoking command in '/data/controller/py_hand_gesture_publisher': PYTHONPATH=/data/controller/build/py_hand_gesture_publisher/prefix_override:/data/controller/install/py_hand_gesture_publisher/lib/python3.8/site-packages:${PYTHONPATH} /usr/bin/python3 setup.py egg_info --egg-base ../build/py_hand_gesture_publisher build --build-base /data/controller/build/py_hand_gesture_publisher/build install --record /data/controller/build/py_hand_gesture_publisher/install.log --install-scripts $base/lib/py_hand_gesture_publisher --single-version-externally-managed
[3.341s] DEBUG:colcon.colcon_core.event_handler.log_command:Invoked command in '/data/controller/py_hand_gesture_publisher' returned '0': PYTHONPATH=/data/controller/build/py_hand_gesture_publisher/prefix_override:/data/controller/install/py_hand_gesture_publisher/lib/python3.8/site-packages:${PYTHONPATH} /usr/bin/python3 setup.py egg_info --egg-base ../build/py_hand_gesture_publisher build --build-base /data/controller/build/py_hand_gesture_publisher/build install --record /data/controller/build/py_hand_gesture_publisher/install.log --install-scripts $base/lib/py_hand_gesture_publisher --single-version-externally-managed
[3.364s] Level 1:colcon.colcon_core.environment:checking '/data/controller/install/py_hand_gesture_publisher' for CMake module files
[3.365s] Level 1:colcon.colcon_core.environment:checking '/data/controller/install/py_hand_gesture_publisher' for CMake config files
[3.365s] Level 1:colcon.colcon_core.environment:checking '/data/controller/install/py_hand_gesture_publisher/lib'
[3.365s] Level 1:colcon.colcon_core.environment:checking '/data/controller/install/py_hand_gesture_publisher/bin'
[3.365s] Level 1:colcon.colcon_core.environment:checking '/data/controller/install/py_hand_gesture_publisher/lib/pkgconfig/py_hand_gesture_publisher.pc'
[3.366s] Level 1:colcon.colcon_core.environment:checking '/data/controller/install/py_hand_gesture_publisher/lib/python3.8/site-packages'
[3.366s] Level 1:colcon.colcon_core.shell:create_environment_hook('py_hand_gesture_publisher', 'pythonpath')
[3.399s] INFO:colcon.colcon_core.shell:Creating environment hook '/data/controller/install/py_hand_gesture_publisher/share/py_hand_gesture_publisher/hook/pythonpath.ps1'
[3.400s] INFO:colcon.colcon_core.shell:Creating environment descriptor '/data/controller/install/py_hand_gesture_publisher/share/py_hand_gesture_publisher/hook/pythonpath.dsv'
[3.400s] INFO:colcon.colcon_core.shell:Creating environment hook '/data/controller/install/py_hand_gesture_publisher/share/py_hand_gesture_publisher/hook/pythonpath.sh'
[3.401s] Level 1:colcon.colcon_core.environment:checking '/data/controller/install/py_hand_gesture_publisher/bin'
[3.401s] Level 1:colcon.colcon_core.environment:create_environment_scripts_only(py_hand_gesture_publisher)
[3.426s] INFO:colcon.colcon_core.shell:Creating package script '/data/controller/install/py_hand_gesture_publisher/share/py_hand_gesture_publisher/package.ps1'
[3.428s] INFO:colcon.colcon_core.shell:Creating package descriptor '/data/controller/install/py_hand_gesture_publisher/share/py_hand_gesture_publisher/package.dsv'
[3.429s] INFO:colcon.colcon_core.shell:Creating package script '/data/controller/install/py_hand_gesture_publisher/share/py_hand_gesture_publisher/package.sh'
[3.430s] INFO:colcon.colcon_core.shell:Creating package script '/data/controller/install/py_hand_gesture_publisher/share/py_hand_gesture_publisher/package.bash'
[3.431s] INFO:colcon.colcon_core.shell:Creating package script '/data/controller/install/py_hand_gesture_publisher/share/py_hand_gesture_publisher/package.zsh'
[3.432s] Level 1:colcon.colcon_core.environment:create_file_with_runtime_dependencies(/data/controller/install/py_hand_gesture_publisher/share/colcon-core/packages/py_hand_gesture_publisher)
[3.434s] DEBUG:colcon.colcon_parallel_executor.executor.parallel:closing loop
[3.434s] DEBUG:colcon.colcon_parallel_executor.executor.parallel:loop closed
[3.434s] DEBUG:colcon.colcon_parallel_executor.executor.parallel:run_until_complete finished with '0'
[3.435s] DEBUG:colcon.colcon_core.event_reactor:joining thread
[3.467s] INFO:colcon.colcon_core.plugin_system:Skipping extension 'colcon_notification.desktop_notification.notify_send': Could not find 'notify-send'
[3.468s] INFO:colcon.colcon_core.plugin_system:Skipping extension 'colcon_notification.desktop_notification.terminal_notifier': Not used on non-Darwin systems
[3.468s] INFO:colcon.colcon_core.plugin_system:Skipping extension 'colcon_notification.desktop_notification.win32': Not used on non-Windows systems
[3.468s] INFO:colcon.colcon_notification.desktop_notification:Sending desktop notification using 'notify2'
[3.470s] DEBUG:colcon.colcon_notification.desktop_notification.notify2:Failed to initialize notify2: org.freedesktop.DBus.Error.Spawn.ExecFailed: /usr/bin/dbus-launch terminated abnormally without any error message
[3.471s] DEBUG:colcon.colcon_core.event_reactor:joined thread
[3.496s] INFO:colcon.colcon_core.shell:Creating prefix script '/data/controller/install/local_setup.ps1'
[3.497s] INFO:colcon.colcon_core.shell:Creating prefix util module '/data/controller/install/_local_setup_util_ps1.py'
[3.498s] INFO:colcon.colcon_core.shell:Creating prefix chain script '/data/controller/install/setup.ps1'
[3.534s] INFO:colcon.colcon_core.shell:Creating prefix script '/data/controller/install/local_setup.sh'
[3.535s] INFO:colcon.colcon_core.shell:Creating prefix util module '/data/controller/install/_local_setup_util_sh.py'
[3.535s] INFO:colcon.colcon_core.shell:Creating prefix chain script '/data/controller/install/setup.sh'
[3.565s] INFO:colcon.colcon_core.shell:Creating prefix script '/data/controller/install/local_setup.bash'
[3.565s] INFO:colcon.colcon_core.shell:Creating prefix chain script '/data/controller/install/setup.bash'
[3.597s] INFO:colcon.colcon_core.shell:Creating prefix script '/data/controller/install/local_setup.zsh'
[3.597s] INFO:colcon.colcon_core.shell:Creating prefix chain script '/data/controller/install/setup.zsh'
