[35m[1mScanning dependencies of target atc_2_gazebo[0m
[ 50%] [32mBuilding CXX object CMakeFiles/atc_2_gazebo.dir/src/atc_2_gazebo.cpp.o[0m
[100%] [32m[1mLinking CXX executable atc_2_gazebo[0m
[100%] Built target atc_2_gazebo
-- Install configuration: ""
-- Installing: /data/controller/install/atc_2_gazebo/lib/atc_2_gazebo/atc_2_gazebo
-- Set runtime path of "/data/controller/install/atc_2_gazebo/lib/atc_2_gazebo/atc_2_gazebo" to ""
-- Up-to-date: /data/controller/install/atc_2_gazebo/share/ament_index/resource_index/package_run_dependencies/atc_2_gazebo
-- Up-to-date: /data/controller/install/atc_2_gazebo/share/ament_index/resource_index/parent_prefix_path/atc_2_gazebo
-- Up-to-date: /data/controller/install/atc_2_gazebo/share/atc_2_gazebo/environment/ament_prefix_path.sh
-- Up-to-date: /data/controller/install/atc_2_gazebo/share/atc_2_gazebo/environment/ament_prefix_path.dsv
-- Up-to-date: /data/controller/install/atc_2_gazebo/share/atc_2_gazebo/environment/path.sh
-- Up-to-date: /data/controller/install/atc_2_gazebo/share/atc_2_gazebo/environment/path.dsv
-- Up-to-date: /data/controller/install/atc_2_gazebo/share/atc_2_gazebo/local_setup.bash
-- Up-to-date: /data/controller/install/atc_2_gazebo/share/atc_2_gazebo/local_setup.sh
-- Up-to-date: /data/controller/install/atc_2_gazebo/share/atc_2_gazebo/local_setup.zsh
-- Up-to-date: /data/controller/install/atc_2_gazebo/share/atc_2_gazebo/local_setup.dsv
-- Installing: /data/controller/install/atc_2_gazebo/share/atc_2_gazebo/package.dsv
-- Up-to-date: /data/controller/install/atc_2_gazebo/share/ament_index/resource_index/packages/atc_2_gazebo
-- Up-to-date: /data/controller/install/atc_2_gazebo/share/atc_2_gazebo/cmake/atc_2_gazeboConfig.cmake
-- Up-to-date: /data/controller/install/atc_2_gazebo/share/atc_2_gazebo/cmake/atc_2_gazeboConfig-version.cmake
-- Up-to-date: /data/controller/install/atc_2_gazebo/share/atc_2_gazebo/package.xml
