[1.320s] DEBUG:colcon:Command line arguments: ['/usr/bin/colcon', 'build']
[1.320s] DEBUG:colcon:Parsed command line arguments: Namespace(ament_cmake_args=None, base_paths=['.'], build_base='build', catkin_cmake_args=None, catkin_skip_building_tests=False, cmake_args=None, cmake_clean_cache=False, cmake_clean_first=False, cmake_force_configure=False, cmake_target=None, cmake_target_skip_unavailable=False, continue_on_error=False, event_handlers=None, executor='parallel', ignore_user_meta=False, install_base='install', log_base=None, log_level=None, main=<bound method BuildVerb.main of <colcon_core.verb.build.BuildVerb object at 0x7fc96e3e1dc0>>, merge_install=False, metas=['./colcon.meta'], packages_above=None, packages_above_and_dependencies=None, packages_above_depth=None, packages_end=None, packages_ignore=None, packages_ignore_regex=None, packages_select=None, packages_select_build_failed=False, packages_select_by_dep=None, packages_select_regex=None, packages_select_test_failures=False, packages_skip=None, packages_skip_build_finished=False, packages_skip_by_dep=None, packages_skip_regex=None, packages_skip_test_passed=False, packages_skip_up_to=None, packages_start=None, packages_up_to=None, packages_up_to_regex=None, parallel_workers=8, paths=None, symlink_install=False, test_result_base=None, verb_extension=<colcon_core.verb.build.BuildVerb object at 0x7fc96e3e1dc0>, verb_name='build', verb_parser=<colcon_defaults.argument_parser.defaults.DefaultArgumentsDecorator object at 0x7fc96e04f3d0>)
[1.400s] Level 1:colcon.colcon_core.package_discovery:discover_packages(colcon_meta) check parameters
[1.400s] Level 1:colcon.colcon_core.package_discovery:discover_packages(recursive) check parameters
[1.400s] Level 1:colcon.colcon_core.package_discovery:discover_packages(ignore) check parameters
[1.400s] Level 1:colcon.colcon_core.package_discovery:discover_packages(path) check parameters
[1.400s] Level 1:colcon.colcon_core.package_discovery:discover_packages(colcon_meta) discover
[1.401s] Level 1:colcon.colcon_core.package_discovery:discover_packages(recursive) discover
[1.401s] INFO:colcon.colcon_core.package_discovery:Crawling recursively for packages in '/data/publisher'
[1.401s] Level 1:colcon.colcon_core.package_identification:_identify(.) by extensions ['ignore', 'ignore_ament_install']
[1.401s] Level 1:colcon.colcon_core.package_identification:_identify(.) by extension 'ignore'
[1.401s] Level 1:colcon.colcon_core.package_identification:_identify(.) by extension 'ignore_ament_install'
[1.401s] Level 1:colcon.colcon_core.package_identification:_identify(.) by extensions ['colcon_pkg']
[1.401s] Level 1:colcon.colcon_core.package_identification:_identify(.) by extension 'colcon_pkg'
[1.401s] Level 1:colcon.colcon_core.package_identification:_identify(.) by extensions ['colcon_meta']
[1.401s] Level 1:colcon.colcon_core.package_identification:_identify(.) by extension 'colcon_meta'
[1.401s] Level 1:colcon.colcon_core.package_identification:_identify(.) by extensions ['ros']
[1.401s] Level 1:colcon.colcon_core.package_identification:_identify(.) by extension 'ros'
[1.412s] Level 1:colcon.colcon_core.package_identification:_identify(.) by extensions ['cmake', 'python']
[1.412s] Level 1:colcon.colcon_core.package_identification:_identify(.) by extension 'cmake'
[1.412s] Level 1:colcon.colcon_core.package_identification:_identify(.) by extension 'python'
[1.413s] Level 1:colcon.colcon_core.package_identification:_identify(.) by extensions ['python_setup_py']
[1.413s] Level 1:colcon.colcon_core.package_identification:_identify(.) by extension 'python_setup_py'
[1.413s] Level 1:colcon.colcon_core.package_identification:_identify(build) by extensions ['ignore', 'ignore_ament_install']
[1.413s] Level 1:colcon.colcon_core.package_identification:_identify(build) by extension 'ignore'
[1.413s] Level 1:colcon.colcon_core.package_identification:_identify(build) ignored
[1.413s] Level 1:colcon.colcon_core.package_identification:_identify(dummy_publisher) by extensions ['ignore', 'ignore_ament_install']
[1.413s] Level 1:colcon.colcon_core.package_identification:_identify(dummy_publisher) by extension 'ignore'
[1.413s] Level 1:colcon.colcon_core.package_identification:_identify(dummy_publisher) by extension 'ignore_ament_install'
[1.413s] Level 1:colcon.colcon_core.package_identification:_identify(dummy_publisher) by extensions ['colcon_pkg']
[1.413s] Level 1:colcon.colcon_core.package_identification:_identify(dummy_publisher) by extension 'colcon_pkg'
[1.413s] Level 1:colcon.colcon_core.package_identification:_identify(dummy_publisher) by extensions ['colcon_meta']
[1.413s] Level 1:colcon.colcon_core.package_identification:_identify(dummy_publisher) by extension 'colcon_meta'
[1.413s] Level 1:colcon.colcon_core.package_identification:_identify(dummy_publisher) by extensions ['ros']
[1.413s] Level 1:colcon.colcon_core.package_identification:_identify(dummy_publisher) by extension 'ros'
[1.415s] DEBUG:colcon.colcon_core.package_identification:Package 'dummy_publisher' with type 'ros.ament_cmake' and name 'dummy_publisher'
[1.416s] Level 1:colcon.colcon_core.package_identification:_identify(install) by extensions ['ignore', 'ignore_ament_install']
[1.416s] Level 1:colcon.colcon_core.package_identification:_identify(install) by extension 'ignore'
[1.416s] Level 1:colcon.colcon_core.package_identification:_identify(install) ignored
[1.416s] Level 1:colcon.colcon_core.package_identification:_identify(log) by extensions ['ignore', 'ignore_ament_install']
[1.416s] Level 1:colcon.colcon_core.package_identification:_identify(log) by extension 'ignore'
[1.416s] Level 1:colcon.colcon_core.package_identification:_identify(log) ignored
[1.416s] Level 1:colcon.colcon_core.package_identification:_identify(rcv_atc_orders_and_send_2_gazebo) by extensions ['ignore', 'ignore_ament_install']
[1.416s] Level 1:colcon.colcon_core.package_identification:_identify(rcv_atc_orders_and_send_2_gazebo) by extension 'ignore'
[1.416s] Level 1:colcon.colcon_core.package_identification:_identify(rcv_atc_orders_and_send_2_gazebo) by extension 'ignore_ament_install'
[1.416s] Level 1:colcon.colcon_core.package_identification:_identify(rcv_atc_orders_and_send_2_gazebo) by extensions ['colcon_pkg']
[1.416s] Level 1:colcon.colcon_core.package_identification:_identify(rcv_atc_orders_and_send_2_gazebo) by extension 'colcon_pkg'
[1.416s] Level 1:colcon.colcon_core.package_identification:_identify(rcv_atc_orders_and_send_2_gazebo) by extensions ['colcon_meta']
[1.416s] Level 1:colcon.colcon_core.package_identification:_identify(rcv_atc_orders_and_send_2_gazebo) by extension 'colcon_meta'
[1.416s] Level 1:colcon.colcon_core.package_identification:_identify(rcv_atc_orders_and_send_2_gazebo) by extensions ['ros']
[1.417s] Level 1:colcon.colcon_core.package_identification:_identify(rcv_atc_orders_and_send_2_gazebo) by extension 'ros'
[1.417s] DEBUG:colcon.colcon_core.package_identification:Package 'rcv_atc_orders_and_send_2_gazebo' with type 'ros.ament_cmake' and name 'rcv_atc_orders_and_send_2_gazebo'
[1.417s] Level 1:colcon.colcon_core.package_discovery:discover_packages(recursive) using defaults
[1.417s] Level 1:colcon.colcon_core.package_discovery:discover_packages(ignore) discover
[1.417s] Level 1:colcon.colcon_core.package_discovery:discover_packages(ignore) using defaults
[1.417s] Level 1:colcon.colcon_core.package_discovery:discover_packages(path) discover
[1.418s] Level 1:colcon.colcon_core.package_discovery:discover_packages(path) using defaults
[1.601s] Level 5:colcon.colcon_core.verb:set package 'dummy_publisher' build argument 'cmake_args' from command line to 'None'
[1.601s] Level 5:colcon.colcon_core.verb:set package 'dummy_publisher' build argument 'cmake_target' from command line to 'None'
[1.601s] Level 5:colcon.colcon_core.verb:set package 'dummy_publisher' build argument 'cmake_target_skip_unavailable' from command line to 'False'
[1.602s] Level 5:colcon.colcon_core.verb:set package 'dummy_publisher' build argument 'cmake_clean_cache' from command line to 'False'
[1.602s] Level 5:colcon.colcon_core.verb:set package 'dummy_publisher' build argument 'cmake_clean_first' from command line to 'False'
[1.602s] Level 5:colcon.colcon_core.verb:set package 'dummy_publisher' build argument 'cmake_force_configure' from command line to 'False'
[1.602s] Level 5:colcon.colcon_core.verb:set package 'dummy_publisher' build argument 'ament_cmake_args' from command line to 'None'
[1.602s] Level 5:colcon.colcon_core.verb:set package 'dummy_publisher' build argument 'catkin_cmake_args' from command line to 'None'
[1.602s] Level 5:colcon.colcon_core.verb:set package 'dummy_publisher' build argument 'catkin_skip_building_tests' from command line to 'False'
[1.602s] DEBUG:colcon.colcon_core.verb:Building package 'dummy_publisher' with the following arguments: {'ament_cmake_args': None, 'build_base': '/data/publisher/build/dummy_publisher', 'catkin_cmake_args': None, 'catkin_skip_building_tests': False, 'cmake_args': None, 'cmake_clean_cache': False, 'cmake_clean_first': False, 'cmake_force_configure': False, 'cmake_target': None, 'cmake_target_skip_unavailable': False, 'install_base': '/data/publisher/install/dummy_publisher', 'merge_install': False, 'path': '/data/publisher/dummy_publisher', 'symlink_install': False, 'test_result_base': None}
[1.651s] Level 5:colcon.colcon_core.verb:set package 'rcv_atc_orders_and_send_2_gazebo' build argument 'cmake_args' from command line to 'None'
[1.651s] Level 5:colcon.colcon_core.verb:set package 'rcv_atc_orders_and_send_2_gazebo' build argument 'cmake_target' from command line to 'None'
[1.651s] Level 5:colcon.colcon_core.verb:set package 'rcv_atc_orders_and_send_2_gazebo' build argument 'cmake_target_skip_unavailable' from command line to 'False'
[1.651s] Level 5:colcon.colcon_core.verb:set package 'rcv_atc_orders_and_send_2_gazebo' build argument 'cmake_clean_cache' from command line to 'False'
[1.651s] Level 5:colcon.colcon_core.verb:set package 'rcv_atc_orders_and_send_2_gazebo' build argument 'cmake_clean_first' from command line to 'False'
[1.651s] Level 5:colcon.colcon_core.verb:set package 'rcv_atc_orders_and_send_2_gazebo' build argument 'cmake_force_configure' from command line to 'False'
[1.651s] Level 5:colcon.colcon_core.verb:set package 'rcv_atc_orders_and_send_2_gazebo' build argument 'ament_cmake_args' from command line to 'None'
[1.651s] Level 5:colcon.colcon_core.verb:set package 'rcv_atc_orders_and_send_2_gazebo' build argument 'catkin_cmake_args' from command line to 'None'
[1.652s] Level 5:colcon.colcon_core.verb:set package 'rcv_atc_orders_and_send_2_gazebo' build argument 'catkin_skip_building_tests' from command line to 'False'
[1.652s] DEBUG:colcon.colcon_core.verb:Building package 'rcv_atc_orders_and_send_2_gazebo' with the following arguments: {'ament_cmake_args': None, 'build_base': '/data/publisher/build/rcv_atc_orders_and_send_2_gazebo', 'catkin_cmake_args': None, 'catkin_skip_building_tests': False, 'cmake_args': None, 'cmake_clean_cache': False, 'cmake_clean_first': False, 'cmake_force_configure': False, 'cmake_target': None, 'cmake_target_skip_unavailable': False, 'install_base': '/data/publisher/install/rcv_atc_orders_and_send_2_gazebo', 'merge_install': False, 'path': '/data/publisher/rcv_atc_orders_and_send_2_gazebo', 'symlink_install': False, 'test_result_base': None}
[1.693s] INFO:colcon.colcon_core.executor:Executing jobs using 'parallel' executor
[1.746s] DEBUG:colcon.colcon_parallel_executor.executor.parallel:run_until_complete
[1.747s] INFO:colcon.colcon_ros.task.ament_cmake.build:Building ROS package in '/data/publisher/dummy_publisher' with build type 'ament_cmake'
[1.747s] INFO:colcon.colcon_cmake.task.cmake.build:Building CMake package in '/data/publisher/dummy_publisher'
[1.795s] INFO:colcon.colcon_core.plugin_system:Skipping extension 'colcon_core.shell.bat': Not used on non-Windows systems
[1.796s] INFO:colcon.colcon_core.shell:Skip shell extension 'powershell' for command environment: Not usable outside of PowerShell
[1.796s] DEBUG:colcon.colcon_core.shell:Skip shell extension 'dsv' for command environment
[1.946s] INFO:colcon.colcon_ros.task.ament_cmake.build:Building ROS package in '/data/publisher/rcv_atc_orders_and_send_2_gazebo' with build type 'ament_cmake'
[1.947s] INFO:colcon.colcon_cmake.task.cmake.build:Building CMake package in '/data/publisher/rcv_atc_orders_and_send_2_gazebo'
[2.000s] INFO:colcon.colcon_core.shell:Skip shell extension 'powershell' for command environment: Not usable outside of PowerShell
[2.000s] DEBUG:colcon.colcon_core.shell:Skip shell extension 'dsv' for command environment
[2.150s] DEBUG:colcon.colcon_core.event_handler.log_command:Invoking command in '/data/publisher/build/dummy_publisher': CMAKE_PREFIX_PATH=${CMAKE_PREFIX_PATH}:/opt/ros/foxy /usr/bin/cmake --build /data/publisher/build/dummy_publisher -- -j8 -l8
[2.165s] DEBUG:colcon.colcon_core.event_handler.log_command:Invoking command in '/data/publisher/build/rcv_atc_orders_and_send_2_gazebo': CMAKE_PREFIX_PATH=${CMAKE_PREFIX_PATH}:/opt/ros/foxy /usr/bin/cmake --build /data/publisher/build/rcv_atc_orders_and_send_2_gazebo -- -j8 -l8
[2.362s] DEBUG:colcon.colcon_core.event_handler.log_command:Invoked command in '/data/publisher/build/dummy_publisher' returned '0': CMAKE_PREFIX_PATH=${CMAKE_PREFIX_PATH}:/opt/ros/foxy /usr/bin/cmake --build /data/publisher/build/dummy_publisher -- -j8 -l8
[2.482s] DEBUG:colcon.colcon_core.event_handler.log_command:Invoking command in '/data/publisher/build/dummy_publisher': CMAKE_PREFIX_PATH=${CMAKE_PREFIX_PATH}:/opt/ros/foxy /usr/bin/cmake --install /data/publisher/build/dummy_publisher
[2.513s] Level 1:colcon.colcon_core.environment:create_environment_scripts_only(dummy_publisher)
[2.514s] DEBUG:colcon.colcon_core.event_handler.log_command:Invoked command in '/data/publisher/build/dummy_publisher' returned '0': CMAKE_PREFIX_PATH=${CMAKE_PREFIX_PATH}:/opt/ros/foxy /usr/bin/cmake --install /data/publisher/build/dummy_publisher
[2.611s] Level 1:colcon.colcon_core.environment:checking '/data/publisher/install/dummy_publisher' for CMake module files
[2.612s] Level 1:colcon.colcon_core.environment:checking '/data/publisher/install/dummy_publisher' for CMake config files
[2.613s] Level 1:colcon.colcon_core.shell:create_environment_hook('dummy_publisher', 'cmake_prefix_path')
[2.664s] INFO:colcon.colcon_core.shell:Creating environment hook '/data/publisher/install/dummy_publisher/share/dummy_publisher/hook/cmake_prefix_path.ps1'
[2.665s] INFO:colcon.colcon_core.shell:Creating environment descriptor '/data/publisher/install/dummy_publisher/share/dummy_publisher/hook/cmake_prefix_path.dsv'
[2.666s] INFO:colcon.colcon_core.shell:Creating environment hook '/data/publisher/install/dummy_publisher/share/dummy_publisher/hook/cmake_prefix_path.sh'
[2.668s] Level 1:colcon.colcon_core.environment:checking '/data/publisher/install/dummy_publisher/lib'
[2.668s] Level 1:colcon.colcon_core.environment:checking '/data/publisher/install/dummy_publisher/bin'
[2.669s] Level 1:colcon.colcon_core.environment:checking '/data/publisher/install/dummy_publisher/lib/pkgconfig/dummy_publisher.pc'
[2.670s] Level 1:colcon.colcon_core.environment:checking '/data/publisher/install/dummy_publisher/lib/python3.8/site-packages'
[2.671s] Level 1:colcon.colcon_core.environment:checking '/data/publisher/install/dummy_publisher/bin'
[2.743s] INFO:colcon.colcon_core.shell:Creating package script '/data/publisher/install/dummy_publisher/share/dummy_publisher/package.ps1'
[2.746s] INFO:colcon.colcon_core.shell:Creating package descriptor '/data/publisher/install/dummy_publisher/share/dummy_publisher/package.dsv'
[2.748s] INFO:colcon.colcon_core.shell:Creating package script '/data/publisher/install/dummy_publisher/share/dummy_publisher/package.sh'
[2.751s] INFO:colcon.colcon_core.shell:Creating package script '/data/publisher/install/dummy_publisher/share/dummy_publisher/package.bash'
[2.753s] INFO:colcon.colcon_core.shell:Creating package script '/data/publisher/install/dummy_publisher/share/dummy_publisher/package.zsh'
[2.757s] Level 1:colcon.colcon_core.environment:create_file_with_runtime_dependencies(/data/publisher/install/dummy_publisher/share/colcon-core/packages/dummy_publisher)
[2.891s] Level 1:colcon.colcon_core.environment:create_environment_scripts_only(dummy_publisher)
[2.939s] Level 1:colcon.colcon_core.environment:checking '/data/publisher/install/dummy_publisher' for CMake module files
[2.940s] Level 1:colcon.colcon_core.environment:checking '/data/publisher/install/dummy_publisher' for CMake config files
[2.941s] Level 1:colcon.colcon_core.shell:create_environment_hook('dummy_publisher', 'cmake_prefix_path')
[2.989s] INFO:colcon.colcon_core.shell:Creating environment hook '/data/publisher/install/dummy_publisher/share/dummy_publisher/hook/cmake_prefix_path.ps1'
[2.990s] INFO:colcon.colcon_core.shell:Creating environment descriptor '/data/publisher/install/dummy_publisher/share/dummy_publisher/hook/cmake_prefix_path.dsv'
[2.991s] INFO:colcon.colcon_core.shell:Creating environment hook '/data/publisher/install/dummy_publisher/share/dummy_publisher/hook/cmake_prefix_path.sh'
[2.994s] Level 1:colcon.colcon_core.environment:checking '/data/publisher/install/dummy_publisher/lib'
[2.994s] Level 1:colcon.colcon_core.environment:checking '/data/publisher/install/dummy_publisher/bin'
[2.994s] Level 1:colcon.colcon_core.environment:checking '/data/publisher/install/dummy_publisher/lib/pkgconfig/dummy_publisher.pc'
[2.995s] Level 1:colcon.colcon_core.environment:checking '/data/publisher/install/dummy_publisher/lib/python3.8/site-packages'
[2.995s] Level 1:colcon.colcon_core.environment:checking '/data/publisher/install/dummy_publisher/bin'
[3.050s] INFO:colcon.colcon_core.shell:Creating package script '/data/publisher/install/dummy_publisher/share/dummy_publisher/package.ps1'
[3.052s] INFO:colcon.colcon_core.shell:Creating package descriptor '/data/publisher/install/dummy_publisher/share/dummy_publisher/package.dsv'
[3.055s] INFO:colcon.colcon_core.shell:Creating package script '/data/publisher/install/dummy_publisher/share/dummy_publisher/package.sh'
[3.058s] INFO:colcon.colcon_core.shell:Creating package script '/data/publisher/install/dummy_publisher/share/dummy_publisher/package.bash'
[3.062s] INFO:colcon.colcon_core.shell:Creating package script '/data/publisher/install/dummy_publisher/share/dummy_publisher/package.zsh'
[3.064s] Level 1:colcon.colcon_core.environment:create_file_with_runtime_dependencies(/data/publisher/install/dummy_publisher/share/colcon-core/packages/dummy_publisher)
[10.995s] DEBUG:colcon.colcon_core.event_handler.log_command:Invoked command in '/data/publisher/build/rcv_atc_orders_and_send_2_gazebo' returned '0': CMAKE_PREFIX_PATH=${CMAKE_PREFIX_PATH}:/opt/ros/foxy /usr/bin/cmake --build /data/publisher/build/rcv_atc_orders_and_send_2_gazebo -- -j8 -l8
[11.043s] DEBUG:colcon.colcon_core.event_handler.log_command:Invoking command in '/data/publisher/build/rcv_atc_orders_and_send_2_gazebo': CMAKE_PREFIX_PATH=${CMAKE_PREFIX_PATH}:/opt/ros/foxy /usr/bin/cmake --install /data/publisher/build/rcv_atc_orders_and_send_2_gazebo
[11.072s] Level 1:colcon.colcon_core.environment:create_environment_scripts_only(rcv_atc_orders_and_send_2_gazebo)
[11.073s] DEBUG:colcon.colcon_core.event_handler.log_command:Invoked command in '/data/publisher/build/rcv_atc_orders_and_send_2_gazebo' returned '0': CMAKE_PREFIX_PATH=${CMAKE_PREFIX_PATH}:/opt/ros/foxy /usr/bin/cmake --install /data/publisher/build/rcv_atc_orders_and_send_2_gazebo
[11.111s] Level 1:colcon.colcon_core.environment:checking '/data/publisher/install/rcv_atc_orders_and_send_2_gazebo' for CMake module files
[11.111s] Level 1:colcon.colcon_core.environment:checking '/data/publisher/install/rcv_atc_orders_and_send_2_gazebo' for CMake config files
[11.111s] Level 1:colcon.colcon_core.shell:create_environment_hook('rcv_atc_orders_and_send_2_gazebo', 'cmake_prefix_path')
[11.147s] INFO:colcon.colcon_core.shell:Creating environment hook '/data/publisher/install/rcv_atc_orders_and_send_2_gazebo/share/rcv_atc_orders_and_send_2_gazebo/hook/cmake_prefix_path.ps1'
[11.148s] INFO:colcon.colcon_core.shell:Creating environment descriptor '/data/publisher/install/rcv_atc_orders_and_send_2_gazebo/share/rcv_atc_orders_and_send_2_gazebo/hook/cmake_prefix_path.dsv'
[11.149s] INFO:colcon.colcon_core.shell:Creating environment hook '/data/publisher/install/rcv_atc_orders_and_send_2_gazebo/share/rcv_atc_orders_and_send_2_gazebo/hook/cmake_prefix_path.sh'
[11.152s] Level 1:colcon.colcon_core.environment:checking '/data/publisher/install/rcv_atc_orders_and_send_2_gazebo/lib'
[11.152s] Level 1:colcon.colcon_core.environment:checking '/data/publisher/install/rcv_atc_orders_and_send_2_gazebo/bin'
[11.152s] Level 1:colcon.colcon_core.environment:checking '/data/publisher/install/rcv_atc_orders_and_send_2_gazebo/lib/pkgconfig/rcv_atc_orders_and_send_2_gazebo.pc'
[11.153s] Level 1:colcon.colcon_core.environment:checking '/data/publisher/install/rcv_atc_orders_and_send_2_gazebo/lib/python3.8/site-packages'
[11.153s] Level 1:colcon.colcon_core.environment:checking '/data/publisher/install/rcv_atc_orders_and_send_2_gazebo/bin'
[11.191s] INFO:colcon.colcon_core.shell:Creating package script '/data/publisher/install/rcv_atc_orders_and_send_2_gazebo/share/rcv_atc_orders_and_send_2_gazebo/package.ps1'
[11.193s] INFO:colcon.colcon_core.shell:Creating package descriptor '/data/publisher/install/rcv_atc_orders_and_send_2_gazebo/share/rcv_atc_orders_and_send_2_gazebo/package.dsv'
[11.193s] INFO:colcon.colcon_core.shell:Creating package script '/data/publisher/install/rcv_atc_orders_and_send_2_gazebo/share/rcv_atc_orders_and_send_2_gazebo/package.sh'
[11.194s] INFO:colcon.colcon_core.shell:Creating package script '/data/publisher/install/rcv_atc_orders_and_send_2_gazebo/share/rcv_atc_orders_and_send_2_gazebo/package.bash'
[11.195s] INFO:colcon.colcon_core.shell:Creating package script '/data/publisher/install/rcv_atc_orders_and_send_2_gazebo/share/rcv_atc_orders_and_send_2_gazebo/package.zsh'
[11.196s] Level 1:colcon.colcon_core.environment:create_file_with_runtime_dependencies(/data/publisher/install/rcv_atc_orders_and_send_2_gazebo/share/colcon-core/packages/rcv_atc_orders_and_send_2_gazebo)
[11.277s] Level 1:colcon.colcon_core.environment:create_environment_scripts_only(rcv_atc_orders_and_send_2_gazebo)
[11.308s] Level 1:colcon.colcon_core.environment:checking '/data/publisher/install/rcv_atc_orders_and_send_2_gazebo' for CMake module files
[11.309s] Level 1:colcon.colcon_core.environment:checking '/data/publisher/install/rcv_atc_orders_and_send_2_gazebo' for CMake config files
[11.309s] Level 1:colcon.colcon_core.shell:create_environment_hook('rcv_atc_orders_and_send_2_gazebo', 'cmake_prefix_path')
[11.339s] INFO:colcon.colcon_core.shell:Creating environment hook '/data/publisher/install/rcv_atc_orders_and_send_2_gazebo/share/rcv_atc_orders_and_send_2_gazebo/hook/cmake_prefix_path.ps1'
[11.339s] INFO:colcon.colcon_core.shell:Creating environment descriptor '/data/publisher/install/rcv_atc_orders_and_send_2_gazebo/share/rcv_atc_orders_and_send_2_gazebo/hook/cmake_prefix_path.dsv'
[11.339s] INFO:colcon.colcon_core.shell:Creating environment hook '/data/publisher/install/rcv_atc_orders_and_send_2_gazebo/share/rcv_atc_orders_and_send_2_gazebo/hook/cmake_prefix_path.sh'
[11.340s] Level 1:colcon.colcon_core.environment:checking '/data/publisher/install/rcv_atc_orders_and_send_2_gazebo/lib'
[11.340s] Level 1:colcon.colcon_core.environment:checking '/data/publisher/install/rcv_atc_orders_and_send_2_gazebo/bin'
[11.340s] Level 1:colcon.colcon_core.environment:checking '/data/publisher/install/rcv_atc_orders_and_send_2_gazebo/lib/pkgconfig/rcv_atc_orders_and_send_2_gazebo.pc'
[11.340s] Level 1:colcon.colcon_core.environment:checking '/data/publisher/install/rcv_atc_orders_and_send_2_gazebo/lib/python3.8/site-packages'
[11.340s] Level 1:colcon.colcon_core.environment:checking '/data/publisher/install/rcv_atc_orders_and_send_2_gazebo/bin'
[11.373s] INFO:colcon.colcon_core.shell:Creating package script '/data/publisher/install/rcv_atc_orders_and_send_2_gazebo/share/rcv_atc_orders_and_send_2_gazebo/package.ps1'
[11.374s] INFO:colcon.colcon_core.shell:Creating package descriptor '/data/publisher/install/rcv_atc_orders_and_send_2_gazebo/share/rcv_atc_orders_and_send_2_gazebo/package.dsv'
[11.375s] INFO:colcon.colcon_core.shell:Creating package script '/data/publisher/install/rcv_atc_orders_and_send_2_gazebo/share/rcv_atc_orders_and_send_2_gazebo/package.sh'
[11.376s] INFO:colcon.colcon_core.shell:Creating package script '/data/publisher/install/rcv_atc_orders_and_send_2_gazebo/share/rcv_atc_orders_and_send_2_gazebo/package.bash'
[11.376s] INFO:colcon.colcon_core.shell:Creating package script '/data/publisher/install/rcv_atc_orders_and_send_2_gazebo/share/rcv_atc_orders_and_send_2_gazebo/package.zsh'
[11.377s] Level 1:colcon.colcon_core.environment:create_file_with_runtime_dependencies(/data/publisher/install/rcv_atc_orders_and_send_2_gazebo/share/colcon-core/packages/rcv_atc_orders_and_send_2_gazebo)
[11.377s] DEBUG:colcon.colcon_parallel_executor.executor.parallel:closing loop
[11.378s] DEBUG:colcon.colcon_parallel_executor.executor.parallel:loop closed
[11.378s] DEBUG:colcon.colcon_parallel_executor.executor.parallel:run_until_complete finished with '0'
[11.378s] DEBUG:colcon.colcon_core.event_reactor:joining thread
[11.421s] INFO:colcon.colcon_core.plugin_system:Skipping extension 'colcon_notification.desktop_notification.notify_send': Could not find 'notify-send'
[11.421s] INFO:colcon.colcon_core.plugin_system:Skipping extension 'colcon_notification.desktop_notification.terminal_notifier': Not used on non-Darwin systems
[11.421s] INFO:colcon.colcon_core.plugin_system:Skipping extension 'colcon_notification.desktop_notification.win32': Not used on non-Windows systems
[11.421s] INFO:colcon.colcon_notification.desktop_notification:Sending desktop notification using 'notify2'
[11.425s] DEBUG:colcon.colcon_notification.desktop_notification.notify2:Failed to initialize notify2: org.freedesktop.DBus.Error.Spawn.ExecFailed: /usr/bin/dbus-launch terminated abnormally without any error message
[11.425s] DEBUG:colcon.colcon_core.event_reactor:joined thread
[11.459s] INFO:colcon.colcon_core.shell:Creating prefix script '/data/publisher/install/local_setup.ps1'
[11.462s] INFO:colcon.colcon_core.shell:Creating prefix util module '/data/publisher/install/_local_setup_util_ps1.py'
[11.464s] INFO:colcon.colcon_core.shell:Creating prefix chain script '/data/publisher/install/setup.ps1'
[11.503s] INFO:colcon.colcon_core.shell:Creating prefix script '/data/publisher/install/local_setup.sh'
[11.505s] INFO:colcon.colcon_core.shell:Creating prefix util module '/data/publisher/install/_local_setup_util_sh.py'
[11.506s] INFO:colcon.colcon_core.shell:Creating prefix chain script '/data/publisher/install/setup.sh'
[11.545s] INFO:colcon.colcon_core.shell:Creating prefix script '/data/publisher/install/local_setup.bash'
[11.545s] INFO:colcon.colcon_core.shell:Creating prefix chain script '/data/publisher/install/setup.bash'
[11.579s] INFO:colcon.colcon_core.shell:Creating prefix script '/data/publisher/install/local_setup.zsh'
[11.579s] INFO:colcon.colcon_core.shell:Creating prefix chain script '/data/publisher/install/setup.zsh'
