[1.906s] DEBUG:colcon:Command line arguments: ['/usr/bin/colcon', 'build']
[1.907s] DEBUG:colcon:Parsed command line arguments: Namespace(ament_cmake_args=None, base_paths=['.'], build_base='build', catkin_cmake_args=None, catkin_skip_building_tests=False, cmake_args=None, cmake_clean_cache=False, cmake_clean_first=False, cmake_force_configure=False, cmake_target=None, cmake_target_skip_unavailable=False, continue_on_error=False, event_handlers=None, executor='parallel', ignore_user_meta=False, install_base='install', log_base=None, log_level=None, main=<bound method BuildVerb.main of <colcon_core.verb.build.BuildVerb object at 0x7fb352813df0>>, merge_install=False, metas=['./colcon.meta'], packages_above=None, packages_above_and_dependencies=None, packages_above_depth=None, packages_end=None, packages_ignore=None, packages_ignore_regex=None, packages_select=None, packages_select_build_failed=False, packages_select_by_dep=None, packages_select_regex=None, packages_select_test_failures=False, packages_skip=None, packages_skip_build_finished=False, packages_skip_by_dep=None, packages_skip_regex=None, packages_skip_test_passed=False, packages_skip_up_to=None, packages_start=None, packages_up_to=None, packages_up_to_regex=None, parallel_workers=8, paths=None, symlink_install=False, test_result_base=None, verb_extension=<colcon_core.verb.build.BuildVerb object at 0x7fb352813df0>, verb_name='build', verb_parser=<colcon_defaults.argument_parser.defaults.DefaultArgumentsDecorator object at 0x7fb3524813d0>)
[2.027s] Level 1:colcon.colcon_core.package_discovery:discover_packages(colcon_meta) check parameters
[2.028s] Level 1:colcon.colcon_core.package_discovery:discover_packages(recursive) check parameters
[2.028s] Level 1:colcon.colcon_core.package_discovery:discover_packages(ignore) check parameters
[2.028s] Level 1:colcon.colcon_core.package_discovery:discover_packages(path) check parameters
[2.028s] Level 1:colcon.colcon_core.package_discovery:discover_packages(colcon_meta) discover
[2.028s] Level 1:colcon.colcon_core.package_discovery:discover_packages(recursive) discover
[2.028s] INFO:colcon.colcon_core.package_discovery:Crawling recursively for packages in '/data/publisher'
[2.028s] Level 1:colcon.colcon_core.package_identification:_identify(.) by extensions ['ignore', 'ignore_ament_install']
[2.028s] Level 1:colcon.colcon_core.package_identification:_identify(.) by extension 'ignore'
[2.029s] Level 1:colcon.colcon_core.package_identification:_identify(.) by extension 'ignore_ament_install'
[2.029s] Level 1:colcon.colcon_core.package_identification:_identify(.) by extensions ['colcon_pkg']
[2.029s] Level 1:colcon.colcon_core.package_identification:_identify(.) by extension 'colcon_pkg'
[2.029s] Level 1:colcon.colcon_core.package_identification:_identify(.) by extensions ['colcon_meta']
[2.029s] Level 1:colcon.colcon_core.package_identification:_identify(.) by extension 'colcon_meta'
[2.029s] Level 1:colcon.colcon_core.package_identification:_identify(.) by extensions ['ros']
[2.029s] Level 1:colcon.colcon_core.package_identification:_identify(.) by extension 'ros'
[2.045s] Level 1:colcon.colcon_core.package_identification:_identify(.) by extensions ['cmake', 'python']
[2.046s] Level 1:colcon.colcon_core.package_identification:_identify(.) by extension 'cmake'
[2.046s] Level 1:colcon.colcon_core.package_identification:_identify(.) by extension 'python'
[2.046s] Level 1:colcon.colcon_core.package_identification:_identify(.) by extensions ['python_setup_py']
[2.046s] Level 1:colcon.colcon_core.package_identification:_identify(.) by extension 'python_setup_py'
[2.046s] Level 1:colcon.colcon_core.package_identification:_identify(build) by extensions ['ignore', 'ignore_ament_install']
[2.046s] Level 1:colcon.colcon_core.package_identification:_identify(build) by extension 'ignore'
[2.046s] Level 1:colcon.colcon_core.package_identification:_identify(build) ignored
[2.046s] Level 1:colcon.colcon_core.package_identification:_identify(dummy_publisher) by extensions ['ignore', 'ignore_ament_install']
[2.046s] Level 1:colcon.colcon_core.package_identification:_identify(dummy_publisher) by extension 'ignore'
[2.046s] Level 1:colcon.colcon_core.package_identification:_identify(dummy_publisher) by extension 'ignore_ament_install'
[2.046s] Level 1:colcon.colcon_core.package_identification:_identify(dummy_publisher) by extensions ['colcon_pkg']
[2.046s] Level 1:colcon.colcon_core.package_identification:_identify(dummy_publisher) by extension 'colcon_pkg'
[2.047s] Level 1:colcon.colcon_core.package_identification:_identify(dummy_publisher) by extensions ['colcon_meta']
[2.047s] Level 1:colcon.colcon_core.package_identification:_identify(dummy_publisher) by extension 'colcon_meta'
[2.047s] Level 1:colcon.colcon_core.package_identification:_identify(dummy_publisher) by extensions ['ros']
[2.047s] Level 1:colcon.colcon_core.package_identification:_identify(dummy_publisher) by extension 'ros'
[2.050s] DEBUG:colcon.colcon_core.package_identification:Package 'dummy_publisher' with type 'ros.ament_cmake' and name 'dummy_publisher'
[2.050s] Level 1:colcon.colcon_core.package_identification:_identify(install) by extensions ['ignore', 'ignore_ament_install']
[2.050s] Level 1:colcon.colcon_core.package_identification:_identify(install) by extension 'ignore'
[2.050s] Level 1:colcon.colcon_core.package_identification:_identify(install) ignored
[2.050s] Level 1:colcon.colcon_core.package_identification:_identify(log) by extensions ['ignore', 'ignore_ament_install']
[2.050s] Level 1:colcon.colcon_core.package_identification:_identify(log) by extension 'ignore'
[2.050s] Level 1:colcon.colcon_core.package_identification:_identify(log) ignored
[2.050s] Level 1:colcon.colcon_core.package_identification:_identify(rcv_atc_orders_and_send_2_gazebo) by extensions ['ignore', 'ignore_ament_install']
[2.050s] Level 1:colcon.colcon_core.package_identification:_identify(rcv_atc_orders_and_send_2_gazebo) by extension 'ignore'
[2.051s] Level 1:colcon.colcon_core.package_identification:_identify(rcv_atc_orders_and_send_2_gazebo) by extension 'ignore_ament_install'
[2.051s] Level 1:colcon.colcon_core.package_identification:_identify(rcv_atc_orders_and_send_2_gazebo) by extensions ['colcon_pkg']
[2.051s] Level 1:colcon.colcon_core.package_identification:_identify(rcv_atc_orders_and_send_2_gazebo) by extension 'colcon_pkg'
[2.051s] Level 1:colcon.colcon_core.package_identification:_identify(rcv_atc_orders_and_send_2_gazebo) by extensions ['colcon_meta']
[2.051s] Level 1:colcon.colcon_core.package_identification:_identify(rcv_atc_orders_and_send_2_gazebo) by extension 'colcon_meta'
[2.051s] Level 1:colcon.colcon_core.package_identification:_identify(rcv_atc_orders_and_send_2_gazebo) by extensions ['ros']
[2.051s] Level 1:colcon.colcon_core.package_identification:_identify(rcv_atc_orders_and_send_2_gazebo) by extension 'ros'
[2.052s] DEBUG:colcon.colcon_core.package_identification:Package 'rcv_atc_orders_and_send_2_gazebo' with type 'ros.ament_cmake' and name 'rcv_atc_orders_and_send_2_gazebo'
[2.052s] Level 1:colcon.colcon_core.package_discovery:discover_packages(recursive) using defaults
[2.052s] Level 1:colcon.colcon_core.package_discovery:discover_packages(ignore) discover
[2.052s] Level 1:colcon.colcon_core.package_discovery:discover_packages(ignore) using defaults
[2.052s] Level 1:colcon.colcon_core.package_discovery:discover_packages(path) discover
[2.052s] Level 1:colcon.colcon_core.package_discovery:discover_packages(path) using defaults
[2.208s] Level 5:colcon.colcon_core.verb:set package 'dummy_publisher' build argument 'cmake_args' from command line to 'None'
[2.208s] Level 5:colcon.colcon_core.verb:set package 'dummy_publisher' build argument 'cmake_target' from command line to 'None'
[2.208s] Level 5:colcon.colcon_core.verb:set package 'dummy_publisher' build argument 'cmake_target_skip_unavailable' from command line to 'False'
[2.208s] Level 5:colcon.colcon_core.verb:set package 'dummy_publisher' build argument 'cmake_clean_cache' from command line to 'False'
[2.208s] Level 5:colcon.colcon_core.verb:set package 'dummy_publisher' build argument 'cmake_clean_first' from command line to 'False'
[2.208s] Level 5:colcon.colcon_core.verb:set package 'dummy_publisher' build argument 'cmake_force_configure' from command line to 'False'
[2.208s] Level 5:colcon.colcon_core.verb:set package 'dummy_publisher' build argument 'ament_cmake_args' from command line to 'None'
[2.208s] Level 5:colcon.colcon_core.verb:set package 'dummy_publisher' build argument 'catkin_cmake_args' from command line to 'None'
[2.208s] Level 5:colcon.colcon_core.verb:set package 'dummy_publisher' build argument 'catkin_skip_building_tests' from command line to 'False'
[2.208s] DEBUG:colcon.colcon_core.verb:Building package 'dummy_publisher' with the following arguments: {'ament_cmake_args': None, 'build_base': '/data/publisher/build/dummy_publisher', 'catkin_cmake_args': None, 'catkin_skip_building_tests': False, 'cmake_args': None, 'cmake_clean_cache': False, 'cmake_clean_first': False, 'cmake_force_configure': False, 'cmake_target': None, 'cmake_target_skip_unavailable': False, 'install_base': '/data/publisher/install/dummy_publisher', 'merge_install': False, 'path': '/data/publisher/dummy_publisher', 'symlink_install': False, 'test_result_base': None}
[2.241s] Level 5:colcon.colcon_core.verb:set package 'rcv_atc_orders_and_send_2_gazebo' build argument 'cmake_args' from command line to 'None'
[2.241s] Level 5:colcon.colcon_core.verb:set package 'rcv_atc_orders_and_send_2_gazebo' build argument 'cmake_target' from command line to 'None'
[2.241s] Level 5:colcon.colcon_core.verb:set package 'rcv_atc_orders_and_send_2_gazebo' build argument 'cmake_target_skip_unavailable' from command line to 'False'
[2.241s] Level 5:colcon.colcon_core.verb:set package 'rcv_atc_orders_and_send_2_gazebo' build argument 'cmake_clean_cache' from command line to 'False'
[2.241s] Level 5:colcon.colcon_core.verb:set package 'rcv_atc_orders_and_send_2_gazebo' build argument 'cmake_clean_first' from command line to 'False'
[2.241s] Level 5:colcon.colcon_core.verb:set package 'rcv_atc_orders_and_send_2_gazebo' build argument 'cmake_force_configure' from command line to 'False'
[2.241s] Level 5:colcon.colcon_core.verb:set package 'rcv_atc_orders_and_send_2_gazebo' build argument 'ament_cmake_args' from command line to 'None'
[2.241s] Level 5:colcon.colcon_core.verb:set package 'rcv_atc_orders_and_send_2_gazebo' build argument 'catkin_cmake_args' from command line to 'None'
[2.241s] Level 5:colcon.colcon_core.verb:set package 'rcv_atc_orders_and_send_2_gazebo' build argument 'catkin_skip_building_tests' from command line to 'False'
[2.241s] DEBUG:colcon.colcon_core.verb:Building package 'rcv_atc_orders_and_send_2_gazebo' with the following arguments: {'ament_cmake_args': None, 'build_base': '/data/publisher/build/rcv_atc_orders_and_send_2_gazebo', 'catkin_cmake_args': None, 'catkin_skip_building_tests': False, 'cmake_args': None, 'cmake_clean_cache': False, 'cmake_clean_first': False, 'cmake_force_configure': False, 'cmake_target': None, 'cmake_target_skip_unavailable': False, 'install_base': '/data/publisher/install/rcv_atc_orders_and_send_2_gazebo', 'merge_install': False, 'path': '/data/publisher/rcv_atc_orders_and_send_2_gazebo', 'symlink_install': False, 'test_result_base': None}
[2.276s] INFO:colcon.colcon_core.executor:Executing jobs using 'parallel' executor
[2.307s] DEBUG:colcon.colcon_parallel_executor.executor.parallel:run_until_complete
[2.307s] INFO:colcon.colcon_ros.task.ament_cmake.build:Building ROS package in '/data/publisher/dummy_publisher' with build type 'ament_cmake'
[2.307s] INFO:colcon.colcon_cmake.task.cmake.build:Building CMake package in '/data/publisher/dummy_publisher'
[2.350s] INFO:colcon.colcon_core.plugin_system:Skipping extension 'colcon_core.shell.bat': Not used on non-Windows systems
[2.350s] INFO:colcon.colcon_core.shell:Skip shell extension 'powershell' for command environment: Not usable outside of PowerShell
[2.350s] DEBUG:colcon.colcon_core.shell:Skip shell extension 'dsv' for command environment
[2.426s] INFO:colcon.colcon_ros.task.ament_cmake.build:Building ROS package in '/data/publisher/rcv_atc_orders_and_send_2_gazebo' with build type 'ament_cmake'
[2.427s] INFO:colcon.colcon_cmake.task.cmake.build:Building CMake package in '/data/publisher/rcv_atc_orders_and_send_2_gazebo'
[2.461s] INFO:colcon.colcon_core.shell:Skip shell extension 'powershell' for command environment: Not usable outside of PowerShell
[2.461s] DEBUG:colcon.colcon_core.shell:Skip shell extension 'dsv' for command environment
[2.546s] DEBUG:colcon.colcon_core.event_handler.log_command:Invoking command in '/data/publisher/build/dummy_publisher': CMAKE_PREFIX_PATH=/opt/ros/foxy /usr/bin/cmake /data/publisher/dummy_publisher -DCMAKE_INSTALL_PREFIX=/data/publisher/install/dummy_publisher
[2.561s] DEBUG:colcon.colcon_core.event_handler.log_command:Invoking command in '/data/publisher/build/rcv_atc_orders_and_send_2_gazebo': CMAKE_PREFIX_PATH=/opt/ros/foxy /usr/bin/cmake /data/publisher/rcv_atc_orders_and_send_2_gazebo -DCMAKE_INSTALL_PREFIX=/data/publisher/install/rcv_atc_orders_and_send_2_gazebo
[5.138s] DEBUG:colcon.colcon_core.event_handler.log_command:Invoked command in '/data/publisher/build/rcv_atc_orders_and_send_2_gazebo' returned '0': CMAKE_PREFIX_PATH=/opt/ros/foxy /usr/bin/cmake /data/publisher/rcv_atc_orders_and_send_2_gazebo -DCMAKE_INSTALL_PREFIX=/data/publisher/install/rcv_atc_orders_and_send_2_gazebo
[5.145s] DEBUG:colcon.colcon_core.event_handler.log_command:Invoking command in '/data/publisher/build/rcv_atc_orders_and_send_2_gazebo': CMAKE_PREFIX_PATH=/opt/ros/foxy /usr/bin/cmake --build /data/publisher/build/rcv_atc_orders_and_send_2_gazebo -- -j8 -l8
[5.153s] DEBUG:colcon.colcon_core.event_handler.log_command:Invoked command in '/data/publisher/build/dummy_publisher' returned '0': CMAKE_PREFIX_PATH=/opt/ros/foxy /usr/bin/cmake /data/publisher/dummy_publisher -DCMAKE_INSTALL_PREFIX=/data/publisher/install/dummy_publisher
[5.157s] DEBUG:colcon.colcon_core.event_handler.log_command:Invoking command in '/data/publisher/build/dummy_publisher': CMAKE_PREFIX_PATH=/opt/ros/foxy /usr/bin/cmake --build /data/publisher/build/dummy_publisher -- -j8 -l8
[11.592s] DEBUG:colcon.colcon_core.event_handler.log_command:Invoked command in '/data/publisher/build/dummy_publisher' returned '0': CMAKE_PREFIX_PATH=/opt/ros/foxy /usr/bin/cmake --build /data/publisher/build/dummy_publisher -- -j8 -l8
[11.675s] DEBUG:colcon.colcon_core.event_handler.log_command:Invoking command in '/data/publisher/build/dummy_publisher': CMAKE_PREFIX_PATH=/opt/ros/foxy /usr/bin/cmake --install /data/publisher/build/dummy_publisher
[11.714s] Level 1:colcon.colcon_core.environment:create_environment_scripts_only(dummy_publisher)
[11.715s] DEBUG:colcon.colcon_core.event_handler.log_command:Invoked command in '/data/publisher/build/dummy_publisher' returned '0': CMAKE_PREFIX_PATH=/opt/ros/foxy /usr/bin/cmake --install /data/publisher/build/dummy_publisher
[11.782s] Level 1:colcon.colcon_core.environment:checking '/data/publisher/install/dummy_publisher' for CMake module files
[11.783s] Level 1:colcon.colcon_core.environment:checking '/data/publisher/install/dummy_publisher' for CMake config files
[11.783s] Level 1:colcon.colcon_core.shell:create_environment_hook('dummy_publisher', 'cmake_prefix_path')
[11.826s] INFO:colcon.colcon_core.shell:Creating environment hook '/data/publisher/install/dummy_publisher/share/dummy_publisher/hook/cmake_prefix_path.ps1'
[11.827s] INFO:colcon.colcon_core.shell:Creating environment descriptor '/data/publisher/install/dummy_publisher/share/dummy_publisher/hook/cmake_prefix_path.dsv'
[11.828s] INFO:colcon.colcon_core.shell:Creating environment hook '/data/publisher/install/dummy_publisher/share/dummy_publisher/hook/cmake_prefix_path.sh'
[11.830s] Level 1:colcon.colcon_core.environment:checking '/data/publisher/install/dummy_publisher/lib'
[11.831s] Level 1:colcon.colcon_core.environment:checking '/data/publisher/install/dummy_publisher/bin'
[11.831s] Level 1:colcon.colcon_core.environment:checking '/data/publisher/install/dummy_publisher/lib/pkgconfig/dummy_publisher.pc'
[11.833s] Level 1:colcon.colcon_core.environment:checking '/data/publisher/install/dummy_publisher/lib/python3.8/site-packages'
[11.834s] Level 1:colcon.colcon_core.environment:checking '/data/publisher/install/dummy_publisher/bin'
[11.907s] INFO:colcon.colcon_core.shell:Creating package script '/data/publisher/install/dummy_publisher/share/dummy_publisher/package.ps1'
[11.908s] INFO:colcon.colcon_core.shell:Creating package descriptor '/data/publisher/install/dummy_publisher/share/dummy_publisher/package.dsv'
[11.910s] INFO:colcon.colcon_core.shell:Creating package script '/data/publisher/install/dummy_publisher/share/dummy_publisher/package.sh'
[11.913s] INFO:colcon.colcon_core.shell:Creating package script '/data/publisher/install/dummy_publisher/share/dummy_publisher/package.bash'
[11.916s] INFO:colcon.colcon_core.shell:Creating package script '/data/publisher/install/dummy_publisher/share/dummy_publisher/package.zsh'
[11.917s] Level 1:colcon.colcon_core.environment:create_file_with_runtime_dependencies(/data/publisher/install/dummy_publisher/share/colcon-core/packages/dummy_publisher)
[12.008s] Level 1:colcon.colcon_core.environment:create_environment_scripts_only(dummy_publisher)
[12.050s] Level 1:colcon.colcon_core.environment:checking '/data/publisher/install/dummy_publisher' for CMake module files
[12.050s] Level 1:colcon.colcon_core.environment:checking '/data/publisher/install/dummy_publisher' for CMake config files
[12.051s] Level 1:colcon.colcon_core.shell:create_environment_hook('dummy_publisher', 'cmake_prefix_path')
[12.098s] INFO:colcon.colcon_core.shell:Creating environment hook '/data/publisher/install/dummy_publisher/share/dummy_publisher/hook/cmake_prefix_path.ps1'
[12.099s] INFO:colcon.colcon_core.shell:Creating environment descriptor '/data/publisher/install/dummy_publisher/share/dummy_publisher/hook/cmake_prefix_path.dsv'
[12.100s] INFO:colcon.colcon_core.shell:Creating environment hook '/data/publisher/install/dummy_publisher/share/dummy_publisher/hook/cmake_prefix_path.sh'
[12.101s] Level 1:colcon.colcon_core.environment:checking '/data/publisher/install/dummy_publisher/lib'
[12.101s] Level 1:colcon.colcon_core.environment:checking '/data/publisher/install/dummy_publisher/bin'
[12.101s] Level 1:colcon.colcon_core.environment:checking '/data/publisher/install/dummy_publisher/lib/pkgconfig/dummy_publisher.pc'
[12.102s] Level 1:colcon.colcon_core.environment:checking '/data/publisher/install/dummy_publisher/lib/python3.8/site-packages'
[12.103s] Level 1:colcon.colcon_core.environment:checking '/data/publisher/install/dummy_publisher/bin'
[12.146s] INFO:colcon.colcon_core.shell:Creating package script '/data/publisher/install/dummy_publisher/share/dummy_publisher/package.ps1'
[12.148s] INFO:colcon.colcon_core.shell:Creating package descriptor '/data/publisher/install/dummy_publisher/share/dummy_publisher/package.dsv'
[12.148s] INFO:colcon.colcon_core.shell:Creating package script '/data/publisher/install/dummy_publisher/share/dummy_publisher/package.sh'
[12.149s] INFO:colcon.colcon_core.shell:Creating package script '/data/publisher/install/dummy_publisher/share/dummy_publisher/package.bash'
[12.150s] INFO:colcon.colcon_core.shell:Creating package script '/data/publisher/install/dummy_publisher/share/dummy_publisher/package.zsh'
[12.152s] Level 1:colcon.colcon_core.environment:create_file_with_runtime_dependencies(/data/publisher/install/dummy_publisher/share/colcon-core/packages/dummy_publisher)
[14.178s] DEBUG:colcon.colcon_core.event_handler.log_command:Invoked command in '/data/publisher/build/rcv_atc_orders_and_send_2_gazebo' returned '0': CMAKE_PREFIX_PATH=/opt/ros/foxy /usr/bin/cmake --build /data/publisher/build/rcv_atc_orders_and_send_2_gazebo -- -j8 -l8
[14.226s] DEBUG:colcon.colcon_core.event_handler.log_command:Invoking command in '/data/publisher/build/rcv_atc_orders_and_send_2_gazebo': CMAKE_PREFIX_PATH=/opt/ros/foxy /usr/bin/cmake --install /data/publisher/build/rcv_atc_orders_and_send_2_gazebo
[14.261s] Level 1:colcon.colcon_core.environment:create_environment_scripts_only(rcv_atc_orders_and_send_2_gazebo)
[14.262s] DEBUG:colcon.colcon_core.event_handler.log_command:Invoked command in '/data/publisher/build/rcv_atc_orders_and_send_2_gazebo' returned '0': CMAKE_PREFIX_PATH=/opt/ros/foxy /usr/bin/cmake --install /data/publisher/build/rcv_atc_orders_and_send_2_gazebo
[14.304s] Level 1:colcon.colcon_core.environment:checking '/data/publisher/install/rcv_atc_orders_and_send_2_gazebo' for CMake module files
[14.305s] Level 1:colcon.colcon_core.environment:checking '/data/publisher/install/rcv_atc_orders_and_send_2_gazebo' for CMake config files
[14.305s] Level 1:colcon.colcon_core.shell:create_environment_hook('rcv_atc_orders_and_send_2_gazebo', 'cmake_prefix_path')
[14.346s] INFO:colcon.colcon_core.shell:Creating environment hook '/data/publisher/install/rcv_atc_orders_and_send_2_gazebo/share/rcv_atc_orders_and_send_2_gazebo/hook/cmake_prefix_path.ps1'
[14.347s] INFO:colcon.colcon_core.shell:Creating environment descriptor '/data/publisher/install/rcv_atc_orders_and_send_2_gazebo/share/rcv_atc_orders_and_send_2_gazebo/hook/cmake_prefix_path.dsv'
[14.348s] INFO:colcon.colcon_core.shell:Creating environment hook '/data/publisher/install/rcv_atc_orders_and_send_2_gazebo/share/rcv_atc_orders_and_send_2_gazebo/hook/cmake_prefix_path.sh'
[14.349s] Level 1:colcon.colcon_core.environment:checking '/data/publisher/install/rcv_atc_orders_and_send_2_gazebo/lib'
[14.349s] Level 1:colcon.colcon_core.environment:checking '/data/publisher/install/rcv_atc_orders_and_send_2_gazebo/bin'
[14.349s] Level 1:colcon.colcon_core.environment:checking '/data/publisher/install/rcv_atc_orders_and_send_2_gazebo/lib/pkgconfig/rcv_atc_orders_and_send_2_gazebo.pc'
[14.349s] Level 1:colcon.colcon_core.environment:checking '/data/publisher/install/rcv_atc_orders_and_send_2_gazebo/lib/python3.8/site-packages'
[14.350s] Level 1:colcon.colcon_core.environment:checking '/data/publisher/install/rcv_atc_orders_and_send_2_gazebo/bin'
[14.390s] INFO:colcon.colcon_core.shell:Creating package script '/data/publisher/install/rcv_atc_orders_and_send_2_gazebo/share/rcv_atc_orders_and_send_2_gazebo/package.ps1'
[14.392s] INFO:colcon.colcon_core.shell:Creating package descriptor '/data/publisher/install/rcv_atc_orders_and_send_2_gazebo/share/rcv_atc_orders_and_send_2_gazebo/package.dsv'
[14.393s] INFO:colcon.colcon_core.shell:Creating package script '/data/publisher/install/rcv_atc_orders_and_send_2_gazebo/share/rcv_atc_orders_and_send_2_gazebo/package.sh'
[14.394s] INFO:colcon.colcon_core.shell:Creating package script '/data/publisher/install/rcv_atc_orders_and_send_2_gazebo/share/rcv_atc_orders_and_send_2_gazebo/package.bash'
[14.395s] INFO:colcon.colcon_core.shell:Creating package script '/data/publisher/install/rcv_atc_orders_and_send_2_gazebo/share/rcv_atc_orders_and_send_2_gazebo/package.zsh'
[14.396s] Level 1:colcon.colcon_core.environment:create_file_with_runtime_dependencies(/data/publisher/install/rcv_atc_orders_and_send_2_gazebo/share/colcon-core/packages/rcv_atc_orders_and_send_2_gazebo)
[14.480s] Level 1:colcon.colcon_core.environment:create_environment_scripts_only(rcv_atc_orders_and_send_2_gazebo)
[14.519s] Level 1:colcon.colcon_core.environment:checking '/data/publisher/install/rcv_atc_orders_and_send_2_gazebo' for CMake module files
[14.520s] Level 1:colcon.colcon_core.environment:checking '/data/publisher/install/rcv_atc_orders_and_send_2_gazebo' for CMake config files
[14.521s] Level 1:colcon.colcon_core.shell:create_environment_hook('rcv_atc_orders_and_send_2_gazebo', 'cmake_prefix_path')
[14.558s] INFO:colcon.colcon_core.shell:Creating environment hook '/data/publisher/install/rcv_atc_orders_and_send_2_gazebo/share/rcv_atc_orders_and_send_2_gazebo/hook/cmake_prefix_path.ps1'
[14.559s] INFO:colcon.colcon_core.shell:Creating environment descriptor '/data/publisher/install/rcv_atc_orders_and_send_2_gazebo/share/rcv_atc_orders_and_send_2_gazebo/hook/cmake_prefix_path.dsv'
[14.560s] INFO:colcon.colcon_core.shell:Creating environment hook '/data/publisher/install/rcv_atc_orders_and_send_2_gazebo/share/rcv_atc_orders_and_send_2_gazebo/hook/cmake_prefix_path.sh'
[14.560s] Level 1:colcon.colcon_core.environment:checking '/data/publisher/install/rcv_atc_orders_and_send_2_gazebo/lib'
[14.561s] Level 1:colcon.colcon_core.environment:checking '/data/publisher/install/rcv_atc_orders_and_send_2_gazebo/bin'
[14.561s] Level 1:colcon.colcon_core.environment:checking '/data/publisher/install/rcv_atc_orders_and_send_2_gazebo/lib/pkgconfig/rcv_atc_orders_and_send_2_gazebo.pc'
[14.561s] Level 1:colcon.colcon_core.environment:checking '/data/publisher/install/rcv_atc_orders_and_send_2_gazebo/lib/python3.8/site-packages'
[14.561s] Level 1:colcon.colcon_core.environment:checking '/data/publisher/install/rcv_atc_orders_and_send_2_gazebo/bin'
[14.605s] INFO:colcon.colcon_core.shell:Creating package script '/data/publisher/install/rcv_atc_orders_and_send_2_gazebo/share/rcv_atc_orders_and_send_2_gazebo/package.ps1'
[14.605s] INFO:colcon.colcon_core.shell:Creating package descriptor '/data/publisher/install/rcv_atc_orders_and_send_2_gazebo/share/rcv_atc_orders_and_send_2_gazebo/package.dsv'
[14.606s] INFO:colcon.colcon_core.shell:Creating package script '/data/publisher/install/rcv_atc_orders_and_send_2_gazebo/share/rcv_atc_orders_and_send_2_gazebo/package.sh'
[14.607s] INFO:colcon.colcon_core.shell:Creating package script '/data/publisher/install/rcv_atc_orders_and_send_2_gazebo/share/rcv_atc_orders_and_send_2_gazebo/package.bash'
[14.607s] INFO:colcon.colcon_core.shell:Creating package script '/data/publisher/install/rcv_atc_orders_and_send_2_gazebo/share/rcv_atc_orders_and_send_2_gazebo/package.zsh'
[14.608s] Level 1:colcon.colcon_core.environment:create_file_with_runtime_dependencies(/data/publisher/install/rcv_atc_orders_and_send_2_gazebo/share/colcon-core/packages/rcv_atc_orders_and_send_2_gazebo)
[14.608s] DEBUG:colcon.colcon_parallel_executor.executor.parallel:closing loop
[14.609s] DEBUG:colcon.colcon_parallel_executor.executor.parallel:loop closed
[14.609s] DEBUG:colcon.colcon_parallel_executor.executor.parallel:run_until_complete finished with '0'
[14.609s] DEBUG:colcon.colcon_core.event_reactor:joining thread
[14.670s] INFO:colcon.colcon_core.plugin_system:Skipping extension 'colcon_notification.desktop_notification.notify_send': Could not find 'notify-send'
[14.670s] INFO:colcon.colcon_core.plugin_system:Skipping extension 'colcon_notification.desktop_notification.terminal_notifier': Not used on non-Darwin systems
[14.671s] INFO:colcon.colcon_core.plugin_system:Skipping extension 'colcon_notification.desktop_notification.win32': Not used on non-Windows systems
[14.671s] INFO:colcon.colcon_notification.desktop_notification:Sending desktop notification using 'notify2'
[14.675s] DEBUG:colcon.colcon_notification.desktop_notification.notify2:Failed to initialize notify2: org.freedesktop.DBus.Error.Spawn.ExecFailed: /usr/bin/dbus-launch terminated abnormally without any error message
[14.675s] DEBUG:colcon.colcon_core.event_reactor:joined thread
[14.720s] INFO:colcon.colcon_core.shell:Creating prefix script '/data/publisher/install/local_setup.ps1'
[14.721s] INFO:colcon.colcon_core.shell:Creating prefix util module '/data/publisher/install/_local_setup_util_ps1.py'
[14.723s] INFO:colcon.colcon_core.shell:Creating prefix chain script '/data/publisher/install/setup.ps1'
[14.766s] INFO:colcon.colcon_core.shell:Creating prefix script '/data/publisher/install/local_setup.sh'
[14.767s] INFO:colcon.colcon_core.shell:Creating prefix util module '/data/publisher/install/_local_setup_util_sh.py'
[14.768s] INFO:colcon.colcon_core.shell:Creating prefix chain script '/data/publisher/install/setup.sh'
[14.812s] INFO:colcon.colcon_core.shell:Creating prefix script '/data/publisher/install/local_setup.bash'
[14.812s] INFO:colcon.colcon_core.shell:Creating prefix chain script '/data/publisher/install/setup.bash'
[14.852s] INFO:colcon.colcon_core.shell:Creating prefix script '/data/publisher/install/local_setup.zsh'
[14.852s] INFO:colcon.colcon_core.shell:Creating prefix chain script '/data/publisher/install/setup.zsh'
