[0.108s] Invoking command in '/data/publisher/build/rcv_atc_orders_and_send_2_gazebo': CMAKE_PREFIX_PATH=${CMAKE_PREFIX_PATH}:/opt/ros/foxy /usr/bin/cmake --build /data/publisher/build/rcv_atc_orders_and_send_2_gazebo -- -j8 -l8
[0.153s] [35m[1mScanning dependencies of target rcv_atc_orders_and_send_2_gazebo[0m
[0.203s] [ 50%] [32mBuilding CXX object CMakeFiles/rcv_atc_orders_and_send_2_gazebo.dir/src/process_orders_and_send_commands_to_gazebo.cpp.o[0m
[3.865s] [100%] [32m[1mLinking CXX executable rcv_atc_orders_and_send_2_gazebo[0m
[4.085s] [100%] Built target rcv_atc_orders_and_send_2_gazebo
[4.096s] Invoked command in '/data/publisher/build/rcv_atc_orders_and_send_2_gazebo' returned '0': CMAKE_PREFIX_PATH=${CMAKE_PREFIX_PATH}:/opt/ros/foxy /usr/bin/cmake --build /data/publisher/build/rcv_atc_orders_and_send_2_gazebo -- -j8 -l8
[4.123s] Invoking command in '/data/publisher/build/rcv_atc_orders_and_send_2_gazebo': CMAKE_PREFIX_PATH=${CMAKE_PREFIX_PATH}:/opt/ros/foxy /usr/bin/cmake --install /data/publisher/build/rcv_atc_orders_and_send_2_gazebo
[4.132s] -- Install configuration: ""
[4.132s] -- Installing: /data/publisher/install/rcv_atc_orders_and_send_2_gazebo/lib/rcv_atc_orders_and_send_2_gazebo/rcv_atc_orders_and_send_2_gazebo
[4.135s] -- Set runtime path of "/data/publisher/install/rcv_atc_orders_and_send_2_gazebo/lib/rcv_atc_orders_and_send_2_gazebo/rcv_atc_orders_and_send_2_gazebo" to ""
[4.136s] -- Up-to-date: /data/publisher/install/rcv_atc_orders_and_send_2_gazebo/share/ament_index/resource_index/package_run_dependencies/rcv_atc_orders_and_send_2_gazebo
[4.136s] -- Up-to-date: /data/publisher/install/rcv_atc_orders_and_send_2_gazebo/share/ament_index/resource_index/parent_prefix_path/rcv_atc_orders_and_send_2_gazebo
[4.136s] -- Up-to-date: /data/publisher/install/rcv_atc_orders_and_send_2_gazebo/share/rcv_atc_orders_and_send_2_gazebo/environment/ament_prefix_path.sh
[4.136s] -- Up-to-date: /data/publisher/install/rcv_atc_orders_and_send_2_gazebo/share/rcv_atc_orders_and_send_2_gazebo/environment/ament_prefix_path.dsv
[4.136s] -- Up-to-date: /data/publisher/install/rcv_atc_orders_and_send_2_gazebo/share/rcv_atc_orders_and_send_2_gazebo/environment/path.sh
[4.136s] -- Up-to-date: /data/publisher/install/rcv_atc_orders_and_send_2_gazebo/share/rcv_atc_orders_and_send_2_gazebo/environment/path.dsv
[4.136s] -- Up-to-date: /data/publisher/install/rcv_atc_orders_and_send_2_gazebo/share/rcv_atc_orders_and_send_2_gazebo/local_setup.bash
[4.136s] -- Up-to-date: /data/publisher/install/rcv_atc_orders_and_send_2_gazebo/share/rcv_atc_orders_and_send_2_gazebo/local_setup.sh
[4.136s] -- Up-to-date: /data/publisher/install/rcv_atc_orders_and_send_2_gazebo/share/rcv_atc_orders_and_send_2_gazebo/local_setup.zsh
[4.136s] -- Up-to-date: /data/publisher/install/rcv_atc_orders_and_send_2_gazebo/share/rcv_atc_orders_and_send_2_gazebo/local_setup.dsv
[4.136s] -- Installing: /data/publisher/install/rcv_atc_orders_and_send_2_gazebo/share/rcv_atc_orders_and_send_2_gazebo/package.dsv
[4.137s] -- Up-to-date: /data/publisher/install/rcv_atc_orders_and_send_2_gazebo/share/ament_index/resource_index/packages/rcv_atc_orders_and_send_2_gazebo
[4.137s] -- Up-to-date: /data/publisher/install/rcv_atc_orders_and_send_2_gazebo/share/rcv_atc_orders_and_send_2_gazebo/cmake/rcv_atc_orders_and_send_2_gazeboConfig.cmake
[4.137s] -- Up-to-date: /data/publisher/install/rcv_atc_orders_and_send_2_gazebo/share/rcv_atc_orders_and_send_2_gazebo/cmake/rcv_atc_orders_and_send_2_gazeboConfig-version.cmake
[4.137s] -- Up-to-date: /data/publisher/install/rcv_atc_orders_and_send_2_gazebo/share/rcv_atc_orders_and_send_2_gazebo/package.xml
[4.139s] Invoked command in '/data/publisher/build/rcv_atc_orders_and_send_2_gazebo' returned '0': CMAKE_PREFIX_PATH=${CMAKE_PREFIX_PATH}:/opt/ros/foxy /usr/bin/cmake --install /data/publisher/build/rcv_atc_orders_and_send_2_gazebo
