[0.096s] Invoking command in '/data/publisher/build/rcv_atc_orders_and_send_2_gazebo': CMAKE_PREFIX_PATH=${CMAKE_PREFIX_PATH}:/opt/ros/foxy /usr/bin/cmake --build /data/publisher/build/rcv_atc_orders_and_send_2_gazebo -- -j8 -l8
[0.140s] [35m[1mScanning dependencies of target rcv_atc_orders_and_send_2_gazebo[0m
[0.190s] [ 50%] [32mBuilding CXX object CMakeFiles/rcv_atc_orders_and_send_2_gazebo.dir/src/process_orders_and_send_commands_to_gazebo.cpp.o[0m
[3.755s] [100%] [32m[1mLinking CXX executable rcv_atc_orders_and_send_2_gazebo[0m
[3.966s] [100%] Built target rcv_atc_orders_and_send_2_gazebo
[3.975s] Invoked command in '/data/publisher/build/rcv_atc_orders_and_send_2_gazebo' returned '0': CMAKE_PREFIX_PATH=${CMAKE_PREFIX_PATH}:/opt/ros/foxy /usr/bin/cmake --build /data/publisher/build/rcv_atc_orders_and_send_2_gazebo -- -j8 -l8
[4.000s] Invoking command in '/data/publisher/build/rcv_atc_orders_and_send_2_gazebo': CMAKE_PREFIX_PATH=${CMAKE_PREFIX_PATH}:/opt/ros/foxy /usr/bin/cmake --install /data/publisher/build/rcv_atc_orders_and_send_2_gazebo
[4.008s] -- Install configuration: ""
[4.008s] -- Installing: /data/publisher/install/rcv_atc_orders_and_send_2_gazebo/lib/rcv_atc_orders_and_send_2_gazebo/rcv_atc_orders_and_send_2_gazebo
[4.011s] -- Set runtime path of "/data/publisher/install/rcv_atc_orders_and_send_2_gazebo/lib/rcv_atc_orders_and_send_2_gazebo/rcv_atc_orders_and_send_2_gazebo" to ""
[4.011s] -- Up-to-date: /data/publisher/install/rcv_atc_orders_and_send_2_gazebo/share/ament_index/resource_index/package_run_dependencies/rcv_atc_orders_and_send_2_gazebo
[4.011s] -- Up-to-date: /data/publisher/install/rcv_atc_orders_and_send_2_gazebo/share/ament_index/resource_index/parent_prefix_path/rcv_atc_orders_and_send_2_gazebo
[4.011s] -- Up-to-date: /data/publisher/install/rcv_atc_orders_and_send_2_gazebo/share/rcv_atc_orders_and_send_2_gazebo/environment/ament_prefix_path.sh
[4.011s] -- Up-to-date: /data/publisher/install/rcv_atc_orders_and_send_2_gazebo/share/rcv_atc_orders_and_send_2_gazebo/environment/ament_prefix_path.dsv
[4.011s] -- Up-to-date: /data/publisher/install/rcv_atc_orders_and_send_2_gazebo/share/rcv_atc_orders_and_send_2_gazebo/environment/path.sh
[4.011s] -- Up-to-date: /data/publisher/install/rcv_atc_orders_and_send_2_gazebo/share/rcv_atc_orders_and_send_2_gazebo/environment/path.dsv
[4.011s] -- Up-to-date: /data/publisher/install/rcv_atc_orders_and_send_2_gazebo/share/rcv_atc_orders_and_send_2_gazebo/local_setup.bash
[4.011s] -- Up-to-date: /data/publisher/install/rcv_atc_orders_and_send_2_gazebo/share/rcv_atc_orders_and_send_2_gazebo/local_setup.sh
[4.011s] -- Up-to-date: /data/publisher/install/rcv_atc_orders_and_send_2_gazebo/share/rcv_atc_orders_and_send_2_gazebo/local_setup.zsh
[4.011s] -- Up-to-date: /data/publisher/install/rcv_atc_orders_and_send_2_gazebo/share/rcv_atc_orders_and_send_2_gazebo/local_setup.dsv
[4.012s] -- Installing: /data/publisher/install/rcv_atc_orders_and_send_2_gazebo/share/rcv_atc_orders_and_send_2_gazebo/package.dsv
[4.012s] -- Up-to-date: /data/publisher/install/rcv_atc_orders_and_send_2_gazebo/share/ament_index/resource_index/packages/rcv_atc_orders_and_send_2_gazebo
[4.012s] -- Up-to-date: /data/publisher/install/rcv_atc_orders_and_send_2_gazebo/share/rcv_atc_orders_and_send_2_gazebo/cmake/rcv_atc_orders_and_send_2_gazeboConfig.cmake
[4.012s] -- Up-to-date: /data/publisher/install/rcv_atc_orders_and_send_2_gazebo/share/rcv_atc_orders_and_send_2_gazebo/cmake/rcv_atc_orders_and_send_2_gazeboConfig-version.cmake
[4.012s] -- Up-to-date: /data/publisher/install/rcv_atc_orders_and_send_2_gazebo/share/rcv_atc_orders_and_send_2_gazebo/package.xml
[4.014s] Invoked command in '/data/publisher/build/rcv_atc_orders_and_send_2_gazebo' returned '0': CMAKE_PREFIX_PATH=${CMAKE_PREFIX_PATH}:/opt/ros/foxy /usr/bin/cmake --install /data/publisher/build/rcv_atc_orders_and_send_2_gazebo
