[0.184s] Invoking command in '/data/publisher/build/rcv_atc_orders_and_send_2_gazebo': CMAKE_PREFIX_PATH=${CMAKE_PREFIX_PATH}:/opt/ros/foxy /usr/bin/cmake --build /data/publisher/build/rcv_atc_orders_and_send_2_gazebo -- -j8 -l8
[0.337s] [100%] Built target rcv_atc_orders_and_send_2_gazebo
[0.375s] Invoked command in '/data/publisher/build/rcv_atc_orders_and_send_2_gazebo' returned '0': CMAKE_PREFIX_PATH=${CMAKE_PREFIX_PATH}:/opt/ros/foxy /usr/bin/cmake --build /data/publisher/build/rcv_atc_orders_and_send_2_gazebo -- -j8 -l8
[0.465s] Invoking command in '/data/publisher/build/rcv_atc_orders_and_send_2_gazebo': CMAKE_PREFIX_PATH=${CMAKE_PREFIX_PATH}:/opt/ros/foxy /usr/bin/cmake --install /data/publisher/build/rcv_atc_orders_and_send_2_gazebo
[0.486s] -- Install configuration: ""
[0.486s] -- Up-to-date: /data/publisher/install/rcv_atc_orders_and_send_2_gazebo/lib/rcv_atc_orders_and_send_2_gazebo/rcv_atc_orders_and_send_2_gazebo
[0.488s] -- Up-to-date: /data/publisher/install/rcv_atc_orders_and_send_2_gazebo/share/ament_index/resource_index/package_run_dependencies/rcv_atc_orders_and_send_2_gazebo
[0.488s] -- Up-to-date: /data/publisher/install/rcv_atc_orders_and_send_2_gazebo/share/ament_index/resource_index/parent_prefix_path/rcv_atc_orders_and_send_2_gazebo
[0.489s] -- Up-to-date: /data/publisher/install/rcv_atc_orders_and_send_2_gazebo/share/rcv_atc_orders_and_send_2_gazebo/environment/ament_prefix_path.sh
[0.491s] -- Up-to-date: /data/publisher/install/rcv_atc_orders_and_send_2_gazebo/share/rcv_atc_orders_and_send_2_gazebo/environment/ament_prefix_path.dsv
[0.491s] -- Up-to-date: /data/publisher/install/rcv_atc_orders_and_send_2_gazebo/share/rcv_atc_orders_and_send_2_gazebo/environment/path.sh
[0.492s] -- Up-to-date: /data/publisher/install/rcv_atc_orders_and_send_2_gazebo/share/rcv_atc_orders_and_send_2_gazebo/environment/path.dsv
[0.492s] -- Up-to-date: /data/publisher/install/rcv_atc_orders_and_send_2_gazebo/share/rcv_atc_orders_and_send_2_gazebo/local_setup.bash
[0.493s] -- Up-to-date: /data/publisher/install/rcv_atc_orders_and_send_2_gazebo/share/rcv_atc_orders_and_send_2_gazebo/local_setup.sh
[0.493s] -- Up-to-date: /data/publisher/install/rcv_atc_orders_and_send_2_gazebo/share/rcv_atc_orders_and_send_2_gazebo/local_setup.zsh
[0.493s] -- Up-to-date: /data/publisher/install/rcv_atc_orders_and_send_2_gazebo/share/rcv_atc_orders_and_send_2_gazebo/local_setup.dsv
[0.494s] -- Installing: /data/publisher/install/rcv_atc_orders_and_send_2_gazebo/share/rcv_atc_orders_and_send_2_gazebo/package.dsv
[0.494s] -- Up-to-date: /data/publisher/install/rcv_atc_orders_and_send_2_gazebo/share/ament_index/resource_index/packages/rcv_atc_orders_and_send_2_gazebo
[0.495s] -- Up-to-date: /data/publisher/install/rcv_atc_orders_and_send_2_gazebo/share/rcv_atc_orders_and_send_2_gazebo/cmake/rcv_atc_orders_and_send_2_gazeboConfig.cmake
[0.496s] -- Up-to-date: /data/publisher/install/rcv_atc_orders_and_send_2_gazebo/share/rcv_atc_orders_and_send_2_gazebo/cmake/rcv_atc_orders_and_send_2_gazeboConfig-version.cmake
[0.498s] -- Up-to-date: /data/publisher/install/rcv_atc_orders_and_send_2_gazebo/share/rcv_atc_orders_and_send_2_gazebo/package.xml
[0.671s] Invoked command in '/data/publisher/build/rcv_atc_orders_and_send_2_gazebo' returned '0': CMAKE_PREFIX_PATH=${CMAKE_PREFIX_PATH}:/opt/ros/foxy /usr/bin/cmake --install /data/publisher/build/rcv_atc_orders_and_send_2_gazebo
