[0.282s] DEBUG:colcon:Command line arguments: ['/usr/bin/colcon', 'build']
[0.282s] DEBUG:colcon:Parsed command line arguments: Namespace(ament_cmake_args=None, base_paths=['.'], build_base='build', catkin_cmake_args=None, catkin_skip_building_tests=False, cmake_args=None, cmake_clean_cache=False, cmake_clean_first=False, cmake_force_configure=False, cmake_target=None, cmake_target_skip_unavailable=False, continue_on_error=False, event_handlers=None, executor='parallel', ignore_user_meta=False, install_base='install', log_base=None, log_level=None, main=<bound method BuildVerb.main of <colcon_core.verb.build.BuildVerb object at 0x7f28bfdc2370>>, merge_install=False, metas=['./colcon.meta'], packages_above=None, packages_above_and_dependencies=None, packages_above_depth=None, packages_end=None, packages_ignore=None, packages_ignore_regex=None, packages_select=None, packages_select_build_failed=False, packages_select_by_dep=None, packages_select_regex=None, packages_select_test_failures=False, packages_skip=None, packages_skip_build_finished=False, packages_skip_by_dep=None, packages_skip_regex=None, packages_skip_test_passed=False, packages_skip_up_to=None, packages_start=None, packages_up_to=None, packages_up_to_regex=None, parallel_workers=12, paths=None, symlink_install=False, test_result_base=None, verb_extension=<colcon_core.verb.build.BuildVerb object at 0x7f28bfdc2370>, verb_name='build', verb_parser=<colcon_defaults.argument_parser.defaults.DefaultArgumentsDecorator object at 0x7f28bfdc28b0>)
[0.306s] Level 1:colcon.colcon_core.package_discovery:discover_packages(colcon_meta) check parameters
[0.306s] Level 1:colcon.colcon_core.package_discovery:discover_packages(recursive) check parameters
[0.306s] Level 1:colcon.colcon_core.package_discovery:discover_packages(ignore) check parameters
[0.306s] Level 1:colcon.colcon_core.package_discovery:discover_packages(path) check parameters
[0.306s] Level 1:colcon.colcon_core.package_discovery:discover_packages(colcon_meta) discover
[0.307s] Level 1:colcon.colcon_core.package_discovery:discover_packages(recursive) discover
[0.307s] INFO:colcon.colcon_core.package_discovery:Crawling recursively for packages in '/data/controller'
[0.307s] Level 1:colcon.colcon_core.package_identification:_identify(.) by extensions ['ignore', 'ignore_ament_install']
[0.307s] Level 1:colcon.colcon_core.package_identification:_identify(.) by extension 'ignore'
[0.307s] Level 1:colcon.colcon_core.package_identification:_identify(.) by extension 'ignore_ament_install'
[0.307s] Level 1:colcon.colcon_core.package_identification:_identify(.) by extensions ['colcon_pkg']
[0.307s] Level 1:colcon.colcon_core.package_identification:_identify(.) by extension 'colcon_pkg'
[0.307s] Level 1:colcon.colcon_core.package_identification:_identify(.) by extensions ['colcon_meta']
[0.307s] Level 1:colcon.colcon_core.package_identification:_identify(.) by extension 'colcon_meta'
[0.307s] Level 1:colcon.colcon_core.package_identification:_identify(.) by extensions ['ros']
[0.307s] Level 1:colcon.colcon_core.package_identification:_identify(.) by extension 'ros'
[0.322s] Level 1:colcon.colcon_core.package_identification:_identify(.) by extensions ['cmake', 'python']
[0.322s] Level 1:colcon.colcon_core.package_identification:_identify(.) by extension 'cmake'
[0.322s] Level 1:colcon.colcon_core.package_identification:_identify(.) by extension 'python'
[0.322s] Level 1:colcon.colcon_core.package_identification:_identify(.) by extensions ['python_setup_py']
[0.322s] Level 1:colcon.colcon_core.package_identification:_identify(.) by extension 'python_setup_py'
[0.322s] Level 1:colcon.colcon_core.package_identification:_identify(atc_2_gazebo) by extensions ['ignore', 'ignore_ament_install']
[0.322s] Level 1:colcon.colcon_core.package_identification:_identify(atc_2_gazebo) by extension 'ignore'
[0.322s] Level 1:colcon.colcon_core.package_identification:_identify(atc_2_gazebo) by extension 'ignore_ament_install'
[0.322s] Level 1:colcon.colcon_core.package_identification:_identify(atc_2_gazebo) by extensions ['colcon_pkg']
[0.322s] Level 1:colcon.colcon_core.package_identification:_identify(atc_2_gazebo) by extension 'colcon_pkg'
[0.322s] Level 1:colcon.colcon_core.package_identification:_identify(atc_2_gazebo) by extensions ['colcon_meta']
[0.322s] Level 1:colcon.colcon_core.package_identification:_identify(atc_2_gazebo) by extension 'colcon_meta'
[0.322s] Level 1:colcon.colcon_core.package_identification:_identify(atc_2_gazebo) by extensions ['ros']
[0.322s] Level 1:colcon.colcon_core.package_identification:_identify(atc_2_gazebo) by extension 'ros'
[0.325s] DEBUG:colcon.colcon_core.package_identification:Package 'atc_2_gazebo' with type 'ros.ament_cmake' and name 'atc_2_gazebo'
[0.325s] Level 1:colcon.colcon_core.package_identification:_identify(build) by extensions ['ignore', 'ignore_ament_install']
[0.325s] Level 1:colcon.colcon_core.package_identification:_identify(build) by extension 'ignore'
[0.325s] Level 1:colcon.colcon_core.package_identification:_identify(build) ignored
[0.326s] Level 1:colcon.colcon_core.package_identification:_identify(install) by extensions ['ignore', 'ignore_ament_install']
[0.326s] Level 1:colcon.colcon_core.package_identification:_identify(install) by extension 'ignore'
[0.326s] Level 1:colcon.colcon_core.package_identification:_identify(install) ignored
[0.326s] Level 1:colcon.colcon_core.package_identification:_identify(log) by extensions ['ignore', 'ignore_ament_install']
[0.326s] Level 1:colcon.colcon_core.package_identification:_identify(log) by extension 'ignore'
[0.326s] Level 1:colcon.colcon_core.package_identification:_identify(log) ignored
[0.326s] Level 1:colcon.colcon_core.package_identification:_identify(py_hand_gesture_publisher) by extensions ['ignore', 'ignore_ament_install']
[0.326s] Level 1:colcon.colcon_core.package_identification:_identify(py_hand_gesture_publisher) by extension 'ignore'
[0.326s] Level 1:colcon.colcon_core.package_identification:_identify(py_hand_gesture_publisher) by extension 'ignore_ament_install'
[0.326s] Level 1:colcon.colcon_core.package_identification:_identify(py_hand_gesture_publisher) by extensions ['colcon_pkg']
[0.326s] Level 1:colcon.colcon_core.package_identification:_identify(py_hand_gesture_publisher) by extension 'colcon_pkg'
[0.326s] Level 1:colcon.colcon_core.package_identification:_identify(py_hand_gesture_publisher) by extensions ['colcon_meta']
[0.326s] Level 1:colcon.colcon_core.package_identification:_identify(py_hand_gesture_publisher) by extension 'colcon_meta'
[0.326s] Level 1:colcon.colcon_core.package_identification:_identify(py_hand_gesture_publisher) by extensions ['ros']
[0.326s] Level 1:colcon.colcon_core.package_identification:_identify(py_hand_gesture_publisher) by extension 'ros'
[0.327s] DEBUG:colcon.colcon_core.package_identification:Package 'py_hand_gesture_publisher' with type 'ros.ament_python' and name 'py_hand_gesture_publisher'
[0.327s] Level 1:colcon.colcon_core.package_discovery:discover_packages(recursive) using defaults
[0.327s] Level 1:colcon.colcon_core.package_discovery:discover_packages(ignore) discover
[0.327s] Level 1:colcon.colcon_core.package_discovery:discover_packages(ignore) using defaults
[0.327s] Level 1:colcon.colcon_core.package_discovery:discover_packages(path) discover
[0.327s] Level 1:colcon.colcon_core.package_discovery:discover_packages(path) using defaults
[0.365s] Level 5:colcon.colcon_core.verb:set package 'atc_2_gazebo' build argument 'cmake_args' from command line to 'None'
[0.365s] Level 5:colcon.colcon_core.verb:set package 'atc_2_gazebo' build argument 'cmake_target' from command line to 'None'
[0.365s] Level 5:colcon.colcon_core.verb:set package 'atc_2_gazebo' build argument 'cmake_target_skip_unavailable' from command line to 'False'
[0.365s] Level 5:colcon.colcon_core.verb:set package 'atc_2_gazebo' build argument 'cmake_clean_cache' from command line to 'False'
[0.365s] Level 5:colcon.colcon_core.verb:set package 'atc_2_gazebo' build argument 'cmake_clean_first' from command line to 'False'
[0.365s] Level 5:colcon.colcon_core.verb:set package 'atc_2_gazebo' build argument 'cmake_force_configure' from command line to 'False'
[0.365s] Level 5:colcon.colcon_core.verb:set package 'atc_2_gazebo' build argument 'ament_cmake_args' from command line to 'None'
[0.365s] Level 5:colcon.colcon_core.verb:set package 'atc_2_gazebo' build argument 'catkin_cmake_args' from command line to 'None'
[0.365s] Level 5:colcon.colcon_core.verb:set package 'atc_2_gazebo' build argument 'catkin_skip_building_tests' from command line to 'False'
[0.365s] DEBUG:colcon.colcon_core.verb:Building package 'atc_2_gazebo' with the following arguments: {'ament_cmake_args': None, 'build_base': '/data/controller/build/atc_2_gazebo', 'catkin_cmake_args': None, 'catkin_skip_building_tests': False, 'cmake_args': None, 'cmake_clean_cache': False, 'cmake_clean_first': False, 'cmake_force_configure': False, 'cmake_target': None, 'cmake_target_skip_unavailable': False, 'install_base': '/data/controller/install/atc_2_gazebo', 'merge_install': False, 'path': '/data/controller/atc_2_gazebo', 'symlink_install': False, 'test_result_base': None}
[0.366s] Level 5:colcon.colcon_core.verb:set package 'py_hand_gesture_publisher' build argument 'cmake_args' from command line to 'None'
[0.366s] Level 5:colcon.colcon_core.verb:set package 'py_hand_gesture_publisher' build argument 'cmake_target' from command line to 'None'
[0.366s] Level 5:colcon.colcon_core.verb:set package 'py_hand_gesture_publisher' build argument 'cmake_target_skip_unavailable' from command line to 'False'
[0.366s] Level 5:colcon.colcon_core.verb:set package 'py_hand_gesture_publisher' build argument 'cmake_clean_cache' from command line to 'False'
[0.366s] Level 5:colcon.colcon_core.verb:set package 'py_hand_gesture_publisher' build argument 'cmake_clean_first' from command line to 'False'
[0.366s] Level 5:colcon.colcon_core.verb:set package 'py_hand_gesture_publisher' build argument 'cmake_force_configure' from command line to 'False'
[0.366s] Level 5:colcon.colcon_core.verb:set package 'py_hand_gesture_publisher' build argument 'ament_cmake_args' from command line to 'None'
[0.366s] Level 5:colcon.colcon_core.verb:set package 'py_hand_gesture_publisher' build argument 'catkin_cmake_args' from command line to 'None'
[0.366s] Level 5:colcon.colcon_core.verb:set package 'py_hand_gesture_publisher' build argument 'catkin_skip_building_tests' from command line to 'False'
[0.366s] DEBUG:colcon.colcon_core.verb:Building package 'py_hand_gesture_publisher' with the following arguments: {'ament_cmake_args': None, 'build_base': '/data/controller/build/py_hand_gesture_publisher', 'catkin_cmake_args': None, 'catkin_skip_building_tests': False, 'cmake_args': None, 'cmake_clean_cache': False, 'cmake_clean_first': False, 'cmake_force_configure': False, 'cmake_target': None, 'cmake_target_skip_unavailable': False, 'install_base': '/data/controller/install/py_hand_gesture_publisher', 'merge_install': False, 'path': '/data/controller/py_hand_gesture_publisher', 'symlink_install': False, 'test_result_base': None}
[0.367s] INFO:colcon.colcon_core.executor:Executing jobs using 'parallel' executor
[0.370s] DEBUG:colcon.colcon_parallel_executor.executor.parallel:run_until_complete
[0.370s] INFO:colcon.colcon_ros.task.ament_cmake.build:Building ROS package in '/data/controller/atc_2_gazebo' with build type 'ament_cmake'
[0.370s] INFO:colcon.colcon_cmake.task.cmake.build:Building CMake package in '/data/controller/atc_2_gazebo'
[0.374s] INFO:colcon.colcon_core.plugin_system:Skipping extension 'colcon_core.shell.bat': Not used on non-Windows systems
[0.375s] INFO:colcon.colcon_core.shell:Skip shell extension 'powershell' for command environment: Not usable outside of PowerShell
[0.375s] DEBUG:colcon.colcon_core.shell:Skip shell extension 'dsv' for command environment
[0.388s] INFO:colcon.colcon_ros.task.ament_python.build:Building ROS package in '/data/controller/py_hand_gesture_publisher' with build type 'ament_python'
[0.388s] Level 1:colcon.colcon_core.shell:create_environment_hook('py_hand_gesture_publisher', 'ament_prefix_path')
[0.390s] INFO:colcon.colcon_core.shell:Creating environment hook '/data/controller/install/py_hand_gesture_publisher/share/py_hand_gesture_publisher/hook/ament_prefix_path.ps1'
[0.392s] INFO:colcon.colcon_core.shell:Creating environment descriptor '/data/controller/install/py_hand_gesture_publisher/share/py_hand_gesture_publisher/hook/ament_prefix_path.dsv'
[0.392s] INFO:colcon.colcon_core.shell:Creating environment hook '/data/controller/install/py_hand_gesture_publisher/share/py_hand_gesture_publisher/hook/ament_prefix_path.sh'
[0.394s] INFO:colcon.colcon_core.shell:Skip shell extension 'powershell' for command environment: Not usable outside of PowerShell
[0.394s] DEBUG:colcon.colcon_core.shell:Skip shell extension 'dsv' for command environment
[0.411s] DEBUG:colcon.colcon_core.event_handler.log_command:Invoking command in '/data/controller/build/atc_2_gazebo': CMAKE_PREFIX_PATH=${CMAKE_PREFIX_PATH}:/data/controller/install/py_hand_gesture_publisher:/opt/ros/foxy /usr/bin/cmake /data/controller/atc_2_gazebo -DCMAKE_INSTALL_PREFIX=/data/controller/install/atc_2_gazebo
[0.632s] INFO:colcon.colcon_core.task.python.build:Building Python package in '/data/controller/py_hand_gesture_publisher'
[0.633s] INFO:colcon.colcon_core.shell:Skip shell extension 'powershell' for command environment: Not usable outside of PowerShell
[0.634s] DEBUG:colcon.colcon_core.shell:Skip shell extension 'dsv' for command environment
[1.051s] DEBUG:colcon.colcon_core.event_handler.log_command:Invoking command in '/data/controller/py_hand_gesture_publisher': PYTHONPATH=/data/controller/build/py_hand_gesture_publisher/prefix_override:/data/controller/install/py_hand_gesture_publisher/lib/python3.8/site-packages:${PYTHONPATH} /usr/bin/python3 setup.py egg_info --egg-base ../build/py_hand_gesture_publisher build --build-base /data/controller/build/py_hand_gesture_publisher/build install --record /data/controller/build/py_hand_gesture_publisher/install.log --install-scripts $base/lib/py_hand_gesture_publisher --single-version-externally-managed
[1.352s] DEBUG:colcon.colcon_core.event_handler.log_command:Invoked command in '/data/controller/py_hand_gesture_publisher' returned '0': PYTHONPATH=/data/controller/build/py_hand_gesture_publisher/prefix_override:/data/controller/install/py_hand_gesture_publisher/lib/python3.8/site-packages:${PYTHONPATH} /usr/bin/python3 setup.py egg_info --egg-base ../build/py_hand_gesture_publisher build --build-base /data/controller/build/py_hand_gesture_publisher/build install --record /data/controller/build/py_hand_gesture_publisher/install.log --install-scripts $base/lib/py_hand_gesture_publisher --single-version-externally-managed
[1.362s] Level 1:colcon.colcon_core.environment:checking '/data/controller/install/py_hand_gesture_publisher' for CMake module files
[1.362s] Level 1:colcon.colcon_core.environment:checking '/data/controller/install/py_hand_gesture_publisher' for CMake config files
[1.364s] Level 1:colcon.colcon_core.environment:checking '/data/controller/install/py_hand_gesture_publisher/lib'
[1.364s] Level 1:colcon.colcon_core.environment:checking '/data/controller/install/py_hand_gesture_publisher/bin'
[1.364s] Level 1:colcon.colcon_core.environment:checking '/data/controller/install/py_hand_gesture_publisher/lib/pkgconfig/py_hand_gesture_publisher.pc'
[1.364s] Level 1:colcon.colcon_core.environment:checking '/data/controller/install/py_hand_gesture_publisher/lib/python3.8/site-packages'
[1.364s] Level 1:colcon.colcon_core.shell:create_environment_hook('py_hand_gesture_publisher', 'pythonpath')
[1.365s] INFO:colcon.colcon_core.shell:Creating environment hook '/data/controller/install/py_hand_gesture_publisher/share/py_hand_gesture_publisher/hook/pythonpath.ps1'
[1.366s] INFO:colcon.colcon_core.shell:Creating environment descriptor '/data/controller/install/py_hand_gesture_publisher/share/py_hand_gesture_publisher/hook/pythonpath.dsv'
[1.366s] INFO:colcon.colcon_core.shell:Creating environment hook '/data/controller/install/py_hand_gesture_publisher/share/py_hand_gesture_publisher/hook/pythonpath.sh'
[1.367s] Level 1:colcon.colcon_core.environment:checking '/data/controller/install/py_hand_gesture_publisher/bin'
[1.367s] Level 1:colcon.colcon_core.environment:create_environment_scripts_only(py_hand_gesture_publisher)
[1.368s] INFO:colcon.colcon_core.shell:Creating package script '/data/controller/install/py_hand_gesture_publisher/share/py_hand_gesture_publisher/package.ps1'
[1.370s] INFO:colcon.colcon_core.shell:Creating package descriptor '/data/controller/install/py_hand_gesture_publisher/share/py_hand_gesture_publisher/package.dsv'
[1.371s] INFO:colcon.colcon_core.shell:Creating package script '/data/controller/install/py_hand_gesture_publisher/share/py_hand_gesture_publisher/package.sh'
[1.371s] INFO:colcon.colcon_core.shell:Creating package script '/data/controller/install/py_hand_gesture_publisher/share/py_hand_gesture_publisher/package.bash'
[1.372s] INFO:colcon.colcon_core.shell:Creating package script '/data/controller/install/py_hand_gesture_publisher/share/py_hand_gesture_publisher/package.zsh'
[1.373s] Level 1:colcon.colcon_core.environment:create_file_with_runtime_dependencies(/data/controller/install/py_hand_gesture_publisher/share/colcon-core/packages/py_hand_gesture_publisher)
[2.505s] DEBUG:colcon.colcon_core.event_handler.log_command:Invoked command in '/data/controller/build/atc_2_gazebo' returned '0': CMAKE_PREFIX_PATH=${CMAKE_PREFIX_PATH}:/data/controller/install/py_hand_gesture_publisher:/opt/ros/foxy /usr/bin/cmake /data/controller/atc_2_gazebo -DCMAKE_INSTALL_PREFIX=/data/controller/install/atc_2_gazebo
[2.508s] DEBUG:colcon.colcon_core.event_handler.log_command:Invoking command in '/data/controller/build/atc_2_gazebo': CMAKE_PREFIX_PATH=${CMAKE_PREFIX_PATH}:/data/controller/install/py_hand_gesture_publisher:/opt/ros/foxy /usr/bin/cmake --build /data/controller/build/atc_2_gazebo -- -j12 -l12
[7.785s] DEBUG:colcon.colcon_core.event_handler.log_command:Invoked command in '/data/controller/build/atc_2_gazebo' returned '0': CMAKE_PREFIX_PATH=${CMAKE_PREFIX_PATH}:/data/controller/install/py_hand_gesture_publisher:/opt/ros/foxy /usr/bin/cmake --build /data/controller/build/atc_2_gazebo -- -j12 -l12
[7.851s] DEBUG:colcon.colcon_core.event_handler.log_command:Invoking command in '/data/controller/build/atc_2_gazebo': CMAKE_PREFIX_PATH=${CMAKE_PREFIX_PATH}:/data/controller/install/py_hand_gesture_publisher:/opt/ros/foxy /usr/bin/cmake --install /data/controller/build/atc_2_gazebo
[7.876s] Level 1:colcon.colcon_core.environment:create_environment_scripts_only(atc_2_gazebo)
[7.879s] Level 1:colcon.colcon_core.environment:checking '/data/controller/install/atc_2_gazebo' for CMake module files
[7.879s] DEBUG:colcon.colcon_core.event_handler.log_command:Invoked command in '/data/controller/build/atc_2_gazebo' returned '0': CMAKE_PREFIX_PATH=${CMAKE_PREFIX_PATH}:/data/controller/install/py_hand_gesture_publisher:/opt/ros/foxy /usr/bin/cmake --install /data/controller/build/atc_2_gazebo
[7.879s] Level 1:colcon.colcon_core.environment:checking '/data/controller/install/atc_2_gazebo' for CMake config files
[7.880s] Level 1:colcon.colcon_core.shell:create_environment_hook('atc_2_gazebo', 'cmake_prefix_path')
[7.881s] INFO:colcon.colcon_core.shell:Creating environment hook '/data/controller/install/atc_2_gazebo/share/atc_2_gazebo/hook/cmake_prefix_path.ps1'
[7.881s] INFO:colcon.colcon_core.shell:Creating environment descriptor '/data/controller/install/atc_2_gazebo/share/atc_2_gazebo/hook/cmake_prefix_path.dsv'
[7.881s] INFO:colcon.colcon_core.shell:Creating environment hook '/data/controller/install/atc_2_gazebo/share/atc_2_gazebo/hook/cmake_prefix_path.sh'
[7.882s] Level 1:colcon.colcon_core.environment:checking '/data/controller/install/atc_2_gazebo/lib'
[7.882s] Level 1:colcon.colcon_core.environment:checking '/data/controller/install/atc_2_gazebo/bin'
[7.882s] Level 1:colcon.colcon_core.environment:checking '/data/controller/install/atc_2_gazebo/lib/pkgconfig/atc_2_gazebo.pc'
[7.882s] Level 1:colcon.colcon_core.environment:checking '/data/controller/install/atc_2_gazebo/lib/python3.8/site-packages'
[7.882s] Level 1:colcon.colcon_core.environment:checking '/data/controller/install/atc_2_gazebo/bin'
[7.883s] INFO:colcon.colcon_core.shell:Creating package script '/data/controller/install/atc_2_gazebo/share/atc_2_gazebo/package.ps1'
[7.884s] INFO:colcon.colcon_core.shell:Creating package descriptor '/data/controller/install/atc_2_gazebo/share/atc_2_gazebo/package.dsv'
[7.884s] INFO:colcon.colcon_core.shell:Creating package script '/data/controller/install/atc_2_gazebo/share/atc_2_gazebo/package.sh'
[7.885s] INFO:colcon.colcon_core.shell:Creating package script '/data/controller/install/atc_2_gazebo/share/atc_2_gazebo/package.bash'
[7.885s] INFO:colcon.colcon_core.shell:Creating package script '/data/controller/install/atc_2_gazebo/share/atc_2_gazebo/package.zsh'
[7.885s] Level 1:colcon.colcon_core.environment:create_file_with_runtime_dependencies(/data/controller/install/atc_2_gazebo/share/colcon-core/packages/atc_2_gazebo)
[7.929s] Level 1:colcon.colcon_core.environment:create_environment_scripts_only(atc_2_gazebo)
[7.931s] Level 1:colcon.colcon_core.environment:checking '/data/controller/install/atc_2_gazebo' for CMake module files
[7.932s] Level 1:colcon.colcon_core.environment:checking '/data/controller/install/atc_2_gazebo' for CMake config files
[7.932s] Level 1:colcon.colcon_core.shell:create_environment_hook('atc_2_gazebo', 'cmake_prefix_path')
[7.934s] INFO:colcon.colcon_core.shell:Creating environment hook '/data/controller/install/atc_2_gazebo/share/atc_2_gazebo/hook/cmake_prefix_path.ps1'
[7.935s] INFO:colcon.colcon_core.shell:Creating environment descriptor '/data/controller/install/atc_2_gazebo/share/atc_2_gazebo/hook/cmake_prefix_path.dsv'
[7.935s] INFO:colcon.colcon_core.shell:Creating environment hook '/data/controller/install/atc_2_gazebo/share/atc_2_gazebo/hook/cmake_prefix_path.sh'
[7.935s] Level 1:colcon.colcon_core.environment:checking '/data/controller/install/atc_2_gazebo/lib'
[7.935s] Level 1:colcon.colcon_core.environment:checking '/data/controller/install/atc_2_gazebo/bin'
[7.935s] Level 1:colcon.colcon_core.environment:checking '/data/controller/install/atc_2_gazebo/lib/pkgconfig/atc_2_gazebo.pc'
[7.936s] Level 1:colcon.colcon_core.environment:checking '/data/controller/install/atc_2_gazebo/lib/python3.8/site-packages'
[7.936s] Level 1:colcon.colcon_core.environment:checking '/data/controller/install/atc_2_gazebo/bin'
[7.937s] INFO:colcon.colcon_core.shell:Creating package script '/data/controller/install/atc_2_gazebo/share/atc_2_gazebo/package.ps1'
[7.938s] INFO:colcon.colcon_core.shell:Creating package descriptor '/data/controller/install/atc_2_gazebo/share/atc_2_gazebo/package.dsv'
[7.938s] INFO:colcon.colcon_core.shell:Creating package script '/data/controller/install/atc_2_gazebo/share/atc_2_gazebo/package.sh'
[7.939s] INFO:colcon.colcon_core.shell:Creating package script '/data/controller/install/atc_2_gazebo/share/atc_2_gazebo/package.bash'
[7.939s] INFO:colcon.colcon_core.shell:Creating package script '/data/controller/install/atc_2_gazebo/share/atc_2_gazebo/package.zsh'
[7.939s] Level 1:colcon.colcon_core.environment:create_file_with_runtime_dependencies(/data/controller/install/atc_2_gazebo/share/colcon-core/packages/atc_2_gazebo)
[7.940s] DEBUG:colcon.colcon_parallel_executor.executor.parallel:closing loop
[7.940s] DEBUG:colcon.colcon_parallel_executor.executor.parallel:loop closed
[7.940s] DEBUG:colcon.colcon_parallel_executor.executor.parallel:run_until_complete finished with '0'
[7.941s] DEBUG:colcon.colcon_core.event_reactor:joining thread
[7.946s] INFO:colcon.colcon_core.plugin_system:Skipping extension 'colcon_notification.desktop_notification.notify_send': Could not find 'notify-send'
[7.946s] INFO:colcon.colcon_core.plugin_system:Skipping extension 'colcon_notification.desktop_notification.terminal_notifier': Not used on non-Darwin systems
[7.946s] INFO:colcon.colcon_core.plugin_system:Skipping extension 'colcon_notification.desktop_notification.win32': Not used on non-Windows systems
[7.946s] INFO:colcon.colcon_notification.desktop_notification:Sending desktop notification using 'notify2'
[7.949s] DEBUG:colcon.colcon_notification.desktop_notification.notify2:Failed to initialize notify2: org.freedesktop.DBus.Error.Spawn.ExecFailed: /usr/bin/dbus-launch terminated abnormally without any error message
[7.950s] DEBUG:colcon.colcon_core.event_reactor:joined thread
[7.951s] INFO:colcon.colcon_core.shell:Creating prefix script '/data/controller/install/local_setup.ps1'
[7.952s] INFO:colcon.colcon_core.shell:Creating prefix util module '/data/controller/install/_local_setup_util_ps1.py'
[7.953s] INFO:colcon.colcon_core.shell:Creating prefix chain script '/data/controller/install/setup.ps1'
[7.955s] INFO:colcon.colcon_core.shell:Creating prefix script '/data/controller/install/local_setup.sh'
[7.956s] INFO:colcon.colcon_core.shell:Creating prefix util module '/data/controller/install/_local_setup_util_sh.py'
[7.956s] INFO:colcon.colcon_core.shell:Creating prefix chain script '/data/controller/install/setup.sh'
[7.958s] INFO:colcon.colcon_core.shell:Creating prefix script '/data/controller/install/local_setup.bash'
[7.958s] INFO:colcon.colcon_core.shell:Creating prefix chain script '/data/controller/install/setup.bash'
[7.960s] INFO:colcon.colcon_core.shell:Creating prefix script '/data/controller/install/local_setup.zsh'
[7.960s] INFO:colcon.colcon_core.shell:Creating prefix chain script '/data/controller/install/setup.zsh'
