[1.258s] DEBUG:colcon:Command line arguments: ['/usr/bin/colcon', 'build']
[1.258s] DEBUG:colcon:Parsed command line arguments: Namespace(ament_cmake_args=None, base_paths=['.'], build_base='build', catkin_cmake_args=None, catkin_skip_building_tests=False, cmake_args=None, cmake_clean_cache=False, cmake_clean_first=False, cmake_force_configure=False, cmake_target=None, cmake_target_skip_unavailable=False, continue_on_error=False, event_handlers=None, executor='parallel', ignore_user_meta=False, install_base='install', log_base=None, log_level=None, main=<bound method BuildVerb.main of <colcon_core.verb.build.BuildVerb object at 0x7fd401f7c580>>, merge_install=False, metas=['./colcon.meta'], packages_above=None, packages_above_and_dependencies=None, packages_above_depth=None, packages_end=None, packages_ignore=None, packages_ignore_regex=None, packages_select=None, packages_select_build_failed=False, packages_select_by_dep=None, packages_select_regex=None, packages_select_test_failures=False, packages_skip=None, packages_skip_build_finished=False, packages_skip_by_dep=None, packages_skip_regex=None, packages_skip_test_passed=False, packages_skip_up_to=None, packages_start=None, packages_up_to=None, packages_up_to_regex=None, parallel_workers=8, paths=None, symlink_install=False, test_result_base=None, verb_extension=<colcon_core.verb.build.BuildVerb object at 0x7fd401f7c580>, verb_name='build', verb_parser=<colcon_defaults.argument_parser.defaults.DefaultArgumentsDecorator object at 0x7fd401bf5880>)
[1.319s] Level 1:colcon.colcon_core.package_discovery:discover_packages(colcon_meta) check parameters
[1.319s] Level 1:colcon.colcon_core.package_discovery:discover_packages(recursive) check parameters
[1.319s] Level 1:colcon.colcon_core.package_discovery:discover_packages(ignore) check parameters
[1.319s] Level 1:colcon.colcon_core.package_discovery:discover_packages(path) check parameters
[1.319s] Level 1:colcon.colcon_core.package_discovery:discover_packages(colcon_meta) discover
[1.319s] Level 1:colcon.colcon_core.package_discovery:discover_packages(recursive) discover
[1.319s] INFO:colcon.colcon_core.package_discovery:Crawling recursively for packages in '/data/controller'
[1.319s] Level 1:colcon.colcon_core.package_identification:_identify(.) by extensions ['ignore', 'ignore_ament_install']
[1.320s] Level 1:colcon.colcon_core.package_identification:_identify(.) by extension 'ignore'
[1.320s] Level 1:colcon.colcon_core.package_identification:_identify(.) by extension 'ignore_ament_install'
[1.320s] Level 1:colcon.colcon_core.package_identification:_identify(.) by extensions ['colcon_pkg']
[1.320s] Level 1:colcon.colcon_core.package_identification:_identify(.) by extension 'colcon_pkg'
[1.320s] Level 1:colcon.colcon_core.package_identification:_identify(.) by extensions ['colcon_meta']
[1.320s] Level 1:colcon.colcon_core.package_identification:_identify(.) by extension 'colcon_meta'
[1.320s] Level 1:colcon.colcon_core.package_identification:_identify(.) by extensions ['ros']
[1.320s] Level 1:colcon.colcon_core.package_identification:_identify(.) by extension 'ros'
[1.327s] Level 1:colcon.colcon_core.package_identification:_identify(.) by extensions ['cmake', 'python']
[1.327s] Level 1:colcon.colcon_core.package_identification:_identify(.) by extension 'cmake'
[1.327s] Level 1:colcon.colcon_core.package_identification:_identify(.) by extension 'python'
[1.327s] Level 1:colcon.colcon_core.package_identification:_identify(.) by extensions ['python_setup_py']
[1.327s] Level 1:colcon.colcon_core.package_identification:_identify(.) by extension 'python_setup_py'
[1.328s] Level 1:colcon.colcon_core.package_identification:_identify(atc_2_gazebo) by extensions ['ignore', 'ignore_ament_install']
[1.328s] Level 1:colcon.colcon_core.package_identification:_identify(atc_2_gazebo) by extension 'ignore'
[1.328s] Level 1:colcon.colcon_core.package_identification:_identify(atc_2_gazebo) by extension 'ignore_ament_install'
[1.328s] Level 1:colcon.colcon_core.package_identification:_identify(atc_2_gazebo) by extensions ['colcon_pkg']
[1.328s] Level 1:colcon.colcon_core.package_identification:_identify(atc_2_gazebo) by extension 'colcon_pkg'
[1.328s] Level 1:colcon.colcon_core.package_identification:_identify(atc_2_gazebo) by extensions ['colcon_meta']
[1.328s] Level 1:colcon.colcon_core.package_identification:_identify(atc_2_gazebo) by extension 'colcon_meta'
[1.328s] Level 1:colcon.colcon_core.package_identification:_identify(atc_2_gazebo) by extensions ['ros']
[1.328s] Level 1:colcon.colcon_core.package_identification:_identify(atc_2_gazebo) by extension 'ros'
[1.330s] DEBUG:colcon.colcon_core.package_identification:Package 'atc_2_gazebo' with type 'ros.ament_cmake' and name 'atc_2_gazebo'
[1.330s] Level 1:colcon.colcon_core.package_identification:_identify(build) by extensions ['ignore', 'ignore_ament_install']
[1.330s] Level 1:colcon.colcon_core.package_identification:_identify(build) by extension 'ignore'
[1.330s] Level 1:colcon.colcon_core.package_identification:_identify(build) ignored
[1.330s] Level 1:colcon.colcon_core.package_identification:_identify(install) by extensions ['ignore', 'ignore_ament_install']
[1.330s] Level 1:colcon.colcon_core.package_identification:_identify(install) by extension 'ignore'
[1.330s] Level 1:colcon.colcon_core.package_identification:_identify(install) ignored
[1.330s] Level 1:colcon.colcon_core.package_identification:_identify(log) by extensions ['ignore', 'ignore_ament_install']
[1.330s] Level 1:colcon.colcon_core.package_identification:_identify(log) by extension 'ignore'
[1.330s] Level 1:colcon.colcon_core.package_identification:_identify(log) ignored
[1.330s] Level 1:colcon.colcon_core.package_identification:_identify(py_hand_gesture_publisher) by extensions ['ignore', 'ignore_ament_install']
[1.330s] Level 1:colcon.colcon_core.package_identification:_identify(py_hand_gesture_publisher) by extension 'ignore'
[1.330s] Level 1:colcon.colcon_core.package_identification:_identify(py_hand_gesture_publisher) by extension 'ignore_ament_install'
[1.330s] Level 1:colcon.colcon_core.package_identification:_identify(py_hand_gesture_publisher) by extensions ['colcon_pkg']
[1.331s] Level 1:colcon.colcon_core.package_identification:_identify(py_hand_gesture_publisher) by extension 'colcon_pkg'
[1.331s] Level 1:colcon.colcon_core.package_identification:_identify(py_hand_gesture_publisher) by extensions ['colcon_meta']
[1.331s] Level 1:colcon.colcon_core.package_identification:_identify(py_hand_gesture_publisher) by extension 'colcon_meta'
[1.331s] Level 1:colcon.colcon_core.package_identification:_identify(py_hand_gesture_publisher) by extensions ['ros']
[1.331s] Level 1:colcon.colcon_core.package_identification:_identify(py_hand_gesture_publisher) by extension 'ros'
[1.331s] DEBUG:colcon.colcon_core.package_identification:Package 'py_hand_gesture_publisher' with type 'ros.ament_python' and name 'py_hand_gesture_publisher'
[1.331s] Level 1:colcon.colcon_core.package_discovery:discover_packages(recursive) using defaults
[1.331s] Level 1:colcon.colcon_core.package_discovery:discover_packages(ignore) discover
[1.331s] Level 1:colcon.colcon_core.package_discovery:discover_packages(ignore) using defaults
[1.331s] Level 1:colcon.colcon_core.package_discovery:discover_packages(path) discover
[1.331s] Level 1:colcon.colcon_core.package_discovery:discover_packages(path) using defaults
[1.421s] Level 5:colcon.colcon_core.verb:set package 'atc_2_gazebo' build argument 'cmake_args' from command line to 'None'
[1.422s] Level 5:colcon.colcon_core.verb:set package 'atc_2_gazebo' build argument 'cmake_target' from command line to 'None'
[1.422s] Level 5:colcon.colcon_core.verb:set package 'atc_2_gazebo' build argument 'cmake_target_skip_unavailable' from command line to 'False'
[1.422s] Level 5:colcon.colcon_core.verb:set package 'atc_2_gazebo' build argument 'cmake_clean_cache' from command line to 'False'
[1.422s] Level 5:colcon.colcon_core.verb:set package 'atc_2_gazebo' build argument 'cmake_clean_first' from command line to 'False'
[1.422s] Level 5:colcon.colcon_core.verb:set package 'atc_2_gazebo' build argument 'cmake_force_configure' from command line to 'False'
[1.422s] Level 5:colcon.colcon_core.verb:set package 'atc_2_gazebo' build argument 'ament_cmake_args' from command line to 'None'
[1.422s] Level 5:colcon.colcon_core.verb:set package 'atc_2_gazebo' build argument 'catkin_cmake_args' from command line to 'None'
[1.422s] Level 5:colcon.colcon_core.verb:set package 'atc_2_gazebo' build argument 'catkin_skip_building_tests' from command line to 'False'
[1.422s] DEBUG:colcon.colcon_core.verb:Building package 'atc_2_gazebo' with the following arguments: {'ament_cmake_args': None, 'build_base': '/data/controller/build/atc_2_gazebo', 'catkin_cmake_args': None, 'catkin_skip_building_tests': False, 'cmake_args': None, 'cmake_clean_cache': False, 'cmake_clean_first': False, 'cmake_force_configure': False, 'cmake_target': None, 'cmake_target_skip_unavailable': False, 'install_base': '/data/controller/install/atc_2_gazebo', 'merge_install': False, 'path': '/data/controller/atc_2_gazebo', 'symlink_install': False, 'test_result_base': None}
[1.442s] Level 5:colcon.colcon_core.verb:set package 'py_hand_gesture_publisher' build argument 'cmake_args' from command line to 'None'
[1.442s] Level 5:colcon.colcon_core.verb:set package 'py_hand_gesture_publisher' build argument 'cmake_target' from command line to 'None'
[1.442s] Level 5:colcon.colcon_core.verb:set package 'py_hand_gesture_publisher' build argument 'cmake_target_skip_unavailable' from command line to 'False'
[1.442s] Level 5:colcon.colcon_core.verb:set package 'py_hand_gesture_publisher' build argument 'cmake_clean_cache' from command line to 'False'
[1.442s] Level 5:colcon.colcon_core.verb:set package 'py_hand_gesture_publisher' build argument 'cmake_clean_first' from command line to 'False'
[1.442s] Level 5:colcon.colcon_core.verb:set package 'py_hand_gesture_publisher' build argument 'cmake_force_configure' from command line to 'False'
[1.442s] Level 5:colcon.colcon_core.verb:set package 'py_hand_gesture_publisher' build argument 'ament_cmake_args' from command line to 'None'
[1.442s] Level 5:colcon.colcon_core.verb:set package 'py_hand_gesture_publisher' build argument 'catkin_cmake_args' from command line to 'None'
[1.442s] Level 5:colcon.colcon_core.verb:set package 'py_hand_gesture_publisher' build argument 'catkin_skip_building_tests' from command line to 'False'
[1.442s] DEBUG:colcon.colcon_core.verb:Building package 'py_hand_gesture_publisher' with the following arguments: {'ament_cmake_args': None, 'build_base': '/data/controller/build/py_hand_gesture_publisher', 'catkin_cmake_args': None, 'catkin_skip_building_tests': False, 'cmake_args': None, 'cmake_clean_cache': False, 'cmake_clean_first': False, 'cmake_force_configure': False, 'cmake_target': None, 'cmake_target_skip_unavailable': False, 'install_base': '/data/controller/install/py_hand_gesture_publisher', 'merge_install': False, 'path': '/data/controller/py_hand_gesture_publisher', 'symlink_install': False, 'test_result_base': None}
[1.461s] INFO:colcon.colcon_core.executor:Executing jobs using 'parallel' executor
[1.481s] DEBUG:colcon.colcon_parallel_executor.executor.parallel:run_until_complete
[1.481s] INFO:colcon.colcon_ros.task.ament_cmake.build:Building ROS package in '/data/controller/atc_2_gazebo' with build type 'ament_cmake'
[1.481s] INFO:colcon.colcon_cmake.task.cmake.build:Building CMake package in '/data/controller/atc_2_gazebo'
[1.504s] INFO:colcon.colcon_core.plugin_system:Skipping extension 'colcon_core.shell.bat': Not used on non-Windows systems
[1.504s] INFO:colcon.colcon_core.shell:Skip shell extension 'powershell' for command environment: Not usable outside of PowerShell
[1.504s] DEBUG:colcon.colcon_core.shell:Skip shell extension 'dsv' for command environment
[1.599s] INFO:colcon.colcon_ros.task.ament_python.build:Building ROS package in '/data/controller/py_hand_gesture_publisher' with build type 'ament_python'
[1.600s] Level 1:colcon.colcon_core.shell:create_environment_hook('py_hand_gesture_publisher', 'ament_prefix_path')
[1.622s] INFO:colcon.colcon_core.shell:Creating environment hook '/data/controller/install/py_hand_gesture_publisher/share/py_hand_gesture_publisher/hook/ament_prefix_path.ps1'
[1.622s] INFO:colcon.colcon_core.shell:Creating environment descriptor '/data/controller/install/py_hand_gesture_publisher/share/py_hand_gesture_publisher/hook/ament_prefix_path.dsv'
[1.623s] INFO:colcon.colcon_core.shell:Creating environment hook '/data/controller/install/py_hand_gesture_publisher/share/py_hand_gesture_publisher/hook/ament_prefix_path.sh'
[1.646s] INFO:colcon.colcon_core.shell:Skip shell extension 'powershell' for command environment: Not usable outside of PowerShell
[1.646s] DEBUG:colcon.colcon_core.shell:Skip shell extension 'dsv' for command environment
[1.752s] DEBUG:colcon.colcon_core.event_handler.log_command:Invoking command in '/data/controller/build/atc_2_gazebo': CMAKE_PREFIX_PATH=${CMAKE_PREFIX_PATH}:/opt/ros/foxy /usr/bin/cmake --build /data/controller/build/atc_2_gazebo -- -j8 -l8
[1.932s] INFO:colcon.colcon_core.task.python.build:Building Python package in '/data/controller/py_hand_gesture_publisher'
[1.956s] INFO:colcon.colcon_core.shell:Skip shell extension 'powershell' for command environment: Not usable outside of PowerShell
[1.956s] DEBUG:colcon.colcon_core.shell:Skip shell extension 'dsv' for command environment
[2.090s] DEBUG:colcon.colcon_core.event_handler.log_command:Invoked command in '/data/controller/build/atc_2_gazebo' returned '0': CMAKE_PREFIX_PATH=${CMAKE_PREFIX_PATH}:/opt/ros/foxy /usr/bin/cmake --build /data/controller/build/atc_2_gazebo -- -j8 -l8
[2.141s] DEBUG:colcon.colcon_core.event_handler.log_command:Invoking command in '/data/controller/build/atc_2_gazebo': CMAKE_PREFIX_PATH=${CMAKE_PREFIX_PATH}:/opt/ros/foxy /usr/bin/cmake --install /data/controller/build/atc_2_gazebo
[2.156s] Level 1:colcon.colcon_core.environment:create_environment_scripts_only(atc_2_gazebo)
[2.156s] DEBUG:colcon.colcon_core.event_handler.log_command:Invoked command in '/data/controller/build/atc_2_gazebo' returned '0': CMAKE_PREFIX_PATH=${CMAKE_PREFIX_PATH}:/opt/ros/foxy /usr/bin/cmake --install /data/controller/build/atc_2_gazebo
[2.192s] Level 1:colcon.colcon_core.environment:checking '/data/controller/install/atc_2_gazebo' for CMake module files
[2.192s] Level 1:colcon.colcon_core.environment:checking '/data/controller/install/atc_2_gazebo' for CMake config files
[2.193s] Level 1:colcon.colcon_core.shell:create_environment_hook('atc_2_gazebo', 'cmake_prefix_path')
[2.218s] INFO:colcon.colcon_core.shell:Creating environment hook '/data/controller/install/atc_2_gazebo/share/atc_2_gazebo/hook/cmake_prefix_path.ps1'
[2.219s] INFO:colcon.colcon_core.shell:Creating environment descriptor '/data/controller/install/atc_2_gazebo/share/atc_2_gazebo/hook/cmake_prefix_path.dsv'
[2.219s] INFO:colcon.colcon_core.shell:Creating environment hook '/data/controller/install/atc_2_gazebo/share/atc_2_gazebo/hook/cmake_prefix_path.sh'
[2.220s] Level 1:colcon.colcon_core.environment:checking '/data/controller/install/atc_2_gazebo/lib'
[2.220s] Level 1:colcon.colcon_core.environment:checking '/data/controller/install/atc_2_gazebo/bin'
[2.220s] Level 1:colcon.colcon_core.environment:checking '/data/controller/install/atc_2_gazebo/lib/pkgconfig/atc_2_gazebo.pc'
[2.221s] Level 1:colcon.colcon_core.environment:checking '/data/controller/install/atc_2_gazebo/lib/python3.8/site-packages'
[2.221s] Level 1:colcon.colcon_core.environment:checking '/data/controller/install/atc_2_gazebo/bin'
[2.249s] INFO:colcon.colcon_core.shell:Creating package script '/data/controller/install/atc_2_gazebo/share/atc_2_gazebo/package.ps1'
[2.250s] INFO:colcon.colcon_core.shell:Creating package descriptor '/data/controller/install/atc_2_gazebo/share/atc_2_gazebo/package.dsv'
[2.250s] INFO:colcon.colcon_core.shell:Creating package script '/data/controller/install/atc_2_gazebo/share/atc_2_gazebo/package.sh'
[2.251s] INFO:colcon.colcon_core.shell:Creating package script '/data/controller/install/atc_2_gazebo/share/atc_2_gazebo/package.bash'
[2.252s] INFO:colcon.colcon_core.shell:Creating package script '/data/controller/install/atc_2_gazebo/share/atc_2_gazebo/package.zsh'
[2.252s] Level 1:colcon.colcon_core.environment:create_file_with_runtime_dependencies(/data/controller/install/atc_2_gazebo/share/colcon-core/packages/atc_2_gazebo)
[2.309s] Level 1:colcon.colcon_core.environment:create_environment_scripts_only(atc_2_gazebo)
[2.334s] Level 1:colcon.colcon_core.environment:checking '/data/controller/install/atc_2_gazebo' for CMake module files
[2.335s] Level 1:colcon.colcon_core.environment:checking '/data/controller/install/atc_2_gazebo' for CMake config files
[2.335s] Level 1:colcon.colcon_core.shell:create_environment_hook('atc_2_gazebo', 'cmake_prefix_path')
[2.358s] INFO:colcon.colcon_core.shell:Creating environment hook '/data/controller/install/atc_2_gazebo/share/atc_2_gazebo/hook/cmake_prefix_path.ps1'
[2.359s] INFO:colcon.colcon_core.shell:Creating environment descriptor '/data/controller/install/atc_2_gazebo/share/atc_2_gazebo/hook/cmake_prefix_path.dsv'
[2.359s] INFO:colcon.colcon_core.shell:Creating environment hook '/data/controller/install/atc_2_gazebo/share/atc_2_gazebo/hook/cmake_prefix_path.sh'
[2.360s] Level 1:colcon.colcon_core.environment:checking '/data/controller/install/atc_2_gazebo/lib'
[2.360s] Level 1:colcon.colcon_core.environment:checking '/data/controller/install/atc_2_gazebo/bin'
[2.360s] Level 1:colcon.colcon_core.environment:checking '/data/controller/install/atc_2_gazebo/lib/pkgconfig/atc_2_gazebo.pc'
[2.360s] Level 1:colcon.colcon_core.environment:checking '/data/controller/install/atc_2_gazebo/lib/python3.8/site-packages'
[2.361s] Level 1:colcon.colcon_core.environment:checking '/data/controller/install/atc_2_gazebo/bin'
[2.389s] INFO:colcon.colcon_core.shell:Creating package script '/data/controller/install/atc_2_gazebo/share/atc_2_gazebo/package.ps1'
[2.390s] INFO:colcon.colcon_core.shell:Creating package descriptor '/data/controller/install/atc_2_gazebo/share/atc_2_gazebo/package.dsv'
[2.391s] INFO:colcon.colcon_core.shell:Creating package script '/data/controller/install/atc_2_gazebo/share/atc_2_gazebo/package.sh'
[2.391s] INFO:colcon.colcon_core.shell:Creating package script '/data/controller/install/atc_2_gazebo/share/atc_2_gazebo/package.bash'
[2.391s] INFO:colcon.colcon_core.shell:Creating package script '/data/controller/install/atc_2_gazebo/share/atc_2_gazebo/package.zsh'
[2.392s] Level 1:colcon.colcon_core.environment:create_file_with_runtime_dependencies(/data/controller/install/atc_2_gazebo/share/colcon-core/packages/atc_2_gazebo)
[2.432s] DEBUG:colcon.colcon_core.event_handler.log_command:Invoking command in '/data/controller/py_hand_gesture_publisher': PYTHONPATH=/data/controller/build/py_hand_gesture_publisher/prefix_override:/data/controller/install/py_hand_gesture_publisher/lib/python3.8/site-packages:${PYTHONPATH} /usr/bin/python3 setup.py egg_info --egg-base ../build/py_hand_gesture_publisher build --build-base /data/controller/build/py_hand_gesture_publisher/build install --record /data/controller/build/py_hand_gesture_publisher/install.log --install-scripts $base/lib/py_hand_gesture_publisher --single-version-externally-managed
[2.662s] DEBUG:colcon.colcon_core.event_handler.log_command:Invoked command in '/data/controller/py_hand_gesture_publisher' returned '0': PYTHONPATH=/data/controller/build/py_hand_gesture_publisher/prefix_override:/data/controller/install/py_hand_gesture_publisher/lib/python3.8/site-packages:${PYTHONPATH} /usr/bin/python3 setup.py egg_info --egg-base ../build/py_hand_gesture_publisher build --build-base /data/controller/build/py_hand_gesture_publisher/build install --record /data/controller/build/py_hand_gesture_publisher/install.log --install-scripts $base/lib/py_hand_gesture_publisher --single-version-externally-managed
[2.700s] Level 1:colcon.colcon_core.environment:checking '/data/controller/install/py_hand_gesture_publisher' for CMake module files
[2.700s] Level 1:colcon.colcon_core.environment:checking '/data/controller/install/py_hand_gesture_publisher' for CMake config files
[2.701s] Level 1:colcon.colcon_core.environment:checking '/data/controller/install/py_hand_gesture_publisher/lib'
[2.701s] Level 1:colcon.colcon_core.environment:checking '/data/controller/install/py_hand_gesture_publisher/bin'
[2.701s] Level 1:colcon.colcon_core.environment:checking '/data/controller/install/py_hand_gesture_publisher/lib/pkgconfig/py_hand_gesture_publisher.pc'
[2.701s] Level 1:colcon.colcon_core.environment:checking '/data/controller/install/py_hand_gesture_publisher/lib/python3.8/site-packages'
[2.702s] Level 1:colcon.colcon_core.shell:create_environment_hook('py_hand_gesture_publisher', 'pythonpath')
[2.728s] INFO:colcon.colcon_core.shell:Creating environment hook '/data/controller/install/py_hand_gesture_publisher/share/py_hand_gesture_publisher/hook/pythonpath.ps1'
[2.729s] INFO:colcon.colcon_core.shell:Creating environment descriptor '/data/controller/install/py_hand_gesture_publisher/share/py_hand_gesture_publisher/hook/pythonpath.dsv'
[2.729s] INFO:colcon.colcon_core.shell:Creating environment hook '/data/controller/install/py_hand_gesture_publisher/share/py_hand_gesture_publisher/hook/pythonpath.sh'
[2.730s] Level 1:colcon.colcon_core.environment:checking '/data/controller/install/py_hand_gesture_publisher/bin'
[2.730s] Level 1:colcon.colcon_core.environment:create_environment_scripts_only(py_hand_gesture_publisher)
[2.749s] INFO:colcon.colcon_core.shell:Creating package script '/data/controller/install/py_hand_gesture_publisher/share/py_hand_gesture_publisher/package.ps1'
[2.749s] INFO:colcon.colcon_core.shell:Creating package descriptor '/data/controller/install/py_hand_gesture_publisher/share/py_hand_gesture_publisher/package.dsv'
[2.750s] INFO:colcon.colcon_core.shell:Creating package script '/data/controller/install/py_hand_gesture_publisher/share/py_hand_gesture_publisher/package.sh'
[2.750s] INFO:colcon.colcon_core.shell:Creating package script '/data/controller/install/py_hand_gesture_publisher/share/py_hand_gesture_publisher/package.bash'
[2.750s] INFO:colcon.colcon_core.shell:Creating package script '/data/controller/install/py_hand_gesture_publisher/share/py_hand_gesture_publisher/package.zsh'
[2.750s] Level 1:colcon.colcon_core.environment:create_file_with_runtime_dependencies(/data/controller/install/py_hand_gesture_publisher/share/colcon-core/packages/py_hand_gesture_publisher)
[2.751s] DEBUG:colcon.colcon_parallel_executor.executor.parallel:closing loop
[2.751s] DEBUG:colcon.colcon_parallel_executor.executor.parallel:loop closed
[2.751s] DEBUG:colcon.colcon_parallel_executor.executor.parallel:run_until_complete finished with '0'
[2.751s] DEBUG:colcon.colcon_core.event_reactor:joining thread
[2.781s] INFO:colcon.colcon_core.plugin_system:Skipping extension 'colcon_notification.desktop_notification.notify_send': Could not find 'notify-send'
[2.782s] INFO:colcon.colcon_core.plugin_system:Skipping extension 'colcon_notification.desktop_notification.terminal_notifier': Not used on non-Darwin systems
[2.782s] INFO:colcon.colcon_core.plugin_system:Skipping extension 'colcon_notification.desktop_notification.win32': Not used on non-Windows systems
[2.782s] INFO:colcon.colcon_notification.desktop_notification:Sending desktop notification using 'notify2'
[2.785s] DEBUG:colcon.colcon_notification.desktop_notification.notify2:Failed to initialize notify2: org.freedesktop.DBus.Error.Spawn.ExecFailed: /usr/bin/dbus-launch terminated abnormally without any error message
[2.786s] DEBUG:colcon.colcon_core.event_reactor:joined thread
[2.808s] INFO:colcon.colcon_core.shell:Creating prefix script '/data/controller/install/local_setup.ps1'
[2.808s] INFO:colcon.colcon_core.shell:Creating prefix util module '/data/controller/install/_local_setup_util_ps1.py'
[2.809s] INFO:colcon.colcon_core.shell:Creating prefix chain script '/data/controller/install/setup.ps1'
[2.831s] INFO:colcon.colcon_core.shell:Creating prefix script '/data/controller/install/local_setup.sh'
[2.832s] INFO:colcon.colcon_core.shell:Creating prefix util module '/data/controller/install/_local_setup_util_sh.py'
[2.832s] INFO:colcon.colcon_core.shell:Creating prefix chain script '/data/controller/install/setup.sh'
[2.857s] INFO:colcon.colcon_core.shell:Creating prefix script '/data/controller/install/local_setup.bash'
[2.858s] INFO:colcon.colcon_core.shell:Creating prefix chain script '/data/controller/install/setup.bash'
[2.879s] INFO:colcon.colcon_core.shell:Creating prefix script '/data/controller/install/local_setup.zsh'
[2.880s] INFO:colcon.colcon_core.shell:Creating prefix chain script '/data/controller/install/setup.zsh'
